<?xml version="1.0" encoding="UTF-8"?>
<testsuites name="Request" time="51" tests="0" failures="9" errors="0">
   <testsuite name="Request" tests="0" failures="9" errors="0" time="51" timestamp="2019-02-13 17:11:10" hostname="Ninja - AnhNVSE63446" id="Test Suites/Request">
      <properties>
         <property name="deviceName" value=""/>
         <property name="devicePlatform" value=""/>
         <property name="logFolder" value="E:\\Internship\\Tester\\TestKatalon\\test\\Reports\\Request\\20190213_171101"/>
         <property name="logFiles" value="E:\\Internship\\Tester\\TestKatalon\\test\\Reports\\Request\\20190213_171101\\execution0.log"/>
         <property name="attachments" value=""/>
         <property name="hostName" value="Ninja - AnhNVSE63446"/>
         <property name="hostAddress" value="192.168.175.1"/>
         <property name="os" value="Windows 10 64bit"/>
         <property name="katalonVersion" value="5.10.0.1"/>
      </properties>
      <testcase name="Test Cases/Request/47AllTicket" classname="Test Cases/Request/47AllTicket" status="FAILED">
         <failure type="FAILED" message="Test Cases/Request/47AllTicket FAILED.
Reason:
com.kms.katalon.core.exception.StepFailedException: Expected element property value 'Wifi chậm' is not equal with actual property value 'null'
	at com.kms.katalon.core.keyword.internal.KeywordMain.stepFailed(KeywordMain.groovy:32)
	at com.kms.katalon.core.webservice.keyword.builtin.VerifyElementPropertyValueKeyword$_verifyElementPropertyValue_closure1.doCall(VerifyElementPropertyValueKeyword.groovy:56)
	at com.kms.katalon.core.webservice.keyword.builtin.VerifyElementPropertyValueKeyword$_verifyElementPropertyValue_closure1.call(VerifyElementPropertyValueKeyword.groovy)
	at com.kms.katalon.core.keyword.internal.KeywordMain.runKeyword(KeywordMain.groovy:54)
	at com.kms.katalon.core.webservice.keyword.builtin.VerifyElementPropertyValueKeyword.verifyElementPropertyValue(VerifyElementPropertyValueKeyword.groovy:48)
	at com.kms.katalon.core.webservice.keyword.builtin.VerifyElementPropertyValueKeyword.execute(VerifyElementPropertyValueKeyword.groovy:43)
	at com.kms.katalon.core.keyword.internal.KeywordExecutor.executeKeywordForPlatform(KeywordExecutor.groovy:53)
	at com.kms.katalon.core.webservice.keyword.WSBuiltInKeywords.verifyElementPropertyValue(WSBuiltInKeywords.groovy:123)
	at com.kms.katalon.core.webservice.keyword.WSBuiltInKeywords$verifyElementPropertyValue$1.call(Unknown Source)
	at 47AllTicket.run(47AllTicket:30)
	at com.kms.katalon.core.main.ScriptEngine.run(ScriptEngine.java:194)
	at com.kms.katalon.core.main.ScriptEngine.runScriptAsRawText(ScriptEngine.java:119)
	at com.kms.katalon.core.main.TestCaseExecutor.runScript(TestCaseExecutor.java:328)
	at com.kms.katalon.core.main.TestCaseExecutor.doExecute(TestCaseExecutor.java:319)
	at com.kms.katalon.core.main.TestCaseExecutor.processExecutionPhase(TestCaseExecutor.java:298)
	at com.kms.katalon.core.main.TestCaseExecutor.accessMainPhase(TestCaseExecutor.java:290)
	at com.kms.katalon.core.main.TestCaseExecutor.execute(TestCaseExecutor.java:224)
	at com.kms.katalon.core.main.TestSuiteExecutor.accessTestCaseMainPhase(TestSuiteExecutor.java:129)
	at com.kms.katalon.core.main.TestSuiteExecutor.accessTestSuiteMainPhase(TestSuiteExecutor.java:112)
	at com.kms.katalon.core.main.TestSuiteExecutor.execute(TestSuiteExecutor.java:81)
	at com.kms.katalon.core.main.TestCaseMain.startTestSuite(TestCaseMain.java:149)
	at com.kms.katalon.core.main.TestCaseMain$startTestSuite$0.call(Unknown Source)
	at TempTestSuite1550052666022.run(TempTestSuite1550052666022.groovy:36)
"/>
         <system-out><![CDATA[2019-02-13 17:11:11 - [TEST_CASE][FAILED] - Test Cases/Request/47AllTicket: Test Cases/Request/47AllTicket FAILED.
Reason:
com.kms.katalon.core.exception.StepFailedException: Expected element property value 'Wifi chậm' is not equal with actual property value 'null'
	at com.kms.katalon.core.keyword.internal.KeywordMain.stepFailed(KeywordMain.groovy:32)
	at com.kms.katalon.core.webservice.keyword.builtin.VerifyElementPropertyValueKeyword$_verifyElementPropertyValue_closure1.doCall(VerifyElementPropertyValueKeyword.groovy:56)
	at com.kms.katalon.core.webservice.keyword.builtin.VerifyElementPropertyValueKeyword$_verifyElementPropertyValue_closure1.call(VerifyElementPropertyValueKeyword.groovy)
	at com.kms.katalon.core.keyword.internal.KeywordMain.runKeyword(KeywordMain.groovy:54)
	at com.kms.katalon.core.webservice.keyword.builtin.VerifyElementPropertyValueKeyword.verifyElementPropertyValue(VerifyElementPropertyValueKeyword.groovy:48)
	at com.kms.katalon.core.webservice.keyword.builtin.VerifyElementPropertyValueKeyword.execute(VerifyElementPropertyValueKeyword.groovy:43)
	at com.kms.katalon.core.keyword.internal.KeywordExecutor.executeKeywordForPlatform(KeywordExecutor.groovy:53)
	at com.kms.katalon.core.webservice.keyword.WSBuiltInKeywords.verifyElementPropertyValue(WSBuiltInKeywords.groovy:123)
	at com.kms.katalon.core.webservice.keyword.WSBuiltInKeywords$verifyElementPropertyValue$1.call(Unknown Source)
	at 47AllTicket.run(47AllTicket:30)
	at com.kms.katalon.core.main.ScriptEngine.run(ScriptEngine.java:194)
	at com.kms.katalon.core.main.ScriptEngine.runScriptAsRawText(ScriptEngine.java:119)
	at com.kms.katalon.core.main.TestCaseExecutor.runScript(TestCaseExecutor.java:328)
	at com.kms.katalon.core.main.TestCaseExecutor.doExecute(TestCaseExecutor.java:319)
	at com.kms.katalon.core.main.TestCaseExecutor.processExecutionPhase(TestCaseExecutor.java:298)
	at com.kms.katalon.core.main.TestCaseExecutor.accessMainPhase(TestCaseExecutor.java:290)
	at com.kms.katalon.core.main.TestCaseExecutor.execute(TestCaseExecutor.java:224)
	at com.kms.katalon.core.main.TestSuiteExecutor.accessTestCaseMainPhase(TestSuiteExecutor.java:129)
	at com.kms.katalon.core.main.TestSuiteExecutor.accessTestSuiteMainPhase(TestSuiteExecutor.java:112)
	at com.kms.katalon.core.main.TestSuiteExecutor.execute(TestSuiteExecutor.java:81)
	at com.kms.katalon.core.main.TestCaseMain.startTestSuite(TestCaseMain.java:149)
	at com.kms.katalon.core.main.TestCaseMain$startTestSuite$0.call(Unknown Source)
	at TempTestSuite1550052666022.run(TempTestSuite1550052666022.groovy:36)


2019-02-13 17:11:12 - [TEST_STEP][PASSED] - a = sendRequest(findTestObject("Request/47AllTicket")): Send request successfully

2019-02-13 17:11:14 - [MESSAGE][PASSED] - Send request successfully

2019-02-13 17:11:14 - [TEST_STEP][PASSED] - verifyResponseStatusCode(a, 200): Verify response status code successfully

2019-02-13 17:11:14 - [MESSAGE][PASSED] - Verify response status code successfully

2019-02-13 17:11:14 - [TEST_STEP][PASSED] - verifyElementPropertyValue(a, "ObjReturn[0].RequestId", 1): Verify element property value successfully

2019-02-13 17:11:14 - [MESSAGE][PASSED] - Verify element property value successfully

2019-02-13 17:11:14 - [TEST_STEP][PASSED] - verifyElementPropertyValue(a, "ObjReturn[0].RequestName", "The Coffee House - Chi nhánh số 1 - Wifi chậm"): Verify element property value successfully

2019-02-13 17:11:14 - [MESSAGE][PASSED] - Verify element property value successfully

2019-02-13 17:11:14 - [TEST_STEP][PASSED] - verifyElementPropertyValue(a, "ObjReturn[0].CreateDate", "09:47 16/02/2019"): Verify element property value successfully

2019-02-13 17:11:14 - [MESSAGE][PASSED] - Verify element property value successfully

2019-02-13 17:11:14 - [TEST_STEP][PASSED] - verifyElementPropertyValue(a, "ObjReturn[0].AgencyName", "The Coffee House - Chi nhánh số 1"): Verify element property value successfully

2019-02-13 17:11:14 - [MESSAGE][PASSED] - Verify element property value successfully

2019-02-13 17:11:14 - [TEST_STEP][PASSED] - verifyElementPropertyValue(a, "ObjReturn[0].ITSupporterName", "Lê Hồng Ân"): Verify element property value successfully

2019-02-13 17:11:14 - [MESSAGE][PASSED] - Verify element property value successfully

2019-02-13 17:11:14 - [TEST_STEP][FAILED] - verifyElementPropertyValue(a, "ObjReturn[0].IssueName", "Wifi chậm"): Expected element property value 'Wifi chậm' is not equal with actual property value 'null'

2019-02-13 17:11:15 - [MESSAGE][FAILED] - Expected element property value 'Wifi chậm' is not equal with actual property value 'null'

2019-02-13 17:11:15 - [TEST_STEP][FAILED] - verifyElementPropertyValue(a, "ObjReturn[0].ITName", "Lê Hồng Ân"): Expected element property value 'Lê Hồng Ân' is not equal with actual property value 'null'

2019-02-13 17:11:15 - [MESSAGE][FAILED] - Expected element property value 'Lê Hồng Ân' is not equal with actual property value 'null'

2019-02-13 17:11:15 - [TEST_STEP][FAILED] - verifyElementPropertyValue(a, "ObjReturn[0].RequestStatus", "Chờ nhân viên xử lý"): Expected element property value 'Chờ nhân viên xử lý' is not equal with actual property value 'null'

2019-02-13 17:11:15 - [MESSAGE][FAILED] - Expected element property value 'Chờ nhân viên xử lý' is not equal with actual property value 'null'

2019-02-13 17:11:15 - [TEST_STEP][FAILED] - verifyElementPropertyValue(a, "ObjReturn[0].RequestStatusId", 1): Expected element property value '1' is not equal with actual property value '0'

2019-02-13 17:11:15 - [MESSAGE][FAILED] - Expected element property value '1' is not equal with actual property value '0'

2019-02-13 17:11:15 - [TEST_STEP][FAILED] - verifyElementPropertyValue(a, "ObjReturn[0].StatusName", "Chờ nhân viên xử lý"): Expected element property value 'Chờ nhân viên xử lý' is not equal with actual property value 'Đang xử lý'

2019-02-13 17:11:15 - [MESSAGE][FAILED] - Expected element property value 'Chờ nhân viên xử lý' is not equal with actual property value 'Đang xử lý'

2019-02-13 17:11:15 - [TEST_STEP][PASSED] - verifyElementPropertyValue(a, "ObjReturn[0].NumberOfRecord", 1): Verify element property value successfully

2019-02-13 17:11:15 - [MESSAGE][PASSED] - Verify element property value successfully

2019-02-13 17:11:15 - [TEST_STEP][PASSED] - verifyElementPropertyValue(a, "ObjReturn[0].Priority", "Thấp"): Verify element property value successfully

2019-02-13 17:11:15 - [MESSAGE][PASSED] - Verify element property value successfully

2019-02-13 17:11:15 - [TEST_STEP][FAILED] - verifyElementPropertyValue(a, "ObjReturn[21].RequestId", 2): Expected element property value '2' is not equal with actual property value '21'

2019-02-13 17:11:15 - [MESSAGE][FAILED] - Expected element property value '2' is not equal with actual property value '21'

2019-02-13 17:11:15 - [TEST_STEP][FAILED] - verifyElementPropertyValue(a, "ObjReturn[21].RequestName", "The Coffee House - Chi nhánh số 1 - Camera không hiện màu"): Expected element property value 'The Coffee House - Chi nhánh số 1 - Camera không hiện màu' is not equal with actual property value 'Mở máy tính không lên'

2019-02-13 17:11:15 - [MESSAGE][FAILED] - Expected element property value 'The Coffee House - Chi nhánh số 1 - Camera không hiện màu' is not equal with actual property value 'Mở máy tính không lên'

2019-02-13 17:11:15 - [TEST_STEP][FAILED] - verifyElementPropertyValue(a, "ObjReturn[21].CreateDate", "09:54 16/01/2019"): Expected element property value '09:54 16/01/2019' is not equal with actual property value '09:19 21/01/2019'

2019-02-13 17:11:16 - [MESSAGE][FAILED] - Expected element property value '09:54 16/01/2019' is not equal with actual property value '09:19 21/01/2019'

2019-02-13 17:11:16 - [TEST_STEP][FAILED] - verifyElementPropertyValue(a, "ObjReturn[21].AgencyName", "The Coffee House - Chi nhánh số 1"): Expected element property value 'The Coffee House - Chi nhánh số 1' is not equal with actual property value 'Passio 47 TCV'

2019-02-13 17:11:16 - [MESSAGE][FAILED] - Expected element property value 'The Coffee House - Chi nhánh số 1' is not equal with actual property value 'Passio 47 TCV'

2019-02-13 17:11:16 - [TEST_STEP][FAILED] - verifyElementPropertyValue(a, "ObjReturn[21].ITSupporterName", "Phạm Phú Tiến"): Expected element property value 'Phạm Phú Tiến' is not equal with actual property value ''

2019-02-13 17:11:16 - [MESSAGE][FAILED] - Expected element property value 'Phạm Phú Tiến' is not equal with actual property value ''

2019-02-13 17:11:16 - [TEST_STEP][FAILED] - verifyElementPropertyValue(a, "ObjReturn[21].IssueName", "Camera không hiện màu"): Expected element property value 'Camera không hiện màu' is not equal with actual property value 'null'

2019-02-13 17:11:16 - [MESSAGE][FAILED] - Expected element property value 'Camera không hiện màu' is not equal with actual property value 'null'

2019-02-13 17:11:16 - [TEST_STEP][FAILED] - verifyElementPropertyValue(a, "ObjReturn[21].ITName", "Phạm Phú Tiến"): Expected element property value 'Phạm Phú Tiến' is not equal with actual property value 'null'

2019-02-13 17:11:16 - [MESSAGE][FAILED] - Expected element property value 'Phạm Phú Tiến' is not equal with actual property value 'null'

2019-02-13 17:11:16 - [TEST_STEP][FAILED] - verifyElementPropertyValue(a, "ObjReturn[21].RequestStatus", "Tạo mới"): Expected element property value 'Tạo mới' is not equal with actual property value 'null'

2019-02-13 17:11:16 - [MESSAGE][FAILED] - Expected element property value 'Tạo mới' is not equal with actual property value 'null'

2019-02-13 17:11:16 - [TEST_STEP][FAILED] - verifyElementPropertyValue(a, "ObjReturn[21].RequestStatusId", 5): Expected element property value '5' is not equal with actual property value '0'

2019-02-13 17:11:16 - [MESSAGE][FAILED] - Expected element property value '5' is not equal with actual property value '0'

2019-02-13 17:11:16 - [TEST_STEP][FAILED] - verifyElementPropertyValue(a, "ObjReturn[21].StatusName", "Tạo mới"): Expected element property value 'Tạo mới' is not equal with actual property value 'Hoàn thành'

2019-02-13 17:11:16 - [MESSAGE][FAILED] - Expected element property value 'Tạo mới' is not equal with actual property value 'Hoàn thành'

2019-02-13 17:11:16 - [TEST_STEP][FAILED] - verifyElementPropertyValue(a, "ObjReturn[21].NumberOfRecord", 2): Expected element property value '2' is not equal with actual property value '22'

2019-02-13 17:11:16 - [MESSAGE][FAILED] - Expected element property value '2' is not equal with actual property value '22'

2019-02-13 17:11:16 - [TEST_STEP][PASSED] - verifyElementPropertyValue(a, "ObjReturn[21].Priority", "Trung bình"): Verify element property value successfully

2019-02-13 17:11:17 - [MESSAGE][PASSED] - Verify element property value successfully

2019-02-13 17:11:17 - [TEST_STEP][FAILED] - verifyElementPropertyValue(a, "ObjReturn[20].RequestId", 3): Expected element property value '3' is not equal with actual property value '22'

2019-02-13 17:11:17 - [MESSAGE][FAILED] - Expected element property value '3' is not equal with actual property value '22'

2019-02-13 17:11:17 - [TEST_STEP][FAILED] - verifyElementPropertyValue(a, "ObjReturn[20].RequestName", "Uni deli - Sửa chữa máy POS  không in được."): Expected element property value 'Uni deli - Sửa chữa máy POS  không in được.' is not equal with actual property value 'Camera không hiện màu'

2019-02-13 17:11:17 - [MESSAGE][FAILED] - Expected element property value 'Uni deli - Sửa chữa máy POS  không in được.' is not equal with actual property value 'Camera không hiện màu'

2019-02-13 17:11:17 - [TEST_STEP][FAILED] - verifyElementPropertyValue(a, "ObjReturn[20].CreateDate", "13:25 16/01/2019"): Expected element property value '13:25 16/01/2019' is not equal with actual property value '09:19 21/01/2019'

2019-02-13 17:11:17 - [MESSAGE][FAILED] - Expected element property value '13:25 16/01/2019' is not equal with actual property value '09:19 21/01/2019'

2019-02-13 17:11:17 - [TEST_STEP][FAILED] - verifyElementPropertyValue(a, "ObjReturn[20].AgencyName", "Uni deli"): Expected element property value 'Uni deli' is not equal with actual property value 'Passio 47 TCV'

2019-02-13 17:11:17 - [MESSAGE][FAILED] - Expected element property value 'Uni deli' is not equal with actual property value 'Passio 47 TCV'

2019-02-13 17:11:17 - [TEST_STEP][FAILED] - verifyElementPropertyValue(a, "ObjReturn[20].ITSupporterName", "Đỗ Hoàng Long"): Expected element property value 'Đỗ Hoàng Long' is not equal with actual property value ''

2019-02-13 17:11:17 - [MESSAGE][FAILED] - Expected element property value 'Đỗ Hoàng Long' is not equal with actual property value ''

2019-02-13 17:11:17 - [TEST_STEP][FAILED] - verifyElementPropertyValue(a, "ObjReturn[20].IssueName", "Sửa chữa máy POS  không in được."): Expected element property value 'Sửa chữa máy POS  không in được.' is not equal with actual property value 'null'

2019-02-13 17:11:17 - [MESSAGE][FAILED] - Expected element property value 'Sửa chữa máy POS  không in được.' is not equal with actual property value 'null'

2019-02-13 17:11:17 - [TEST_STEP][FAILED] - verifyElementPropertyValue(a, "ObjReturn[20].ITName", "Đỗ Hoàng Long"): Expected element property value 'Đỗ Hoàng Long' is not equal with actual property value 'null'

2019-02-13 17:11:17 - [MESSAGE][FAILED] - Expected element property value 'Đỗ Hoàng Long' is not equal with actual property value 'null'

2019-02-13 17:11:17 - [TEST_STEP][FAILED] - verifyElementPropertyValue(a, "ObjReturn[20].RequestStatus", "Hoàn thành"): Expected element property value 'Hoàn thành' is not equal with actual property value 'null'

2019-02-13 17:11:17 - [MESSAGE][FAILED] - Expected element property value 'Hoàn thành' is not equal with actual property value 'null'

2019-02-13 17:11:17 - [TEST_STEP][FAILED] - verifyElementPropertyValue(a, "ObjReturn[20].RequestStatusId", 3): Expected element property value '3' is not equal with actual property value '0'

2019-02-13 17:11:17 - [MESSAGE][FAILED] - Expected element property value '3' is not equal with actual property value '0'

2019-02-13 17:11:17 - [TEST_STEP][PASSED] - verifyElementPropertyValue(a, "ObjReturn[20].StatusName", "Hoàn thành"): Verify element property value successfully

2019-02-13 17:11:17 - [MESSAGE][PASSED] - Verify element property value successfully

2019-02-13 17:11:17 - [TEST_STEP][FAILED] - verifyElementPropertyValue(a, "ObjReturn[20].NumberOfRecord", 3): Expected element property value '3' is not equal with actual property value '21'

2019-02-13 17:11:18 - [MESSAGE][FAILED] - Expected element property value '3' is not equal with actual property value '21'

2019-02-13 17:11:18 - [TEST_STEP][FAILED] - verifyElementPropertyValue(a, "ObjReturn[20].Priority", "Cao"): Expected element property value 'Cao' is not equal with actual property value 'Thấp'

2019-02-13 17:11:18 - [MESSAGE][FAILED] - Expected element property value 'Cao' is not equal with actual property value 'Thấp'

2019-02-13 17:11:18 - [TEST_STEP][FAILED] - verifyElementPropertyValue(a, "ObjReturn[19].RequestId", 4): Expected element property value '4' is not equal with actual property value '23'

2019-02-13 17:11:18 - [MESSAGE][FAILED] - Expected element property value '4' is not equal with actual property value '23'

2019-02-13 17:11:18 - [TEST_STEP][FAILED] - verifyElementPropertyValue(a, "ObjReturn[19].RequestName", "Uni deli - Sửa chữa máy POS  không in được."): Expected element property value 'Uni deli - Sửa chữa máy POS  không in được.' is not equal with actual property value 'Camera không hiện màu'

2019-02-13 17:11:18 - [MESSAGE][FAILED] - Expected element property value 'Uni deli - Sửa chữa máy POS  không in được.' is not equal with actual property value 'Camera không hiện màu'

2019-02-13 17:11:18 - [TEST_STEP][FAILED] - verifyElementPropertyValue(a, "ObjReturn[19].CreateDate", "14:10 16/01/2019"): Expected element property value '14:10 16/01/2019' is not equal with actual property value '11:25 21/01/2019'

2019-02-13 17:11:18 - [MESSAGE][FAILED] - Expected element property value '14:10 16/01/2019' is not equal with actual property value '11:25 21/01/2019'

2019-02-13 17:11:18 - [TEST_STEP][FAILED] - verifyElementPropertyValue(a, "ObjReturn[19].AgencyName", "Uni deli"): Expected element property value 'Uni deli' is not equal with actual property value 'Passio 47 TCV'

2019-02-13 17:11:18 - [MESSAGE][FAILED] - Expected element property value 'Uni deli' is not equal with actual property value 'Passio 47 TCV'

2019-02-13 17:11:18 - [TEST_STEP][FAILED] - verifyElementPropertyValue(a, "ObjReturn[19].ITSupporterName", null): Expected element property value 'null' is not equal with actual property value ''

2019-02-13 17:11:18 - [MESSAGE][FAILED] - Expected element property value 'null' is not equal with actual property value ''

2019-02-13 17:11:18 - [TEST_STEP][FAILED] - verifyElementPropertyValue(a, "ObjReturn[19].IssueName", "Sửa chữa máy POS  không in được."): Expected element property value 'Sửa chữa máy POS  không in được.' is not equal with actual property value 'null'

2019-02-13 17:11:18 - [MESSAGE][FAILED] - Expected element property value 'Sửa chữa máy POS  không in được.' is not equal with actual property value 'null'

2019-02-13 17:11:18 - [TEST_STEP][PASSED] - verifyElementPropertyValue(a, "ObjReturn[19].ITName", null): Verify element property value successfully

2019-02-13 17:11:18 - [MESSAGE][PASSED] - Verify element property value successfully

2019-02-13 17:11:18 - [TEST_STEP][FAILED] - verifyElementPropertyValue(a, "ObjReturn[19].RequestStatus", "Tạo mới"): Expected element property value 'Tạo mới' is not equal with actual property value 'null'

2019-02-13 17:11:18 - [MESSAGE][FAILED] - Expected element property value 'Tạo mới' is not equal with actual property value 'null'

2019-02-13 17:11:18 - [TEST_STEP][FAILED] - verifyElementPropertyValue(a, "ObjReturn[19].RequestStatusId", 5): Expected element property value '5' is not equal with actual property value '0'

2019-02-13 17:11:18 - [MESSAGE][FAILED] - Expected element property value '5' is not equal with actual property value '0'

2019-02-13 17:11:18 - [TEST_STEP][FAILED] - verifyElementPropertyValue(a, "ObjReturn[19].StatusName", "Tạo mới"): Expected element property value 'Tạo mới' is not equal with actual property value 'Hoàn thành'

2019-02-13 17:11:18 - [MESSAGE][FAILED] - Expected element property value 'Tạo mới' is not equal with actual property value 'Hoàn thành'

2019-02-13 17:11:18 - [TEST_STEP][FAILED] - verifyElementPropertyValue(a, "ObjReturn[19].NumberOfRecord", 4): Expected element property value '4' is not equal with actual property value '20'

2019-02-13 17:11:18 - [MESSAGE][FAILED] - Expected element property value '4' is not equal with actual property value '20'

2019-02-13 17:11:18 - [TEST_STEP][FAILED] - verifyElementPropertyValue(a, "ObjReturn[19].Priority", "Cao"): Expected element property value 'Cao' is not equal with actual property value 'Thấp'

2019-02-13 17:11:18 - [MESSAGE][FAILED] - Expected element property value 'Cao' is not equal with actual property value 'Thấp'

2019-02-13 17:11:18 - [TEST_STEP][FAILED] - verifyElementPropertyValue(a, "ObjReturn[18].RequestId", 5): Expected element property value '5' is not equal with actual property value '24'

2019-02-13 17:11:18 - [MESSAGE][FAILED] - Expected element property value '5' is not equal with actual property value '24'

2019-02-13 17:11:18 - [TEST_STEP][FAILED] - verifyElementPropertyValue(a, "ObjReturn[18].RequestName", "Passio 47 TCV - Mở máy tính không lên"): Expected element property value 'Passio 47 TCV - Mở máy tính không lên' is not equal with actual property value 'Sửa chữa máy POS  không in được.'

2019-02-13 17:11:19 - [MESSAGE][FAILED] - Expected element property value 'Passio 47 TCV - Mở máy tính không lên' is not equal with actual property value 'Sửa chữa máy POS  không in được.'

2019-02-13 17:11:19 - [TEST_STEP][FAILED] - verifyElementPropertyValue(a, "ObjReturn[18].CreateDate", "14:21 16/01/2019"): Expected element property value '14:21 16/01/2019' is not equal with actual property value '10:00 22/01/2019'

2019-02-13 17:11:19 - [MESSAGE][FAILED] - Expected element property value '14:21 16/01/2019' is not equal with actual property value '10:00 22/01/2019'

2019-02-13 17:11:19 - [TEST_STEP][FAILED] - verifyElementPropertyValue(a, "ObjReturn[18].AgencyName", "Passio 47 TCV"): Expected element property value 'Passio 47 TCV' is not equal with actual property value 'Uni deli'

2019-02-13 17:11:19 - [MESSAGE][FAILED] - Expected element property value 'Passio 47 TCV' is not equal with actual property value 'Uni deli'

2019-02-13 17:11:19 - [TEST_STEP][FAILED] - verifyElementPropertyValue(a, "ObjReturn[18].ITSupporterName", null): Expected element property value 'null' is not equal with actual property value ''

2019-02-13 17:11:19 - [MESSAGE][FAILED] - Expected element property value 'null' is not equal with actual property value ''

2019-02-13 17:11:19 - [TEST_STEP][FAILED] - verifyElementPropertyValue(a, "ObjReturn[18].IssueName", "Mở máy tính không lên"): Expected element property value 'Mở máy tính không lên' is not equal with actual property value 'null'

2019-02-13 17:11:19 - [MESSAGE][FAILED] - Expected element property value 'Mở máy tính không lên' is not equal with actual property value 'null'

2019-02-13 17:11:19 - [TEST_STEP][PASSED] - verifyElementPropertyValue(a, "ObjReturn[18].ITName", null): Verify element property value successfully

2019-02-13 17:11:19 - [MESSAGE][PASSED] - Verify element property value successfully

2019-02-13 17:11:19 - [TEST_STEP][FAILED] - verifyElementPropertyValue(a, "ObjReturn[18].RequestStatus", "Hoàn thành"): Expected element property value 'Hoàn thành' is not equal with actual property value 'null'

2019-02-13 17:11:19 - [MESSAGE][FAILED] - Expected element property value 'Hoàn thành' is not equal with actual property value 'null'

2019-02-13 17:11:19 - [TEST_STEP][FAILED] - verifyElementPropertyValue(a, "ObjReturn[18].RequestStatusId", 3): Expected element property value '3' is not equal with actual property value '0'

2019-02-13 17:11:19 - [MESSAGE][FAILED] - Expected element property value '3' is not equal with actual property value '0'

2019-02-13 17:11:19 - [TEST_STEP][PASSED] - verifyElementPropertyValue(a, "ObjReturn[18].StatusName", "Hoàn thành"): Verify element property value successfully

2019-02-13 17:11:19 - [MESSAGE][PASSED] - Verify element property value successfully

2019-02-13 17:11:19 - [TEST_STEP][FAILED] - verifyElementPropertyValue(a, "ObjReturn[18].NumberOfRecord", 5): Expected element property value '5' is not equal with actual property value '19'

2019-02-13 17:11:19 - [MESSAGE][FAILED] - Expected element property value '5' is not equal with actual property value '19'

2019-02-13 17:11:19 - [TEST_STEP][FAILED] - verifyElementPropertyValue(a, "ObjReturn[18].Priority", null): verifyElementPropertyValue(a, "ObjReturn[18].Priority", null) FAILED.
Reason:
com.kms.katalon.core.exception.StepFailedException: Expected element property value 'Wifi chậm' is not equal with actual property value 'null'
	at com.kms.katalon.core.keyword.internal.KeywordMain.stepFailed(KeywordMain.groovy:32)
	at com.kms.katalon.core.webservice.keyword.builtin.VerifyElementPropertyValueKeyword$_verifyElementPropertyValue_closure1.doCall(VerifyElementPropertyValueKeyword.groovy:56)
	at com.kms.katalon.core.webservice.keyword.builtin.VerifyElementPropertyValueKeyword$_verifyElementPropertyValue_closure1.call(VerifyElementPropertyValueKeyword.groovy)
	at com.kms.katalon.core.keyword.internal.KeywordMain.runKeyword(KeywordMain.groovy:54)
	at com.kms.katalon.core.webservice.keyword.builtin.VerifyElementPropertyValueKeyword.verifyElementPropertyValue(VerifyElementPropertyValueKeyword.groovy:48)
	at com.kms.katalon.core.webservice.keyword.builtin.VerifyElementPropertyValueKeyword.execute(VerifyElementPropertyValueKeyword.groovy:43)
	at com.kms.katalon.core.keyword.internal.KeywordExecutor.executeKeywordForPlatform(KeywordExecutor.groovy:53)
	at com.kms.katalon.core.webservice.keyword.WSBuiltInKeywords.verifyElementPropertyValue(WSBuiltInKeywords.groovy:123)
	at com.kms.katalon.core.webservice.keyword.WSBuiltInKeywords$verifyElementPropertyValue$1.call(Unknown Source)
	at 47AllTicket.run(47AllTicket:30)
	at com.kms.katalon.core.main.ScriptEngine.run(ScriptEngine.java:194)
	at com.kms.katalon.core.main.ScriptEngine.runScriptAsRawText(ScriptEngine.java:119)
	at com.kms.katalon.core.main.TestCaseExecutor.runScript(TestCaseExecutor.java:328)
	at com.kms.katalon.core.main.TestCaseExecutor.doExecute(TestCaseExecutor.java:319)
	at com.kms.katalon.core.main.TestCaseExecutor.processExecutionPhase(TestCaseExecutor.java:298)
	at com.kms.katalon.core.main.TestCaseExecutor.accessMainPhase(TestCaseExecutor.java:290)
	at com.kms.katalon.core.main.TestCaseExecutor.execute(TestCaseExecutor.java:224)
	at com.kms.katalon.core.main.TestSuiteExecutor.accessTestCaseMainPhase(TestSuiteExecutor.java:129)
	at com.kms.katalon.core.main.TestSuiteExecutor.accessTestSuiteMainPhase(TestSuiteExecutor.java:112)
	at com.kms.katalon.core.main.TestSuiteExecutor.execute(TestSuiteExecutor.java:81)
	at com.kms.katalon.core.main.TestCaseMain.startTestSuite(TestCaseMain.java:149)
	at com.kms.katalon.core.main.TestCaseMain$startTestSuite$0.call(Unknown Source)
	at TempTestSuite1550052666022.run(TempTestSuite1550052666022.groovy:36)


2019-02-13 17:11:19 - [MESSAGE][FAILED] - Expected element property value 'null' is not equal with actual property value 'Thấp'

2019-02-13 17:11:19 - [MESSAGE][FAILED] - verifyElementPropertyValue(a, "ObjReturn[18].Priority", null) FAILED.
Reason:
com.kms.katalon.core.exception.StepFailedException: Expected element property value 'Wifi chậm' is not equal with actual property value 'null'
	at com.kms.katalon.core.keyword.internal.KeywordMain.stepFailed(KeywordMain.groovy:32)
	at com.kms.katalon.core.webservice.keyword.builtin.VerifyElementPropertyValueKeyword$_verifyElementPropertyValue_closure1.doCall(VerifyElementPropertyValueKeyword.groovy:56)
	at com.kms.katalon.core.webservice.keyword.builtin.VerifyElementPropertyValueKeyword$_verifyElementPropertyValue_closure1.call(VerifyElementPropertyValueKeyword.groovy)
	at com.kms.katalon.core.keyword.internal.KeywordMain.runKeyword(KeywordMain.groovy:54)
	at com.kms.katalon.core.webservice.keyword.builtin.VerifyElementPropertyValueKeyword.verifyElementPropertyValue(VerifyElementPropertyValueKeyword.groovy:48)
	at com.kms.katalon.core.webservice.keyword.builtin.VerifyElementPropertyValueKeyword.execute(VerifyElementPropertyValueKeyword.groovy:43)
	at com.kms.katalon.core.keyword.internal.KeywordExecutor.executeKeywordForPlatform(KeywordExecutor.groovy:53)
	at com.kms.katalon.core.webservice.keyword.WSBuiltInKeywords.verifyElementPropertyValue(WSBuiltInKeywords.groovy:123)
	at com.kms.katalon.core.webservice.keyword.WSBuiltInKeywords$verifyElementPropertyValue$1.call(Unknown Source)
	at 47AllTicket.run(47AllTicket:30)
	at com.kms.katalon.core.main.ScriptEngine.run(ScriptEngine.java:194)
	at com.kms.katalon.core.main.ScriptEngine.runScriptAsRawText(ScriptEngine.java:119)
	at com.kms.katalon.core.main.TestCaseExecutor.runScript(TestCaseExecutor.java:328)
	at com.kms.katalon.core.main.TestCaseExecutor.doExecute(TestCaseExecutor.java:319)
	at com.kms.katalon.core.main.TestCaseExecutor.processExecutionPhase(TestCaseExecutor.java:298)
	at com.kms.katalon.core.main.TestCaseExecutor.accessMainPhase(TestCaseExecutor.java:290)
	at com.kms.katalon.core.main.TestCaseExecutor.execute(TestCaseExecutor.java:224)
	at com.kms.katalon.core.main.TestSuiteExecutor.accessTestCaseMainPhase(TestSuiteExecutor.java:129)
	at com.kms.katalon.core.main.TestSuiteExecutor.accessTestSuiteMainPhase(TestSuiteExecutor.java:112)
	at com.kms.katalon.core.main.TestSuiteExecutor.execute(TestSuiteExecutor.java:81)
	at com.kms.katalon.core.main.TestCaseMain.startTestSuite(TestCaseMain.java:149)
	at com.kms.katalon.core.main.TestCaseMain$startTestSuite$0.call(Unknown Source)
	at TempTestSuite1550052666022.run(TempTestSuite1550052666022.groovy:36)]]></system-out>
         <system-err><![CDATA[2019-02-13 17:11:11 - [TEST_CASE][FAILED] - Test Cases/Request/47AllTicket: Test Cases/Request/47AllTicket FAILED.
Reason:
com.kms.katalon.core.exception.StepFailedException: Expected element property value 'Wifi chậm' is not equal with actual property value 'null'
	at com.kms.katalon.core.keyword.internal.KeywordMain.stepFailed(KeywordMain.groovy:32)
	at com.kms.katalon.core.webservice.keyword.builtin.VerifyElementPropertyValueKeyword$_verifyElementPropertyValue_closure1.doCall(VerifyElementPropertyValueKeyword.groovy:56)
	at com.kms.katalon.core.webservice.keyword.builtin.VerifyElementPropertyValueKeyword$_verifyElementPropertyValue_closure1.call(VerifyElementPropertyValueKeyword.groovy)
	at com.kms.katalon.core.keyword.internal.KeywordMain.runKeyword(KeywordMain.groovy:54)
	at com.kms.katalon.core.webservice.keyword.builtin.VerifyElementPropertyValueKeyword.verifyElementPropertyValue(VerifyElementPropertyValueKeyword.groovy:48)
	at com.kms.katalon.core.webservice.keyword.builtin.VerifyElementPropertyValueKeyword.execute(VerifyElementPropertyValueKeyword.groovy:43)
	at com.kms.katalon.core.keyword.internal.KeywordExecutor.executeKeywordForPlatform(KeywordExecutor.groovy:53)
	at com.kms.katalon.core.webservice.keyword.WSBuiltInKeywords.verifyElementPropertyValue(WSBuiltInKeywords.groovy:123)
	at com.kms.katalon.core.webservice.keyword.WSBuiltInKeywords$verifyElementPropertyValue$1.call(Unknown Source)
	at 47AllTicket.run(47AllTicket:30)
	at com.kms.katalon.core.main.ScriptEngine.run(ScriptEngine.java:194)
	at com.kms.katalon.core.main.ScriptEngine.runScriptAsRawText(ScriptEngine.java:119)
	at com.kms.katalon.core.main.TestCaseExecutor.runScript(TestCaseExecutor.java:328)
	at com.kms.katalon.core.main.TestCaseExecutor.doExecute(TestCaseExecutor.java:319)
	at com.kms.katalon.core.main.TestCaseExecutor.processExecutionPhase(TestCaseExecutor.java:298)
	at com.kms.katalon.core.main.TestCaseExecutor.accessMainPhase(TestCaseExecutor.java:290)
	at com.kms.katalon.core.main.TestCaseExecutor.execute(TestCaseExecutor.java:224)
	at com.kms.katalon.core.main.TestSuiteExecutor.accessTestCaseMainPhase(TestSuiteExecutor.java:129)
	at com.kms.katalon.core.main.TestSuiteExecutor.accessTestSuiteMainPhase(TestSuiteExecutor.java:112)
	at com.kms.katalon.core.main.TestSuiteExecutor.execute(TestSuiteExecutor.java:81)
	at com.kms.katalon.core.main.TestCaseMain.startTestSuite(TestCaseMain.java:149)
	at com.kms.katalon.core.main.TestCaseMain$startTestSuite$0.call(Unknown Source)
	at TempTestSuite1550052666022.run(TempTestSuite1550052666022.groovy:36)]]></system-err>
      </testcase>
      <testcase name="Test Cases/Request/49AllTicketWithStatusAgency" classname="Test Cases/Request/49AllTicketWithStatusAgency" status="FAILED">
         <failure type="FAILED" message="Test Cases/Request/49AllTicketWithStatusAgency FAILED.
Reason:
com.kms.katalon.core.exception.StepFailedException: Expected element property value '13' is not equal with actual property value '37'
	at com.kms.katalon.core.keyword.internal.KeywordMain.stepFailed(KeywordMain.groovy:32)
	at com.kms.katalon.core.webservice.keyword.builtin.VerifyElementPropertyValueKeyword$_verifyElementPropertyValue_closure1.doCall(VerifyElementPropertyValueKeyword.groovy:56)
	at com.kms.katalon.core.webservice.keyword.builtin.VerifyElementPropertyValueKeyword$_verifyElementPropertyValue_closure1.call(VerifyElementPropertyValueKeyword.groovy)
	at com.kms.katalon.core.keyword.internal.KeywordMain.runKeyword(KeywordMain.groovy:54)
	at com.kms.katalon.core.webservice.keyword.builtin.VerifyElementPropertyValueKeyword.verifyElementPropertyValue(VerifyElementPropertyValueKeyword.groovy:48)
	at com.kms.katalon.core.webservice.keyword.builtin.VerifyElementPropertyValueKeyword.execute(VerifyElementPropertyValueKeyword.groovy:43)
	at com.kms.katalon.core.keyword.internal.KeywordExecutor.executeKeywordForPlatform(KeywordExecutor.groovy:53)
	at com.kms.katalon.core.webservice.keyword.WSBuiltInKeywords.verifyElementPropertyValue(WSBuiltInKeywords.groovy:123)
	at com.kms.katalon.core.webservice.keyword.WSBuiltInKeywords$verifyElementPropertyValue$1.call(Unknown Source)
	at 49AllTicketWithStatusAgency.run(49AllTicketWithStatusAgency:20)
	at com.kms.katalon.core.main.ScriptEngine.run(ScriptEngine.java:194)
	at com.kms.katalon.core.main.ScriptEngine.runScriptAsRawText(ScriptEngine.java:119)
	at com.kms.katalon.core.main.TestCaseExecutor.runScript(TestCaseExecutor.java:328)
	at com.kms.katalon.core.main.TestCaseExecutor.doExecute(TestCaseExecutor.java:319)
	at com.kms.katalon.core.main.TestCaseExecutor.processExecutionPhase(TestCaseExecutor.java:298)
	at com.kms.katalon.core.main.TestCaseExecutor.accessMainPhase(TestCaseExecutor.java:290)
	at com.kms.katalon.core.main.TestCaseExecutor.execute(TestCaseExecutor.java:224)
	at com.kms.katalon.core.main.TestSuiteExecutor.accessTestCaseMainPhase(TestSuiteExecutor.java:129)
	at com.kms.katalon.core.main.TestSuiteExecutor.accessTestSuiteMainPhase(TestSuiteExecutor.java:112)
	at com.kms.katalon.core.main.TestSuiteExecutor.execute(TestSuiteExecutor.java:81)
	at com.kms.katalon.core.main.TestCaseMain.startTestSuite(TestCaseMain.java:149)
	at com.kms.katalon.core.main.TestCaseMain$startTestSuite$0.call(Unknown Source)
	at TempTestSuite1550052666022.run(TempTestSuite1550052666022.groovy:36)
"/>
         <system-out><![CDATA[2019-02-13 17:11:19 - [TEST_CASE][FAILED] - Test Cases/Request/49AllTicketWithStatusAgency: Test Cases/Request/49AllTicketWithStatusAgency FAILED.
Reason:
com.kms.katalon.core.exception.StepFailedException: Expected element property value '13' is not equal with actual property value '37'
	at com.kms.katalon.core.keyword.internal.KeywordMain.stepFailed(KeywordMain.groovy:32)
	at com.kms.katalon.core.webservice.keyword.builtin.VerifyElementPropertyValueKeyword$_verifyElementPropertyValue_closure1.doCall(VerifyElementPropertyValueKeyword.groovy:56)
	at com.kms.katalon.core.webservice.keyword.builtin.VerifyElementPropertyValueKeyword$_verifyElementPropertyValue_closure1.call(VerifyElementPropertyValueKeyword.groovy)
	at com.kms.katalon.core.keyword.internal.KeywordMain.runKeyword(KeywordMain.groovy:54)
	at com.kms.katalon.core.webservice.keyword.builtin.VerifyElementPropertyValueKeyword.verifyElementPropertyValue(VerifyElementPropertyValueKeyword.groovy:48)
	at com.kms.katalon.core.webservice.keyword.builtin.VerifyElementPropertyValueKeyword.execute(VerifyElementPropertyValueKeyword.groovy:43)
	at com.kms.katalon.core.keyword.internal.KeywordExecutor.executeKeywordForPlatform(KeywordExecutor.groovy:53)
	at com.kms.katalon.core.webservice.keyword.WSBuiltInKeywords.verifyElementPropertyValue(WSBuiltInKeywords.groovy:123)
	at com.kms.katalon.core.webservice.keyword.WSBuiltInKeywords$verifyElementPropertyValue$1.call(Unknown Source)
	at 49AllTicketWithStatusAgency.run(49AllTicketWithStatusAgency:20)
	at com.kms.katalon.core.main.ScriptEngine.run(ScriptEngine.java:194)
	at com.kms.katalon.core.main.ScriptEngine.runScriptAsRawText(ScriptEngine.java:119)
	at com.kms.katalon.core.main.TestCaseExecutor.runScript(TestCaseExecutor.java:328)
	at com.kms.katalon.core.main.TestCaseExecutor.doExecute(TestCaseExecutor.java:319)
	at com.kms.katalon.core.main.TestCaseExecutor.processExecutionPhase(TestCaseExecutor.java:298)
	at com.kms.katalon.core.main.TestCaseExecutor.accessMainPhase(TestCaseExecutor.java:290)
	at com.kms.katalon.core.main.TestCaseExecutor.execute(TestCaseExecutor.java:224)
	at com.kms.katalon.core.main.TestSuiteExecutor.accessTestCaseMainPhase(TestSuiteExecutor.java:129)
	at com.kms.katalon.core.main.TestSuiteExecutor.accessTestSuiteMainPhase(TestSuiteExecutor.java:112)
	at com.kms.katalon.core.main.TestSuiteExecutor.execute(TestSuiteExecutor.java:81)
	at com.kms.katalon.core.main.TestCaseMain.startTestSuite(TestCaseMain.java:149)
	at com.kms.katalon.core.main.TestCaseMain$startTestSuite$0.call(Unknown Source)
	at TempTestSuite1550052666022.run(TempTestSuite1550052666022.groovy:36)


2019-02-13 17:11:20 - [TEST_STEP][PASSED] - a = sendRequest(findTestObject("Request/49AllTicketWithStatusAgency")): Send request successfully

2019-02-13 17:11:20 - [MESSAGE][PASSED] - Send request successfully

2019-02-13 17:11:20 - [TEST_STEP][PASSED] - verifyResponseStatusCode(a, 200): Verify response status code successfully

2019-02-13 17:11:20 - [MESSAGE][PASSED] - Verify response status code successfully

2019-02-13 17:11:20 - [TEST_STEP][FAILED] - verifyElementPropertyValue(a, "ObjReturn[0].RequestId", 13): Expected element property value '13' is not equal with actual property value '37'

2019-02-13 17:11:20 - [MESSAGE][FAILED] - Expected element property value '13' is not equal with actual property value '37'

2019-02-13 17:11:20 - [TEST_STEP][FAILED] - verifyElementPropertyValue(a, "ObjReturn[0].AgencyId", 31): Expected element property value '31' is not equal with actual property value '0'

2019-02-13 17:11:20 - [MESSAGE][FAILED] - Expected element property value '31' is not equal with actual property value '0'

2019-02-13 17:11:20 - [TEST_STEP][PASSED] - verifyElementPropertyValue(a, "ObjReturn[0].AgencyName", "The Coffee House - Chi nhánh số 1"): Verify element property value successfully

2019-02-13 17:11:20 - [MESSAGE][PASSED] - Verify element property value successfully

2019-02-13 17:11:20 - [TEST_STEP][FAILED] - verifyElementPropertyValue(a, "ObjReturn[0].AgencyAddress", "88 Ngô Tất Tố, Quận Bình Thạnh"): Expected element property value '88 Ngô Tất Tố, Quận Bình Thạnh' is not equal with actual property value 'null'

2019-02-13 17:11:20 - [MESSAGE][FAILED] - Expected element property value '88 Ngô Tất Tố, Quận Bình Thạnh' is not equal with actual property value 'null'

2019-02-13 17:11:20 - [TEST_STEP][FAILED] - verifyElementPropertyValue(a, "ObjReturn[0].RequestCategoryId", 3): Expected element property value '3' is not equal with actual property value '0'

2019-02-13 17:11:20 - [MESSAGE][FAILED] - Expected element property value '3' is not equal with actual property value '0'

2019-02-13 17:11:20 - [TEST_STEP][FAILED] - verifyElementPropertyValue(a, "ObjReturn[0].ServiceId", 1): Expected element property value '1' is not equal with actual property value '0'

2019-02-13 17:11:20 - [MESSAGE][FAILED] - Expected element property value '1' is not equal with actual property value '0'

2019-02-13 17:11:20 - [TEST_STEP][FAILED] - verifyElementPropertyValue(a, "ObjReturn[0].ServiceName", "WIFI"): Expected element property value 'WIFI' is not equal with actual property value 'null'

2019-02-13 17:11:20 - [MESSAGE][FAILED] - Expected element property value 'WIFI' is not equal with actual property value 'null'

2019-02-13 17:11:20 - [TEST_STEP][FAILED] - verifyElementPropertyValue(a, "ObjReturn[0].ServiceItemId", 7): Expected element property value '7' is not equal with actual property value '0'

2019-02-13 17:11:20 - [MESSAGE][FAILED] - Expected element property value '7' is not equal with actual property value '0'

2019-02-13 17:11:20 - [TEST_STEP][FAILED] - verifyElementPropertyValue(a, "ObjReturn[0].ServiceItemName", "Wifi mất kết nối"): Expected element property value 'Wifi mất kết nối' is not equal with actual property value 'null'

2019-02-13 17:11:20 - [MESSAGE][FAILED] - Expected element property value 'Wifi mất kết nối' is not equal with actual property value 'null'

2019-02-13 17:11:20 - [TEST_STEP][FAILED] - verifyElementPropertyValue(a, "ObjReturn[0].RequestName", "The Coffee House - Chi nhánh số 1 - Wifi mất kết nối"): Expected element property value 'The Coffee House - Chi nhánh số 1 - Wifi mất kết nối' is not equal with actual property value 'The Coffee House - Chi nhánh số 1 - Camera không hiện màu'

2019-02-13 17:11:20 - [MESSAGE][FAILED] - Expected element property value 'The Coffee House - Chi nhánh số 1 - Wifi mất kết nối' is not equal with actual property value 'The Coffee House - Chi nhánh số 1 - Camera không hiện màu'

2019-02-13 17:11:20 - [TEST_STEP][FAILED] - verifyElementPropertyValue(a, "ObjReturn[0].RequestDesciption", "njnj"): Expected element property value 'njnj' is not equal with actual property value 'null'

2019-02-13 17:11:21 - [MESSAGE][FAILED] - Expected element property value 'njnj' is not equal with actual property value 'null'

2019-02-13 17:11:21 - [TEST_STEP][FAILED] - verifyElementPropertyValue(a, "ObjReturn[0].AgencyTelephone", "0397934468"): Expected element property value '0397934468' is not equal with actual property value 'null'

2019-02-13 17:11:21 - [MESSAGE][FAILED] - Expected element property value '0397934468' is not equal with actual property value 'null'

2019-02-13 17:11:21 - [TEST_STEP][FAILED] - verifyElementPropertyValue(a, "ObjReturn[0].CreateDate", "12:46 17/01/2019"): Expected element property value '12:46 17/01/2019' is not equal with actual property value '08:53 13/02/2019'

2019-02-13 17:11:21 - [MESSAGE][FAILED] - Expected element property value '12:46 17/01/2019' is not equal with actual property value '08:53 13/02/2019'

2019-02-13 17:11:21 - [TEST_STEP][FAILED] - verifyElementPropertyValue(a, "ObjReturn[0].UpdateDate", "16:21 17/01/2019"): Expected element property value '16:21 17/01/2019' is not equal with actual property value ''

2019-02-13 17:11:21 - [MESSAGE][FAILED] - Expected element property value '16:21 17/01/2019' is not equal with actual property value ''

2019-02-13 17:11:21 - [TEST_STEP][FAILED] - verifyElementPropertyValue(a, "ObjReturn[0].StartTime", "10:47 16/01/2019"): Expected element property value '10:47 16/01/2019' is not equal with actual property value ''

2019-02-13 17:11:21 - [MESSAGE][FAILED] - Expected element property value '10:47 16/01/2019' is not equal with actual property value ''

2019-02-13 17:11:21 - [TEST_STEP][FAILED] - verifyElementPropertyValue(a, "ObjReturn[0].EndTime", "11:46 16/01/2019"): Expected element property value '11:46 16/01/2019' is not equal with actual property value ''

2019-02-13 17:11:21 - [MESSAGE][FAILED] - Expected element property value '11:46 16/01/2019' is not equal with actual property value ''

2019-02-13 17:11:21 - [TEST_STEP][PASSED] - verifyElementPropertyValue(a, "ObjReturn[0].RequestStatus", "Tạo mới"): Verify element property value successfully

2019-02-13 17:11:21 - [MESSAGE][PASSED] - Verify element property value successfully

2019-02-13 17:11:21 - [TEST_STEP][FAILED] - verifyElementPropertyValue(a, "ObjReturn[0].RequestStatusValue", 5): Expected element property value '5' is not equal with actual property value '0'

2019-02-13 17:11:21 - [MESSAGE][FAILED] - Expected element property value '5' is not equal with actual property value '0'

2019-02-13 17:11:21 - [TEST_STEP][FAILED] - verifyElementPropertyValue(a, "ObjReturn[0].RequestEstimationTime", "18:46 17/01/2019"): Expected element property value '18:46 17/01/2019' is not equal with actual property value '08:53 13/02/2019'

2019-02-13 17:11:21 - [MESSAGE][FAILED] - Expected element property value '18:46 17/01/2019' is not equal with actual property value '08:53 13/02/2019'

2019-02-13 17:11:21 - [TEST_STEP][PASSED] - verifyElementPropertyValue(a, "ObjReturn[0].NumberOfTicketDone", 0): Verify element property value successfully

2019-02-13 17:11:21 - [MESSAGE][PASSED] - Verify element property value successfully

2019-02-13 17:11:21 - [TEST_STEP][PASSED] - verifyElementPropertyValue(a, "ObjReturn[0].NumberTicketInProcessing", 0): Verify element property value successfully

2019-02-13 17:11:21 - [MESSAGE][PASSED] - Verify element property value successfully

2019-02-13 17:11:21 - [TEST_STEP][PASSED] - verifyElementPropertyValue(a, "ObjReturn[0].NumberOfTicket", 1): Verify element property value successfully

2019-02-13 17:11:21 - [MESSAGE][PASSED] - Verify element property value successfully

2019-02-13 17:11:21 - [TEST_STEP][FAILED] - verifyElementPropertyValue(a, "ObjReturn[0].ITSupporterName", "Đỗ Hoàng Long"): Expected element property value 'Đỗ Hoàng Long' is not equal with actual property value 'Chưa có người xử lý'

2019-02-13 17:11:21 - [MESSAGE][FAILED] - Expected element property value 'Đỗ Hoàng Long' is not equal with actual property value 'Chưa có người xử lý'

2019-02-13 17:11:21 - [TEST_STEP][FAILED] - verifyElementPropertyValue(a, "ObjReturn[0].ITSupporterPhone", "02322205"): Expected element property value '02322205' is not equal with actual property value '0773909125'

2019-02-13 17:11:21 - [MESSAGE][FAILED] - Expected element property value '02322205' is not equal with actual property value '0773909125'

2019-02-13 17:11:21 - [TEST_STEP][FAILED] - verifyElementPropertyValue(a, "ObjReturn[0].FeedBack", "3eq"): Expected element property value '3eq' is not equal with actual property value 'null'

2019-02-13 17:11:21 - [MESSAGE][FAILED] - Expected element property value '3eq' is not equal with actual property value 'null'

2019-02-13 17:11:21 - [TEST_STEP][FAILED] - verifyElementPropertyValue(a, "ObjReturn[0].Rating", 2): Expected element property value '2' is not equal with actual property value '0'

2019-02-13 17:11:21 - [MESSAGE][FAILED] - Expected element property value '2' is not equal with actual property value '0'

2019-02-13 17:11:21 - [TEST_STEP][FAILED] - verifyElementPropertyValue(a, "ObjReturn[0].Priority", "Trung bình"): Expected element property value 'Trung bình' is not equal with actual property value 'null'

2019-02-13 17:11:21 - [MESSAGE][FAILED] - Expected element property value 'Trung bình' is not equal with actual property value 'null'

2019-02-13 17:11:21 - [TEST_STEP][FAILED] - verifyElementPropertyValue(a, "ObjReturn[0].PriorityValue", 2): Expected element property value '2' is not equal with actual property value '0'

2019-02-13 17:11:21 - [MESSAGE][FAILED] - Expected element property value '2' is not equal with actual property value '0'

2019-02-13 17:11:21 - [TEST_STEP][FAILED] - verifyElementPropertyValue(a, "ObjReturn[0].Tickets[0].TicketId", 14): Expected element property value '14' is not equal with actual property value '45'

2019-02-13 17:11:21 - [MESSAGE][FAILED] - Expected element property value '14' is not equal with actual property value '45'

2019-02-13 17:11:21 - [TEST_STEP][FAILED] - verifyElementPropertyValue(a, "ObjReturn[0].Tickets[0].DeviceId", 43): Expected element property value '43' is not equal with actual property value '45'

2019-02-13 17:11:21 - [MESSAGE][FAILED] - Expected element property value '43' is not equal with actual property value '45'

2019-02-13 17:11:21 - [TEST_STEP][FAILED] - verifyElementPropertyValue(a, "ObjReturn[0].Tickets[0].DeviceCode", "N301"): Expected element property value 'N301' is not equal with actual property value 'null'

2019-02-13 17:11:21 - [MESSAGE][FAILED] - Expected element property value 'N301' is not equal with actual property value 'null'

2019-02-13 17:11:21 - [TEST_STEP][FAILED] - verifyElementPropertyValue(a, "ObjReturn[0].Tickets[0].Desciption", "test"): Expected element property value 'test' is not equal with actual property value 'null'

2019-02-13 17:11:21 - [MESSAGE][FAILED] - Expected element property value 'test' is not equal with actual property value 'null'

2019-02-13 17:11:21 - [TEST_STEP][FAILED] - verifyElementPropertyValue(a, "ObjReturn[0].Tickets[0].DeviceName", "Router TENDA N301 300Mbps Wireless N"): Expected element property value 'Router TENDA N301 300Mbps Wireless N' is not equal with actual property value 'Camera KBVISION KX-S2001CA4'

2019-02-13 17:11:21 - [MESSAGE][FAILED] - Expected element property value 'Router TENDA N301 300Mbps Wireless N' is not equal with actual property value 'Camera KBVISION KX-S2001CA4'

2019-02-13 17:11:21 - [TEST_STEP][FAILED] - verifyElementPropertyValue(a, "ObjReturn[0].Tickets[0].CreateDate", "12:46 17/01/2019"): Expected element property value '12:46 17/01/2019' is not equal with actual property value '08:53 13/02/2019'

2019-02-13 17:11:21 - [MESSAGE][FAILED] - Expected element property value '12:46 17/01/2019' is not equal with actual property value '08:53 13/02/2019'

2019-02-13 17:11:21 - [TEST_STEP][FAILED] - verifyElementPropertyValue(a, "ObjReturn[0].Tickets[0].CreateBy", "ADMIN"): Expected element property value 'ADMIN' is not equal with actual property value 'null'

2019-02-13 17:11:21 - [MESSAGE][FAILED] - Expected element property value 'ADMIN' is not equal with actual property value 'null'

2019-02-13 17:11:21 - [TEST_STEP][FAILED] - verifyElementPropertyValue(a, "ObjReturn[1].RequestId", 2): Expected element property value '2' is not equal with actual property value '34'

2019-02-13 17:11:21 - [MESSAGE][FAILED] - Expected element property value '2' is not equal with actual property value '34'

2019-02-13 17:11:21 - [TEST_STEP][FAILED] - verifyElementPropertyValue(a, "ObjReturn[1].AgencyId", 31): Expected element property value '31' is not equal with actual property value '0'

2019-02-13 17:11:21 - [MESSAGE][FAILED] - Expected element property value '31' is not equal with actual property value '0'

2019-02-13 17:11:21 - [TEST_STEP][PASSED] - verifyElementPropertyValue(a, "ObjReturn[1].AgencyName", "The Coffee House - Chi nhánh số 1"): Verify element property value successfully

2019-02-13 17:11:21 - [MESSAGE][PASSED] - Verify element property value successfully

2019-02-13 17:11:21 - [TEST_STEP][FAILED] - verifyElementPropertyValue(a, "ObjReturn[1].AgencyAddress", "88 Ngô Tất Tố, Quận Bình Thạnh"): Expected element property value '88 Ngô Tất Tố, Quận Bình Thạnh' is not equal with actual property value 'null'

2019-02-13 17:11:21 - [MESSAGE][FAILED] - Expected element property value '88 Ngô Tất Tố, Quận Bình Thạnh' is not equal with actual property value 'null'

2019-02-13 17:11:21 - [TEST_STEP][FAILED] - verifyElementPropertyValue(a, "ObjReturn[1].RequestCategoryId", 3): Expected element property value '3' is not equal with actual property value '0'

2019-02-13 17:11:21 - [MESSAGE][FAILED] - Expected element property value '3' is not equal with actual property value '0'

2019-02-13 17:11:21 - [TEST_STEP][FAILED] - verifyElementPropertyValue(a, "ObjReturn[1].ServiceId", 2): Expected element property value '2' is not equal with actual property value '0'

2019-02-13 17:11:21 - [MESSAGE][FAILED] - Expected element property value '2' is not equal with actual property value '0'

2019-02-13 17:11:21 - [TEST_STEP][FAILED] - verifyElementPropertyValue(a, "ObjReturn[1].ServiceName", "CAMERA"): Expected element property value 'CAMERA' is not equal with actual property value 'null'

2019-02-13 17:11:21 - [MESSAGE][FAILED] - Expected element property value 'CAMERA' is not equal with actual property value 'null'

2019-02-13 17:11:21 - [TEST_STEP][FAILED] - verifyElementPropertyValue(a, "ObjReturn[1].ServiceItemId", 3): Expected element property value '3' is not equal with actual property value '0'

2019-02-13 17:11:21 - [MESSAGE][FAILED] - Expected element property value '3' is not equal with actual property value '0'

2019-02-13 17:11:21 - [TEST_STEP][FAILED] - verifyElementPropertyValue(a, "ObjReturn[1].ServiceItemName", "Camera không hiện màu"): Expected element property value 'Camera không hiện màu' is not equal with actual property value 'null'

2019-02-13 17:11:21 - [MESSAGE][FAILED] - Expected element property value 'Camera không hiện màu' is not equal with actual property value 'null'

2019-02-13 17:11:21 - [TEST_STEP][FAILED] - verifyElementPropertyValue(a, "ObjReturn[1].RequestName", "The Coffee House - Chi nhánh số 1 - Camera không hiện màu"): Expected element property value 'The Coffee House - Chi nhánh số 1 - Camera không hiện màu' is not equal with actual property value 'The Coffee House - Chi nhánh số 1 - Wifi không vào được'

2019-02-13 17:11:21 - [MESSAGE][FAILED] - Expected element property value 'The Coffee House - Chi nhánh số 1 - Camera không hiện màu' is not equal with actual property value 'The Coffee House - Chi nhánh số 1 - Wifi không vào được'

2019-02-13 17:11:21 - [TEST_STEP][FAILED] - verifyElementPropertyValue(a, "ObjReturn[1].RequestDesciption", "dsdsfdsfsfdfdsfdsfdsfdrgvrdfgdfgdfgdfgdffg"): Expected element property value 'dsdsfdsfsfdfdsfdsfdsfdrgvrdfgdfgdfgdfgdffg' is not equal with actual property value 'null'

2019-02-13 17:11:21 - [MESSAGE][FAILED] - Expected element property value 'dsdsfdsfsfdfdsfdsfdsfdrgvrdfgdfgdfgdfgdffg' is not equal with actual property value 'null'

2019-02-13 17:11:21 - [TEST_STEP][FAILED] - verifyElementPropertyValue(a, "ObjReturn[1].AgencyTelephone", "0397934468"): Expected element property value '0397934468' is not equal with actual property value 'null'

2019-02-13 17:11:22 - [MESSAGE][FAILED] - Expected element property value '0397934468' is not equal with actual property value 'null'

2019-02-13 17:11:22 - [TEST_STEP][FAILED] - verifyElementPropertyValue(a, "ObjReturn[1].CreateDate", "09:54 16/01/2019"): Expected element property value '09:54 16/01/2019' is not equal with actual property value '16:37 12/02/2019'

2019-02-13 17:11:22 - [MESSAGE][FAILED] - Expected element property value '09:54 16/01/2019' is not equal with actual property value '16:37 12/02/2019'

2019-02-13 17:11:22 - [TEST_STEP][FAILED] - verifyElementPropertyValue(a, "ObjReturn[1].UpdateDate", "17:30 17/01/2019"): Expected element property value '17:30 17/01/2019' is not equal with actual property value '16:38 12/02/2019'

2019-02-13 17:11:22 - [MESSAGE][FAILED] - Expected element property value '17:30 17/01/2019' is not equal with actual property value '16:38 12/02/2019'

2019-02-13 17:11:22 - [TEST_STEP][FAILED] - verifyElementPropertyValue(a, "ObjReturn[1].StartTime", "10:47 16/01/2019"): Expected element property value '10:47 16/01/2019' is not equal with actual property value ''

2019-02-13 17:11:22 - [MESSAGE][FAILED] - Expected element property value '10:47 16/01/2019' is not equal with actual property value ''

2019-02-13 17:11:22 - [TEST_STEP][FAILED] - verifyElementPropertyValue(a, "ObjReturn[1].EndTime", "15:38 18/01/2019"): Expected element property value '15:38 18/01/2019' is not equal with actual property value ''

2019-02-13 17:11:22 - [MESSAGE][FAILED] - Expected element property value '15:38 18/01/2019' is not equal with actual property value ''

2019-02-13 17:11:22 - [TEST_STEP][PASSED] - verifyElementPropertyValue(a, "ObjReturn[1].RequestStatus", "Tạo mới"): Verify element property value successfully

2019-02-13 17:11:22 - [MESSAGE][PASSED] - Verify element property value successfully

2019-02-13 17:11:22 - [TEST_STEP][FAILED] - verifyElementPropertyValue(a, "ObjReturn[1].RequestStatusValue", 5): Expected element property value '5' is not equal with actual property value '0'

2019-02-13 17:11:22 - [MESSAGE][FAILED] - Expected element property value '5' is not equal with actual property value '0'

2019-02-13 17:11:22 - [TEST_STEP][FAILED] - verifyElementPropertyValue(a, "ObjReturn[1].RequestEstimationTime", "09:54 16/01/2019"): Expected element property value '09:54 16/01/2019' is not equal with actual property value '16:37 12/02/2019'

2019-02-13 17:11:22 - [MESSAGE][FAILED] - Expected element property value '09:54 16/01/2019' is not equal with actual property value '16:37 12/02/2019'

2019-02-13 17:11:22 - [TEST_STEP][PASSED] - verifyElementPropertyValue(a, "ObjReturn[1].NumberOfTicketDone", 0): Verify element property value successfully

2019-02-13 17:11:22 - [MESSAGE][PASSED] - Verify element property value successfully

2019-02-13 17:11:22 - [TEST_STEP][PASSED] - verifyElementPropertyValue(a, "ObjReturn[1].NumberTicketInProcessing", 0): Verify element property value successfully

2019-02-13 17:11:22 - [MESSAGE][PASSED] - Verify element property value successfully

2019-02-13 17:11:22 - [TEST_STEP][PASSED] - verifyElementPropertyValue(a, "ObjReturn[1].NumberOfTicket", 1): Verify element property value successfully

2019-02-13 17:11:22 - [MESSAGE][PASSED] - Verify element property value successfully

2019-02-13 17:11:22 - [TEST_STEP][FAILED] - verifyElementPropertyValue(a, "ObjReturn[1].ITSupporterName", "Phạm Phú Tiến"): Expected element property value 'Phạm Phú Tiến' is not equal with actual property value 'Chưa có người xử lý'

2019-02-13 17:11:22 - [MESSAGE][FAILED] - Expected element property value 'Phạm Phú Tiến' is not equal with actual property value 'Chưa có người xử lý'

2019-02-13 17:11:22 - [TEST_STEP][FAILED] - verifyElementPropertyValue(a, "ObjReturn[1].ITSupporterPhone", "0916512300"): Expected element property value '0916512300' is not equal with actual property value '0773909125'

2019-02-13 17:11:22 - [MESSAGE][FAILED] - Expected element property value '0916512300' is not equal with actual property value '0773909125'

2019-02-13 17:11:22 - [TEST_STEP][FAILED] - verifyElementPropertyValue(a, "ObjReturn[1].FeedBack", "So good"): Expected element property value 'So good' is not equal with actual property value 'null'

2019-02-13 17:11:22 - [MESSAGE][FAILED] - Expected element property value 'So good' is not equal with actual property value 'null'

2019-02-13 17:11:22 - [TEST_STEP][FAILED] - verifyElementPropertyValue(a, "ObjReturn[1].Rating", 4): Expected element property value '4' is not equal with actual property value '0'

2019-02-13 17:11:22 - [MESSAGE][FAILED] - Expected element property value '4' is not equal with actual property value '0'

2019-02-13 17:11:22 - [TEST_STEP][FAILED] - verifyElementPropertyValue(a, "ObjReturn[1].Priority", "Trung bình"): Expected element property value 'Trung bình' is not equal with actual property value 'null'

2019-02-13 17:11:22 - [MESSAGE][FAILED] - Expected element property value 'Trung bình' is not equal with actual property value 'null'

2019-02-13 17:11:22 - [TEST_STEP][FAILED] - verifyElementPropertyValue(a, "ObjReturn[1].PriorityValue", 2): Expected element property value '2' is not equal with actual property value '0'

2019-02-13 17:11:22 - [MESSAGE][FAILED] - Expected element property value '2' is not equal with actual property value '0'

2019-02-13 17:11:22 - [TEST_STEP][FAILED] - verifyElementPropertyValue(a, "ObjReturn[1].Tickets[0].TicketId", 2): Expected element property value '2' is not equal with actual property value '42'

2019-02-13 17:11:22 - [MESSAGE][FAILED] - Expected element property value '2' is not equal with actual property value '42'

2019-02-13 17:11:22 - [TEST_STEP][FAILED] - verifyElementPropertyValue(a, "ObjReturn[1].Tickets[0].DeviceId", 45): Expected element property value '45' is not equal with actual property value '43'

2019-02-13 17:11:22 - [MESSAGE][FAILED] - Expected element property value '45' is not equal with actual property value '43'

2019-02-13 17:11:22 - [TEST_STEP][FAILED] - verifyElementPropertyValue(a, "ObjReturn[1].Tickets[0].DeviceCode", "KX-S2001CA4"): Expected element property value 'KX-S2001CA4' is not equal with actual property value 'null'

2019-02-13 17:11:22 - [MESSAGE][FAILED] - Expected element property value 'KX-S2001CA4' is not equal with actual property value 'null'

2019-02-13 17:11:22 - [TEST_STEP][PASSED] - verifyElementPropertyValue(a, "ObjReturn[1].Tickets[0].Desciption", null): Verify element property value successfully

2019-02-13 17:11:22 - [MESSAGE][PASSED] - Verify element property value successfully

2019-02-13 17:11:22 - [TEST_STEP][FAILED] - verifyElementPropertyValue(a, "ObjReturn[1].Tickets[0].DeviceName", "Camera KBVISION KX-S2001CA4"): Expected element property value 'Camera KBVISION KX-S2001CA4' is not equal with actual property value 'Router TENDA N301 300Mbps Wireless N'

2019-02-13 17:11:22 - [MESSAGE][FAILED] - Expected element property value 'Camera KBVISION KX-S2001CA4' is not equal with actual property value 'Router TENDA N301 300Mbps Wireless N'

2019-02-13 17:11:22 - [TEST_STEP][FAILED] - verifyElementPropertyValue(a, "ObjReturn[1].Tickets[0].CreateDate", "09:54 16/01/2019"): Expected element property value '09:54 16/01/2019' is not equal with actual property value '16:37 12/02/2019'

2019-02-13 17:11:22 - [MESSAGE][FAILED] - Expected element property value '09:54 16/01/2019' is not equal with actual property value '16:37 12/02/2019'

2019-02-13 17:11:22 - [TEST_STEP][FAILED] - verifyElementPropertyValue(a, "ObjReturn[1].Tickets[0].CreateBy", null): verifyElementPropertyValue(a, "ObjReturn[1].Tickets[0].CreateBy", null) FAILED.
Reason:
com.kms.katalon.core.exception.StepFailedException: Expected element property value '13' is not equal with actual property value '37'
	at com.kms.katalon.core.keyword.internal.KeywordMain.stepFailed(KeywordMain.groovy:32)
	at com.kms.katalon.core.webservice.keyword.builtin.VerifyElementPropertyValueKeyword$_verifyElementPropertyValue_closure1.doCall(VerifyElementPropertyValueKeyword.groovy:56)
	at com.kms.katalon.core.webservice.keyword.builtin.VerifyElementPropertyValueKeyword$_verifyElementPropertyValue_closure1.call(VerifyElementPropertyValueKeyword.groovy)
	at com.kms.katalon.core.keyword.internal.KeywordMain.runKeyword(KeywordMain.groovy:54)
	at com.kms.katalon.core.webservice.keyword.builtin.VerifyElementPropertyValueKeyword.verifyElementPropertyValue(VerifyElementPropertyValueKeyword.groovy:48)
	at com.kms.katalon.core.webservice.keyword.builtin.VerifyElementPropertyValueKeyword.execute(VerifyElementPropertyValueKeyword.groovy:43)
	at com.kms.katalon.core.keyword.internal.KeywordExecutor.executeKeywordForPlatform(KeywordExecutor.groovy:53)
	at com.kms.katalon.core.webservice.keyword.WSBuiltInKeywords.verifyElementPropertyValue(WSBuiltInKeywords.groovy:123)
	at com.kms.katalon.core.webservice.keyword.WSBuiltInKeywords$verifyElementPropertyValue$1.call(Unknown Source)
	at 49AllTicketWithStatusAgency.run(49AllTicketWithStatusAgency:20)
	at com.kms.katalon.core.main.ScriptEngine.run(ScriptEngine.java:194)
	at com.kms.katalon.core.main.ScriptEngine.runScriptAsRawText(ScriptEngine.java:119)
	at com.kms.katalon.core.main.TestCaseExecutor.runScript(TestCaseExecutor.java:328)
	at com.kms.katalon.core.main.TestCaseExecutor.doExecute(TestCaseExecutor.java:319)
	at com.kms.katalon.core.main.TestCaseExecutor.processExecutionPhase(TestCaseExecutor.java:298)
	at com.kms.katalon.core.main.TestCaseExecutor.accessMainPhase(TestCaseExecutor.java:290)
	at com.kms.katalon.core.main.TestCaseExecutor.execute(TestCaseExecutor.java:224)
	at com.kms.katalon.core.main.TestSuiteExecutor.accessTestCaseMainPhase(TestSuiteExecutor.java:129)
	at com.kms.katalon.core.main.TestSuiteExecutor.accessTestSuiteMainPhase(TestSuiteExecutor.java:112)
	at com.kms.katalon.core.main.TestSuiteExecutor.execute(TestSuiteExecutor.java:81)
	at com.kms.katalon.core.main.TestCaseMain.startTestSuite(TestCaseMain.java:149)
	at com.kms.katalon.core.main.TestCaseMain$startTestSuite$0.call(Unknown Source)
	at TempTestSuite1550052666022.run(TempTestSuite1550052666022.groovy:36)


2019-02-13 17:11:22 - [MESSAGE][PASSED] - Verify element property value successfully

2019-02-13 17:11:22 - [MESSAGE][FAILED] - verifyElementPropertyValue(a, "ObjReturn[1].Tickets[0].CreateBy", null) FAILED.
Reason:
com.kms.katalon.core.exception.StepFailedException: Expected element property value '13' is not equal with actual property value '37'
	at com.kms.katalon.core.keyword.internal.KeywordMain.stepFailed(KeywordMain.groovy:32)
	at com.kms.katalon.core.webservice.keyword.builtin.VerifyElementPropertyValueKeyword$_verifyElementPropertyValue_closure1.doCall(VerifyElementPropertyValueKeyword.groovy:56)
	at com.kms.katalon.core.webservice.keyword.builtin.VerifyElementPropertyValueKeyword$_verifyElementPropertyValue_closure1.call(VerifyElementPropertyValueKeyword.groovy)
	at com.kms.katalon.core.keyword.internal.KeywordMain.runKeyword(KeywordMain.groovy:54)
	at com.kms.katalon.core.webservice.keyword.builtin.VerifyElementPropertyValueKeyword.verifyElementPropertyValue(VerifyElementPropertyValueKeyword.groovy:48)
	at com.kms.katalon.core.webservice.keyword.builtin.VerifyElementPropertyValueKeyword.execute(VerifyElementPropertyValueKeyword.groovy:43)
	at com.kms.katalon.core.keyword.internal.KeywordExecutor.executeKeywordForPlatform(KeywordExecutor.groovy:53)
	at com.kms.katalon.core.webservice.keyword.WSBuiltInKeywords.verifyElementPropertyValue(WSBuiltInKeywords.groovy:123)
	at com.kms.katalon.core.webservice.keyword.WSBuiltInKeywords$verifyElementPropertyValue$1.call(Unknown Source)
	at 49AllTicketWithStatusAgency.run(49AllTicketWithStatusAgency:20)
	at com.kms.katalon.core.main.ScriptEngine.run(ScriptEngine.java:194)
	at com.kms.katalon.core.main.ScriptEngine.runScriptAsRawText(ScriptEngine.java:119)
	at com.kms.katalon.core.main.TestCaseExecutor.runScript(TestCaseExecutor.java:328)
	at com.kms.katalon.core.main.TestCaseExecutor.doExecute(TestCaseExecutor.java:319)
	at com.kms.katalon.core.main.TestCaseExecutor.processExecutionPhase(TestCaseExecutor.java:298)
	at com.kms.katalon.core.main.TestCaseExecutor.accessMainPhase(TestCaseExecutor.java:290)
	at com.kms.katalon.core.main.TestCaseExecutor.execute(TestCaseExecutor.java:224)
	at com.kms.katalon.core.main.TestSuiteExecutor.accessTestCaseMainPhase(TestSuiteExecutor.java:129)
	at com.kms.katalon.core.main.TestSuiteExecutor.accessTestSuiteMainPhase(TestSuiteExecutor.java:112)
	at com.kms.katalon.core.main.TestSuiteExecutor.execute(TestSuiteExecutor.java:81)
	at com.kms.katalon.core.main.TestCaseMain.startTestSuite(TestCaseMain.java:149)
	at com.kms.katalon.core.main.TestCaseMain$startTestSuite$0.call(Unknown Source)
	at TempTestSuite1550052666022.run(TempTestSuite1550052666022.groovy:36)]]></system-out>
         <system-err><![CDATA[2019-02-13 17:11:19 - [TEST_CASE][FAILED] - Test Cases/Request/49AllTicketWithStatusAgency: Test Cases/Request/49AllTicketWithStatusAgency FAILED.
Reason:
com.kms.katalon.core.exception.StepFailedException: Expected element property value '13' is not equal with actual property value '37'
	at com.kms.katalon.core.keyword.internal.KeywordMain.stepFailed(KeywordMain.groovy:32)
	at com.kms.katalon.core.webservice.keyword.builtin.VerifyElementPropertyValueKeyword$_verifyElementPropertyValue_closure1.doCall(VerifyElementPropertyValueKeyword.groovy:56)
	at com.kms.katalon.core.webservice.keyword.builtin.VerifyElementPropertyValueKeyword$_verifyElementPropertyValue_closure1.call(VerifyElementPropertyValueKeyword.groovy)
	at com.kms.katalon.core.keyword.internal.KeywordMain.runKeyword(KeywordMain.groovy:54)
	at com.kms.katalon.core.webservice.keyword.builtin.VerifyElementPropertyValueKeyword.verifyElementPropertyValue(VerifyElementPropertyValueKeyword.groovy:48)
	at com.kms.katalon.core.webservice.keyword.builtin.VerifyElementPropertyValueKeyword.execute(VerifyElementPropertyValueKeyword.groovy:43)
	at com.kms.katalon.core.keyword.internal.KeywordExecutor.executeKeywordForPlatform(KeywordExecutor.groovy:53)
	at com.kms.katalon.core.webservice.keyword.WSBuiltInKeywords.verifyElementPropertyValue(WSBuiltInKeywords.groovy:123)
	at com.kms.katalon.core.webservice.keyword.WSBuiltInKeywords$verifyElementPropertyValue$1.call(Unknown Source)
	at 49AllTicketWithStatusAgency.run(49AllTicketWithStatusAgency:20)
	at com.kms.katalon.core.main.ScriptEngine.run(ScriptEngine.java:194)
	at com.kms.katalon.core.main.ScriptEngine.runScriptAsRawText(ScriptEngine.java:119)
	at com.kms.katalon.core.main.TestCaseExecutor.runScript(TestCaseExecutor.java:328)
	at com.kms.katalon.core.main.TestCaseExecutor.doExecute(TestCaseExecutor.java:319)
	at com.kms.katalon.core.main.TestCaseExecutor.processExecutionPhase(TestCaseExecutor.java:298)
	at com.kms.katalon.core.main.TestCaseExecutor.accessMainPhase(TestCaseExecutor.java:290)
	at com.kms.katalon.core.main.TestCaseExecutor.execute(TestCaseExecutor.java:224)
	at com.kms.katalon.core.main.TestSuiteExecutor.accessTestCaseMainPhase(TestSuiteExecutor.java:129)
	at com.kms.katalon.core.main.TestSuiteExecutor.accessTestSuiteMainPhase(TestSuiteExecutor.java:112)
	at com.kms.katalon.core.main.TestSuiteExecutor.execute(TestSuiteExecutor.java:81)
	at com.kms.katalon.core.main.TestCaseMain.startTestSuite(TestCaseMain.java:149)
	at com.kms.katalon.core.main.TestCaseMain$startTestSuite$0.call(Unknown Source)
	at TempTestSuite1550052666022.run(TempTestSuite1550052666022.groovy:36)]]></system-err>
      </testcase>
      <testcase name="Test Cases/Request/50AllTicketWithStatusAgency2" classname="Test Cases/Request/50AllTicketWithStatusAgency2" status="FAILED">
         <failure type="FAILED" message="Test Cases/Request/50AllTicketWithStatusAgency2 FAILED.
Reason:
com.kms.katalon.core.exception.StepFailedException: Expected element property value '13' is not equal with actual property value 'null'
	at com.kms.katalon.core.keyword.internal.KeywordMain.stepFailed(KeywordMain.groovy:32)
	at com.kms.katalon.core.webservice.keyword.builtin.VerifyElementPropertyValueKeyword$_verifyElementPropertyValue_closure1.doCall(VerifyElementPropertyValueKeyword.groovy:56)
	at com.kms.katalon.core.webservice.keyword.builtin.VerifyElementPropertyValueKeyword$_verifyElementPropertyValue_closure1.call(VerifyElementPropertyValueKeyword.groovy)
	at com.kms.katalon.core.keyword.internal.KeywordMain.runKeyword(KeywordMain.groovy:54)
	at com.kms.katalon.core.webservice.keyword.builtin.VerifyElementPropertyValueKeyword.verifyElementPropertyValue(VerifyElementPropertyValueKeyword.groovy:48)
	at com.kms.katalon.core.webservice.keyword.builtin.VerifyElementPropertyValueKeyword.execute(VerifyElementPropertyValueKeyword.groovy:43)
	at com.kms.katalon.core.keyword.internal.KeywordExecutor.executeKeywordForPlatform(KeywordExecutor.groovy:53)
	at com.kms.katalon.core.webservice.keyword.WSBuiltInKeywords.verifyElementPropertyValue(WSBuiltInKeywords.groovy:123)
	at com.kms.katalon.core.webservice.keyword.WSBuiltInKeywords$verifyElementPropertyValue$1.call(Unknown Source)
	at 50AllTicketWithStatusAgency2.run(50AllTicketWithStatusAgency2:20)
	at com.kms.katalon.core.main.ScriptEngine.run(ScriptEngine.java:194)
	at com.kms.katalon.core.main.ScriptEngine.runScriptAsRawText(ScriptEngine.java:119)
	at com.kms.katalon.core.main.TestCaseExecutor.runScript(TestCaseExecutor.java:328)
	at com.kms.katalon.core.main.TestCaseExecutor.doExecute(TestCaseExecutor.java:319)
	at com.kms.katalon.core.main.TestCaseExecutor.processExecutionPhase(TestCaseExecutor.java:298)
	at com.kms.katalon.core.main.TestCaseExecutor.accessMainPhase(TestCaseExecutor.java:290)
	at com.kms.katalon.core.main.TestCaseExecutor.execute(TestCaseExecutor.java:224)
	at com.kms.katalon.core.main.TestSuiteExecutor.accessTestCaseMainPhase(TestSuiteExecutor.java:129)
	at com.kms.katalon.core.main.TestSuiteExecutor.accessTestSuiteMainPhase(TestSuiteExecutor.java:112)
	at com.kms.katalon.core.main.TestSuiteExecutor.execute(TestSuiteExecutor.java:81)
	at com.kms.katalon.core.main.TestCaseMain.startTestSuite(TestCaseMain.java:149)
	at com.kms.katalon.core.main.TestCaseMain$startTestSuite$0.call(Unknown Source)
	at TempTestSuite1550052666022.run(TempTestSuite1550052666022.groovy:36)
"/>
         <system-out><![CDATA[2019-02-13 17:11:22 - [TEST_CASE][FAILED] - Test Cases/Request/50AllTicketWithStatusAgency2: Test Cases/Request/50AllTicketWithStatusAgency2 FAILED.
Reason:
com.kms.katalon.core.exception.StepFailedException: Expected element property value '13' is not equal with actual property value 'null'
	at com.kms.katalon.core.keyword.internal.KeywordMain.stepFailed(KeywordMain.groovy:32)
	at com.kms.katalon.core.webservice.keyword.builtin.VerifyElementPropertyValueKeyword$_verifyElementPropertyValue_closure1.doCall(VerifyElementPropertyValueKeyword.groovy:56)
	at com.kms.katalon.core.webservice.keyword.builtin.VerifyElementPropertyValueKeyword$_verifyElementPropertyValue_closure1.call(VerifyElementPropertyValueKeyword.groovy)
	at com.kms.katalon.core.keyword.internal.KeywordMain.runKeyword(KeywordMain.groovy:54)
	at com.kms.katalon.core.webservice.keyword.builtin.VerifyElementPropertyValueKeyword.verifyElementPropertyValue(VerifyElementPropertyValueKeyword.groovy:48)
	at com.kms.katalon.core.webservice.keyword.builtin.VerifyElementPropertyValueKeyword.execute(VerifyElementPropertyValueKeyword.groovy:43)
	at com.kms.katalon.core.keyword.internal.KeywordExecutor.executeKeywordForPlatform(KeywordExecutor.groovy:53)
	at com.kms.katalon.core.webservice.keyword.WSBuiltInKeywords.verifyElementPropertyValue(WSBuiltInKeywords.groovy:123)
	at com.kms.katalon.core.webservice.keyword.WSBuiltInKeywords$verifyElementPropertyValue$1.call(Unknown Source)
	at 50AllTicketWithStatusAgency2.run(50AllTicketWithStatusAgency2:20)
	at com.kms.katalon.core.main.ScriptEngine.run(ScriptEngine.java:194)
	at com.kms.katalon.core.main.ScriptEngine.runScriptAsRawText(ScriptEngine.java:119)
	at com.kms.katalon.core.main.TestCaseExecutor.runScript(TestCaseExecutor.java:328)
	at com.kms.katalon.core.main.TestCaseExecutor.doExecute(TestCaseExecutor.java:319)
	at com.kms.katalon.core.main.TestCaseExecutor.processExecutionPhase(TestCaseExecutor.java:298)
	at com.kms.katalon.core.main.TestCaseExecutor.accessMainPhase(TestCaseExecutor.java:290)
	at com.kms.katalon.core.main.TestCaseExecutor.execute(TestCaseExecutor.java:224)
	at com.kms.katalon.core.main.TestSuiteExecutor.accessTestCaseMainPhase(TestSuiteExecutor.java:129)
	at com.kms.katalon.core.main.TestSuiteExecutor.accessTestSuiteMainPhase(TestSuiteExecutor.java:112)
	at com.kms.katalon.core.main.TestSuiteExecutor.execute(TestSuiteExecutor.java:81)
	at com.kms.katalon.core.main.TestCaseMain.startTestSuite(TestCaseMain.java:149)
	at com.kms.katalon.core.main.TestCaseMain$startTestSuite$0.call(Unknown Source)
	at TempTestSuite1550052666022.run(TempTestSuite1550052666022.groovy:36)


2019-02-13 17:11:23 - [TEST_STEP][PASSED] - a = sendRequest(findTestObject("Request/50AllTicketWithStatusAgency2")): Send request successfully

2019-02-13 17:11:23 - [MESSAGE][PASSED] - Send request successfully

2019-02-13 17:11:23 - [TEST_STEP][PASSED] - verifyResponseStatusCode(a, 200): Verify response status code successfully

2019-02-13 17:11:23 - [MESSAGE][PASSED] - Verify response status code successfully

2019-02-13 17:11:23 - [TEST_STEP][FAILED] - verifyElementPropertyValue(a, "ObjReturn[0].RequestId", 13): Expected element property value '13' is not equal with actual property value 'null'

2019-02-13 17:11:23 - [MESSAGE][FAILED] - Expected element property value '13' is not equal with actual property value 'null'

2019-02-13 17:11:23 - [TEST_STEP][FAILED] - verifyElementPropertyValue(a, "ObjReturn[0].AgencyId", 31): Expected element property value '31' is not equal with actual property value 'null'

2019-02-13 17:11:23 - [MESSAGE][FAILED] - Expected element property value '31' is not equal with actual property value 'null'

2019-02-13 17:11:23 - [TEST_STEP][FAILED] - verifyElementPropertyValue(a, "ObjReturn[0].AgencyName", "The Coffee House - Chi nhánh số 1"): Expected element property value 'The Coffee House - Chi nhánh số 1' is not equal with actual property value 'null'

2019-02-13 17:11:23 - [MESSAGE][FAILED] - Expected element property value 'The Coffee House - Chi nhánh số 1' is not equal with actual property value 'null'

2019-02-13 17:11:23 - [TEST_STEP][FAILED] - verifyElementPropertyValue(a, "ObjReturn[0].AgencyAddress", "88 Ngô Tất Tố, Quận Bình Thạnh"): Expected element property value '88 Ngô Tất Tố, Quận Bình Thạnh' is not equal with actual property value 'null'

2019-02-13 17:11:23 - [MESSAGE][FAILED] - Expected element property value '88 Ngô Tất Tố, Quận Bình Thạnh' is not equal with actual property value 'null'

2019-02-13 17:11:23 - [TEST_STEP][FAILED] - verifyElementPropertyValue(a, "ObjReturn[0].RequestCategoryId", 3): Expected element property value '3' is not equal with actual property value 'null'

2019-02-13 17:11:23 - [MESSAGE][FAILED] - Expected element property value '3' is not equal with actual property value 'null'

2019-02-13 17:11:23 - [TEST_STEP][FAILED] - verifyElementPropertyValue(a, "ObjReturn[0].ServiceId", 1): Expected element property value '1' is not equal with actual property value 'null'

2019-02-13 17:11:23 - [MESSAGE][FAILED] - Expected element property value '1' is not equal with actual property value 'null'

2019-02-13 17:11:23 - [TEST_STEP][FAILED] - verifyElementPropertyValue(a, "ObjReturn[0].ServiceName", "WIFI"): Expected element property value 'WIFI' is not equal with actual property value 'null'

2019-02-13 17:11:23 - [MESSAGE][FAILED] - Expected element property value 'WIFI' is not equal with actual property value 'null'

2019-02-13 17:11:23 - [TEST_STEP][FAILED] - verifyElementPropertyValue(a, "ObjReturn[0].ServiceItemId", 7): Expected element property value '7' is not equal with actual property value 'null'

2019-02-13 17:11:23 - [MESSAGE][FAILED] - Expected element property value '7' is not equal with actual property value 'null'

2019-02-13 17:11:23 - [TEST_STEP][FAILED] - verifyElementPropertyValue(a, "ObjReturn[0].ServiceItemName", "Wifi mất kết nối"): Expected element property value 'Wifi mất kết nối' is not equal with actual property value 'null'

2019-02-13 17:11:23 - [MESSAGE][FAILED] - Expected element property value 'Wifi mất kết nối' is not equal with actual property value 'null'

2019-02-13 17:11:23 - [TEST_STEP][FAILED] - verifyElementPropertyValue(a, "ObjReturn[0].RequestName", "The Coffee House - Chi nhánh số 1 - Wifi mất kết nối"): Expected element property value 'The Coffee House - Chi nhánh số 1 - Wifi mất kết nối' is not equal with actual property value 'null'

2019-02-13 17:11:23 - [MESSAGE][FAILED] - Expected element property value 'The Coffee House - Chi nhánh số 1 - Wifi mất kết nối' is not equal with actual property value 'null'

2019-02-13 17:11:23 - [TEST_STEP][FAILED] - verifyElementPropertyValue(a, "ObjReturn[0].RequestDesciption", "njnj"): Expected element property value 'njnj' is not equal with actual property value 'null'

2019-02-13 17:11:23 - [MESSAGE][FAILED] - Expected element property value 'njnj' is not equal with actual property value 'null'

2019-02-13 17:11:23 - [TEST_STEP][FAILED] - verifyElementPropertyValue(a, "ObjReturn[0].AgencyTelephone", "0397934468"): Expected element property value '0397934468' is not equal with actual property value 'null'

2019-02-13 17:11:23 - [MESSAGE][FAILED] - Expected element property value '0397934468' is not equal with actual property value 'null'

2019-02-13 17:11:23 - [TEST_STEP][FAILED] - verifyElementPropertyValue(a, "ObjReturn[0].CreateDate", "12:46 17/01/2019"): Expected element property value '12:46 17/01/2019' is not equal with actual property value 'null'

2019-02-13 17:11:23 - [MESSAGE][FAILED] - Expected element property value '12:46 17/01/2019' is not equal with actual property value 'null'

2019-02-13 17:11:23 - [TEST_STEP][FAILED] - verifyElementPropertyValue(a, "ObjReturn[0].UpdateDate", "16:21 17/01/2019"): Expected element property value '16:21 17/01/2019' is not equal with actual property value 'null'

2019-02-13 17:11:23 - [MESSAGE][FAILED] - Expected element property value '16:21 17/01/2019' is not equal with actual property value 'null'

2019-02-13 17:11:23 - [TEST_STEP][FAILED] - verifyElementPropertyValue(a, "ObjReturn[0].StartTime", "10:47 16/01/2019"): Expected element property value '10:47 16/01/2019' is not equal with actual property value 'null'

2019-02-13 17:11:23 - [MESSAGE][FAILED] - Expected element property value '10:47 16/01/2019' is not equal with actual property value 'null'

2019-02-13 17:11:23 - [TEST_STEP][FAILED] - verifyElementPropertyValue(a, "ObjReturn[0].EndTime", "11:46 16/01/2019"): Expected element property value '11:46 16/01/2019' is not equal with actual property value 'null'

2019-02-13 17:11:23 - [MESSAGE][FAILED] - Expected element property value '11:46 16/01/2019' is not equal with actual property value 'null'

2019-02-13 17:11:23 - [TEST_STEP][FAILED] - verifyElementPropertyValue(a, "ObjReturn[0].RequestStatus", "Tạo mới"): Expected element property value 'Tạo mới' is not equal with actual property value 'null'

2019-02-13 17:11:23 - [MESSAGE][FAILED] - Expected element property value 'Tạo mới' is not equal with actual property value 'null'

2019-02-13 17:11:23 - [TEST_STEP][FAILED] - verifyElementPropertyValue(a, "ObjReturn[0].RequestStatusValue", 5): Expected element property value '5' is not equal with actual property value 'null'

2019-02-13 17:11:23 - [MESSAGE][FAILED] - Expected element property value '5' is not equal with actual property value 'null'

2019-02-13 17:11:23 - [TEST_STEP][FAILED] - verifyElementPropertyValue(a, "ObjReturn[0].RequestEstimationTime", "18:46 17/01/2019"): Expected element property value '18:46 17/01/2019' is not equal with actual property value 'null'

2019-02-13 17:11:23 - [MESSAGE][FAILED] - Expected element property value '18:46 17/01/2019' is not equal with actual property value 'null'

2019-02-13 17:11:23 - [TEST_STEP][FAILED] - verifyElementPropertyValue(a, "ObjReturn[0].NumberOfTicketDone", 0): Expected element property value '0' is not equal with actual property value 'null'

2019-02-13 17:11:23 - [MESSAGE][FAILED] - Expected element property value '0' is not equal with actual property value 'null'

2019-02-13 17:11:23 - [TEST_STEP][FAILED] - verifyElementPropertyValue(a, "ObjReturn[0].NumberTicketInProcessing", 0): Expected element property value '0' is not equal with actual property value 'null'

2019-02-13 17:11:23 - [MESSAGE][FAILED] - Expected element property value '0' is not equal with actual property value 'null'

2019-02-13 17:11:23 - [TEST_STEP][FAILED] - verifyElementPropertyValue(a, "ObjReturn[0].NumberOfTicket", 1): Expected element property value '1' is not equal with actual property value 'null'

2019-02-13 17:11:23 - [MESSAGE][FAILED] - Expected element property value '1' is not equal with actual property value 'null'

2019-02-13 17:11:23 - [TEST_STEP][FAILED] - verifyElementPropertyValue(a, "ObjReturn[0].ITSupporterName", "Đỗ Hoàng Long"): Expected element property value 'Đỗ Hoàng Long' is not equal with actual property value 'null'

2019-02-13 17:11:23 - [MESSAGE][FAILED] - Expected element property value 'Đỗ Hoàng Long' is not equal with actual property value 'null'

2019-02-13 17:11:23 - [TEST_STEP][FAILED] - verifyElementPropertyValue(a, "ObjReturn[0].ITSupporterPhone", "02322205"): Expected element property value '02322205' is not equal with actual property value 'null'

2019-02-13 17:11:23 - [MESSAGE][FAILED] - Expected element property value '02322205' is not equal with actual property value 'null'

2019-02-13 17:11:23 - [TEST_STEP][FAILED] - verifyElementPropertyValue(a, "ObjReturn[0].FeedBack", "3eq"): Expected element property value '3eq' is not equal with actual property value 'null'

2019-02-13 17:11:24 - [MESSAGE][FAILED] - Expected element property value '3eq' is not equal with actual property value 'null'

2019-02-13 17:11:24 - [TEST_STEP][FAILED] - verifyElementPropertyValue(a, "ObjReturn[0].Rating", 2): Expected element property value '2' is not equal with actual property value 'null'

2019-02-13 17:11:24 - [MESSAGE][FAILED] - Expected element property value '2' is not equal with actual property value 'null'

2019-02-13 17:11:24 - [TEST_STEP][FAILED] - verifyElementPropertyValue(a, "ObjReturn[0].Priority", "Trung bình"): Expected element property value 'Trung bình' is not equal with actual property value 'null'

2019-02-13 17:11:24 - [MESSAGE][FAILED] - Expected element property value 'Trung bình' is not equal with actual property value 'null'

2019-02-13 17:11:24 - [TEST_STEP][FAILED] - verifyElementPropertyValue(a, "ObjReturn[0].PriorityValue", 2): Expected element property value '2' is not equal with actual property value 'null'

2019-02-13 17:11:24 - [MESSAGE][FAILED] - Expected element property value '2' is not equal with actual property value 'null'

2019-02-13 17:11:24 - [TEST_STEP][FAILED] - verifyElementPropertyValue(a, "ObjReturn[0].Tickets[0].TicketId", 14): Unable to verify element property value (Root cause: java.lang.NullPointerException: Cannot invoke method getAt() on null object)

2019-02-13 17:11:24 - [MESSAGE][FAILED] - Unable to verify element property value (Root cause: java.lang.NullPointerException: Cannot invoke method getAt() on null object)

2019-02-13 17:11:24 - [TEST_STEP][FAILED] - verifyElementPropertyValue(a, "ObjReturn[0].Tickets[0].DeviceId", 43): Unable to verify element property value (Root cause: java.lang.NullPointerException: Cannot invoke method getAt() on null object)

2019-02-13 17:11:24 - [MESSAGE][FAILED] - Unable to verify element property value (Root cause: java.lang.NullPointerException: Cannot invoke method getAt() on null object)

2019-02-13 17:11:24 - [TEST_STEP][FAILED] - verifyElementPropertyValue(a, "ObjReturn[0].Tickets[0].DeviceCode", "N301"): Unable to verify element property value (Root cause: java.lang.NullPointerException: Cannot invoke method getAt() on null object)

2019-02-13 17:11:24 - [MESSAGE][FAILED] - Unable to verify element property value (Root cause: java.lang.NullPointerException: Cannot invoke method getAt() on null object)

2019-02-13 17:11:24 - [TEST_STEP][FAILED] - verifyElementPropertyValue(a, "ObjReturn[0].Tickets[0].Desciption", "test"): Unable to verify element property value (Root cause: java.lang.NullPointerException: Cannot invoke method getAt() on null object)

2019-02-13 17:11:24 - [MESSAGE][FAILED] - Unable to verify element property value (Root cause: java.lang.NullPointerException: Cannot invoke method getAt() on null object)

2019-02-13 17:11:24 - [TEST_STEP][FAILED] - verifyElementPropertyValue(a, "ObjReturn[0].Tickets[0].DeviceName", "Router TENDA N301 300Mbps Wireless N"): Unable to verify element property value (Root cause: java.lang.NullPointerException: Cannot invoke method getAt() on null object)

2019-02-13 17:11:24 - [MESSAGE][FAILED] - Unable to verify element property value (Root cause: java.lang.NullPointerException: Cannot invoke method getAt() on null object)

2019-02-13 17:11:24 - [TEST_STEP][FAILED] - verifyElementPropertyValue(a, "ObjReturn[0].Tickets[0].CreateDate", "12:46 17/01/2019"): Unable to verify element property value (Root cause: java.lang.NullPointerException: Cannot invoke method getAt() on null object)

2019-02-13 17:11:24 - [MESSAGE][FAILED] - Unable to verify element property value (Root cause: java.lang.NullPointerException: Cannot invoke method getAt() on null object)

2019-02-13 17:11:24 - [TEST_STEP][FAILED] - verifyElementPropertyValue(a, "ObjReturn[0].Tickets[0].CreateBy", "ADMIN"): Unable to verify element property value (Root cause: java.lang.NullPointerException: Cannot invoke method getAt() on null object)

2019-02-13 17:11:24 - [MESSAGE][FAILED] - Unable to verify element property value (Root cause: java.lang.NullPointerException: Cannot invoke method getAt() on null object)

2019-02-13 17:11:24 - [TEST_STEP][FAILED] - verifyElementPropertyValue(a, "ObjReturn[1].RequestId", 2): Expected element property value '2' is not equal with actual property value 'null'

2019-02-13 17:11:24 - [MESSAGE][FAILED] - Expected element property value '2' is not equal with actual property value 'null'

2019-02-13 17:11:24 - [TEST_STEP][FAILED] - verifyElementPropertyValue(a, "ObjReturn[1].AgencyId", 31): Expected element property value '31' is not equal with actual property value 'null'

2019-02-13 17:11:24 - [MESSAGE][FAILED] - Expected element property value '31' is not equal with actual property value 'null'

2019-02-13 17:11:24 - [TEST_STEP][FAILED] - verifyElementPropertyValue(a, "ObjReturn[1].AgencyName", "The Coffee House - Chi nhánh số 1"): Expected element property value 'The Coffee House - Chi nhánh số 1' is not equal with actual property value 'null'

2019-02-13 17:11:24 - [MESSAGE][FAILED] - Expected element property value 'The Coffee House - Chi nhánh số 1' is not equal with actual property value 'null'

2019-02-13 17:11:24 - [TEST_STEP][FAILED] - verifyElementPropertyValue(a, "ObjReturn[1].AgencyAddress", "88 Ngô Tất Tố, Quận Bình Thạnh"): Expected element property value '88 Ngô Tất Tố, Quận Bình Thạnh' is not equal with actual property value 'null'

2019-02-13 17:11:24 - [MESSAGE][FAILED] - Expected element property value '88 Ngô Tất Tố, Quận Bình Thạnh' is not equal with actual property value 'null'

2019-02-13 17:11:24 - [TEST_STEP][FAILED] - verifyElementPropertyValue(a, "ObjReturn[1].RequestCategoryId", 3): Expected element property value '3' is not equal with actual property value 'null'

2019-02-13 17:11:24 - [MESSAGE][FAILED] - Expected element property value '3' is not equal with actual property value 'null'

2019-02-13 17:11:24 - [TEST_STEP][FAILED] - verifyElementPropertyValue(a, "ObjReturn[1].ServiceId", 2): Expected element property value '2' is not equal with actual property value 'null'

2019-02-13 17:11:24 - [MESSAGE][FAILED] - Expected element property value '2' is not equal with actual property value 'null'

2019-02-13 17:11:24 - [TEST_STEP][FAILED] - verifyElementPropertyValue(a, "ObjReturn[1].ServiceName", "CAMERA"): Expected element property value 'CAMERA' is not equal with actual property value 'null'

2019-02-13 17:11:24 - [MESSAGE][FAILED] - Expected element property value 'CAMERA' is not equal with actual property value 'null'

2019-02-13 17:11:24 - [TEST_STEP][FAILED] - verifyElementPropertyValue(a, "ObjReturn[1].ServiceItemId", 3): Expected element property value '3' is not equal with actual property value 'null'

2019-02-13 17:11:24 - [MESSAGE][FAILED] - Expected element property value '3' is not equal with actual property value 'null'

2019-02-13 17:11:25 - [TEST_STEP][FAILED] - verifyElementPropertyValue(a, "ObjReturn[1].ServiceItemName", "Camera không hiện màu"): Expected element property value 'Camera không hiện màu' is not equal with actual property value 'null'

2019-02-13 17:11:25 - [MESSAGE][FAILED] - Expected element property value 'Camera không hiện màu' is not equal with actual property value 'null'

2019-02-13 17:11:25 - [TEST_STEP][FAILED] - verifyElementPropertyValue(a, "ObjReturn[1].RequestName", "The Coffee House - Chi nhánh số 1 - Camera không hiện màu"): Expected element property value 'The Coffee House - Chi nhánh số 1 - Camera không hiện màu' is not equal with actual property value 'null'

2019-02-13 17:11:25 - [MESSAGE][FAILED] - Expected element property value 'The Coffee House - Chi nhánh số 1 - Camera không hiện màu' is not equal with actual property value 'null'

2019-02-13 17:11:25 - [TEST_STEP][FAILED] - verifyElementPropertyValue(a, "ObjReturn[1].RequestDesciption", "dsdsfdsfsfdfdsfdsfdsfdrgvrdfgdfgdfgdfgdffg"): Expected element property value 'dsdsfdsfsfdfdsfdsfdsfdrgvrdfgdfgdfgdfgdffg' is not equal with actual property value 'null'

2019-02-13 17:11:25 - [MESSAGE][FAILED] - Expected element property value 'dsdsfdsfsfdfdsfdsfdsfdrgvrdfgdfgdfgdfgdffg' is not equal with actual property value 'null'

2019-02-13 17:11:25 - [TEST_STEP][FAILED] - verifyElementPropertyValue(a, "ObjReturn[1].AgencyTelephone", "0397934468"): Expected element property value '0397934468' is not equal with actual property value 'null'

2019-02-13 17:11:25 - [MESSAGE][FAILED] - Expected element property value '0397934468' is not equal with actual property value 'null'

2019-02-13 17:11:25 - [TEST_STEP][FAILED] - verifyElementPropertyValue(a, "ObjReturn[1].CreateDate", "09:54 16/01/2019"): Expected element property value '09:54 16/01/2019' is not equal with actual property value 'null'

2019-02-13 17:11:25 - [MESSAGE][FAILED] - Expected element property value '09:54 16/01/2019' is not equal with actual property value 'null'

2019-02-13 17:11:25 - [TEST_STEP][FAILED] - verifyElementPropertyValue(a, "ObjReturn[1].UpdateDate", "17:30 17/01/2019"): Expected element property value '17:30 17/01/2019' is not equal with actual property value 'null'

2019-02-13 17:11:25 - [MESSAGE][FAILED] - Expected element property value '17:30 17/01/2019' is not equal with actual property value 'null'

2019-02-13 17:11:25 - [TEST_STEP][FAILED] - verifyElementPropertyValue(a, "ObjReturn[1].StartTime", "10:47 16/01/2019"): Expected element property value '10:47 16/01/2019' is not equal with actual property value 'null'

2019-02-13 17:11:25 - [MESSAGE][FAILED] - Expected element property value '10:47 16/01/2019' is not equal with actual property value 'null'

2019-02-13 17:11:25 - [TEST_STEP][FAILED] - verifyElementPropertyValue(a, "ObjReturn[1].EndTime", "15:38 18/01/2019"): Expected element property value '15:38 18/01/2019' is not equal with actual property value 'null'

2019-02-13 17:11:25 - [MESSAGE][FAILED] - Expected element property value '15:38 18/01/2019' is not equal with actual property value 'null'

2019-02-13 17:11:25 - [TEST_STEP][FAILED] - verifyElementPropertyValue(a, "ObjReturn[1].RequestStatus", "Tạo mới"): Expected element property value 'Tạo mới' is not equal with actual property value 'null'

2019-02-13 17:11:25 - [MESSAGE][FAILED] - Expected element property value 'Tạo mới' is not equal with actual property value 'null'

2019-02-13 17:11:25 - [TEST_STEP][FAILED] - verifyElementPropertyValue(a, "ObjReturn[1].RequestStatusValue", 5): Expected element property value '5' is not equal with actual property value 'null'

2019-02-13 17:11:25 - [MESSAGE][FAILED] - Expected element property value '5' is not equal with actual property value 'null'

2019-02-13 17:11:25 - [TEST_STEP][FAILED] - verifyElementPropertyValue(a, "ObjReturn[1].RequestEstimationTime", "09:54 16/01/2019"): Expected element property value '09:54 16/01/2019' is not equal with actual property value 'null'

2019-02-13 17:11:25 - [MESSAGE][FAILED] - Expected element property value '09:54 16/01/2019' is not equal with actual property value 'null'

2019-02-13 17:11:25 - [TEST_STEP][FAILED] - verifyElementPropertyValue(a, "ObjReturn[1].NumberOfTicketDone", 0): Expected element property value '0' is not equal with actual property value 'null'

2019-02-13 17:11:25 - [MESSAGE][FAILED] - Expected element property value '0' is not equal with actual property value 'null'

2019-02-13 17:11:25 - [TEST_STEP][FAILED] - verifyElementPropertyValue(a, "ObjReturn[1].NumberTicketInProcessing", 0): Expected element property value '0' is not equal with actual property value 'null'

2019-02-13 17:11:25 - [MESSAGE][FAILED] - Expected element property value '0' is not equal with actual property value 'null'

2019-02-13 17:11:25 - [TEST_STEP][FAILED] - verifyElementPropertyValue(a, "ObjReturn[1].NumberOfTicket", 1): Expected element property value '1' is not equal with actual property value 'null'

2019-02-13 17:11:25 - [MESSAGE][FAILED] - Expected element property value '1' is not equal with actual property value 'null'

2019-02-13 17:11:25 - [TEST_STEP][FAILED] - verifyElementPropertyValue(a, "ObjReturn[1].ITSupporterName", "Phạm Phú Tiến"): Expected element property value 'Phạm Phú Tiến' is not equal with actual property value 'null'

2019-02-13 17:11:25 - [MESSAGE][FAILED] - Expected element property value 'Phạm Phú Tiến' is not equal with actual property value 'null'

2019-02-13 17:11:25 - [TEST_STEP][FAILED] - verifyElementPropertyValue(a, "ObjReturn[1].ITSupporterPhone", "0916512300"): Expected element property value '0916512300' is not equal with actual property value 'null'

2019-02-13 17:11:25 - [MESSAGE][FAILED] - Expected element property value '0916512300' is not equal with actual property value 'null'

2019-02-13 17:11:25 - [TEST_STEP][FAILED] - verifyElementPropertyValue(a, "ObjReturn[1].FeedBack", "So good"): Expected element property value 'So good' is not equal with actual property value 'null'

2019-02-13 17:11:25 - [MESSAGE][FAILED] - Expected element property value 'So good' is not equal with actual property value 'null'

2019-02-13 17:11:25 - [TEST_STEP][FAILED] - verifyElementPropertyValue(a, "ObjReturn[1].Rating", 4): Expected element property value '4' is not equal with actual property value 'null'

2019-02-13 17:11:25 - [MESSAGE][FAILED] - Expected element property value '4' is not equal with actual property value 'null'

2019-02-13 17:11:25 - [TEST_STEP][FAILED] - verifyElementPropertyValue(a, "ObjReturn[1].Priority", "Trung bình"): Expected element property value 'Trung bình' is not equal with actual property value 'null'

2019-02-13 17:11:25 - [MESSAGE][FAILED] - Expected element property value 'Trung bình' is not equal with actual property value 'null'

2019-02-13 17:11:25 - [TEST_STEP][FAILED] - verifyElementPropertyValue(a, "ObjReturn[1].PriorityValue", 2): Expected element property value '2' is not equal with actual property value 'null'

2019-02-13 17:11:25 - [MESSAGE][FAILED] - Expected element property value '2' is not equal with actual property value 'null'

2019-02-13 17:11:25 - [TEST_STEP][FAILED] - verifyElementPropertyValue(a, "ObjReturn[1].Tickets[0].TicketId", 2): Unable to verify element property value (Root cause: java.lang.NullPointerException: Cannot invoke method getAt() on null object)

2019-02-13 17:11:25 - [MESSAGE][FAILED] - Unable to verify element property value (Root cause: java.lang.NullPointerException: Cannot invoke method getAt() on null object)

2019-02-13 17:11:25 - [TEST_STEP][FAILED] - verifyElementPropertyValue(a, "ObjReturn[1].Tickets[0].DeviceId", 45): Unable to verify element property value (Root cause: java.lang.NullPointerException: Cannot invoke method getAt() on null object)

2019-02-13 17:11:25 - [MESSAGE][FAILED] - Unable to verify element property value (Root cause: java.lang.NullPointerException: Cannot invoke method getAt() on null object)

2019-02-13 17:11:25 - [TEST_STEP][FAILED] - verifyElementPropertyValue(a, "ObjReturn[1].Tickets[0].DeviceCode", "KX-S2001CA4"): Unable to verify element property value (Root cause: java.lang.NullPointerException: Cannot invoke method getAt() on null object)

2019-02-13 17:11:25 - [MESSAGE][FAILED] - Unable to verify element property value (Root cause: java.lang.NullPointerException: Cannot invoke method getAt() on null object)

2019-02-13 17:11:25 - [TEST_STEP][FAILED] - verifyElementPropertyValue(a, "ObjReturn[1].Tickets[0].Desciption", null): Unable to verify element property value (Root cause: java.lang.NullPointerException: Cannot invoke method getAt() on null object)

2019-02-13 17:11:25 - [MESSAGE][FAILED] - Unable to verify element property value (Root cause: java.lang.NullPointerException: Cannot invoke method getAt() on null object)

2019-02-13 17:11:25 - [TEST_STEP][FAILED] - verifyElementPropertyValue(a, "ObjReturn[1].Tickets[0].DeviceName", "Camera KBVISION KX-S2001CA4"): Unable to verify element property value (Root cause: java.lang.NullPointerException: Cannot invoke method getAt() on null object)

2019-02-13 17:11:25 - [MESSAGE][FAILED] - Unable to verify element property value (Root cause: java.lang.NullPointerException: Cannot invoke method getAt() on null object)

2019-02-13 17:11:25 - [TEST_STEP][FAILED] - verifyElementPropertyValue(a, "ObjReturn[1].Tickets[0].CreateDate", "09:54 16/01/2019"): Unable to verify element property value (Root cause: java.lang.NullPointerException: Cannot invoke method getAt() on null object)

2019-02-13 17:11:25 - [MESSAGE][FAILED] - Unable to verify element property value (Root cause: java.lang.NullPointerException: Cannot invoke method getAt() on null object)

2019-02-13 17:11:25 - [TEST_STEP][FAILED] - verifyElementPropertyValue(a, "ObjReturn[1].Tickets[0].CreateBy", null): verifyElementPropertyValue(a, "ObjReturn[1].Tickets[0].CreateBy", null) FAILED.
Reason:
com.kms.katalon.core.exception.StepFailedException: Expected element property value '13' is not equal with actual property value 'null'
	at com.kms.katalon.core.keyword.internal.KeywordMain.stepFailed(KeywordMain.groovy:32)
	at com.kms.katalon.core.webservice.keyword.builtin.VerifyElementPropertyValueKeyword$_verifyElementPropertyValue_closure1.doCall(VerifyElementPropertyValueKeyword.groovy:56)
	at com.kms.katalon.core.webservice.keyword.builtin.VerifyElementPropertyValueKeyword$_verifyElementPropertyValue_closure1.call(VerifyElementPropertyValueKeyword.groovy)
	at com.kms.katalon.core.keyword.internal.KeywordMain.runKeyword(KeywordMain.groovy:54)
	at com.kms.katalon.core.webservice.keyword.builtin.VerifyElementPropertyValueKeyword.verifyElementPropertyValue(VerifyElementPropertyValueKeyword.groovy:48)
	at com.kms.katalon.core.webservice.keyword.builtin.VerifyElementPropertyValueKeyword.execute(VerifyElementPropertyValueKeyword.groovy:43)
	at com.kms.katalon.core.keyword.internal.KeywordExecutor.executeKeywordForPlatform(KeywordExecutor.groovy:53)
	at com.kms.katalon.core.webservice.keyword.WSBuiltInKeywords.verifyElementPropertyValue(WSBuiltInKeywords.groovy:123)
	at com.kms.katalon.core.webservice.keyword.WSBuiltInKeywords$verifyElementPropertyValue$1.call(Unknown Source)
	at 50AllTicketWithStatusAgency2.run(50AllTicketWithStatusAgency2:20)
	at com.kms.katalon.core.main.ScriptEngine.run(ScriptEngine.java:194)
	at com.kms.katalon.core.main.ScriptEngine.runScriptAsRawText(ScriptEngine.java:119)
	at com.kms.katalon.core.main.TestCaseExecutor.runScript(TestCaseExecutor.java:328)
	at com.kms.katalon.core.main.TestCaseExecutor.doExecute(TestCaseExecutor.java:319)
	at com.kms.katalon.core.main.TestCaseExecutor.processExecutionPhase(TestCaseExecutor.java:298)
	at com.kms.katalon.core.main.TestCaseExecutor.accessMainPhase(TestCaseExecutor.java:290)
	at com.kms.katalon.core.main.TestCaseExecutor.execute(TestCaseExecutor.java:224)
	at com.kms.katalon.core.main.TestSuiteExecutor.accessTestCaseMainPhase(TestSuiteExecutor.java:129)
	at com.kms.katalon.core.main.TestSuiteExecutor.accessTestSuiteMainPhase(TestSuiteExecutor.java:112)
	at com.kms.katalon.core.main.TestSuiteExecutor.execute(TestSuiteExecutor.java:81)
	at com.kms.katalon.core.main.TestCaseMain.startTestSuite(TestCaseMain.java:149)
	at com.kms.katalon.core.main.TestCaseMain$startTestSuite$0.call(Unknown Source)
	at TempTestSuite1550052666022.run(TempTestSuite1550052666022.groovy:36)


2019-02-13 17:11:25 - [MESSAGE][FAILED] - Unable to verify element property value (Root cause: java.lang.NullPointerException: Cannot invoke method getAt() on null object)

2019-02-13 17:11:25 - [MESSAGE][FAILED] - verifyElementPropertyValue(a, "ObjReturn[1].Tickets[0].CreateBy", null) FAILED.
Reason:
com.kms.katalon.core.exception.StepFailedException: Expected element property value '13' is not equal with actual property value 'null'
	at com.kms.katalon.core.keyword.internal.KeywordMain.stepFailed(KeywordMain.groovy:32)
	at com.kms.katalon.core.webservice.keyword.builtin.VerifyElementPropertyValueKeyword$_verifyElementPropertyValue_closure1.doCall(VerifyElementPropertyValueKeyword.groovy:56)
	at com.kms.katalon.core.webservice.keyword.builtin.VerifyElementPropertyValueKeyword$_verifyElementPropertyValue_closure1.call(VerifyElementPropertyValueKeyword.groovy)
	at com.kms.katalon.core.keyword.internal.KeywordMain.runKeyword(KeywordMain.groovy:54)
	at com.kms.katalon.core.webservice.keyword.builtin.VerifyElementPropertyValueKeyword.verifyElementPropertyValue(VerifyElementPropertyValueKeyword.groovy:48)
	at com.kms.katalon.core.webservice.keyword.builtin.VerifyElementPropertyValueKeyword.execute(VerifyElementPropertyValueKeyword.groovy:43)
	at com.kms.katalon.core.keyword.internal.KeywordExecutor.executeKeywordForPlatform(KeywordExecutor.groovy:53)
	at com.kms.katalon.core.webservice.keyword.WSBuiltInKeywords.verifyElementPropertyValue(WSBuiltInKeywords.groovy:123)
	at com.kms.katalon.core.webservice.keyword.WSBuiltInKeywords$verifyElementPropertyValue$1.call(Unknown Source)
	at 50AllTicketWithStatusAgency2.run(50AllTicketWithStatusAgency2:20)
	at com.kms.katalon.core.main.ScriptEngine.run(ScriptEngine.java:194)
	at com.kms.katalon.core.main.ScriptEngine.runScriptAsRawText(ScriptEngine.java:119)
	at com.kms.katalon.core.main.TestCaseExecutor.runScript(TestCaseExecutor.java:328)
	at com.kms.katalon.core.main.TestCaseExecutor.doExecute(TestCaseExecutor.java:319)
	at com.kms.katalon.core.main.TestCaseExecutor.processExecutionPhase(TestCaseExecutor.java:298)
	at com.kms.katalon.core.main.TestCaseExecutor.accessMainPhase(TestCaseExecutor.java:290)
	at com.kms.katalon.core.main.TestCaseExecutor.execute(TestCaseExecutor.java:224)
	at com.kms.katalon.core.main.TestSuiteExecutor.accessTestCaseMainPhase(TestSuiteExecutor.java:129)
	at com.kms.katalon.core.main.TestSuiteExecutor.accessTestSuiteMainPhase(TestSuiteExecutor.java:112)
	at com.kms.katalon.core.main.TestSuiteExecutor.execute(TestSuiteExecutor.java:81)
	at com.kms.katalon.core.main.TestCaseMain.startTestSuite(TestCaseMain.java:149)
	at com.kms.katalon.core.main.TestCaseMain$startTestSuite$0.call(Unknown Source)
	at TempTestSuite1550052666022.run(TempTestSuite1550052666022.groovy:36)]]></system-out>
         <system-err><![CDATA[2019-02-13 17:11:22 - [TEST_CASE][FAILED] - Test Cases/Request/50AllTicketWithStatusAgency2: Test Cases/Request/50AllTicketWithStatusAgency2 FAILED.
Reason:
com.kms.katalon.core.exception.StepFailedException: Expected element property value '13' is not equal with actual property value 'null'
	at com.kms.katalon.core.keyword.internal.KeywordMain.stepFailed(KeywordMain.groovy:32)
	at com.kms.katalon.core.webservice.keyword.builtin.VerifyElementPropertyValueKeyword$_verifyElementPropertyValue_closure1.doCall(VerifyElementPropertyValueKeyword.groovy:56)
	at com.kms.katalon.core.webservice.keyword.builtin.VerifyElementPropertyValueKeyword$_verifyElementPropertyValue_closure1.call(VerifyElementPropertyValueKeyword.groovy)
	at com.kms.katalon.core.keyword.internal.KeywordMain.runKeyword(KeywordMain.groovy:54)
	at com.kms.katalon.core.webservice.keyword.builtin.VerifyElementPropertyValueKeyword.verifyElementPropertyValue(VerifyElementPropertyValueKeyword.groovy:48)
	at com.kms.katalon.core.webservice.keyword.builtin.VerifyElementPropertyValueKeyword.execute(VerifyElementPropertyValueKeyword.groovy:43)
	at com.kms.katalon.core.keyword.internal.KeywordExecutor.executeKeywordForPlatform(KeywordExecutor.groovy:53)
	at com.kms.katalon.core.webservice.keyword.WSBuiltInKeywords.verifyElementPropertyValue(WSBuiltInKeywords.groovy:123)
	at com.kms.katalon.core.webservice.keyword.WSBuiltInKeywords$verifyElementPropertyValue$1.call(Unknown Source)
	at 50AllTicketWithStatusAgency2.run(50AllTicketWithStatusAgency2:20)
	at com.kms.katalon.core.main.ScriptEngine.run(ScriptEngine.java:194)
	at com.kms.katalon.core.main.ScriptEngine.runScriptAsRawText(ScriptEngine.java:119)
	at com.kms.katalon.core.main.TestCaseExecutor.runScript(TestCaseExecutor.java:328)
	at com.kms.katalon.core.main.TestCaseExecutor.doExecute(TestCaseExecutor.java:319)
	at com.kms.katalon.core.main.TestCaseExecutor.processExecutionPhase(TestCaseExecutor.java:298)
	at com.kms.katalon.core.main.TestCaseExecutor.accessMainPhase(TestCaseExecutor.java:290)
	at com.kms.katalon.core.main.TestCaseExecutor.execute(TestCaseExecutor.java:224)
	at com.kms.katalon.core.main.TestSuiteExecutor.accessTestCaseMainPhase(TestSuiteExecutor.java:129)
	at com.kms.katalon.core.main.TestSuiteExecutor.accessTestSuiteMainPhase(TestSuiteExecutor.java:112)
	at com.kms.katalon.core.main.TestSuiteExecutor.execute(TestSuiteExecutor.java:81)
	at com.kms.katalon.core.main.TestCaseMain.startTestSuite(TestCaseMain.java:149)
	at com.kms.katalon.core.main.TestCaseMain$startTestSuite$0.call(Unknown Source)
	at TempTestSuite1550052666022.run(TempTestSuite1550052666022.groovy:36)]]></system-err>
      </testcase>
      <testcase name="Test Cases/Request/51RequestHistoryByAgency" classname="Test Cases/Request/51RequestHistoryByAgency" status="FAILED">
         <failure type="FAILED" message="Test Cases/Request/51RequestHistoryByAgency FAILED.
Reason:
com.kms.katalon.core.exception.StepFailedException: Expected element property value '23' is not equal with actual property value '33'
	at com.kms.katalon.core.keyword.internal.KeywordMain.stepFailed(KeywordMain.groovy:32)
	at com.kms.katalon.core.webservice.keyword.builtin.VerifyElementPropertyValueKeyword$_verifyElementPropertyValue_closure1.doCall(VerifyElementPropertyValueKeyword.groovy:56)
	at com.kms.katalon.core.webservice.keyword.builtin.VerifyElementPropertyValueKeyword$_verifyElementPropertyValue_closure1.call(VerifyElementPropertyValueKeyword.groovy)
	at com.kms.katalon.core.keyword.internal.KeywordMain.runKeyword(KeywordMain.groovy:54)
	at com.kms.katalon.core.webservice.keyword.builtin.VerifyElementPropertyValueKeyword.verifyElementPropertyValue(VerifyElementPropertyValueKeyword.groovy:48)
	at com.kms.katalon.core.webservice.keyword.builtin.VerifyElementPropertyValueKeyword.execute(VerifyElementPropertyValueKeyword.groovy:43)
	at com.kms.katalon.core.keyword.internal.KeywordExecutor.executeKeywordForPlatform(KeywordExecutor.groovy:53)
	at com.kms.katalon.core.webservice.keyword.WSBuiltInKeywords.verifyElementPropertyValue(WSBuiltInKeywords.groovy:123)
	at com.kms.katalon.core.webservice.keyword.WSBuiltInKeywords$verifyElementPropertyValue$1.call(Unknown Source)
	at 51RequestHistoryByAgency.run(51RequestHistoryByAgency:20)
	at com.kms.katalon.core.main.ScriptEngine.run(ScriptEngine.java:194)
	at com.kms.katalon.core.main.ScriptEngine.runScriptAsRawText(ScriptEngine.java:119)
	at com.kms.katalon.core.main.TestCaseExecutor.runScript(TestCaseExecutor.java:328)
	at com.kms.katalon.core.main.TestCaseExecutor.doExecute(TestCaseExecutor.java:319)
	at com.kms.katalon.core.main.TestCaseExecutor.processExecutionPhase(TestCaseExecutor.java:298)
	at com.kms.katalon.core.main.TestCaseExecutor.accessMainPhase(TestCaseExecutor.java:290)
	at com.kms.katalon.core.main.TestCaseExecutor.execute(TestCaseExecutor.java:224)
	at com.kms.katalon.core.main.TestSuiteExecutor.accessTestCaseMainPhase(TestSuiteExecutor.java:129)
	at com.kms.katalon.core.main.TestSuiteExecutor.accessTestSuiteMainPhase(TestSuiteExecutor.java:112)
	at com.kms.katalon.core.main.TestSuiteExecutor.execute(TestSuiteExecutor.java:81)
	at com.kms.katalon.core.main.TestCaseMain.startTestSuite(TestCaseMain.java:149)
	at com.kms.katalon.core.main.TestCaseMain$startTestSuite$0.call(Unknown Source)
	at TempTestSuite1550052666022.run(TempTestSuite1550052666022.groovy:36)
"/>
         <system-out><![CDATA[2019-02-13 17:11:25 - [TEST_CASE][FAILED] - Test Cases/Request/51RequestHistoryByAgency: Test Cases/Request/51RequestHistoryByAgency FAILED.
Reason:
com.kms.katalon.core.exception.StepFailedException: Expected element property value '23' is not equal with actual property value '33'
	at com.kms.katalon.core.keyword.internal.KeywordMain.stepFailed(KeywordMain.groovy:32)
	at com.kms.katalon.core.webservice.keyword.builtin.VerifyElementPropertyValueKeyword$_verifyElementPropertyValue_closure1.doCall(VerifyElementPropertyValueKeyword.groovy:56)
	at com.kms.katalon.core.webservice.keyword.builtin.VerifyElementPropertyValueKeyword$_verifyElementPropertyValue_closure1.call(VerifyElementPropertyValueKeyword.groovy)
	at com.kms.katalon.core.keyword.internal.KeywordMain.runKeyword(KeywordMain.groovy:54)
	at com.kms.katalon.core.webservice.keyword.builtin.VerifyElementPropertyValueKeyword.verifyElementPropertyValue(VerifyElementPropertyValueKeyword.groovy:48)
	at com.kms.katalon.core.webservice.keyword.builtin.VerifyElementPropertyValueKeyword.execute(VerifyElementPropertyValueKeyword.groovy:43)
	at com.kms.katalon.core.keyword.internal.KeywordExecutor.executeKeywordForPlatform(KeywordExecutor.groovy:53)
	at com.kms.katalon.core.webservice.keyword.WSBuiltInKeywords.verifyElementPropertyValue(WSBuiltInKeywords.groovy:123)
	at com.kms.katalon.core.webservice.keyword.WSBuiltInKeywords$verifyElementPropertyValue$1.call(Unknown Source)
	at 51RequestHistoryByAgency.run(51RequestHistoryByAgency:20)
	at com.kms.katalon.core.main.ScriptEngine.run(ScriptEngine.java:194)
	at com.kms.katalon.core.main.ScriptEngine.runScriptAsRawText(ScriptEngine.java:119)
	at com.kms.katalon.core.main.TestCaseExecutor.runScript(TestCaseExecutor.java:328)
	at com.kms.katalon.core.main.TestCaseExecutor.doExecute(TestCaseExecutor.java:319)
	at com.kms.katalon.core.main.TestCaseExecutor.processExecutionPhase(TestCaseExecutor.java:298)
	at com.kms.katalon.core.main.TestCaseExecutor.accessMainPhase(TestCaseExecutor.java:290)
	at com.kms.katalon.core.main.TestCaseExecutor.execute(TestCaseExecutor.java:224)
	at com.kms.katalon.core.main.TestSuiteExecutor.accessTestCaseMainPhase(TestSuiteExecutor.java:129)
	at com.kms.katalon.core.main.TestSuiteExecutor.accessTestSuiteMainPhase(TestSuiteExecutor.java:112)
	at com.kms.katalon.core.main.TestSuiteExecutor.execute(TestSuiteExecutor.java:81)
	at com.kms.katalon.core.main.TestCaseMain.startTestSuite(TestCaseMain.java:149)
	at com.kms.katalon.core.main.TestCaseMain$startTestSuite$0.call(Unknown Source)
	at TempTestSuite1550052666022.run(TempTestSuite1550052666022.groovy:36)


2019-02-13 17:11:26 - [TEST_STEP][PASSED] - a = sendRequest(findTestObject("Request/51RequestHistoryByAgency")): Send request successfully

2019-02-13 17:11:26 - [MESSAGE][PASSED] - Send request successfully

2019-02-13 17:11:26 - [TEST_STEP][PASSED] - verifyResponseStatusCode(a, 200): Verify response status code successfully

2019-02-13 17:11:26 - [MESSAGE][PASSED] - Verify response status code successfully

2019-02-13 17:11:26 - [TEST_STEP][FAILED] - verifyElementPropertyValue(a, "ObjReturn[0].RequestId", 23): Expected element property value '23' is not equal with actual property value '33'

2019-02-13 17:11:26 - [MESSAGE][FAILED] - Expected element property value '23' is not equal with actual property value '33'

2019-02-13 17:11:26 - [TEST_STEP][FAILED] - verifyElementPropertyValue(a, "ObjReturn[0].AgencyId", 3): Expected element property value '3' is not equal with actual property value '0'

2019-02-13 17:11:26 - [MESSAGE][FAILED] - Expected element property value '3' is not equal with actual property value '0'

2019-02-13 17:11:26 - [TEST_STEP][PASSED] - verifyElementPropertyValue(a, "ObjReturn[0].AgencyName", "Passio 47 TCV"): Verify element property value successfully

2019-02-13 17:11:26 - [MESSAGE][PASSED] - Verify element property value successfully

2019-02-13 17:11:26 - [TEST_STEP][FAILED] - verifyElementPropertyValue(a, "ObjReturn[0].AgencyAddress", "47 Trần Cao Vân"): Expected element property value '47 Trần Cao Vân' is not equal with actual property value 'null'

2019-02-13 17:11:26 - [MESSAGE][FAILED] - Expected element property value '47 Trần Cao Vân' is not equal with actual property value 'null'

2019-02-13 17:11:26 - [TEST_STEP][FAILED] - verifyElementPropertyValue(a, "ObjReturn[0].RequestCategoryId", 3): Expected element property value '3' is not equal with actual property value '0'

2019-02-13 17:11:26 - [MESSAGE][FAILED] - Expected element property value '3' is not equal with actual property value '0'

2019-02-13 17:11:26 - [TEST_STEP][FAILED] - verifyElementPropertyValue(a, "ObjReturn[0].ServiceId", 2): Expected element property value '2' is not equal with actual property value '0'

2019-02-13 17:11:26 - [MESSAGE][FAILED] - Expected element property value '2' is not equal with actual property value '0'

2019-02-13 17:11:26 - [TEST_STEP][FAILED] - verifyElementPropertyValue(a, "ObjReturn[0].ServiceName", "CAMERA"): Expected element property value 'CAMERA' is not equal with actual property value 'null'

2019-02-13 17:11:26 - [MESSAGE][FAILED] - Expected element property value 'CAMERA' is not equal with actual property value 'null'

2019-02-13 17:11:26 - [TEST_STEP][FAILED] - verifyElementPropertyValue(a, "ObjReturn[0].ServiceItemId", 3): Expected element property value '3' is not equal with actual property value '0'

2019-02-13 17:11:26 - [MESSAGE][FAILED] - Expected element property value '3' is not equal with actual property value '0'

2019-02-13 17:11:26 - [TEST_STEP][FAILED] - verifyElementPropertyValue(a, "ObjReturn[0].ServiceItemName", "Camera không hiện màu"): Expected element property value 'Camera không hiện màu' is not equal with actual property value 'null'

2019-02-13 17:11:26 - [MESSAGE][FAILED] - Expected element property value 'Camera không hiện màu' is not equal with actual property value 'null'

2019-02-13 17:11:26 - [TEST_STEP][FAILED] - verifyElementPropertyValue(a, "ObjReturn[0].RequestName", "Camera không hiện màu"): Expected element property value 'Camera không hiện màu' is not equal with actual property value 'Passio 47 TCV - Camera không hiện màu'

2019-02-13 17:11:26 - [MESSAGE][FAILED] - Expected element property value 'Camera không hiện màu' is not equal with actual property value 'Passio 47 TCV - Camera không hiện màu'

2019-02-13 17:11:26 - [TEST_STEP][FAILED] - verifyElementPropertyValue(a, "ObjReturn[0].RequestDesciption", "jejjse8"): Expected element property value 'jejjse8' is not equal with actual property value 'null'

2019-02-13 17:11:26 - [MESSAGE][FAILED] - Expected element property value 'jejjse8' is not equal with actual property value 'null'

2019-02-13 17:11:26 - [TEST_STEP][FAILED] - verifyElementPropertyValue(a, "ObjReturn[0].AgencyTelephone", "0966167423"): Expected element property value '0966167423' is not equal with actual property value 'null'

2019-02-13 17:11:26 - [MESSAGE][FAILED] - Expected element property value '0966167423' is not equal with actual property value 'null'

2019-02-13 17:11:26 - [TEST_STEP][FAILED] - verifyElementPropertyValue(a, "ObjReturn[0].CreateDate", "11:25 21/01/2019"): Expected element property value '11:25 21/01/2019' is not equal with actual property value '17:05 25/01/2019'

2019-02-13 17:11:26 - [MESSAGE][FAILED] - Expected element property value '11:25 21/01/2019' is not equal with actual property value '17:05 25/01/2019'

2019-02-13 17:11:26 - [TEST_STEP][FAILED] - verifyElementPropertyValue(a, "ObjReturn[0].UpdateDate", "11:40 21/01/2019"): Expected element property value '11:40 21/01/2019' is not equal with actual property value ''

2019-02-13 17:11:26 - [MESSAGE][FAILED] - Expected element property value '11:40 21/01/2019' is not equal with actual property value ''

2019-02-13 17:11:26 - [TEST_STEP][FAILED] - verifyElementPropertyValue(a, "ObjReturn[0].StartTime", null): Expected element property value 'null' is not equal with actual property value ''

2019-02-13 17:11:26 - [MESSAGE][FAILED] - Expected element property value 'null' is not equal with actual property value ''

2019-02-13 17:11:26 - [TEST_STEP][FAILED] - verifyElementPropertyValue(a, "ObjReturn[0].EndTime", null): Expected element property value 'null' is not equal with actual property value ''

2019-02-13 17:11:26 - [MESSAGE][FAILED] - Expected element property value 'null' is not equal with actual property value ''

2019-02-13 17:11:26 - [TEST_STEP][PASSED] - verifyElementPropertyValue(a, "ObjReturn[0].RequestStatus", "Hoàn thành"): Verify element property value successfully

2019-02-13 17:11:26 - [MESSAGE][PASSED] - Verify element property value successfully

2019-02-13 17:11:26 - [TEST_STEP][FAILED] - verifyElementPropertyValue(a, "ObjReturn[0].RequestStatusValue", 3): Expected element property value '3' is not equal with actual property value '0'

2019-02-13 17:11:26 - [MESSAGE][FAILED] - Expected element property value '3' is not equal with actual property value '0'

2019-02-13 17:11:26 - [TEST_STEP][FAILED] - verifyElementPropertyValue(a, "ObjReturn[0].RequestEstimationTime", "11:25 21/01/2019"): Expected element property value '11:25 21/01/2019' is not equal with actual property value '17:05 25/01/2019'

2019-02-13 17:11:26 - [MESSAGE][FAILED] - Expected element property value '11:25 21/01/2019' is not equal with actual property value '17:05 25/01/2019'

2019-02-13 17:11:26 - [TEST_STEP][PASSED] - verifyElementPropertyValue(a, "ObjReturn[0].NumberOfTicketDone", 0): Verify element property value successfully

2019-02-13 17:11:26 - [MESSAGE][PASSED] - Verify element property value successfully

2019-02-13 17:11:26 - [TEST_STEP][PASSED] - verifyElementPropertyValue(a, "ObjReturn[0].NumberTicketInProcessing", 0): Verify element property value successfully

2019-02-13 17:11:26 - [MESSAGE][PASSED] - Verify element property value successfully

2019-02-13 17:11:26 - [TEST_STEP][PASSED] - verifyElementPropertyValue(a, "ObjReturn[0].NumberOfTicket", 1): Verify element property value successfully

2019-02-13 17:11:26 - [MESSAGE][PASSED] - Verify element property value successfully

2019-02-13 17:11:26 - [TEST_STEP][PASSED] - verifyElementPropertyValue(a, "ObjReturn[0].ITSupporterName", "Chưa có người xử lý"): Verify element property value successfully

2019-02-13 17:11:27 - [MESSAGE][PASSED] - Verify element property value successfully

2019-02-13 17:11:27 - [TEST_STEP][FAILED] - verifyElementPropertyValue(a, "ObjReturn[0].ITSupporterPhone", null): Expected element property value 'null' is not equal with actual property value '0773909125'

2019-02-13 17:11:27 - [MESSAGE][FAILED] - Expected element property value 'null' is not equal with actual property value '0773909125'

2019-02-13 17:11:27 - [TEST_STEP][PASSED] - verifyElementPropertyValue(a, "ObjReturn[0].FeedBack", null): Verify element property value successfully

2019-02-13 17:11:27 - [MESSAGE][PASSED] - Verify element property value successfully

2019-02-13 17:11:27 - [TEST_STEP][PASSED] - verifyElementPropertyValue(a, "ObjReturn[0].Rating", 0): Verify element property value successfully

2019-02-13 17:11:27 - [MESSAGE][PASSED] - Verify element property value successfully

2019-02-13 17:11:27 - [TEST_STEP][PASSED] - verifyElementPropertyValue(a, "ObjReturn[0].Priority", null): Verify element property value successfully

2019-02-13 17:11:27 - [MESSAGE][PASSED] - Verify element property value successfully

2019-02-13 17:11:27 - [TEST_STEP][PASSED] - verifyElementPropertyValue(a, "ObjReturn[0].PriorityValue", 0): Verify element property value successfully

2019-02-13 17:11:27 - [MESSAGE][PASSED] - Verify element property value successfully

2019-02-13 17:11:27 - [TEST_STEP][FAILED] - verifyElementPropertyValue(a, "ObjReturn[0].Tickets[0].TicketId", 18): Expected element property value '18' is not equal with actual property value '40'

2019-02-13 17:11:27 - [MESSAGE][FAILED] - Expected element property value '18' is not equal with actual property value '40'

2019-02-13 17:11:27 - [TEST_STEP][PASSED] - verifyElementPropertyValue(a, "ObjReturn[0].Tickets[0].DeviceId", 26): Verify element property value successfully

2019-02-13 17:11:27 - [MESSAGE][PASSED] - Verify element property value successfully

2019-02-13 17:11:27 - [TEST_STEP][FAILED] - verifyElementPropertyValue(a, "ObjReturn[0].Tickets[0].DeviceCode", "C9960SD"): Expected element property value 'C9960SD' is not equal with actual property value 'null'

2019-02-13 17:11:27 - [MESSAGE][FAILED] - Expected element property value 'C9960SD' is not equal with actual property value 'null'

2019-02-13 17:11:27 - [TEST_STEP][FAILED] - verifyElementPropertyValue(a, "ObjReturn[0].Tickets[0].Desciption", "Thuộc mAgencyId: 3 thiết bị: Camera Xiaomi RES5Vấn đề: Camera không hiện màu"): Expected element property value 'Thuộc mAgencyId: 3 thiết bị: Camera Xiaomi RES5Vấn đề: Camera không hiện màu' is not equal with actual property value 'null'

2019-02-13 17:11:27 - [MESSAGE][FAILED] - Expected element property value 'Thuộc mAgencyId: 3 thiết bị: Camera Xiaomi RES5Vấn đề: Camera không hiện màu' is not equal with actual property value 'null'

2019-02-13 17:11:27 - [TEST_STEP][PASSED] - verifyElementPropertyValue(a, "ObjReturn[0].Tickets[0].DeviceName", "Camera Xiaomi RES5"): Verify element property value successfully

2019-02-13 17:11:27 - [MESSAGE][PASSED] - Verify element property value successfully

2019-02-13 17:11:27 - [TEST_STEP][FAILED] - verifyElementPropertyValue(a, "ObjReturn[0].Tickets[0].CreateDate", "11:25 21/01/2019"): Expected element property value '11:25 21/01/2019' is not equal with actual property value '25/01/2019 17:05'

2019-02-13 17:11:27 - [MESSAGE][FAILED] - Expected element property value '11:25 21/01/2019' is not equal with actual property value '25/01/2019 17:05'

2019-02-13 17:11:27 - [TEST_STEP][PASSED] - verifyElementPropertyValue(a, "ObjReturn[0].Tickets[0].CreateBy", null): Verify element property value successfully

2019-02-13 17:11:27 - [MESSAGE][PASSED] - Verify element property value successfully

2019-02-13 17:11:27 - [TEST_STEP][FAILED] - verifyElementPropertyValue(a, "ObjReturn[1].RequestId", 11): Expected element property value '11' is not equal with actual property value '32'

2019-02-13 17:11:27 - [MESSAGE][FAILED] - Expected element property value '11' is not equal with actual property value '32'

2019-02-13 17:11:27 - [TEST_STEP][FAILED] - verifyElementPropertyValue(a, "ObjReturn[1].AgencyId", 3): Expected element property value '3' is not equal with actual property value '0'

2019-02-13 17:11:27 - [MESSAGE][FAILED] - Expected element property value '3' is not equal with actual property value '0'

2019-02-13 17:11:27 - [TEST_STEP][PASSED] - verifyElementPropertyValue(a, "ObjReturn[1].AgencyName", "Passio 47 TCV"): Verify element property value successfully

2019-02-13 17:11:27 - [MESSAGE][PASSED] - Verify element property value successfully

2019-02-13 17:11:27 - [TEST_STEP][FAILED] - verifyElementPropertyValue(a, "ObjReturn[1].AgencyAddress", "47 Trần Cao Vân"): Expected element property value '47 Trần Cao Vân' is not equal with actual property value 'null'

2019-02-13 17:11:27 - [MESSAGE][FAILED] - Expected element property value '47 Trần Cao Vân' is not equal with actual property value 'null'

2019-02-13 17:11:27 - [TEST_STEP][FAILED] - verifyElementPropertyValue(a, "ObjReturn[1].RequestCategoryId", 3): Expected element property value '3' is not equal with actual property value '0'

2019-02-13 17:11:27 - [MESSAGE][FAILED] - Expected element property value '3' is not equal with actual property value '0'

2019-02-13 17:11:27 - [TEST_STEP][FAILED] - verifyElementPropertyValue(a, "ObjReturn[1].ServiceId", 14): Expected element property value '14' is not equal with actual property value '0'

2019-02-13 17:11:27 - [MESSAGE][FAILED] - Expected element property value '14' is not equal with actual property value '0'

2019-02-13 17:11:27 - [TEST_STEP][FAILED] - verifyElementPropertyValue(a, "ObjReturn[1].ServiceName", "SOFTWARE"): Expected element property value 'SOFTWARE' is not equal with actual property value 'null'

2019-02-13 17:11:27 - [MESSAGE][FAILED] - Expected element property value 'SOFTWARE' is not equal with actual property value 'null'

2019-02-13 17:11:27 - [TEST_STEP][FAILED] - verifyElementPropertyValue(a, "ObjReturn[1].ServiceItemId", 19): Expected element property value '19' is not equal with actual property value '0'

2019-02-13 17:11:27 - [MESSAGE][FAILED] - Expected element property value '19' is not equal with actual property value '0'

2019-02-13 17:11:27 - [TEST_STEP][FAILED] - verifyElementPropertyValue(a, "ObjReturn[1].ServiceItemName", "Mở máy tính không lên"): Expected element property value 'Mở máy tính không lên' is not equal with actual property value 'null'

2019-02-13 17:11:27 - [MESSAGE][FAILED] - Expected element property value 'Mở máy tính không lên' is not equal with actual property value 'null'

2019-02-13 17:11:27 - [TEST_STEP][FAILED] - verifyElementPropertyValue(a, "ObjReturn[1].RequestName", "Passio 47 TCV - Mở máy tính không lên"): Expected element property value 'Passio 47 TCV - Mở máy tính không lên' is not equal with actual property value 'Passio 47 TCV - Camera không hiện màu'

2019-02-13 17:11:27 - [MESSAGE][FAILED] - Expected element property value 'Passio 47 TCV - Mở máy tính không lên' is not equal with actual property value 'Passio 47 TCV - Camera không hiện màu'

2019-02-13 17:11:27 - [TEST_STEP][FAILED] - verifyElementPropertyValue(a, "ObjReturn[1].RequestDesciption", ""): Expected element property value '' is not equal with actual property value 'null'

2019-02-13 17:11:27 - [MESSAGE][FAILED] - Expected element property value '' is not equal with actual property value 'null'

2019-02-13 17:11:27 - [TEST_STEP][FAILED] - verifyElementPropertyValue(a, "ObjReturn[1].AgencyTelephone", "0966167423"): Expected element property value '0966167423' is not equal with actual property value 'null'

2019-02-13 17:11:27 - [MESSAGE][FAILED] - Expected element property value '0966167423' is not equal with actual property value 'null'

2019-02-13 17:11:27 - [TEST_STEP][FAILED] - verifyElementPropertyValue(a, "ObjReturn[1].CreateDate", "15:38 16/01/2019"): Expected element property value '15:38 16/01/2019' is not equal with actual property value '17:00 25/01/2019'

2019-02-13 17:11:27 - [MESSAGE][FAILED] - Expected element property value '15:38 16/01/2019' is not equal with actual property value '17:00 25/01/2019'

2019-02-13 17:11:27 - [TEST_STEP][FAILED] - verifyElementPropertyValue(a, "ObjReturn[1].UpdateDate", "15:38 16/01/2019"): Expected element property value '15:38 16/01/2019' is not equal with actual property value '17:01 25/01/2019'

2019-02-13 17:11:27 - [MESSAGE][FAILED] - Expected element property value '15:38 16/01/2019' is not equal with actual property value '17:01 25/01/2019'

2019-02-13 17:11:27 - [TEST_STEP][FAILED] - verifyElementPropertyValue(a, "ObjReturn[1].StartTime", "10:47 16/01/2019"): Expected element property value '10:47 16/01/2019' is not equal with actual property value ''

2019-02-13 17:11:27 - [MESSAGE][FAILED] - Expected element property value '10:47 16/01/2019' is not equal with actual property value ''

2019-02-13 17:11:27 - [TEST_STEP][FAILED] - verifyElementPropertyValue(a, "ObjReturn[1].EndTime", null): Expected element property value 'null' is not equal with actual property value ''

2019-02-13 17:11:27 - [MESSAGE][FAILED] - Expected element property value 'null' is not equal with actual property value ''

2019-02-13 17:11:27 - [TEST_STEP][PASSED] - verifyElementPropertyValue(a, "ObjReturn[1].RequestStatus", "Hoàn thành"): Verify element property value successfully

2019-02-13 17:11:27 - [MESSAGE][PASSED] - Verify element property value successfully

2019-02-13 17:11:27 - [TEST_STEP][FAILED] - verifyElementPropertyValue(a, "ObjReturn[1].RequestStatusValue", 3): Expected element property value '3' is not equal with actual property value '0'

2019-02-13 17:11:27 - [MESSAGE][FAILED] - Expected element property value '3' is not equal with actual property value '0'

2019-02-13 17:11:27 - [TEST_STEP][FAILED] - verifyElementPropertyValue(a, "ObjReturn[1].RequestEstimationTime", "15:38 16/01/2019"): Expected element property value '15:38 16/01/2019' is not equal with actual property value '17:00 25/01/2019'

2019-02-13 17:11:27 - [MESSAGE][FAILED] - Expected element property value '15:38 16/01/2019' is not equal with actual property value '17:00 25/01/2019'

2019-02-13 17:11:27 - [TEST_STEP][PASSED] - verifyElementPropertyValue(a, "ObjReturn[1].NumberOfTicketDone", 0): Verify element property value successfully

2019-02-13 17:11:27 - [MESSAGE][PASSED] - Verify element property value successfully

2019-02-13 17:11:27 - [TEST_STEP][PASSED] - verifyElementPropertyValue(a, "ObjReturn[1].NumberTicketInProcessing", 0): Verify element property value successfully

2019-02-13 17:11:27 - [MESSAGE][PASSED] - Verify element property value successfully

2019-02-13 17:11:27 - [TEST_STEP][FAILED] - verifyElementPropertyValue(a, "ObjReturn[1].NumberOfTicket", 0): Expected element property value '0' is not equal with actual property value '1'

2019-02-13 17:11:27 - [MESSAGE][FAILED] - Expected element property value '0' is not equal with actual property value '1'

2019-02-13 17:11:27 - [TEST_STEP][PASSED] - verifyElementPropertyValue(a, "ObjReturn[1].ITSupporterName", "Chưa có người xử lý"): Verify element property value successfully

2019-02-13 17:11:27 - [MESSAGE][PASSED] - Verify element property value successfully

2019-02-13 17:11:27 - [TEST_STEP][FAILED] - verifyElementPropertyValue(a, "ObjReturn[1].ITSupporterPhone", null): Expected element property value 'null' is not equal with actual property value '0773909125'

2019-02-13 17:11:27 - [MESSAGE][FAILED] - Expected element property value 'null' is not equal with actual property value '0773909125'

2019-02-13 17:11:27 - [TEST_STEP][PASSED] - verifyElementPropertyValue(a, "ObjReturn[1].FeedBack", null): Verify element property value successfully

2019-02-13 17:11:27 - [MESSAGE][PASSED] - Verify element property value successfully

2019-02-13 17:11:27 - [TEST_STEP][FAILED] - verifyElementPropertyValue(a, "ObjReturn[1].Rating", 4): Expected element property value '4' is not equal with actual property value '0'

2019-02-13 17:11:27 - [MESSAGE][FAILED] - Expected element property value '4' is not equal with actual property value '0'

2019-02-13 17:11:27 - [TEST_STEP][PASSED] - verifyElementPropertyValue(a, "ObjReturn[1].Priority", null): Verify element property value successfully

2019-02-13 17:11:27 - [MESSAGE][PASSED] - Verify element property value successfully

2019-02-13 17:11:27 - [TEST_STEP][PASSED] - verifyElementPropertyValue(a, "ObjReturn[1].PriorityValue", 0): Verify element property value successfully

2019-02-13 17:11:27 - [MESSAGE][PASSED] - Verify element property value successfully

2019-02-13 17:11:27 - [TEST_STEP][FAILED] - verifyElementPropertyValue(a, "ObjReturn[2].RequestId", 10): Expected element property value '10' is not equal with actual property value '29'

2019-02-13 17:11:27 - [MESSAGE][FAILED] - Expected element property value '10' is not equal with actual property value '29'

2019-02-13 17:11:27 - [TEST_STEP][FAILED] - verifyElementPropertyValue(a, "ObjReturn[2].AgencyId", 3): Expected element property value '3' is not equal with actual property value '0'

2019-02-13 17:11:27 - [MESSAGE][FAILED] - Expected element property value '3' is not equal with actual property value '0'

2019-02-13 17:11:27 - [TEST_STEP][PASSED] - verifyElementPropertyValue(a, "ObjReturn[2].AgencyName", "Passio 47 TCV"): Verify element property value successfully

2019-02-13 17:11:27 - [MESSAGE][PASSED] - Verify element property value successfully

2019-02-13 17:11:27 - [TEST_STEP][FAILED] - verifyElementPropertyValue(a, "ObjReturn[2].AgencyAddress", "47 Trần Cao Vân"): Expected element property value '47 Trần Cao Vân' is not equal with actual property value 'null'

2019-02-13 17:11:27 - [MESSAGE][FAILED] - Expected element property value '47 Trần Cao Vân' is not equal with actual property value 'null'

2019-02-13 17:11:27 - [TEST_STEP][FAILED] - verifyElementPropertyValue(a, "ObjReturn[2].RequestCategoryId", 3): Expected element property value '3' is not equal with actual property value '0'

2019-02-13 17:11:27 - [MESSAGE][FAILED] - Expected element property value '3' is not equal with actual property value '0'

2019-02-13 17:11:27 - [TEST_STEP][FAILED] - verifyElementPropertyValue(a, "ObjReturn[2].ServiceId", 14): Expected element property value '14' is not equal with actual property value '0'

2019-02-13 17:11:27 - [MESSAGE][FAILED] - Expected element property value '14' is not equal with actual property value '0'

2019-02-13 17:11:27 - [TEST_STEP][FAILED] - verifyElementPropertyValue(a, "ObjReturn[2].ServiceName", "SOFTWARE"): Expected element property value 'SOFTWARE' is not equal with actual property value 'null'

2019-02-13 17:11:28 - [MESSAGE][FAILED] - Expected element property value 'SOFTWARE' is not equal with actual property value 'null'

2019-02-13 17:11:28 - [TEST_STEP][FAILED] - verifyElementPropertyValue(a, "ObjReturn[2].ServiceItemId", 19): Expected element property value '19' is not equal with actual property value '0'

2019-02-13 17:11:28 - [MESSAGE][FAILED] - Expected element property value '19' is not equal with actual property value '0'

2019-02-13 17:11:28 - [TEST_STEP][FAILED] - verifyElementPropertyValue(a, "ObjReturn[2].ServiceItemName", "Mở máy tính không lên"): Expected element property value 'Mở máy tính không lên' is not equal with actual property value 'null'

2019-02-13 17:11:28 - [MESSAGE][FAILED] - Expected element property value 'Mở máy tính không lên' is not equal with actual property value 'null'

2019-02-13 17:11:28 - [TEST_STEP][FAILED] - verifyElementPropertyValue(a, "ObjReturn[2].RequestName", "Passio 47 TCV - Mở máy tính không lên"): Expected element property value 'Passio 47 TCV - Mở máy tính không lên' is not equal with actual property value 'Passio 47 TCV - Wifi không vào được'

2019-02-13 17:11:28 - [MESSAGE][FAILED] - Expected element property value 'Passio 47 TCV - Mở máy tính không lên' is not equal with actual property value 'Passio 47 TCV - Wifi không vào được'

2019-02-13 17:11:28 - [TEST_STEP][FAILED] - verifyElementPropertyValue(a, "ObjReturn[2].RequestDesciption", "ádsad"): Expected element property value 'ádsad' is not equal with actual property value 'null'

2019-02-13 17:11:28 - [MESSAGE][FAILED] - Expected element property value 'ádsad' is not equal with actual property value 'null'

2019-02-13 17:11:28 - [TEST_STEP][FAILED] - verifyElementPropertyValue(a, "ObjReturn[2].AgencyTelephone", "0966167423"): Expected element property value '0966167423' is not equal with actual property value 'null'

2019-02-13 17:11:28 - [MESSAGE][FAILED] - Expected element property value '0966167423' is not equal with actual property value 'null'

2019-02-13 17:11:28 - [TEST_STEP][FAILED] - verifyElementPropertyValue(a, "ObjReturn[2].CreateDate", "15:36 16/01/2019"): Expected element property value '15:36 16/01/2019' is not equal with actual property value '13:50 25/01/2019'

2019-02-13 17:11:28 - [MESSAGE][FAILED] - Expected element property value '15:36 16/01/2019' is not equal with actual property value '13:50 25/01/2019'

2019-02-13 17:11:28 - [TEST_STEP][FAILED] - verifyElementPropertyValue(a, "ObjReturn[2].UpdateDate", "15:36 16/01/2019"): Expected element property value '15:36 16/01/2019' is not equal with actual property value '13:52 25/01/2019'

2019-02-13 17:11:28 - [MESSAGE][FAILED] - Expected element property value '15:36 16/01/2019' is not equal with actual property value '13:52 25/01/2019'

2019-02-13 17:11:28 - [TEST_STEP][FAILED] - verifyElementPropertyValue(a, "ObjReturn[2].StartTime", "10:47 16/01/2019"): Expected element property value '10:47 16/01/2019' is not equal with actual property value ''

2019-02-13 17:11:28 - [MESSAGE][FAILED] - Expected element property value '10:47 16/01/2019' is not equal with actual property value ''

2019-02-13 17:11:28 - [TEST_STEP][FAILED] - verifyElementPropertyValue(a, "ObjReturn[2].EndTime", null): Expected element property value 'null' is not equal with actual property value ''

2019-02-13 17:11:28 - [MESSAGE][FAILED] - Expected element property value 'null' is not equal with actual property value ''

2019-02-13 17:11:28 - [TEST_STEP][PASSED] - verifyElementPropertyValue(a, "ObjReturn[2].RequestStatus", "Hoàn thành"): Verify element property value successfully

2019-02-13 17:11:28 - [MESSAGE][PASSED] - Verify element property value successfully

2019-02-13 17:11:28 - [TEST_STEP][FAILED] - verifyElementPropertyValue(a, "ObjReturn[2].RequestStatusValue", 3): Expected element property value '3' is not equal with actual property value '0'

2019-02-13 17:11:28 - [MESSAGE][FAILED] - Expected element property value '3' is not equal with actual property value '0'

2019-02-13 17:11:28 - [TEST_STEP][FAILED] - verifyElementPropertyValue(a, "ObjReturn[2].RequestEstimationTime", "15:36 16/01/2019"): Expected element property value '15:36 16/01/2019' is not equal with actual property value '13:50 25/01/2019'

2019-02-13 17:11:28 - [MESSAGE][FAILED] - Expected element property value '15:36 16/01/2019' is not equal with actual property value '13:50 25/01/2019'

2019-02-13 17:11:28 - [TEST_STEP][PASSED] - verifyElementPropertyValue(a, "ObjReturn[2].NumberOfTicketDone", 0): Verify element property value successfully

2019-02-13 17:11:28 - [MESSAGE][PASSED] - Verify element property value successfully

2019-02-13 17:11:28 - [TEST_STEP][PASSED] - verifyElementPropertyValue(a, "ObjReturn[2].NumberTicketInProcessing", 0): Verify element property value successfully

2019-02-13 17:11:28 - [MESSAGE][PASSED] - Verify element property value successfully

2019-02-13 17:11:28 - [TEST_STEP][FAILED] - verifyElementPropertyValue(a, "ObjReturn[2].NumberOfTicket", 0): Expected element property value '0' is not equal with actual property value '1'

2019-02-13 17:11:28 - [MESSAGE][FAILED] - Expected element property value '0' is not equal with actual property value '1'

2019-02-13 17:11:28 - [TEST_STEP][PASSED] - verifyElementPropertyValue(a, "ObjReturn[2].ITSupporterName", "Chưa có người xử lý"): Verify element property value successfully

2019-02-13 17:11:28 - [MESSAGE][PASSED] - Verify element property value successfully

2019-02-13 17:11:28 - [TEST_STEP][FAILED] - verifyElementPropertyValue(a, "ObjReturn[2].ITSupporterPhone", null): Expected element property value 'null' is not equal with actual property value '0773909125'

2019-02-13 17:11:28 - [MESSAGE][FAILED] - Expected element property value 'null' is not equal with actual property value '0773909125'

2019-02-13 17:11:28 - [TEST_STEP][PASSED] - verifyElementPropertyValue(a, "ObjReturn[2].FeedBack", null): Verify element property value successfully

2019-02-13 17:11:28 - [MESSAGE][PASSED] - Verify element property value successfully

2019-02-13 17:11:28 - [TEST_STEP][FAILED] - verifyElementPropertyValue(a, "ObjReturn[2].Rating", null): Expected element property value 'null' is not equal with actual property value '0'

2019-02-13 17:11:28 - [MESSAGE][FAILED] - Expected element property value 'null' is not equal with actual property value '0'

2019-02-13 17:11:28 - [TEST_STEP][PASSED] - verifyElementPropertyValue(a, "ObjReturn[2].Priority", null): Verify element property value successfully

2019-02-13 17:11:28 - [MESSAGE][PASSED] - Verify element property value successfully

2019-02-13 17:11:28 - [TEST_STEP][FAILED] - verifyElementPropertyValue(a, "ObjReturn[2].PriorityValue", null): Expected element property value 'null' is not equal with actual property value '0'

2019-02-13 17:11:28 - [MESSAGE][FAILED] - Expected element property value 'null' is not equal with actual property value '0'

2019-02-13 17:11:28 - [TEST_STEP][FAILED] - verifyElementPropertyValue(a, "ObjReturn[3].RequestId", 9): Expected element property value '9' is not equal with actual property value '27'

2019-02-13 17:11:28 - [MESSAGE][FAILED] - Expected element property value '9' is not equal with actual property value '27'

2019-02-13 17:11:28 - [TEST_STEP][FAILED] - verifyElementPropertyValue(a, "ObjReturn[3].AgencyId", 3): Expected element property value '3' is not equal with actual property value '0'

2019-02-13 17:11:28 - [MESSAGE][FAILED] - Expected element property value '3' is not equal with actual property value '0'

2019-02-13 17:11:28 - [TEST_STEP][PASSED] - verifyElementPropertyValue(a, "ObjReturn[3].AgencyName", "Passio 47 TCV"): Verify element property value successfully

2019-02-13 17:11:28 - [MESSAGE][PASSED] - Verify element property value successfully

2019-02-13 17:11:28 - [TEST_STEP][FAILED] - verifyElementPropertyValue(a, "ObjReturn[3].AgencyAddress", "47 Trần Cao Vân"): Expected element property value '47 Trần Cao Vân' is not equal with actual property value 'null'

2019-02-13 17:11:28 - [MESSAGE][FAILED] - Expected element property value '47 Trần Cao Vân' is not equal with actual property value 'null'

2019-02-13 17:11:28 - [TEST_STEP][FAILED] - verifyElementPropertyValue(a, "ObjReturn[3].RequestCategoryId", 3): Expected element property value '3' is not equal with actual property value '0'

2019-02-13 17:11:28 - [MESSAGE][FAILED] - Expected element property value '3' is not equal with actual property value '0'

2019-02-13 17:11:28 - [TEST_STEP][FAILED] - verifyElementPropertyValue(a, "ObjReturn[3].ServiceId", 14): Expected element property value '14' is not equal with actual property value '0'

2019-02-13 17:11:28 - [MESSAGE][FAILED] - Expected element property value '14' is not equal with actual property value '0'

2019-02-13 17:11:28 - [TEST_STEP][FAILED] - verifyElementPropertyValue(a, "ObjReturn[3].ServiceName", "SOFTWARE"): Expected element property value 'SOFTWARE' is not equal with actual property value 'null'

2019-02-13 17:11:28 - [MESSAGE][FAILED] - Expected element property value 'SOFTWARE' is not equal with actual property value 'null'

2019-02-13 17:11:28 - [TEST_STEP][FAILED] - verifyElementPropertyValue(a, "ObjReturn[3].ServiceItemId", 19): Expected element property value '19' is not equal with actual property value '0'

2019-02-13 17:11:28 - [MESSAGE][FAILED] - Expected element property value '19' is not equal with actual property value '0'

2019-02-13 17:11:28 - [TEST_STEP][FAILED] - verifyElementPropertyValue(a, "ObjReturn[3].ServiceItemName", "Mở máy tính không lên"): Expected element property value 'Mở máy tính không lên' is not equal with actual property value 'null'

2019-02-13 17:11:28 - [MESSAGE][FAILED] - Expected element property value 'Mở máy tính không lên' is not equal with actual property value 'null'

2019-02-13 17:11:28 - [TEST_STEP][FAILED] - verifyElementPropertyValue(a, "ObjReturn[3].RequestName", "Passio 47 TCV - Mở máy tính không lên"): Expected element property value 'Passio 47 TCV - Mở máy tính không lên' is not equal with actual property value 'Passio 47 TCV - Sửa chữa máy POS  không in được.'

2019-02-13 17:11:28 - [MESSAGE][FAILED] - Expected element property value 'Passio 47 TCV - Mở máy tính không lên' is not equal with actual property value 'Passio 47 TCV - Sửa chữa máy POS  không in được.'

2019-02-13 17:11:28 - [TEST_STEP][FAILED] - verifyElementPropertyValue(a, "ObjReturn[3].RequestDesciption", ""): Expected element property value '' is not equal with actual property value 'null'

2019-02-13 17:11:28 - [MESSAGE][FAILED] - Expected element property value '' is not equal with actual property value 'null'

2019-02-13 17:11:28 - [TEST_STEP][FAILED] - verifyElementPropertyValue(a, "ObjReturn[3].AgencyTelephone", "0966167423"): Expected element property value '0966167423' is not equal with actual property value 'null'

2019-02-13 17:11:28 - [MESSAGE][FAILED] - Expected element property value '0966167423' is not equal with actual property value 'null'

2019-02-13 17:11:28 - [TEST_STEP][FAILED] - verifyElementPropertyValue(a, "ObjReturn[3].CreateDate", "15:10 16/01/2019"): Expected element property value '15:10 16/01/2019' is not equal with actual property value '09:20 24/01/2019'

2019-02-13 17:11:28 - [MESSAGE][FAILED] - Expected element property value '15:10 16/01/2019' is not equal with actual property value '09:20 24/01/2019'

2019-02-13 17:11:28 - [TEST_STEP][FAILED] - verifyElementPropertyValue(a, "ObjReturn[3].UpdateDate", "15:11 16/01/2019"): Expected element property value '15:11 16/01/2019' is not equal with actual property value '10:16 24/01/2019'

2019-02-13 17:11:28 - [MESSAGE][FAILED] - Expected element property value '15:11 16/01/2019' is not equal with actual property value '10:16 24/01/2019'

2019-02-13 17:11:28 - [TEST_STEP][FAILED] - verifyElementPropertyValue(a, "ObjReturn[3].StartTime", "10:47 16/01/2019"): Expected element property value '10:47 16/01/2019' is not equal with actual property value ''

2019-02-13 17:11:28 - [MESSAGE][FAILED] - Expected element property value '10:47 16/01/2019' is not equal with actual property value ''

2019-02-13 17:11:28 - [TEST_STEP][FAILED] - verifyElementPropertyValue(a, "ObjReturn[3].EndTime", null): Expected element property value 'null' is not equal with actual property value ''

2019-02-13 17:11:28 - [MESSAGE][FAILED] - Expected element property value 'null' is not equal with actual property value ''

2019-02-13 17:11:28 - [TEST_STEP][PASSED] - verifyElementPropertyValue(a, "ObjReturn[3].RequestStatus", "Hoàn thành"): Verify element property value successfully

2019-02-13 17:11:28 - [MESSAGE][PASSED] - Verify element property value successfully

2019-02-13 17:11:28 - [TEST_STEP][FAILED] - verifyElementPropertyValue(a, "ObjReturn[3].RequestStatusValue", 3): Expected element property value '3' is not equal with actual property value '0'

2019-02-13 17:11:28 - [MESSAGE][FAILED] - Expected element property value '3' is not equal with actual property value '0'

2019-02-13 17:11:28 - [TEST_STEP][FAILED] - verifyElementPropertyValue(a, "ObjReturn[3].RequestEstimationTime", "15:38 16/01/2019"): Expected element property value '15:38 16/01/2019' is not equal with actual property value '09:20 24/01/2019'

2019-02-13 17:11:28 - [MESSAGE][FAILED] - Expected element property value '15:38 16/01/2019' is not equal with actual property value '09:20 24/01/2019'

2019-02-13 17:11:28 - [TEST_STEP][PASSED] - verifyElementPropertyValue(a, "ObjReturn[3].NumberOfTicketDone", 0): Verify element property value successfully

2019-02-13 17:11:28 - [MESSAGE][PASSED] - Verify element property value successfully

2019-02-13 17:11:28 - [TEST_STEP][PASSED] - verifyElementPropertyValue(a, "ObjReturn[3].NumberTicketInProcessing", 0): Verify element property value successfully

2019-02-13 17:11:28 - [MESSAGE][PASSED] - Verify element property value successfully

2019-02-13 17:11:28 - [TEST_STEP][PASSED] - verifyElementPropertyValue(a, "ObjReturn[3].NumberOfTicket", 0): Verify element property value successfully

2019-02-13 17:11:28 - [MESSAGE][PASSED] - Verify element property value successfully

2019-02-13 17:11:28 - [TEST_STEP][PASSED] - verifyElementPropertyValue(a, "ObjReturn[3].ITSupporterName", "Chưa có người xử lý"): Verify element property value successfully

2019-02-13 17:11:28 - [MESSAGE][PASSED] - Verify element property value successfully

2019-02-13 17:11:28 - [TEST_STEP][FAILED] - verifyElementPropertyValue(a, "ObjReturn[3].ITSupporterPhone", null): Expected element property value 'null' is not equal with actual property value '0773909125'

2019-02-13 17:11:28 - [MESSAGE][FAILED] - Expected element property value 'null' is not equal with actual property value '0773909125'

2019-02-13 17:11:28 - [TEST_STEP][PASSED] - verifyElementPropertyValue(a, "ObjReturn[3].FeedBack", null): Verify element property value successfully

2019-02-13 17:11:29 - [MESSAGE][PASSED] - Verify element property value successfully

2019-02-13 17:11:29 - [TEST_STEP][FAILED] - verifyElementPropertyValue(a, "ObjReturn[3].Rating", 4): Expected element property value '4' is not equal with actual property value '0'

2019-02-13 17:11:29 - [MESSAGE][FAILED] - Expected element property value '4' is not equal with actual property value '0'

2019-02-13 17:11:29 - [TEST_STEP][PASSED] - verifyElementPropertyValue(a, "ObjReturn[3].Priority", null): Verify element property value successfully

2019-02-13 17:11:29 - [MESSAGE][PASSED] - Verify element property value successfully

2019-02-13 17:11:29 - [TEST_STEP][PASSED] - verifyElementPropertyValue(a, "ObjReturn[3].PriorityValue", 0): Verify element property value successfully

2019-02-13 17:11:29 - [MESSAGE][PASSED] - Verify element property value successfully

2019-02-13 17:11:29 - [TEST_STEP][FAILED] - verifyElementPropertyValue(a, "ObjReturn[4].RequestId", 7): Expected element property value '7' is not equal with actual property value '25'

2019-02-13 17:11:29 - [MESSAGE][FAILED] - Expected element property value '7' is not equal with actual property value '25'

2019-02-13 17:11:29 - [TEST_STEP][FAILED] - verifyElementPropertyValue(a, "ObjReturn[4].AgencyId", 3): Expected element property value '3' is not equal with actual property value '0'

2019-02-13 17:11:29 - [MESSAGE][FAILED] - Expected element property value '3' is not equal with actual property value '0'

2019-02-13 17:11:29 - [TEST_STEP][PASSED] - verifyElementPropertyValue(a, "ObjReturn[4].AgencyName", "Passio 47 TCV"): Verify element property value successfully

2019-02-13 17:11:29 - [MESSAGE][PASSED] - Verify element property value successfully

2019-02-13 17:11:29 - [TEST_STEP][FAILED] - verifyElementPropertyValue(a, "ObjReturn[4].AgencyAddress", "47 Trần Cao Vân"): Expected element property value '47 Trần Cao Vân' is not equal with actual property value 'null'

2019-02-13 17:11:29 - [MESSAGE][FAILED] - Expected element property value '47 Trần Cao Vân' is not equal with actual property value 'null'

2019-02-13 17:11:29 - [TEST_STEP][FAILED] - verifyElementPropertyValue(a, "ObjReturn[4].RequestCategoryId", 3): Expected element property value '3' is not equal with actual property value '0'

2019-02-13 17:11:29 - [MESSAGE][FAILED] - Expected element property value '3' is not equal with actual property value '0'

2019-02-13 17:11:29 - [TEST_STEP][FAILED] - verifyElementPropertyValue(a, "ObjReturn[4].ServiceId", 14): Expected element property value '14' is not equal with actual property value '0'

2019-02-13 17:11:29 - [MESSAGE][FAILED] - Expected element property value '14' is not equal with actual property value '0'

2019-02-13 17:11:29 - [TEST_STEP][FAILED] - verifyElementPropertyValue(a, "ObjReturn[4].ServiceName", "SOFTWARE"): Expected element property value 'SOFTWARE' is not equal with actual property value 'null'

2019-02-13 17:11:29 - [MESSAGE][FAILED] - Expected element property value 'SOFTWARE' is not equal with actual property value 'null'

2019-02-13 17:11:29 - [TEST_STEP][FAILED] - verifyElementPropertyValue(a, "ObjReturn[4].ServiceItemId", 19): Expected element property value '19' is not equal with actual property value '0'

2019-02-13 17:11:29 - [MESSAGE][FAILED] - Expected element property value '19' is not equal with actual property value '0'

2019-02-13 17:11:29 - [TEST_STEP][FAILED] - verifyElementPropertyValue(a, "ObjReturn[4].ServiceItemName", "Mở máy tính không lên"): Expected element property value 'Mở máy tính không lên' is not equal with actual property value 'null'

2019-02-13 17:11:29 - [MESSAGE][FAILED] - Expected element property value 'Mở máy tính không lên' is not equal with actual property value 'null'

2019-02-13 17:11:29 - [TEST_STEP][PASSED] - verifyElementPropertyValue(a, "ObjReturn[4].RequestName", "Passio 47 TCV - Mở máy tính không lên"): Verify element property value successfully

2019-02-13 17:11:29 - [MESSAGE][PASSED] - Verify element property value successfully

2019-02-13 17:11:29 - [TEST_STEP][FAILED] - verifyElementPropertyValue(a, "ObjReturn[4].RequestDesciption", "dsa"): Expected element property value 'dsa' is not equal with actual property value 'null'

2019-02-13 17:11:29 - [MESSAGE][FAILED] - Expected element property value 'dsa' is not equal with actual property value 'null'

2019-02-13 17:11:29 - [TEST_STEP][FAILED] - verifyElementPropertyValue(a, "ObjReturn[4].AgencyTelephone", "0966167423"): Expected element property value '0966167423' is not equal with actual property value 'null'

2019-02-13 17:11:29 - [MESSAGE][FAILED] - Expected element property value '0966167423' is not equal with actual property value 'null'

2019-02-13 17:11:29 - [TEST_STEP][FAILED] - verifyElementPropertyValue(a, "ObjReturn[4].CreateDate", "14:43 16/01/2019"): Expected element property value '14:43 16/01/2019' is not equal with actual property value '10:34 22/01/2019'

2019-02-13 17:11:29 - [MESSAGE][FAILED] - Expected element property value '14:43 16/01/2019' is not equal with actual property value '10:34 22/01/2019'

2019-02-13 17:11:29 - [TEST_STEP][FAILED] - verifyElementPropertyValue(a, "ObjReturn[4].UpdateDate", "14:45 16/01/2019"): Expected element property value '14:45 16/01/2019' is not equal with actual property value '10:34 22/01/2019'

2019-02-13 17:11:29 - [MESSAGE][FAILED] - Expected element property value '14:45 16/01/2019' is not equal with actual property value '10:34 22/01/2019'

2019-02-13 17:11:29 - [TEST_STEP][FAILED] - verifyElementPropertyValue(a, "ObjReturn[4].StartTime", "10:47 16/01/2019"): Expected element property value '10:47 16/01/2019' is not equal with actual property value ''

2019-02-13 17:11:29 - [MESSAGE][FAILED] - Expected element property value '10:47 16/01/2019' is not equal with actual property value ''

2019-02-13 17:11:29 - [TEST_STEP][FAILED] - verifyElementPropertyValue(a, "ObjReturn[4].EndTime", "11:47 16/01/2019"): Expected element property value '11:47 16/01/2019' is not equal with actual property value ''

2019-02-13 17:11:29 - [MESSAGE][FAILED] - Expected element property value '11:47 16/01/2019' is not equal with actual property value ''

2019-02-13 17:11:29 - [TEST_STEP][PASSED] - verifyElementPropertyValue(a, "ObjReturn[4].RequestStatus", "Hoàn thành"): Verify element property value successfully

2019-02-13 17:11:29 - [MESSAGE][PASSED] - Verify element property value successfully

2019-02-13 17:11:29 - [TEST_STEP][FAILED] - verifyElementPropertyValue(a, "ObjReturn[4].RequestStatusValue", 3): Expected element property value '3' is not equal with actual property value '0'

2019-02-13 17:11:29 - [MESSAGE][FAILED] - Expected element property value '3' is not equal with actual property value '0'

2019-02-13 17:11:29 - [TEST_STEP][FAILED] - verifyElementPropertyValue(a, "ObjReturn[4].RequestEstimationTime", "19:43 16/01/2019"): Expected element property value '19:43 16/01/2019' is not equal with actual property value '10:34 22/01/2019'

2019-02-13 17:11:29 - [MESSAGE][FAILED] - Expected element property value '19:43 16/01/2019' is not equal with actual property value '10:34 22/01/2019'

2019-02-13 17:11:29 - [TEST_STEP][PASSED] - verifyElementPropertyValue(a, "ObjReturn[4].NumberOfTicketDone", 0): Verify element property value successfully

2019-02-13 17:11:29 - [MESSAGE][PASSED] - Verify element property value successfully

2019-02-13 17:11:29 - [TEST_STEP][PASSED] - verifyElementPropertyValue(a, "ObjReturn[4].NumberTicketInProcessing", 0): Verify element property value successfully

2019-02-13 17:11:29 - [MESSAGE][PASSED] - Verify element property value successfully

2019-02-13 17:11:29 - [TEST_STEP][FAILED] - verifyElementPropertyValue(a, "ObjReturn[4].NumberOfTicket", 1): Expected element property value '1' is not equal with actual property value '0'

2019-02-13 17:11:29 - [MESSAGE][FAILED] - Expected element property value '1' is not equal with actual property value '0'

2019-02-13 17:11:29 - [TEST_STEP][FAILED] - verifyElementPropertyValue(a, "ObjReturn[4].ITSupporterName", "Ngô Thanh Chiến"): Expected element property value 'Ngô Thanh Chiến' is not equal with actual property value 'Chưa có người xử lý'

2019-02-13 17:11:29 - [MESSAGE][FAILED] - Expected element property value 'Ngô Thanh Chiến' is not equal with actual property value 'Chưa có người xử lý'

2019-02-13 17:11:29 - [TEST_STEP][PASSED] - verifyElementPropertyValue(a, "ObjReturn[4].ITSupporterPhone", "0773909125"): Verify element property value successfully

2019-02-13 17:11:29 - [MESSAGE][PASSED] - Verify element property value successfully

2019-02-13 17:11:29 - [TEST_STEP][FAILED] - verifyElementPropertyValue(a, "ObjReturn[4].FeedBack", "agag"): Expected element property value 'agag' is not equal with actual property value 'null'

2019-02-13 17:11:29 - [MESSAGE][FAILED] - Expected element property value 'agag' is not equal with actual property value 'null'

2019-02-13 17:11:29 - [TEST_STEP][FAILED] - verifyElementPropertyValue(a, "ObjReturn[4].Rating", 3): Expected element property value '3' is not equal with actual property value '0'

2019-02-13 17:11:29 - [MESSAGE][FAILED] - Expected element property value '3' is not equal with actual property value '0'

2019-02-13 17:11:29 - [TEST_STEP][FAILED] - verifyElementPropertyValue(a, "ObjReturn[4].Priority", "Cao"): Expected element property value 'Cao' is not equal with actual property value 'null'

2019-02-13 17:11:29 - [MESSAGE][FAILED] - Expected element property value 'Cao' is not equal with actual property value 'null'

2019-02-13 17:11:29 - [TEST_STEP][FAILED] - verifyElementPropertyValue(a, "ObjReturn[4].PriorityValue", 1): Expected element property value '1' is not equal with actual property value '0'

2019-02-13 17:11:29 - [MESSAGE][FAILED] - Expected element property value '1' is not equal with actual property value '0'

2019-02-13 17:11:29 - [TEST_STEP][FAILED] - verifyElementPropertyValue(a, "ObjReturn[4].Tickets[0].TicketId", 13): Unable to verify element property value (Root cause: java.lang.NullPointerException: Cannot get property 'TicketId' on null object)

2019-02-13 17:11:29 - [MESSAGE][FAILED] - Unable to verify element property value (Root cause: java.lang.NullPointerException: Cannot get property 'TicketId' on null object)

2019-02-13 17:11:29 - [TEST_STEP][FAILED] - verifyElementPropertyValue(a, "ObjReturn[4].Tickets[0].DeviceId", 8): Unable to verify element property value (Root cause: java.lang.NullPointerException: Cannot get property 'DeviceId' on null object)

2019-02-13 17:11:29 - [MESSAGE][FAILED] - Unable to verify element property value (Root cause: java.lang.NullPointerException: Cannot get property 'DeviceId' on null object)

2019-02-13 17:11:29 - [TEST_STEP][FAILED] - verifyElementPropertyValue(a, "ObjReturn[4].Tickets[0].DeviceCode", "P00DDS"): Unable to verify element property value (Root cause: java.lang.NullPointerException: Cannot get property 'DeviceCode' on null object)

2019-02-13 17:11:29 - [MESSAGE][FAILED] - Unable to verify element property value (Root cause: java.lang.NullPointerException: Cannot get property 'DeviceCode' on null object)

2019-02-13 17:11:29 - [TEST_STEP][FAILED] - verifyElementPropertyValue(a, "ObjReturn[4].Tickets[0].Desciption", "Được Thêm bởi Admin vào lúc 1/17/2019 12:24:23 PM cho sự cố Uni deli - Sửa chữa máy POS  không in được."): Unable to verify element property value (Root cause: java.lang.NullPointerException: Cannot get property 'Desciption' on null object)

2019-02-13 17:11:29 - [MESSAGE][FAILED] - Unable to verify element property value (Root cause: java.lang.NullPointerException: Cannot get property 'Desciption' on null object)

2019-02-13 17:11:29 - [TEST_STEP][FAILED] - verifyElementPropertyValue(a, "ObjReturn[4].Tickets[0].DeviceName", "POS Sunmi"): Unable to verify element property value (Root cause: java.lang.NullPointerException: Cannot get property 'DeviceName' on null object)

2019-02-13 17:11:29 - [MESSAGE][FAILED] - Unable to verify element property value (Root cause: java.lang.NullPointerException: Cannot get property 'DeviceName' on null object)

2019-02-13 17:11:29 - [TEST_STEP][FAILED] - verifyElementPropertyValue(a, "ObjReturn[4].Tickets[0].CreateDate", "12:24 17/01/2019"): Unable to verify element property value (Root cause: java.lang.NullPointerException: Cannot get property 'CreateDate' on null object)

2019-02-13 17:11:29 - [MESSAGE][FAILED] - Unable to verify element property value (Root cause: java.lang.NullPointerException: Cannot get property 'CreateDate' on null object)

2019-02-13 17:11:29 - [TEST_STEP][FAILED] - verifyElementPropertyValue(a, "ObjReturn[4].Tickets[0].CreateBy", "ADMIN"): Unable to verify element property value (Root cause: java.lang.NullPointerException: Cannot get property 'CreateBy' on null object)

2019-02-13 17:11:29 - [MESSAGE][FAILED] - Unable to verify element property value (Root cause: java.lang.NullPointerException: Cannot get property 'CreateBy' on null object)

2019-02-13 17:11:29 - [TEST_STEP][FAILED] - verifyElementPropertyValue(a, "ObjReturn[5].RequestId", 5): Expected element property value '5' is not equal with actual property value '23'

2019-02-13 17:11:29 - [MESSAGE][FAILED] - Expected element property value '5' is not equal with actual property value '23'

2019-02-13 17:11:29 - [TEST_STEP][FAILED] - verifyElementPropertyValue(a, "ObjReturn[5].AgencyId", 3): Expected element property value '3' is not equal with actual property value '0'

2019-02-13 17:11:29 - [MESSAGE][FAILED] - Expected element property value '3' is not equal with actual property value '0'

2019-02-13 17:11:29 - [TEST_STEP][PASSED] - verifyElementPropertyValue(a, "ObjReturn[5].AgencyName", "Passio 47 TCV"): Verify element property value successfully

2019-02-13 17:11:29 - [MESSAGE][PASSED] - Verify element property value successfully

2019-02-13 17:11:29 - [TEST_STEP][FAILED] - verifyElementPropertyValue(a, "ObjReturn[5].AgencyAddress", "47 Trần Cao Vân"): Expected element property value '47 Trần Cao Vân' is not equal with actual property value 'null'

2019-02-13 17:11:29 - [MESSAGE][FAILED] - Expected element property value '47 Trần Cao Vân' is not equal with actual property value 'null'

2019-02-13 17:11:29 - [TEST_STEP][FAILED] - verifyElementPropertyValue(a, "ObjReturn[5].RequestCategoryId", 3): Expected element property value '3' is not equal with actual property value '0'

2019-02-13 17:11:29 - [MESSAGE][FAILED] - Expected element property value '3' is not equal with actual property value '0'

2019-02-13 17:11:29 - [TEST_STEP][FAILED] - verifyElementPropertyValue(a, "ObjReturn[5].ServiceId", 14): Expected element property value '14' is not equal with actual property value '0'

2019-02-13 17:11:29 - [MESSAGE][FAILED] - Expected element property value '14' is not equal with actual property value '0'

2019-02-13 17:11:29 - [TEST_STEP][FAILED] - verifyElementPropertyValue(a, "ObjReturn[5].ServiceName", "SOFTWARE"): Expected element property value 'SOFTWARE' is not equal with actual property value 'null'

2019-02-13 17:11:29 - [MESSAGE][FAILED] - Expected element property value 'SOFTWARE' is not equal with actual property value 'null'

2019-02-13 17:11:29 - [TEST_STEP][FAILED] - verifyElementPropertyValue(a, "ObjReturn[5].ServiceItemId", 19): Expected element property value '19' is not equal with actual property value '0'

2019-02-13 17:11:29 - [MESSAGE][FAILED] - Expected element property value '19' is not equal with actual property value '0'

2019-02-13 17:11:29 - [TEST_STEP][FAILED] - verifyElementPropertyValue(a, "ObjReturn[5].ServiceItemName", "Mở máy tính không lên"): Expected element property value 'Mở máy tính không lên' is not equal with actual property value 'null'

2019-02-13 17:11:29 - [MESSAGE][FAILED] - Expected element property value 'Mở máy tính không lên' is not equal with actual property value 'null'

2019-02-13 17:11:29 - [TEST_STEP][FAILED] - verifyElementPropertyValue(a, "ObjReturn[5].RequestName", "Passio 47 TCV - Mở máy tính không lên"): Expected element property value 'Passio 47 TCV - Mở máy tính không lên' is not equal with actual property value 'Camera không hiện màu'

2019-02-13 17:11:29 - [MESSAGE][FAILED] - Expected element property value 'Passio 47 TCV - Mở máy tính không lên' is not equal with actual property value 'Camera không hiện màu'

2019-02-13 17:11:29 - [TEST_STEP][FAILED] - verifyElementPropertyValue(a, "ObjReturn[5].RequestDesciption", ""): Expected element property value '' is not equal with actual property value 'null'

2019-02-13 17:11:29 - [MESSAGE][FAILED] - Expected element property value '' is not equal with actual property value 'null'

2019-02-13 17:11:29 - [TEST_STEP][FAILED] - verifyElementPropertyValue(a, "ObjReturn[5].AgencyTelephone", "0966167423"): Expected element property value '0966167423' is not equal with actual property value 'null'

2019-02-13 17:11:30 - [MESSAGE][FAILED] - Expected element property value '0966167423' is not equal with actual property value 'null'

2019-02-13 17:11:30 - [TEST_STEP][FAILED] - verifyElementPropertyValue(a, "ObjReturn[5].CreateDate", "14:21 16/01/2019"): Expected element property value '14:21 16/01/2019' is not equal with actual property value '11:25 21/01/2019'

2019-02-13 17:11:30 - [MESSAGE][FAILED] - Expected element property value '14:21 16/01/2019' is not equal with actual property value '11:25 21/01/2019'

2019-02-13 17:11:30 - [TEST_STEP][FAILED] - verifyElementPropertyValue(a, "ObjReturn[5].UpdateDate", "14:31 16/01/2019"): Expected element property value '14:31 16/01/2019' is not equal with actual property value '11:40 21/01/2019'

2019-02-13 17:11:30 - [MESSAGE][FAILED] - Expected element property value '14:31 16/01/2019' is not equal with actual property value '11:40 21/01/2019'

2019-02-13 17:11:30 - [TEST_STEP][FAILED] - verifyElementPropertyValue(a, "ObjReturn[5].StartTime", "10:47 16/01/2019"): Expected element property value '10:47 16/01/2019' is not equal with actual property value ''

2019-02-13 17:11:30 - [MESSAGE][FAILED] - Expected element property value '10:47 16/01/2019' is not equal with actual property value ''

2019-02-13 17:11:30 - [TEST_STEP][FAILED] - verifyElementPropertyValue(a, "ObjReturn[5].EndTime", null): Expected element property value 'null' is not equal with actual property value ''

2019-02-13 17:11:30 - [MESSAGE][FAILED] - Expected element property value 'null' is not equal with actual property value ''

2019-02-13 17:11:30 - [TEST_STEP][PASSED] - verifyElementPropertyValue(a, "ObjReturn[5].RequestStatus", "Hoàn thành"): Verify element property value successfully

2019-02-13 17:11:30 - [MESSAGE][PASSED] - Verify element property value successfully

2019-02-13 17:11:30 - [TEST_STEP][FAILED] - verifyElementPropertyValue(a, "ObjReturn[5].RequestStatusValue", 3): Expected element property value '3' is not equal with actual property value '0'

2019-02-13 17:11:30 - [MESSAGE][FAILED] - Expected element property value '3' is not equal with actual property value '0'

2019-02-13 17:11:30 - [TEST_STEP][FAILED] - verifyElementPropertyValue(a, "ObjReturn[5].RequestEstimationTime", "14:21 16/01/2019"): Expected element property value '14:21 16/01/2019' is not equal with actual property value '11:25 21/01/2019'

2019-02-13 17:11:30 - [MESSAGE][FAILED] - Expected element property value '14:21 16/01/2019' is not equal with actual property value '11:25 21/01/2019'

2019-02-13 17:11:30 - [TEST_STEP][PASSED] - verifyElementPropertyValue(a, "ObjReturn[5].NumberOfTicketDone", 0): Verify element property value successfully

2019-02-13 17:11:30 - [MESSAGE][PASSED] - Verify element property value successfully

2019-02-13 17:11:30 - [TEST_STEP][PASSED] - verifyElementPropertyValue(a, "ObjReturn[5].NumberTicketInProcessing", 0): Verify element property value successfully

2019-02-13 17:11:30 - [MESSAGE][PASSED] - Verify element property value successfully

2019-02-13 17:11:30 - [TEST_STEP][FAILED] - verifyElementPropertyValue(a, "ObjReturn[5].NumberOfTicket", 0): Expected element property value '0' is not equal with actual property value '1'

2019-02-13 17:11:30 - [MESSAGE][FAILED] - Expected element property value '0' is not equal with actual property value '1'

2019-02-13 17:11:30 - [TEST_STEP][PASSED] - verifyElementPropertyValue(a, "ObjReturn[5].ITSupporterName", "Chưa có người xử lý"): Verify element property value successfully

2019-02-13 17:11:30 - [MESSAGE][PASSED] - Verify element property value successfully

2019-02-13 17:11:30 - [TEST_STEP][FAILED] - verifyElementPropertyValue(a, "ObjReturn[5].ITSupporterPhone", null): Expected element property value 'null' is not equal with actual property value '0773909125'

2019-02-13 17:11:30 - [MESSAGE][FAILED] - Expected element property value 'null' is not equal with actual property value '0773909125'

2019-02-13 17:11:30 - [TEST_STEP][PASSED] - verifyElementPropertyValue(a, "ObjReturn[5].FeedBack", null): Verify element property value successfully

2019-02-13 17:11:30 - [MESSAGE][PASSED] - Verify element property value successfully

2019-02-13 17:11:30 - [TEST_STEP][FAILED] - verifyElementPropertyValue(a, "ObjReturn[5].Rating", null): Expected element property value 'null' is not equal with actual property value '0'

2019-02-13 17:11:30 - [MESSAGE][FAILED] - Expected element property value 'null' is not equal with actual property value '0'

2019-02-13 17:11:30 - [TEST_STEP][PASSED] - verifyElementPropertyValue(a, "ObjReturn[5].Priority", null): Verify element property value successfully

2019-02-13 17:11:30 - [MESSAGE][PASSED] - Verify element property value successfully

2019-02-13 17:11:30 - [TEST_STEP][FAILED] - verifyElementPropertyValue(a, "ObjReturn[5].PriorityValue", null): Expected element property value 'null' is not equal with actual property value '0'

2019-02-13 17:11:30 - [MESSAGE][FAILED] - Expected element property value 'null' is not equal with actual property value '0'

2019-02-13 17:11:30 - [TEST_STEP][FAILED] - sendRequest(findTestObject(null)): sendRequest(findTestObject(null)) FAILED.
Reason:
com.kms.katalon.core.exception.StepFailedException: Expected element property value '23' is not equal with actual property value '33'
	at com.kms.katalon.core.keyword.internal.KeywordMain.stepFailed(KeywordMain.groovy:32)
	at com.kms.katalon.core.webservice.keyword.builtin.VerifyElementPropertyValueKeyword$_verifyElementPropertyValue_closure1.doCall(VerifyElementPropertyValueKeyword.groovy:56)
	at com.kms.katalon.core.webservice.keyword.builtin.VerifyElementPropertyValueKeyword$_verifyElementPropertyValue_closure1.call(VerifyElementPropertyValueKeyword.groovy)
	at com.kms.katalon.core.keyword.internal.KeywordMain.runKeyword(KeywordMain.groovy:54)
	at com.kms.katalon.core.webservice.keyword.builtin.VerifyElementPropertyValueKeyword.verifyElementPropertyValue(VerifyElementPropertyValueKeyword.groovy:48)
	at com.kms.katalon.core.webservice.keyword.builtin.VerifyElementPropertyValueKeyword.execute(VerifyElementPropertyValueKeyword.groovy:43)
	at com.kms.katalon.core.keyword.internal.KeywordExecutor.executeKeywordForPlatform(KeywordExecutor.groovy:53)
	at com.kms.katalon.core.webservice.keyword.WSBuiltInKeywords.verifyElementPropertyValue(WSBuiltInKeywords.groovy:123)
	at com.kms.katalon.core.webservice.keyword.WSBuiltInKeywords$verifyElementPropertyValue$1.call(Unknown Source)
	at 51RequestHistoryByAgency.run(51RequestHistoryByAgency:20)
	at com.kms.katalon.core.main.ScriptEngine.run(ScriptEngine.java:194)
	at com.kms.katalon.core.main.ScriptEngine.runScriptAsRawText(ScriptEngine.java:119)
	at com.kms.katalon.core.main.TestCaseExecutor.runScript(TestCaseExecutor.java:328)
	at com.kms.katalon.core.main.TestCaseExecutor.doExecute(TestCaseExecutor.java:319)
	at com.kms.katalon.core.main.TestCaseExecutor.processExecutionPhase(TestCaseExecutor.java:298)
	at com.kms.katalon.core.main.TestCaseExecutor.accessMainPhase(TestCaseExecutor.java:290)
	at com.kms.katalon.core.main.TestCaseExecutor.execute(TestCaseExecutor.java:224)
	at com.kms.katalon.core.main.TestSuiteExecutor.accessTestCaseMainPhase(TestSuiteExecutor.java:129)
	at com.kms.katalon.core.main.TestSuiteExecutor.accessTestSuiteMainPhase(TestSuiteExecutor.java:112)
	at com.kms.katalon.core.main.TestSuiteExecutor.execute(TestSuiteExecutor.java:81)
	at com.kms.katalon.core.main.TestCaseMain.startTestSuite(TestCaseMain.java:149)
	at com.kms.katalon.core.main.TestCaseMain$startTestSuite$0.call(Unknown Source)
	at TempTestSuite1550052666022.run(TempTestSuite1550052666022.groovy:36)


2019-02-13 17:11:30 - [MESSAGE][WARNING] - Test object id is null

2019-02-13 17:11:30 - [MESSAGE][FAILED] - Unable to send request (Root cause: java.lang.IllegalArgumentException: Request object is null)

2019-02-13 17:11:30 - [MESSAGE][FAILED] - sendRequest(findTestObject(null)) FAILED.
Reason:
com.kms.katalon.core.exception.StepFailedException: Expected element property value '23' is not equal with actual property value '33'
	at com.kms.katalon.core.keyword.internal.KeywordMain.stepFailed(KeywordMain.groovy:32)
	at com.kms.katalon.core.webservice.keyword.builtin.VerifyElementPropertyValueKeyword$_verifyElementPropertyValue_closure1.doCall(VerifyElementPropertyValueKeyword.groovy:56)
	at com.kms.katalon.core.webservice.keyword.builtin.VerifyElementPropertyValueKeyword$_verifyElementPropertyValue_closure1.call(VerifyElementPropertyValueKeyword.groovy)
	at com.kms.katalon.core.keyword.internal.KeywordMain.runKeyword(KeywordMain.groovy:54)
	at com.kms.katalon.core.webservice.keyword.builtin.VerifyElementPropertyValueKeyword.verifyElementPropertyValue(VerifyElementPropertyValueKeyword.groovy:48)
	at com.kms.katalon.core.webservice.keyword.builtin.VerifyElementPropertyValueKeyword.execute(VerifyElementPropertyValueKeyword.groovy:43)
	at com.kms.katalon.core.keyword.internal.KeywordExecutor.executeKeywordForPlatform(KeywordExecutor.groovy:53)
	at com.kms.katalon.core.webservice.keyword.WSBuiltInKeywords.verifyElementPropertyValue(WSBuiltInKeywords.groovy:123)
	at com.kms.katalon.core.webservice.keyword.WSBuiltInKeywords$verifyElementPropertyValue$1.call(Unknown Source)
	at 51RequestHistoryByAgency.run(51RequestHistoryByAgency:20)
	at com.kms.katalon.core.main.ScriptEngine.run(ScriptEngine.java:194)
	at com.kms.katalon.core.main.ScriptEngine.runScriptAsRawText(ScriptEngine.java:119)
	at com.kms.katalon.core.main.TestCaseExecutor.runScript(TestCaseExecutor.java:328)
	at com.kms.katalon.core.main.TestCaseExecutor.doExecute(TestCaseExecutor.java:319)
	at com.kms.katalon.core.main.TestCaseExecutor.processExecutionPhase(TestCaseExecutor.java:298)
	at com.kms.katalon.core.main.TestCaseExecutor.accessMainPhase(TestCaseExecutor.java:290)
	at com.kms.katalon.core.main.TestCaseExecutor.execute(TestCaseExecutor.java:224)
	at com.kms.katalon.core.main.TestSuiteExecutor.accessTestCaseMainPhase(TestSuiteExecutor.java:129)
	at com.kms.katalon.core.main.TestSuiteExecutor.accessTestSuiteMainPhase(TestSuiteExecutor.java:112)
	at com.kms.katalon.core.main.TestSuiteExecutor.execute(TestSuiteExecutor.java:81)
	at com.kms.katalon.core.main.TestCaseMain.startTestSuite(TestCaseMain.java:149)
	at com.kms.katalon.core.main.TestCaseMain$startTestSuite$0.call(Unknown Source)
	at TempTestSuite1550052666022.run(TempTestSuite1550052666022.groovy:36)]]></system-out>
         <system-err><![CDATA[2019-02-13 17:11:25 - [TEST_CASE][FAILED] - Test Cases/Request/51RequestHistoryByAgency: Test Cases/Request/51RequestHistoryByAgency FAILED.
Reason:
com.kms.katalon.core.exception.StepFailedException: Expected element property value '23' is not equal with actual property value '33'
	at com.kms.katalon.core.keyword.internal.KeywordMain.stepFailed(KeywordMain.groovy:32)
	at com.kms.katalon.core.webservice.keyword.builtin.VerifyElementPropertyValueKeyword$_verifyElementPropertyValue_closure1.doCall(VerifyElementPropertyValueKeyword.groovy:56)
	at com.kms.katalon.core.webservice.keyword.builtin.VerifyElementPropertyValueKeyword$_verifyElementPropertyValue_closure1.call(VerifyElementPropertyValueKeyword.groovy)
	at com.kms.katalon.core.keyword.internal.KeywordMain.runKeyword(KeywordMain.groovy:54)
	at com.kms.katalon.core.webservice.keyword.builtin.VerifyElementPropertyValueKeyword.verifyElementPropertyValue(VerifyElementPropertyValueKeyword.groovy:48)
	at com.kms.katalon.core.webservice.keyword.builtin.VerifyElementPropertyValueKeyword.execute(VerifyElementPropertyValueKeyword.groovy:43)
	at com.kms.katalon.core.keyword.internal.KeywordExecutor.executeKeywordForPlatform(KeywordExecutor.groovy:53)
	at com.kms.katalon.core.webservice.keyword.WSBuiltInKeywords.verifyElementPropertyValue(WSBuiltInKeywords.groovy:123)
	at com.kms.katalon.core.webservice.keyword.WSBuiltInKeywords$verifyElementPropertyValue$1.call(Unknown Source)
	at 51RequestHistoryByAgency.run(51RequestHistoryByAgency:20)
	at com.kms.katalon.core.main.ScriptEngine.run(ScriptEngine.java:194)
	at com.kms.katalon.core.main.ScriptEngine.runScriptAsRawText(ScriptEngine.java:119)
	at com.kms.katalon.core.main.TestCaseExecutor.runScript(TestCaseExecutor.java:328)
	at com.kms.katalon.core.main.TestCaseExecutor.doExecute(TestCaseExecutor.java:319)
	at com.kms.katalon.core.main.TestCaseExecutor.processExecutionPhase(TestCaseExecutor.java:298)
	at com.kms.katalon.core.main.TestCaseExecutor.accessMainPhase(TestCaseExecutor.java:290)
	at com.kms.katalon.core.main.TestCaseExecutor.execute(TestCaseExecutor.java:224)
	at com.kms.katalon.core.main.TestSuiteExecutor.accessTestCaseMainPhase(TestSuiteExecutor.java:129)
	at com.kms.katalon.core.main.TestSuiteExecutor.accessTestSuiteMainPhase(TestSuiteExecutor.java:112)
	at com.kms.katalon.core.main.TestSuiteExecutor.execute(TestSuiteExecutor.java:81)
	at com.kms.katalon.core.main.TestCaseMain.startTestSuite(TestCaseMain.java:149)
	at com.kms.katalon.core.main.TestCaseMain$startTestSuite$0.call(Unknown Source)
	at TempTestSuite1550052666022.run(TempTestSuite1550052666022.groovy:36)]]></system-err>
      </testcase>
      <testcase name="Test Cases/Request/52RequestHistoryInRequest" classname="Test Cases/Request/52RequestHistoryInRequest" status="FAILED">
         <failure type="FAILED" message="Test Cases/Request/52RequestHistoryInRequest FAILED.
Reason:
com.kms.katalon.core.exception.StepFailedException: Expected element property value 'null' is not equal with actual property value ''
	at com.kms.katalon.core.keyword.internal.KeywordMain.stepFailed(KeywordMain.groovy:32)
	at com.kms.katalon.core.webservice.keyword.builtin.VerifyElementPropertyValueKeyword$_verifyElementPropertyValue_closure1.doCall(VerifyElementPropertyValueKeyword.groovy:56)
	at com.kms.katalon.core.webservice.keyword.builtin.VerifyElementPropertyValueKeyword$_verifyElementPropertyValue_closure1.call(VerifyElementPropertyValueKeyword.groovy)
	at com.kms.katalon.core.keyword.internal.KeywordMain.runKeyword(KeywordMain.groovy:54)
	at com.kms.katalon.core.webservice.keyword.builtin.VerifyElementPropertyValueKeyword.verifyElementPropertyValue(VerifyElementPropertyValueKeyword.groovy:48)
	at com.kms.katalon.core.webservice.keyword.builtin.VerifyElementPropertyValueKeyword.execute(VerifyElementPropertyValueKeyword.groovy:43)
	at com.kms.katalon.core.keyword.internal.KeywordExecutor.executeKeywordForPlatform(KeywordExecutor.groovy:53)
	at com.kms.katalon.core.webservice.keyword.WSBuiltInKeywords.verifyElementPropertyValue(WSBuiltInKeywords.groovy:123)
	at com.kms.katalon.core.webservice.keyword.WSBuiltInKeywords$verifyElementPropertyValue$1.call(Unknown Source)
	at 52RequestHistoryInRequest.run(52RequestHistoryInRequest:24)
	at com.kms.katalon.core.main.ScriptEngine.run(ScriptEngine.java:194)
	at com.kms.katalon.core.main.ScriptEngine.runScriptAsRawText(ScriptEngine.java:119)
	at com.kms.katalon.core.main.TestCaseExecutor.runScript(TestCaseExecutor.java:328)
	at com.kms.katalon.core.main.TestCaseExecutor.doExecute(TestCaseExecutor.java:319)
	at com.kms.katalon.core.main.TestCaseExecutor.processExecutionPhase(TestCaseExecutor.java:298)
	at com.kms.katalon.core.main.TestCaseExecutor.accessMainPhase(TestCaseExecutor.java:290)
	at com.kms.katalon.core.main.TestCaseExecutor.execute(TestCaseExecutor.java:224)
	at com.kms.katalon.core.main.TestSuiteExecutor.accessTestCaseMainPhase(TestSuiteExecutor.java:129)
	at com.kms.katalon.core.main.TestSuiteExecutor.accessTestSuiteMainPhase(TestSuiteExecutor.java:112)
	at com.kms.katalon.core.main.TestSuiteExecutor.execute(TestSuiteExecutor.java:81)
	at com.kms.katalon.core.main.TestCaseMain.startTestSuite(TestCaseMain.java:149)
	at com.kms.katalon.core.main.TestCaseMain$startTestSuite$0.call(Unknown Source)
	at TempTestSuite1550052666022.run(TempTestSuite1550052666022.groovy:36)
"/>
         <system-out><![CDATA[2019-02-13 17:11:30 - [TEST_CASE][FAILED] - Test Cases/Request/52RequestHistoryInRequest: Test Cases/Request/52RequestHistoryInRequest FAILED.
Reason:
com.kms.katalon.core.exception.StepFailedException: Expected element property value 'null' is not equal with actual property value ''
	at com.kms.katalon.core.keyword.internal.KeywordMain.stepFailed(KeywordMain.groovy:32)
	at com.kms.katalon.core.webservice.keyword.builtin.VerifyElementPropertyValueKeyword$_verifyElementPropertyValue_closure1.doCall(VerifyElementPropertyValueKeyword.groovy:56)
	at com.kms.katalon.core.webservice.keyword.builtin.VerifyElementPropertyValueKeyword$_verifyElementPropertyValue_closure1.call(VerifyElementPropertyValueKeyword.groovy)
	at com.kms.katalon.core.keyword.internal.KeywordMain.runKeyword(KeywordMain.groovy:54)
	at com.kms.katalon.core.webservice.keyword.builtin.VerifyElementPropertyValueKeyword.verifyElementPropertyValue(VerifyElementPropertyValueKeyword.groovy:48)
	at com.kms.katalon.core.webservice.keyword.builtin.VerifyElementPropertyValueKeyword.execute(VerifyElementPropertyValueKeyword.groovy:43)
	at com.kms.katalon.core.keyword.internal.KeywordExecutor.executeKeywordForPlatform(KeywordExecutor.groovy:53)
	at com.kms.katalon.core.webservice.keyword.WSBuiltInKeywords.verifyElementPropertyValue(WSBuiltInKeywords.groovy:123)
	at com.kms.katalon.core.webservice.keyword.WSBuiltInKeywords$verifyElementPropertyValue$1.call(Unknown Source)
	at 52RequestHistoryInRequest.run(52RequestHistoryInRequest:24)
	at com.kms.katalon.core.main.ScriptEngine.run(ScriptEngine.java:194)
	at com.kms.katalon.core.main.ScriptEngine.runScriptAsRawText(ScriptEngine.java:119)
	at com.kms.katalon.core.main.TestCaseExecutor.runScript(TestCaseExecutor.java:328)
	at com.kms.katalon.core.main.TestCaseExecutor.doExecute(TestCaseExecutor.java:319)
	at com.kms.katalon.core.main.TestCaseExecutor.processExecutionPhase(TestCaseExecutor.java:298)
	at com.kms.katalon.core.main.TestCaseExecutor.accessMainPhase(TestCaseExecutor.java:290)
	at com.kms.katalon.core.main.TestCaseExecutor.execute(TestCaseExecutor.java:224)
	at com.kms.katalon.core.main.TestSuiteExecutor.accessTestCaseMainPhase(TestSuiteExecutor.java:129)
	at com.kms.katalon.core.main.TestSuiteExecutor.accessTestSuiteMainPhase(TestSuiteExecutor.java:112)
	at com.kms.katalon.core.main.TestSuiteExecutor.execute(TestSuiteExecutor.java:81)
	at com.kms.katalon.core.main.TestCaseMain.startTestSuite(TestCaseMain.java:149)
	at com.kms.katalon.core.main.TestCaseMain$startTestSuite$0.call(Unknown Source)
	at TempTestSuite1550052666022.run(TempTestSuite1550052666022.groovy:36)


2019-02-13 17:11:30 - [TEST_STEP][PASSED] - a = sendRequest(findTestObject("Request/52RequestHistoryInRequest")): Send request successfully

2019-02-13 17:11:30 - [MESSAGE][PASSED] - Send request successfully

2019-02-13 17:11:30 - [TEST_STEP][PASSED] - verifyResponseStatusCode(a, 200): Verify response status code successfully

2019-02-13 17:11:30 - [MESSAGE][PASSED] - Verify response status code successfully

2019-02-13 17:11:30 - [TEST_STEP][PASSED] - verifyElementPropertyValue(a, "ObjReturn[0].RequestHistoryId", 1): Verify element property value successfully

2019-02-13 17:11:30 - [MESSAGE][PASSED] - Verify element property value successfully

2019-02-13 17:11:30 - [TEST_STEP][PASSED] - verifyElementPropertyValue(a, "ObjReturn[0].RequestId", 1): Verify element property value successfully

2019-02-13 17:11:30 - [MESSAGE][PASSED] - Verify element property value successfully

2019-02-13 17:11:30 - [TEST_STEP][FAILED] - verifyElementPropertyValue(a, "ObjReturn[0].PreSupporter_Name", null): Expected element property value 'null' is not equal with actual property value ''

2019-02-13 17:11:30 - [MESSAGE][FAILED] - Expected element property value 'null' is not equal with actual property value ''

2019-02-13 17:11:30 - [TEST_STEP][FAILED] - verifyElementPropertyValue(a, "ObjReturn[0].PreStatus", 5): Expected element property value '5' is not equal with actual property value '0'

2019-02-13 17:11:30 - [MESSAGE][FAILED] - Expected element property value '5' is not equal with actual property value '0'

2019-02-13 17:11:30 - [TEST_STEP][FAILED] - verifyElementPropertyValue(a, "ObjReturn[0].CreateDate", "11:20 17/01/2019"): Expected element property value '11:20 17/01/2019' is not equal with actual property value 'null'

2019-02-13 17:11:30 - [MESSAGE][FAILED] - Expected element property value '11:20 17/01/2019' is not equal with actual property value 'null'

2019-02-13 17:11:30 - [TEST_STEP][FAILED] - verifyElementPropertyValue(a, "ObjReturn[0].StartDate", null): Expected element property value 'null' is not equal with actual property value ''

2019-02-13 17:11:30 - [MESSAGE][FAILED] - Expected element property value 'null' is not equal with actual property value ''

2019-02-13 17:11:30 - [TEST_STEP][FAILED] - verifyElementPropertyValue(a, "ObjReturn[0].EndDate", null): Expected element property value 'null' is not equal with actual property value ''

2019-02-13 17:11:30 - [MESSAGE][FAILED] - Expected element property value 'null' is not equal with actual property value ''

2019-02-13 17:11:30 - [TEST_STEP][PASSED] - verifyElementPropertyValue(a, "ObjReturn[1].RequestHistoryId", 2): Verify element property value successfully

2019-02-13 17:11:30 - [MESSAGE][PASSED] - Verify element property value successfully

2019-02-13 17:11:30 - [TEST_STEP][PASSED] - verifyElementPropertyValue(a, "ObjReturn[1].RequestId", 1): Verify element property value successfully

2019-02-13 17:11:30 - [MESSAGE][PASSED] - Verify element property value successfully

2019-02-13 17:11:30 - [TEST_STEP][FAILED] - verifyElementPropertyValue(a, "ObjReturn[1].PreSupporter_Name", null): Expected element property value 'null' is not equal with actual property value ''

2019-02-13 17:11:30 - [MESSAGE][FAILED] - Expected element property value 'null' is not equal with actual property value ''

2019-02-13 17:11:30 - [TEST_STEP][FAILED] - verifyElementPropertyValue(a, "ObjReturn[1].PreStatus", 5): Expected element property value '5' is not equal with actual property value '0'

2019-02-13 17:11:30 - [MESSAGE][FAILED] - Expected element property value '5' is not equal with actual property value '0'

2019-02-13 17:11:30 - [TEST_STEP][FAILED] - verifyElementPropertyValue(a, "ObjReturn[1].CreateDate", "11:20 17/01/2019"): Expected element property value '11:20 17/01/2019' is not equal with actual property value 'null'

2019-02-13 17:11:30 - [MESSAGE][FAILED] - Expected element property value '11:20 17/01/2019' is not equal with actual property value 'null'

2019-02-13 17:11:30 - [TEST_STEP][FAILED] - verifyElementPropertyValue(a, "ObjReturn[1].StartDate", null): Expected element property value 'null' is not equal with actual property value ''

2019-02-13 17:11:30 - [MESSAGE][FAILED] - Expected element property value 'null' is not equal with actual property value ''

2019-02-13 17:11:30 - [TEST_STEP][FAILED] - verifyElementPropertyValue(a, "ObjReturn[1].EndDate", null): Expected element property value 'null' is not equal with actual property value ''

2019-02-13 17:11:30 - [MESSAGE][FAILED] - Expected element property value 'null' is not equal with actual property value ''

2019-02-13 17:11:30 - [TEST_STEP][PASSED] - verifyElementPropertyValue(a, "ObjReturn[2].RequestHistoryId", 3): Verify element property value successfully

2019-02-13 17:11:30 - [MESSAGE][PASSED] - Verify element property value successfully

2019-02-13 17:11:30 - [TEST_STEP][PASSED] - verifyElementPropertyValue(a, "ObjReturn[2].RequestId", 1): Verify element property value successfully

2019-02-13 17:11:30 - [MESSAGE][PASSED] - Verify element property value successfully

2019-02-13 17:11:30 - [TEST_STEP][FAILED] - verifyElementPropertyValue(a, "ObjReturn[2].PreSupporter_Name", null): Expected element property value 'null' is not equal with actual property value ''

2019-02-13 17:11:30 - [MESSAGE][FAILED] - Expected element property value 'null' is not equal with actual property value ''

2019-02-13 17:11:30 - [TEST_STEP][FAILED] - verifyElementPropertyValue(a, "ObjReturn[2].PreStatus", 5): Expected element property value '5' is not equal with actual property value '0'

2019-02-13 17:11:30 - [MESSAGE][FAILED] - Expected element property value '5' is not equal with actual property value '0'

2019-02-13 17:11:30 - [TEST_STEP][FAILED] - verifyElementPropertyValue(a, "ObjReturn[2].CreateDate", "11:20 17/01/2019"): Expected element property value '11:20 17/01/2019' is not equal with actual property value 'null'

2019-02-13 17:11:30 - [MESSAGE][FAILED] - Expected element property value '11:20 17/01/2019' is not equal with actual property value 'null'

2019-02-13 17:11:30 - [TEST_STEP][FAILED] - verifyElementPropertyValue(a, "ObjReturn[2].StartDate", null): Expected element property value 'null' is not equal with actual property value ''

2019-02-13 17:11:30 - [MESSAGE][FAILED] - Expected element property value 'null' is not equal with actual property value ''

2019-02-13 17:11:30 - [TEST_STEP][FAILED] - verifyElementPropertyValue(a, "ObjReturn[2].EndDate", null): Expected element property value 'null' is not equal with actual property value ''

2019-02-13 17:11:30 - [MESSAGE][FAILED] - Expected element property value 'null' is not equal with actual property value ''

2019-02-13 17:11:30 - [TEST_STEP][PASSED] - verifyElementPropertyValue(a, "ObjReturn[3].RequestHistoryId", 4): Verify element property value successfully

2019-02-13 17:11:30 - [MESSAGE][PASSED] - Verify element property value successfully

2019-02-13 17:11:30 - [TEST_STEP][PASSED] - verifyElementPropertyValue(a, "ObjReturn[3].RequestId", 1): Verify element property value successfully

2019-02-13 17:11:31 - [MESSAGE][PASSED] - Verify element property value successfully

2019-02-13 17:11:31 - [TEST_STEP][FAILED] - verifyElementPropertyValue(a, "ObjReturn[3].PreSupporter_Name", null): Expected element property value 'null' is not equal with actual property value ''

2019-02-13 17:11:31 - [MESSAGE][FAILED] - Expected element property value 'null' is not equal with actual property value ''

2019-02-13 17:11:31 - [TEST_STEP][FAILED] - verifyElementPropertyValue(a, "ObjReturn[3].PreStatus", 1): Expected element property value '1' is not equal with actual property value '0'

2019-02-13 17:11:31 - [MESSAGE][FAILED] - Expected element property value '1' is not equal with actual property value '0'

2019-02-13 17:11:31 - [TEST_STEP][FAILED] - verifyElementPropertyValue(a, "ObjReturn[3].CreateDate", "11:21 17/01/2019"): Expected element property value '11:21 17/01/2019' is not equal with actual property value 'null'

2019-02-13 17:11:31 - [MESSAGE][FAILED] - Expected element property value '11:21 17/01/2019' is not equal with actual property value 'null'

2019-02-13 17:11:31 - [TEST_STEP][FAILED] - verifyElementPropertyValue(a, "ObjReturn[3].StartDate", null): Expected element property value 'null' is not equal with actual property value ''

2019-02-13 17:11:31 - [MESSAGE][FAILED] - Expected element property value 'null' is not equal with actual property value ''

2019-02-13 17:11:31 - [TEST_STEP][FAILED] - verifyElementPropertyValue(a, "ObjReturn[3].EndDate", null): Expected element property value 'null' is not equal with actual property value ''

2019-02-13 17:11:31 - [MESSAGE][FAILED] - Expected element property value 'null' is not equal with actual property value ''

2019-02-13 17:11:31 - [TEST_STEP][PASSED] - verifyElementPropertyValue(a, "ObjReturn[4].RequestHistoryId", 6): Verify element property value successfully

2019-02-13 17:11:31 - [MESSAGE][PASSED] - Verify element property value successfully

2019-02-13 17:11:31 - [TEST_STEP][PASSED] - verifyElementPropertyValue(a, "ObjReturn[4].RequestId", 1): Verify element property value successfully

2019-02-13 17:11:31 - [MESSAGE][PASSED] - Verify element property value successfully

2019-02-13 17:11:31 - [TEST_STEP][FAILED] - verifyElementPropertyValue(a, "ObjReturn[4].PreSupporter_Name", null): Expected element property value 'null' is not equal with actual property value ''

2019-02-13 17:11:31 - [MESSAGE][FAILED] - Expected element property value 'null' is not equal with actual property value ''

2019-02-13 17:11:31 - [TEST_STEP][FAILED] - verifyElementPropertyValue(a, "ObjReturn[4].PreStatus", 1): Expected element property value '1' is not equal with actual property value '0'

2019-02-13 17:11:31 - [MESSAGE][FAILED] - Expected element property value '1' is not equal with actual property value '0'

2019-02-13 17:11:31 - [TEST_STEP][FAILED] - verifyElementPropertyValue(a, "ObjReturn[4].CreateDate", "15:38 17/01/2019"): Expected element property value '15:38 17/01/2019' is not equal with actual property value 'null'

2019-02-13 17:11:31 - [MESSAGE][FAILED] - Expected element property value '15:38 17/01/2019' is not equal with actual property value 'null'

2019-02-13 17:11:31 - [TEST_STEP][FAILED] - verifyElementPropertyValue(a, "ObjReturn[4].StartDate", null): Expected element property value 'null' is not equal with actual property value ''

2019-02-13 17:11:31 - [MESSAGE][FAILED] - Expected element property value 'null' is not equal with actual property value ''

2019-02-13 17:11:31 - [TEST_STEP][FAILED] - verifyElementPropertyValue(a, "ObjReturn[4].EndDate", null): Expected element property value 'null' is not equal with actual property value ''

2019-02-13 17:11:31 - [MESSAGE][FAILED] - Expected element property value 'null' is not equal with actual property value ''

2019-02-13 17:11:31 - [TEST_STEP][PASSED] - verifyElementPropertyValue(a, "ObjReturn[5].RequestHistoryId", 7): Verify element property value successfully

2019-02-13 17:11:31 - [MESSAGE][PASSED] - Verify element property value successfully

2019-02-13 17:11:31 - [TEST_STEP][PASSED] - verifyElementPropertyValue(a, "ObjReturn[5].RequestId", 1): Verify element property value successfully

2019-02-13 17:11:31 - [MESSAGE][PASSED] - Verify element property value successfully

2019-02-13 17:11:31 - [TEST_STEP][PASSED] - verifyElementPropertyValue(a, "ObjReturn[5].PreSupporter_Name", "Phạm Phú Tiến"): Verify element property value successfully

2019-02-13 17:11:31 - [MESSAGE][PASSED] - Verify element property value successfully

2019-02-13 17:11:31 - [TEST_STEP][FAILED] - verifyElementPropertyValue(a, "ObjReturn[5].PreStatus", 3): Expected element property value '3' is not equal with actual property value '0'

2019-02-13 17:11:31 - [MESSAGE][FAILED] - Expected element property value '3' is not equal with actual property value '0'

2019-02-13 17:11:31 - [TEST_STEP][FAILED] - verifyElementPropertyValue(a, "ObjReturn[5].CreateDate", "15:39 17/01/2019"): Expected element property value '15:39 17/01/2019' is not equal with actual property value 'null'

2019-02-13 17:11:31 - [MESSAGE][FAILED] - Expected element property value '15:39 17/01/2019' is not equal with actual property value 'null'

2019-02-13 17:11:31 - [TEST_STEP][PASSED] - verifyElementPropertyValue(a, "ObjReturn[5].StartDate", "01/17/2019"): Verify element property value successfully

2019-02-13 17:11:31 - [MESSAGE][PASSED] - Verify element property value successfully

2019-02-13 17:11:31 - [TEST_STEP][FAILED] - verifyElementPropertyValue(a, "ObjReturn[5].EndDate", "01/17/2019"): verifyElementPropertyValue(a, "ObjReturn[5].EndDate", "01/17/2019") FAILED.
Reason:
com.kms.katalon.core.exception.StepFailedException: Expected element property value 'null' is not equal with actual property value ''
	at com.kms.katalon.core.keyword.internal.KeywordMain.stepFailed(KeywordMain.groovy:32)
	at com.kms.katalon.core.webservice.keyword.builtin.VerifyElementPropertyValueKeyword$_verifyElementPropertyValue_closure1.doCall(VerifyElementPropertyValueKeyword.groovy:56)
	at com.kms.katalon.core.webservice.keyword.builtin.VerifyElementPropertyValueKeyword$_verifyElementPropertyValue_closure1.call(VerifyElementPropertyValueKeyword.groovy)
	at com.kms.katalon.core.keyword.internal.KeywordMain.runKeyword(KeywordMain.groovy:54)
	at com.kms.katalon.core.webservice.keyword.builtin.VerifyElementPropertyValueKeyword.verifyElementPropertyValue(VerifyElementPropertyValueKeyword.groovy:48)
	at com.kms.katalon.core.webservice.keyword.builtin.VerifyElementPropertyValueKeyword.execute(VerifyElementPropertyValueKeyword.groovy:43)
	at com.kms.katalon.core.keyword.internal.KeywordExecutor.executeKeywordForPlatform(KeywordExecutor.groovy:53)
	at com.kms.katalon.core.webservice.keyword.WSBuiltInKeywords.verifyElementPropertyValue(WSBuiltInKeywords.groovy:123)
	at com.kms.katalon.core.webservice.keyword.WSBuiltInKeywords$verifyElementPropertyValue$1.call(Unknown Source)
	at 52RequestHistoryInRequest.run(52RequestHistoryInRequest:24)
	at com.kms.katalon.core.main.ScriptEngine.run(ScriptEngine.java:194)
	at com.kms.katalon.core.main.ScriptEngine.runScriptAsRawText(ScriptEngine.java:119)
	at com.kms.katalon.core.main.TestCaseExecutor.runScript(TestCaseExecutor.java:328)
	at com.kms.katalon.core.main.TestCaseExecutor.doExecute(TestCaseExecutor.java:319)
	at com.kms.katalon.core.main.TestCaseExecutor.processExecutionPhase(TestCaseExecutor.java:298)
	at com.kms.katalon.core.main.TestCaseExecutor.accessMainPhase(TestCaseExecutor.java:290)
	at com.kms.katalon.core.main.TestCaseExecutor.execute(TestCaseExecutor.java:224)
	at com.kms.katalon.core.main.TestSuiteExecutor.accessTestCaseMainPhase(TestSuiteExecutor.java:129)
	at com.kms.katalon.core.main.TestSuiteExecutor.accessTestSuiteMainPhase(TestSuiteExecutor.java:112)
	at com.kms.katalon.core.main.TestSuiteExecutor.execute(TestSuiteExecutor.java:81)
	at com.kms.katalon.core.main.TestCaseMain.startTestSuite(TestCaseMain.java:149)
	at com.kms.katalon.core.main.TestCaseMain$startTestSuite$0.call(Unknown Source)
	at TempTestSuite1550052666022.run(TempTestSuite1550052666022.groovy:36)


2019-02-13 17:11:31 - [MESSAGE][PASSED] - Verify element property value successfully

2019-02-13 17:11:31 - [MESSAGE][FAILED] - verifyElementPropertyValue(a, "ObjReturn[5].EndDate", "01/17/2019") FAILED.
Reason:
com.kms.katalon.core.exception.StepFailedException: Expected element property value 'null' is not equal with actual property value ''
	at com.kms.katalon.core.keyword.internal.KeywordMain.stepFailed(KeywordMain.groovy:32)
	at com.kms.katalon.core.webservice.keyword.builtin.VerifyElementPropertyValueKeyword$_verifyElementPropertyValue_closure1.doCall(VerifyElementPropertyValueKeyword.groovy:56)
	at com.kms.katalon.core.webservice.keyword.builtin.VerifyElementPropertyValueKeyword$_verifyElementPropertyValue_closure1.call(VerifyElementPropertyValueKeyword.groovy)
	at com.kms.katalon.core.keyword.internal.KeywordMain.runKeyword(KeywordMain.groovy:54)
	at com.kms.katalon.core.webservice.keyword.builtin.VerifyElementPropertyValueKeyword.verifyElementPropertyValue(VerifyElementPropertyValueKeyword.groovy:48)
	at com.kms.katalon.core.webservice.keyword.builtin.VerifyElementPropertyValueKeyword.execute(VerifyElementPropertyValueKeyword.groovy:43)
	at com.kms.katalon.core.keyword.internal.KeywordExecutor.executeKeywordForPlatform(KeywordExecutor.groovy:53)
	at com.kms.katalon.core.webservice.keyword.WSBuiltInKeywords.verifyElementPropertyValue(WSBuiltInKeywords.groovy:123)
	at com.kms.katalon.core.webservice.keyword.WSBuiltInKeywords$verifyElementPropertyValue$1.call(Unknown Source)
	at 52RequestHistoryInRequest.run(52RequestHistoryInRequest:24)
	at com.kms.katalon.core.main.ScriptEngine.run(ScriptEngine.java:194)
	at com.kms.katalon.core.main.ScriptEngine.runScriptAsRawText(ScriptEngine.java:119)
	at com.kms.katalon.core.main.TestCaseExecutor.runScript(TestCaseExecutor.java:328)
	at com.kms.katalon.core.main.TestCaseExecutor.doExecute(TestCaseExecutor.java:319)
	at com.kms.katalon.core.main.TestCaseExecutor.processExecutionPhase(TestCaseExecutor.java:298)
	at com.kms.katalon.core.main.TestCaseExecutor.accessMainPhase(TestCaseExecutor.java:290)
	at com.kms.katalon.core.main.TestCaseExecutor.execute(TestCaseExecutor.java:224)
	at com.kms.katalon.core.main.TestSuiteExecutor.accessTestCaseMainPhase(TestSuiteExecutor.java:129)
	at com.kms.katalon.core.main.TestSuiteExecutor.accessTestSuiteMainPhase(TestSuiteExecutor.java:112)
	at com.kms.katalon.core.main.TestSuiteExecutor.execute(TestSuiteExecutor.java:81)
	at com.kms.katalon.core.main.TestCaseMain.startTestSuite(TestCaseMain.java:149)
	at com.kms.katalon.core.main.TestCaseMain$startTestSuite$0.call(Unknown Source)
	at TempTestSuite1550052666022.run(TempTestSuite1550052666022.groovy:36)]]></system-out>
         <system-err><![CDATA[2019-02-13 17:11:30 - [TEST_CASE][FAILED] - Test Cases/Request/52RequestHistoryInRequest: Test Cases/Request/52RequestHistoryInRequest FAILED.
Reason:
com.kms.katalon.core.exception.StepFailedException: Expected element property value 'null' is not equal with actual property value ''
	at com.kms.katalon.core.keyword.internal.KeywordMain.stepFailed(KeywordMain.groovy:32)
	at com.kms.katalon.core.webservice.keyword.builtin.VerifyElementPropertyValueKeyword$_verifyElementPropertyValue_closure1.doCall(VerifyElementPropertyValueKeyword.groovy:56)
	at com.kms.katalon.core.webservice.keyword.builtin.VerifyElementPropertyValueKeyword$_verifyElementPropertyValue_closure1.call(VerifyElementPropertyValueKeyword.groovy)
	at com.kms.katalon.core.keyword.internal.KeywordMain.runKeyword(KeywordMain.groovy:54)
	at com.kms.katalon.core.webservice.keyword.builtin.VerifyElementPropertyValueKeyword.verifyElementPropertyValue(VerifyElementPropertyValueKeyword.groovy:48)
	at com.kms.katalon.core.webservice.keyword.builtin.VerifyElementPropertyValueKeyword.execute(VerifyElementPropertyValueKeyword.groovy:43)
	at com.kms.katalon.core.keyword.internal.KeywordExecutor.executeKeywordForPlatform(KeywordExecutor.groovy:53)
	at com.kms.katalon.core.webservice.keyword.WSBuiltInKeywords.verifyElementPropertyValue(WSBuiltInKeywords.groovy:123)
	at com.kms.katalon.core.webservice.keyword.WSBuiltInKeywords$verifyElementPropertyValue$1.call(Unknown Source)
	at 52RequestHistoryInRequest.run(52RequestHistoryInRequest:24)
	at com.kms.katalon.core.main.ScriptEngine.run(ScriptEngine.java:194)
	at com.kms.katalon.core.main.ScriptEngine.runScriptAsRawText(ScriptEngine.java:119)
	at com.kms.katalon.core.main.TestCaseExecutor.runScript(TestCaseExecutor.java:328)
	at com.kms.katalon.core.main.TestCaseExecutor.doExecute(TestCaseExecutor.java:319)
	at com.kms.katalon.core.main.TestCaseExecutor.processExecutionPhase(TestCaseExecutor.java:298)
	at com.kms.katalon.core.main.TestCaseExecutor.accessMainPhase(TestCaseExecutor.java:290)
	at com.kms.katalon.core.main.TestCaseExecutor.execute(TestCaseExecutor.java:224)
	at com.kms.katalon.core.main.TestSuiteExecutor.accessTestCaseMainPhase(TestSuiteExecutor.java:129)
	at com.kms.katalon.core.main.TestSuiteExecutor.accessTestSuiteMainPhase(TestSuiteExecutor.java:112)
	at com.kms.katalon.core.main.TestSuiteExecutor.execute(TestSuiteExecutor.java:81)
	at com.kms.katalon.core.main.TestCaseMain.startTestSuite(TestCaseMain.java:149)
	at com.kms.katalon.core.main.TestCaseMain$startTestSuite$0.call(Unknown Source)
	at TempTestSuite1550052666022.run(TempTestSuite1550052666022.groovy:36)]]></system-err>
      </testcase>
      <testcase name="Test Cases/Request/53AllRequestHistory" classname="Test Cases/Request/53AllRequestHistory" status="FAILED">
         <failure type="FAILED" message="Test Cases/Request/53AllRequestHistory FAILED.
Reason:
com.kms.katalon.core.exception.StepFailedException: Expected element property value 'null' is not equal with actual property value ''
	at com.kms.katalon.core.keyword.internal.KeywordMain.stepFailed(KeywordMain.groovy:32)
	at com.kms.katalon.core.webservice.keyword.builtin.VerifyElementPropertyValueKeyword$_verifyElementPropertyValue_closure1.doCall(VerifyElementPropertyValueKeyword.groovy:56)
	at com.kms.katalon.core.webservice.keyword.builtin.VerifyElementPropertyValueKeyword$_verifyElementPropertyValue_closure1.call(VerifyElementPropertyValueKeyword.groovy)
	at com.kms.katalon.core.keyword.internal.KeywordMain.runKeyword(KeywordMain.groovy:54)
	at com.kms.katalon.core.webservice.keyword.builtin.VerifyElementPropertyValueKeyword.verifyElementPropertyValue(VerifyElementPropertyValueKeyword.groovy:48)
	at com.kms.katalon.core.webservice.keyword.builtin.VerifyElementPropertyValueKeyword.execute(VerifyElementPropertyValueKeyword.groovy:43)
	at com.kms.katalon.core.keyword.internal.KeywordExecutor.executeKeywordForPlatform(KeywordExecutor.groovy:53)
	at com.kms.katalon.core.webservice.keyword.WSBuiltInKeywords.verifyElementPropertyValue(WSBuiltInKeywords.groovy:123)
	at com.kms.katalon.core.webservice.keyword.WSBuiltInKeywords$verifyElementPropertyValue$1.call(Unknown Source)
	at 53AllRequestHistory.run(53AllRequestHistory:24)
	at com.kms.katalon.core.main.ScriptEngine.run(ScriptEngine.java:194)
	at com.kms.katalon.core.main.ScriptEngine.runScriptAsRawText(ScriptEngine.java:119)
	at com.kms.katalon.core.main.TestCaseExecutor.runScript(TestCaseExecutor.java:328)
	at com.kms.katalon.core.main.TestCaseExecutor.doExecute(TestCaseExecutor.java:319)
	at com.kms.katalon.core.main.TestCaseExecutor.processExecutionPhase(TestCaseExecutor.java:298)
	at com.kms.katalon.core.main.TestCaseExecutor.accessMainPhase(TestCaseExecutor.java:290)
	at com.kms.katalon.core.main.TestCaseExecutor.execute(TestCaseExecutor.java:224)
	at com.kms.katalon.core.main.TestSuiteExecutor.accessTestCaseMainPhase(TestSuiteExecutor.java:129)
	at com.kms.katalon.core.main.TestSuiteExecutor.accessTestSuiteMainPhase(TestSuiteExecutor.java:112)
	at com.kms.katalon.core.main.TestSuiteExecutor.execute(TestSuiteExecutor.java:81)
	at com.kms.katalon.core.main.TestCaseMain.startTestSuite(TestCaseMain.java:149)
	at com.kms.katalon.core.main.TestCaseMain$startTestSuite$0.call(Unknown Source)
	at TempTestSuite1550052666022.run(TempTestSuite1550052666022.groovy:36)
"/>
         <system-out><![CDATA[2019-02-13 17:11:31 - [TEST_CASE][FAILED] - Test Cases/Request/53AllRequestHistory: Test Cases/Request/53AllRequestHistory FAILED.
Reason:
com.kms.katalon.core.exception.StepFailedException: Expected element property value 'null' is not equal with actual property value ''
	at com.kms.katalon.core.keyword.internal.KeywordMain.stepFailed(KeywordMain.groovy:32)
	at com.kms.katalon.core.webservice.keyword.builtin.VerifyElementPropertyValueKeyword$_verifyElementPropertyValue_closure1.doCall(VerifyElementPropertyValueKeyword.groovy:56)
	at com.kms.katalon.core.webservice.keyword.builtin.VerifyElementPropertyValueKeyword$_verifyElementPropertyValue_closure1.call(VerifyElementPropertyValueKeyword.groovy)
	at com.kms.katalon.core.keyword.internal.KeywordMain.runKeyword(KeywordMain.groovy:54)
	at com.kms.katalon.core.webservice.keyword.builtin.VerifyElementPropertyValueKeyword.verifyElementPropertyValue(VerifyElementPropertyValueKeyword.groovy:48)
	at com.kms.katalon.core.webservice.keyword.builtin.VerifyElementPropertyValueKeyword.execute(VerifyElementPropertyValueKeyword.groovy:43)
	at com.kms.katalon.core.keyword.internal.KeywordExecutor.executeKeywordForPlatform(KeywordExecutor.groovy:53)
	at com.kms.katalon.core.webservice.keyword.WSBuiltInKeywords.verifyElementPropertyValue(WSBuiltInKeywords.groovy:123)
	at com.kms.katalon.core.webservice.keyword.WSBuiltInKeywords$verifyElementPropertyValue$1.call(Unknown Source)
	at 53AllRequestHistory.run(53AllRequestHistory:24)
	at com.kms.katalon.core.main.ScriptEngine.run(ScriptEngine.java:194)
	at com.kms.katalon.core.main.ScriptEngine.runScriptAsRawText(ScriptEngine.java:119)
	at com.kms.katalon.core.main.TestCaseExecutor.runScript(TestCaseExecutor.java:328)
	at com.kms.katalon.core.main.TestCaseExecutor.doExecute(TestCaseExecutor.java:319)
	at com.kms.katalon.core.main.TestCaseExecutor.processExecutionPhase(TestCaseExecutor.java:298)
	at com.kms.katalon.core.main.TestCaseExecutor.accessMainPhase(TestCaseExecutor.java:290)
	at com.kms.katalon.core.main.TestCaseExecutor.execute(TestCaseExecutor.java:224)
	at com.kms.katalon.core.main.TestSuiteExecutor.accessTestCaseMainPhase(TestSuiteExecutor.java:129)
	at com.kms.katalon.core.main.TestSuiteExecutor.accessTestSuiteMainPhase(TestSuiteExecutor.java:112)
	at com.kms.katalon.core.main.TestSuiteExecutor.execute(TestSuiteExecutor.java:81)
	at com.kms.katalon.core.main.TestCaseMain.startTestSuite(TestCaseMain.java:149)
	at com.kms.katalon.core.main.TestCaseMain$startTestSuite$0.call(Unknown Source)
	at TempTestSuite1550052666022.run(TempTestSuite1550052666022.groovy:36)


2019-02-13 17:11:31 - [TEST_STEP][PASSED] - a = sendRequest(findTestObject("Request/53AllRequestHistory")): Send request successfully

2019-02-13 17:11:31 - [MESSAGE][PASSED] - Send request successfully

2019-02-13 17:11:31 - [TEST_STEP][PASSED] - verifyResponseStatusCode(a, 200): Verify response status code successfully

2019-02-13 17:11:31 - [MESSAGE][PASSED] - Verify response status code successfully

2019-02-13 17:11:31 - [TEST_STEP][PASSED] - verifyElementPropertyValue(a, "ObjReturn[0].RequestHistoryId", 1): Verify element property value successfully

2019-02-13 17:11:32 - [MESSAGE][PASSED] - Verify element property value successfully

2019-02-13 17:11:32 - [TEST_STEP][PASSED] - verifyElementPropertyValue(a, "ObjReturn[0].RequestId", 1): Verify element property value successfully

2019-02-13 17:11:32 - [MESSAGE][PASSED] - Verify element property value successfully

2019-02-13 17:11:32 - [TEST_STEP][FAILED] - verifyElementPropertyValue(a, "ObjReturn[0].PreSupporter_Name", null): Expected element property value 'null' is not equal with actual property value ''

2019-02-13 17:11:32 - [MESSAGE][FAILED] - Expected element property value 'null' is not equal with actual property value ''

2019-02-13 17:11:32 - [TEST_STEP][FAILED] - verifyElementPropertyValue(a, "ObjReturn[0].PreStatus", 5): Expected element property value '5' is not equal with actual property value '0'

2019-02-13 17:11:32 - [MESSAGE][FAILED] - Expected element property value '5' is not equal with actual property value '0'

2019-02-13 17:11:32 - [TEST_STEP][FAILED] - verifyElementPropertyValue(a, "ObjReturn[0].CreateDate", "11:20 17/01/2019"): Expected element property value '11:20 17/01/2019' is not equal with actual property value 'null'

2019-02-13 17:11:32 - [MESSAGE][FAILED] - Expected element property value '11:20 17/01/2019' is not equal with actual property value 'null'

2019-02-13 17:11:32 - [TEST_STEP][FAILED] - verifyElementPropertyValue(a, "ObjReturn[0].StartDate", null): Expected element property value 'null' is not equal with actual property value ''

2019-02-13 17:11:32 - [MESSAGE][FAILED] - Expected element property value 'null' is not equal with actual property value ''

2019-02-13 17:11:32 - [TEST_STEP][FAILED] - verifyElementPropertyValue(a, "ObjReturn[0].EndDate", null): Expected element property value 'null' is not equal with actual property value ''

2019-02-13 17:11:32 - [MESSAGE][FAILED] - Expected element property value 'null' is not equal with actual property value ''

2019-02-13 17:11:32 - [TEST_STEP][PASSED] - verifyElementPropertyValue(a, "ObjReturn[1].RequestHistoryId", 2): Verify element property value successfully

2019-02-13 17:11:32 - [MESSAGE][PASSED] - Verify element property value successfully

2019-02-13 17:11:32 - [TEST_STEP][PASSED] - verifyElementPropertyValue(a, "ObjReturn[1].RequestId", 1): Verify element property value successfully

2019-02-13 17:11:32 - [MESSAGE][PASSED] - Verify element property value successfully

2019-02-13 17:11:32 - [TEST_STEP][FAILED] - verifyElementPropertyValue(a, "ObjReturn[1].PreSupporter_Name", null): Expected element property value 'null' is not equal with actual property value ''

2019-02-13 17:11:32 - [MESSAGE][FAILED] - Expected element property value 'null' is not equal with actual property value ''

2019-02-13 17:11:32 - [TEST_STEP][FAILED] - verifyElementPropertyValue(a, "ObjReturn[1].PreStatus", 5): Expected element property value '5' is not equal with actual property value '0'

2019-02-13 17:11:32 - [MESSAGE][FAILED] - Expected element property value '5' is not equal with actual property value '0'

2019-02-13 17:11:32 - [TEST_STEP][FAILED] - verifyElementPropertyValue(a, "ObjReturn[1].CreateDate", "11:20 17/01/2019"): Expected element property value '11:20 17/01/2019' is not equal with actual property value 'null'

2019-02-13 17:11:32 - [MESSAGE][FAILED] - Expected element property value '11:20 17/01/2019' is not equal with actual property value 'null'

2019-02-13 17:11:32 - [TEST_STEP][FAILED] - verifyElementPropertyValue(a, "ObjReturn[1].StartDate", null): Expected element property value 'null' is not equal with actual property value ''

2019-02-13 17:11:32 - [MESSAGE][FAILED] - Expected element property value 'null' is not equal with actual property value ''

2019-02-13 17:11:32 - [TEST_STEP][FAILED] - verifyElementPropertyValue(a, "ObjReturn[1].EndDate", null): Expected element property value 'null' is not equal with actual property value ''

2019-02-13 17:11:32 - [MESSAGE][FAILED] - Expected element property value 'null' is not equal with actual property value ''

2019-02-13 17:11:32 - [TEST_STEP][PASSED] - verifyElementPropertyValue(a, "ObjReturn[2].RequestHistoryId", 3): Verify element property value successfully

2019-02-13 17:11:32 - [MESSAGE][PASSED] - Verify element property value successfully

2019-02-13 17:11:32 - [TEST_STEP][PASSED] - verifyElementPropertyValue(a, "ObjReturn[2].RequestId", 1): Verify element property value successfully

2019-02-13 17:11:32 - [MESSAGE][PASSED] - Verify element property value successfully

2019-02-13 17:11:32 - [TEST_STEP][FAILED] - verifyElementPropertyValue(a, "ObjReturn[2].PreSupporter_Name", null): Expected element property value 'null' is not equal with actual property value ''

2019-02-13 17:11:32 - [MESSAGE][FAILED] - Expected element property value 'null' is not equal with actual property value ''

2019-02-13 17:11:32 - [TEST_STEP][FAILED] - verifyElementPropertyValue(a, "ObjReturn[2].PreStatus", 5): Expected element property value '5' is not equal with actual property value '0'

2019-02-13 17:11:32 - [MESSAGE][FAILED] - Expected element property value '5' is not equal with actual property value '0'

2019-02-13 17:11:32 - [TEST_STEP][FAILED] - verifyElementPropertyValue(a, "ObjReturn[2].CreateDate", "11:20 17/01/2019"): Expected element property value '11:20 17/01/2019' is not equal with actual property value 'null'

2019-02-13 17:11:32 - [MESSAGE][FAILED] - Expected element property value '11:20 17/01/2019' is not equal with actual property value 'null'

2019-02-13 17:11:32 - [TEST_STEP][FAILED] - verifyElementPropertyValue(a, "ObjReturn[2].StartDate", null): Expected element property value 'null' is not equal with actual property value ''

2019-02-13 17:11:32 - [MESSAGE][FAILED] - Expected element property value 'null' is not equal with actual property value ''

2019-02-13 17:11:32 - [TEST_STEP][FAILED] - verifyElementPropertyValue(a, "ObjReturn[2].EndDate", null): Expected element property value 'null' is not equal with actual property value ''

2019-02-13 17:11:32 - [MESSAGE][FAILED] - Expected element property value 'null' is not equal with actual property value ''

2019-02-13 17:11:32 - [TEST_STEP][PASSED] - verifyElementPropertyValue(a, "ObjReturn[3].RequestHistoryId", 4): Verify element property value successfully

2019-02-13 17:11:32 - [MESSAGE][PASSED] - Verify element property value successfully

2019-02-13 17:11:32 - [TEST_STEP][PASSED] - verifyElementPropertyValue(a, "ObjReturn[3].RequestId", 1): Verify element property value successfully

2019-02-13 17:11:32 - [MESSAGE][PASSED] - Verify element property value successfully

2019-02-13 17:11:32 - [TEST_STEP][FAILED] - verifyElementPropertyValue(a, "ObjReturn[3].PreSupporter_Name", null): Expected element property value 'null' is not equal with actual property value ''

2019-02-13 17:11:32 - [MESSAGE][FAILED] - Expected element property value 'null' is not equal with actual property value ''

2019-02-13 17:11:32 - [TEST_STEP][FAILED] - verifyElementPropertyValue(a, "ObjReturn[3].PreStatus", 1): Expected element property value '1' is not equal with actual property value '0'

2019-02-13 17:11:32 - [MESSAGE][FAILED] - Expected element property value '1' is not equal with actual property value '0'

2019-02-13 17:11:32 - [TEST_STEP][FAILED] - verifyElementPropertyValue(a, "ObjReturn[3].CreateDate", "11:21 17/01/2019"): Expected element property value '11:21 17/01/2019' is not equal with actual property value 'null'

2019-02-13 17:11:32 - [MESSAGE][FAILED] - Expected element property value '11:21 17/01/2019' is not equal with actual property value 'null'

2019-02-13 17:11:32 - [TEST_STEP][FAILED] - verifyElementPropertyValue(a, "ObjReturn[3].StartDate", null): Expected element property value 'null' is not equal with actual property value ''

2019-02-13 17:11:32 - [MESSAGE][FAILED] - Expected element property value 'null' is not equal with actual property value ''

2019-02-13 17:11:32 - [TEST_STEP][FAILED] - verifyElementPropertyValue(a, "ObjReturn[3].EndDate", null): Expected element property value 'null' is not equal with actual property value ''

2019-02-13 17:11:32 - [MESSAGE][FAILED] - Expected element property value 'null' is not equal with actual property value ''

2019-02-13 17:11:32 - [TEST_STEP][PASSED] - verifyElementPropertyValue(a, "ObjReturn[4].RequestHistoryId", 5): Verify element property value successfully

2019-02-13 17:11:32 - [MESSAGE][PASSED] - Verify element property value successfully

2019-02-13 17:11:32 - [TEST_STEP][PASSED] - verifyElementPropertyValue(a, "ObjReturn[4].RequestId", 3): Verify element property value successfully

2019-02-13 17:11:32 - [MESSAGE][PASSED] - Verify element property value successfully

2019-02-13 17:11:32 - [TEST_STEP][FAILED] - verifyElementPropertyValue(a, "ObjReturn[4].PreSupporter_Name", null): Expected element property value 'null' is not equal with actual property value ''

2019-02-13 17:11:33 - [MESSAGE][FAILED] - Expected element property value 'null' is not equal with actual property value ''

2019-02-13 17:11:33 - [TEST_STEP][FAILED] - verifyElementPropertyValue(a, "ObjReturn[4].PreStatus", 3): Expected element property value '3' is not equal with actual property value '0'

2019-02-13 17:11:33 - [MESSAGE][FAILED] - Expected element property value '3' is not equal with actual property value '0'

2019-02-13 17:11:33 - [TEST_STEP][FAILED] - verifyElementPropertyValue(a, "ObjReturn[4].CreateDate", "11:22 17/01/2019"): Expected element property value '11:22 17/01/2019' is not equal with actual property value 'null'

2019-02-13 17:11:33 - [MESSAGE][FAILED] - Expected element property value '11:22 17/01/2019' is not equal with actual property value 'null'

2019-02-13 17:11:33 - [TEST_STEP][FAILED] - verifyElementPropertyValue(a, "ObjReturn[4].StartDate", null): Expected element property value 'null' is not equal with actual property value ''

2019-02-13 17:11:33 - [MESSAGE][FAILED] - Expected element property value 'null' is not equal with actual property value ''

2019-02-13 17:11:33 - [TEST_STEP][FAILED] - verifyElementPropertyValue(a, "ObjReturn[4].EndDate", null): Expected element property value 'null' is not equal with actual property value ''

2019-02-13 17:11:33 - [MESSAGE][FAILED] - Expected element property value 'null' is not equal with actual property value ''

2019-02-13 17:11:33 - [TEST_STEP][PASSED] - verifyElementPropertyValue(a, "ObjReturn[5].RequestHistoryId", 6): Verify element property value successfully

2019-02-13 17:11:33 - [MESSAGE][PASSED] - Verify element property value successfully

2019-02-13 17:11:33 - [TEST_STEP][PASSED] - verifyElementPropertyValue(a, "ObjReturn[5].RequestId", 1): Verify element property value successfully

2019-02-13 17:11:33 - [MESSAGE][PASSED] - Verify element property value successfully

2019-02-13 17:11:33 - [TEST_STEP][FAILED] - verifyElementPropertyValue(a, "ObjReturn[5].PreSupporter_Name", null): Expected element property value 'null' is not equal with actual property value ''

2019-02-13 17:11:33 - [MESSAGE][FAILED] - Expected element property value 'null' is not equal with actual property value ''

2019-02-13 17:11:33 - [TEST_STEP][FAILED] - verifyElementPropertyValue(a, "ObjReturn[5].PreStatus", 1): Expected element property value '1' is not equal with actual property value '0'

2019-02-13 17:11:33 - [MESSAGE][FAILED] - Expected element property value '1' is not equal with actual property value '0'

2019-02-13 17:11:33 - [TEST_STEP][FAILED] - verifyElementPropertyValue(a, "ObjReturn[5].CreateDate", "15:38 17/01/2019"): Expected element property value '15:38 17/01/2019' is not equal with actual property value 'null'

2019-02-13 17:11:33 - [MESSAGE][FAILED] - Expected element property value '15:38 17/01/2019' is not equal with actual property value 'null'

2019-02-13 17:11:33 - [TEST_STEP][FAILED] - verifyElementPropertyValue(a, "ObjReturn[5].StartDate", null): Expected element property value 'null' is not equal with actual property value ''

2019-02-13 17:11:33 - [MESSAGE][FAILED] - Expected element property value 'null' is not equal with actual property value ''

2019-02-13 17:11:33 - [TEST_STEP][FAILED] - verifyElementPropertyValue(a, "ObjReturn[5].EndDate", null): Expected element property value 'null' is not equal with actual property value ''

2019-02-13 17:11:33 - [MESSAGE][FAILED] - Expected element property value 'null' is not equal with actual property value ''

2019-02-13 17:11:33 - [TEST_STEP][PASSED] - verifyElementPropertyValue(a, "ObjReturn[6].RequestHistoryId", 7): Verify element property value successfully

2019-02-13 17:11:33 - [MESSAGE][PASSED] - Verify element property value successfully

2019-02-13 17:11:33 - [TEST_STEP][PASSED] - verifyElementPropertyValue(a, "ObjReturn[6].RequestId", 1): Verify element property value successfully

2019-02-13 17:11:33 - [MESSAGE][PASSED] - Verify element property value successfully

2019-02-13 17:11:33 - [TEST_STEP][PASSED] - verifyElementPropertyValue(a, "ObjReturn[6].PreSupporter_Name", "Phạm Phú Tiến"): Verify element property value successfully

2019-02-13 17:11:33 - [MESSAGE][PASSED] - Verify element property value successfully

2019-02-13 17:11:33 - [TEST_STEP][FAILED] - verifyElementPropertyValue(a, "ObjReturn[6].PreStatus", 3): Expected element property value '3' is not equal with actual property value '0'

2019-02-13 17:11:33 - [MESSAGE][FAILED] - Expected element property value '3' is not equal with actual property value '0'

2019-02-13 17:11:33 - [TEST_STEP][FAILED] - verifyElementPropertyValue(a, "ObjReturn[6].CreateDate", "15:39 17/01/2019"): Expected element property value '15:39 17/01/2019' is not equal with actual property value 'null'

2019-02-13 17:11:33 - [MESSAGE][FAILED] - Expected element property value '15:39 17/01/2019' is not equal with actual property value 'null'

2019-02-13 17:11:33 - [TEST_STEP][PASSED] - verifyElementPropertyValue(a, "ObjReturn[6].StartDate", "01/17/2019"): Verify element property value successfully

2019-02-13 17:11:33 - [MESSAGE][PASSED] - Verify element property value successfully

2019-02-13 17:11:33 - [TEST_STEP][PASSED] - verifyElementPropertyValue(a, "ObjReturn[6].EndDate", "01/17/2019"): Verify element property value successfully

2019-02-13 17:11:33 - [MESSAGE][PASSED] - Verify element property value successfully

2019-02-13 17:11:33 - [TEST_STEP][PASSED] - verifyElementPropertyValue(a, "ObjReturn[7].RequestHistoryId", 8): Verify element property value successfully

2019-02-13 17:11:33 - [MESSAGE][PASSED] - Verify element property value successfully

2019-02-13 17:11:33 - [TEST_STEP][PASSED] - verifyElementPropertyValue(a, "ObjReturn[7].RequestId", 17): Verify element property value successfully

2019-02-13 17:11:33 - [MESSAGE][PASSED] - Verify element property value successfully

2019-02-13 17:11:33 - [TEST_STEP][FAILED] - verifyElementPropertyValue(a, "ObjReturn[7].PreSupporter_Name", null): Expected element property value 'null' is not equal with actual property value ''

2019-02-13 17:11:33 - [MESSAGE][FAILED] - Expected element property value 'null' is not equal with actual property value ''

2019-02-13 17:11:33 - [TEST_STEP][FAILED] - verifyElementPropertyValue(a, "ObjReturn[7].PreStatus", 5): Expected element property value '5' is not equal with actual property value '0'

2019-02-13 17:11:33 - [MESSAGE][FAILED] - Expected element property value '5' is not equal with actual property value '0'

2019-02-13 17:11:33 - [TEST_STEP][FAILED] - verifyElementPropertyValue(a, "ObjReturn[7].CreateDate", "11:15 19/01/2019"): Expected element property value '11:15 19/01/2019' is not equal with actual property value 'null'

2019-02-13 17:11:34 - [MESSAGE][FAILED] - Expected element property value '11:15 19/01/2019' is not equal with actual property value 'null'

2019-02-13 17:11:34 - [TEST_STEP][FAILED] - verifyElementPropertyValue(a, "ObjReturn[7].StartDate", null): Expected element property value 'null' is not equal with actual property value ''

2019-02-13 17:11:34 - [MESSAGE][FAILED] - Expected element property value 'null' is not equal with actual property value ''

2019-02-13 17:11:34 - [TEST_STEP][FAILED] - verifyElementPropertyValue(a, "ObjReturn[7].EndDate", null): verifyElementPropertyValue(a, "ObjReturn[7].EndDate", null) FAILED.
Reason:
com.kms.katalon.core.exception.StepFailedException: Expected element property value 'null' is not equal with actual property value ''
	at com.kms.katalon.core.keyword.internal.KeywordMain.stepFailed(KeywordMain.groovy:32)
	at com.kms.katalon.core.webservice.keyword.builtin.VerifyElementPropertyValueKeyword$_verifyElementPropertyValue_closure1.doCall(VerifyElementPropertyValueKeyword.groovy:56)
	at com.kms.katalon.core.webservice.keyword.builtin.VerifyElementPropertyValueKeyword$_verifyElementPropertyValue_closure1.call(VerifyElementPropertyValueKeyword.groovy)
	at com.kms.katalon.core.keyword.internal.KeywordMain.runKeyword(KeywordMain.groovy:54)
	at com.kms.katalon.core.webservice.keyword.builtin.VerifyElementPropertyValueKeyword.verifyElementPropertyValue(VerifyElementPropertyValueKeyword.groovy:48)
	at com.kms.katalon.core.webservice.keyword.builtin.VerifyElementPropertyValueKeyword.execute(VerifyElementPropertyValueKeyword.groovy:43)
	at com.kms.katalon.core.keyword.internal.KeywordExecutor.executeKeywordForPlatform(KeywordExecutor.groovy:53)
	at com.kms.katalon.core.webservice.keyword.WSBuiltInKeywords.verifyElementPropertyValue(WSBuiltInKeywords.groovy:123)
	at com.kms.katalon.core.webservice.keyword.WSBuiltInKeywords$verifyElementPropertyValue$1.call(Unknown Source)
	at 53AllRequestHistory.run(53AllRequestHistory:24)
	at com.kms.katalon.core.main.ScriptEngine.run(ScriptEngine.java:194)
	at com.kms.katalon.core.main.ScriptEngine.runScriptAsRawText(ScriptEngine.java:119)
	at com.kms.katalon.core.main.TestCaseExecutor.runScript(TestCaseExecutor.java:328)
	at com.kms.katalon.core.main.TestCaseExecutor.doExecute(TestCaseExecutor.java:319)
	at com.kms.katalon.core.main.TestCaseExecutor.processExecutionPhase(TestCaseExecutor.java:298)
	at com.kms.katalon.core.main.TestCaseExecutor.accessMainPhase(TestCaseExecutor.java:290)
	at com.kms.katalon.core.main.TestCaseExecutor.execute(TestCaseExecutor.java:224)
	at com.kms.katalon.core.main.TestSuiteExecutor.accessTestCaseMainPhase(TestSuiteExecutor.java:129)
	at com.kms.katalon.core.main.TestSuiteExecutor.accessTestSuiteMainPhase(TestSuiteExecutor.java:112)
	at com.kms.katalon.core.main.TestSuiteExecutor.execute(TestSuiteExecutor.java:81)
	at com.kms.katalon.core.main.TestCaseMain.startTestSuite(TestCaseMain.java:149)
	at com.kms.katalon.core.main.TestCaseMain$startTestSuite$0.call(Unknown Source)
	at TempTestSuite1550052666022.run(TempTestSuite1550052666022.groovy:36)


2019-02-13 17:11:34 - [MESSAGE][FAILED] - Expected element property value 'null' is not equal with actual property value ''

2019-02-13 17:11:34 - [MESSAGE][FAILED] - verifyElementPropertyValue(a, "ObjReturn[7].EndDate", null) FAILED.
Reason:
com.kms.katalon.core.exception.StepFailedException: Expected element property value 'null' is not equal with actual property value ''
	at com.kms.katalon.core.keyword.internal.KeywordMain.stepFailed(KeywordMain.groovy:32)
	at com.kms.katalon.core.webservice.keyword.builtin.VerifyElementPropertyValueKeyword$_verifyElementPropertyValue_closure1.doCall(VerifyElementPropertyValueKeyword.groovy:56)
	at com.kms.katalon.core.webservice.keyword.builtin.VerifyElementPropertyValueKeyword$_verifyElementPropertyValue_closure1.call(VerifyElementPropertyValueKeyword.groovy)
	at com.kms.katalon.core.keyword.internal.KeywordMain.runKeyword(KeywordMain.groovy:54)
	at com.kms.katalon.core.webservice.keyword.builtin.VerifyElementPropertyValueKeyword.verifyElementPropertyValue(VerifyElementPropertyValueKeyword.groovy:48)
	at com.kms.katalon.core.webservice.keyword.builtin.VerifyElementPropertyValueKeyword.execute(VerifyElementPropertyValueKeyword.groovy:43)
	at com.kms.katalon.core.keyword.internal.KeywordExecutor.executeKeywordForPlatform(KeywordExecutor.groovy:53)
	at com.kms.katalon.core.webservice.keyword.WSBuiltInKeywords.verifyElementPropertyValue(WSBuiltInKeywords.groovy:123)
	at com.kms.katalon.core.webservice.keyword.WSBuiltInKeywords$verifyElementPropertyValue$1.call(Unknown Source)
	at 53AllRequestHistory.run(53AllRequestHistory:24)
	at com.kms.katalon.core.main.ScriptEngine.run(ScriptEngine.java:194)
	at com.kms.katalon.core.main.ScriptEngine.runScriptAsRawText(ScriptEngine.java:119)
	at com.kms.katalon.core.main.TestCaseExecutor.runScript(TestCaseExecutor.java:328)
	at com.kms.katalon.core.main.TestCaseExecutor.doExecute(TestCaseExecutor.java:319)
	at com.kms.katalon.core.main.TestCaseExecutor.processExecutionPhase(TestCaseExecutor.java:298)
	at com.kms.katalon.core.main.TestCaseExecutor.accessMainPhase(TestCaseExecutor.java:290)
	at com.kms.katalon.core.main.TestCaseExecutor.execute(TestCaseExecutor.java:224)
	at com.kms.katalon.core.main.TestSuiteExecutor.accessTestCaseMainPhase(TestSuiteExecutor.java:129)
	at com.kms.katalon.core.main.TestSuiteExecutor.accessTestSuiteMainPhase(TestSuiteExecutor.java:112)
	at com.kms.katalon.core.main.TestSuiteExecutor.execute(TestSuiteExecutor.java:81)
	at com.kms.katalon.core.main.TestCaseMain.startTestSuite(TestCaseMain.java:149)
	at com.kms.katalon.core.main.TestCaseMain$startTestSuite$0.call(Unknown Source)
	at TempTestSuite1550052666022.run(TempTestSuite1550052666022.groovy:36)]]></system-out>
         <system-err><![CDATA[2019-02-13 17:11:31 - [TEST_CASE][FAILED] - Test Cases/Request/53AllRequestHistory: Test Cases/Request/53AllRequestHistory FAILED.
Reason:
com.kms.katalon.core.exception.StepFailedException: Expected element property value 'null' is not equal with actual property value ''
	at com.kms.katalon.core.keyword.internal.KeywordMain.stepFailed(KeywordMain.groovy:32)
	at com.kms.katalon.core.webservice.keyword.builtin.VerifyElementPropertyValueKeyword$_verifyElementPropertyValue_closure1.doCall(VerifyElementPropertyValueKeyword.groovy:56)
	at com.kms.katalon.core.webservice.keyword.builtin.VerifyElementPropertyValueKeyword$_verifyElementPropertyValue_closure1.call(VerifyElementPropertyValueKeyword.groovy)
	at com.kms.katalon.core.keyword.internal.KeywordMain.runKeyword(KeywordMain.groovy:54)
	at com.kms.katalon.core.webservice.keyword.builtin.VerifyElementPropertyValueKeyword.verifyElementPropertyValue(VerifyElementPropertyValueKeyword.groovy:48)
	at com.kms.katalon.core.webservice.keyword.builtin.VerifyElementPropertyValueKeyword.execute(VerifyElementPropertyValueKeyword.groovy:43)
	at com.kms.katalon.core.keyword.internal.KeywordExecutor.executeKeywordForPlatform(KeywordExecutor.groovy:53)
	at com.kms.katalon.core.webservice.keyword.WSBuiltInKeywords.verifyElementPropertyValue(WSBuiltInKeywords.groovy:123)
	at com.kms.katalon.core.webservice.keyword.WSBuiltInKeywords$verifyElementPropertyValue$1.call(Unknown Source)
	at 53AllRequestHistory.run(53AllRequestHistory:24)
	at com.kms.katalon.core.main.ScriptEngine.run(ScriptEngine.java:194)
	at com.kms.katalon.core.main.ScriptEngine.runScriptAsRawText(ScriptEngine.java:119)
	at com.kms.katalon.core.main.TestCaseExecutor.runScript(TestCaseExecutor.java:328)
	at com.kms.katalon.core.main.TestCaseExecutor.doExecute(TestCaseExecutor.java:319)
	at com.kms.katalon.core.main.TestCaseExecutor.processExecutionPhase(TestCaseExecutor.java:298)
	at com.kms.katalon.core.main.TestCaseExecutor.accessMainPhase(TestCaseExecutor.java:290)
	at com.kms.katalon.core.main.TestCaseExecutor.execute(TestCaseExecutor.java:224)
	at com.kms.katalon.core.main.TestSuiteExecutor.accessTestCaseMainPhase(TestSuiteExecutor.java:129)
	at com.kms.katalon.core.main.TestSuiteExecutor.accessTestSuiteMainPhase(TestSuiteExecutor.java:112)
	at com.kms.katalon.core.main.TestSuiteExecutor.execute(TestSuiteExecutor.java:81)
	at com.kms.katalon.core.main.TestCaseMain.startTestSuite(TestCaseMain.java:149)
	at com.kms.katalon.core.main.TestCaseMain$startTestSuite$0.call(Unknown Source)
	at TempTestSuite1550052666022.run(TempTestSuite1550052666022.groovy:36)]]></system-err>
      </testcase>
      <testcase name="Test Cases/Request/57ViewRequestDetails" classname="Test Cases/Request/57ViewRequestDetails" status="FAILED">
         <failure type="FAILED" message="Test Cases/Request/57ViewRequestDetails FAILED.
Reason:
com.kms.katalon.core.exception.StepFailedException: Expected element property value '3' is not equal with actual property value '0'
	at com.kms.katalon.core.keyword.internal.KeywordMain.stepFailed(KeywordMain.groovy:32)
	at com.kms.katalon.core.webservice.keyword.builtin.VerifyElementPropertyValueKeyword$_verifyElementPropertyValue_closure1.doCall(VerifyElementPropertyValueKeyword.groovy:56)
	at com.kms.katalon.core.webservice.keyword.builtin.VerifyElementPropertyValueKeyword$_verifyElementPropertyValue_closure1.call(VerifyElementPropertyValueKeyword.groovy)
	at com.kms.katalon.core.keyword.internal.KeywordMain.runKeyword(KeywordMain.groovy:54)
	at com.kms.katalon.core.webservice.keyword.builtin.VerifyElementPropertyValueKeyword.verifyElementPropertyValue(VerifyElementPropertyValueKeyword.groovy:48)
	at com.kms.katalon.core.webservice.keyword.builtin.VerifyElementPropertyValueKeyword.execute(VerifyElementPropertyValueKeyword.groovy:43)
	at com.kms.katalon.core.keyword.internal.KeywordExecutor.executeKeywordForPlatform(KeywordExecutor.groovy:53)
	at com.kms.katalon.core.webservice.keyword.WSBuiltInKeywords.verifyElementPropertyValue(WSBuiltInKeywords.groovy:123)
	at com.kms.katalon.core.webservice.keyword.WSBuiltInKeywords$verifyElementPropertyValue$1.call(Unknown Source)
	at 57ViewRequestDetails.run(57ViewRequestDetails:22)
	at com.kms.katalon.core.main.ScriptEngine.run(ScriptEngine.java:194)
	at com.kms.katalon.core.main.ScriptEngine.runScriptAsRawText(ScriptEngine.java:119)
	at com.kms.katalon.core.main.TestCaseExecutor.runScript(TestCaseExecutor.java:328)
	at com.kms.katalon.core.main.TestCaseExecutor.doExecute(TestCaseExecutor.java:319)
	at com.kms.katalon.core.main.TestCaseExecutor.processExecutionPhase(TestCaseExecutor.java:298)
	at com.kms.katalon.core.main.TestCaseExecutor.accessMainPhase(TestCaseExecutor.java:290)
	at com.kms.katalon.core.main.TestCaseExecutor.execute(TestCaseExecutor.java:224)
	at com.kms.katalon.core.main.TestSuiteExecutor.accessTestCaseMainPhase(TestSuiteExecutor.java:129)
	at com.kms.katalon.core.main.TestSuiteExecutor.accessTestSuiteMainPhase(TestSuiteExecutor.java:112)
	at com.kms.katalon.core.main.TestSuiteExecutor.execute(TestSuiteExecutor.java:81)
	at com.kms.katalon.core.main.TestCaseMain.startTestSuite(TestCaseMain.java:149)
	at com.kms.katalon.core.main.TestCaseMain$startTestSuite$0.call(Unknown Source)
	at TempTestSuite1550052666022.run(TempTestSuite1550052666022.groovy:36)
"/>
         <system-out><![CDATA[2019-02-13 17:11:34 - [TEST_CASE][FAILED] - Test Cases/Request/57ViewRequestDetails: Test Cases/Request/57ViewRequestDetails FAILED.
Reason:
com.kms.katalon.core.exception.StepFailedException: Expected element property value '3' is not equal with actual property value '0'
	at com.kms.katalon.core.keyword.internal.KeywordMain.stepFailed(KeywordMain.groovy:32)
	at com.kms.katalon.core.webservice.keyword.builtin.VerifyElementPropertyValueKeyword$_verifyElementPropertyValue_closure1.doCall(VerifyElementPropertyValueKeyword.groovy:56)
	at com.kms.katalon.core.webservice.keyword.builtin.VerifyElementPropertyValueKeyword$_verifyElementPropertyValue_closure1.call(VerifyElementPropertyValueKeyword.groovy)
	at com.kms.katalon.core.keyword.internal.KeywordMain.runKeyword(KeywordMain.groovy:54)
	at com.kms.katalon.core.webservice.keyword.builtin.VerifyElementPropertyValueKeyword.verifyElementPropertyValue(VerifyElementPropertyValueKeyword.groovy:48)
	at com.kms.katalon.core.webservice.keyword.builtin.VerifyElementPropertyValueKeyword.execute(VerifyElementPropertyValueKeyword.groovy:43)
	at com.kms.katalon.core.keyword.internal.KeywordExecutor.executeKeywordForPlatform(KeywordExecutor.groovy:53)
	at com.kms.katalon.core.webservice.keyword.WSBuiltInKeywords.verifyElementPropertyValue(WSBuiltInKeywords.groovy:123)
	at com.kms.katalon.core.webservice.keyword.WSBuiltInKeywords$verifyElementPropertyValue$1.call(Unknown Source)
	at 57ViewRequestDetails.run(57ViewRequestDetails:22)
	at com.kms.katalon.core.main.ScriptEngine.run(ScriptEngine.java:194)
	at com.kms.katalon.core.main.ScriptEngine.runScriptAsRawText(ScriptEngine.java:119)
	at com.kms.katalon.core.main.TestCaseExecutor.runScript(TestCaseExecutor.java:328)
	at com.kms.katalon.core.main.TestCaseExecutor.doExecute(TestCaseExecutor.java:319)
	at com.kms.katalon.core.main.TestCaseExecutor.processExecutionPhase(TestCaseExecutor.java:298)
	at com.kms.katalon.core.main.TestCaseExecutor.accessMainPhase(TestCaseExecutor.java:290)
	at com.kms.katalon.core.main.TestCaseExecutor.execute(TestCaseExecutor.java:224)
	at com.kms.katalon.core.main.TestSuiteExecutor.accessTestCaseMainPhase(TestSuiteExecutor.java:129)
	at com.kms.katalon.core.main.TestSuiteExecutor.accessTestSuiteMainPhase(TestSuiteExecutor.java:112)
	at com.kms.katalon.core.main.TestSuiteExecutor.execute(TestSuiteExecutor.java:81)
	at com.kms.katalon.core.main.TestCaseMain.startTestSuite(TestCaseMain.java:149)
	at com.kms.katalon.core.main.TestCaseMain$startTestSuite$0.call(Unknown Source)
	at TempTestSuite1550052666022.run(TempTestSuite1550052666022.groovy:36)


2019-02-13 17:11:34 - [TEST_STEP][PASSED] - a = sendRequest(findTestObject("Request/57ViewRequestDetail")): Send request successfully

2019-02-13 17:11:34 - [MESSAGE][PASSED] - Send request successfully

2019-02-13 17:11:34 - [TEST_STEP][PASSED] - verifyResponseStatusCode(a, 200): Verify response status code successfully

2019-02-13 17:11:34 - [MESSAGE][PASSED] - Verify response status code successfully

2019-02-13 17:11:34 - [TEST_STEP][PASSED] - verifyElementPropertyValue(a, "ObjReturn.RequestId", 7): Verify element property value successfully

2019-02-13 17:11:34 - [MESSAGE][PASSED] - Verify element property value successfully

2019-02-13 17:11:34 - [TEST_STEP][FAILED] - verifyElementPropertyValue(a, "ObjReturn.AgencyId", 3): Expected element property value '3' is not equal with actual property value '0'

2019-02-13 17:11:34 - [MESSAGE][FAILED] - Expected element property value '3' is not equal with actual property value '0'

2019-02-13 17:11:34 - [TEST_STEP][PASSED] - verifyElementPropertyValue(a, "ObjReturn.AgencyName", "Passio 47 TCV"): Verify element property value successfully

2019-02-13 17:11:34 - [MESSAGE][PASSED] - Verify element property value successfully

2019-02-13 17:11:34 - [TEST_STEP][FAILED] - verifyElementPropertyValue(a, "ObjReturn.AgencyAddress", "47 Trần Cao Vân"): Expected element property value '47 Trần Cao Vân' is not equal with actual property value 'null'

2019-02-13 17:11:34 - [MESSAGE][FAILED] - Expected element property value '47 Trần Cao Vân' is not equal with actual property value 'null'

2019-02-13 17:11:34 - [TEST_STEP][FAILED] - verifyElementPropertyValue(a, "ObjReturn.RequestCategoryId", 3): Expected element property value '3' is not equal with actual property value '0'

2019-02-13 17:11:34 - [MESSAGE][FAILED] - Expected element property value '3' is not equal with actual property value '0'

2019-02-13 17:11:34 - [TEST_STEP][FAILED] - verifyElementPropertyValue(a, "ObjReturn.ServiceId", 14): Expected element property value '14' is not equal with actual property value '0'

2019-02-13 17:11:34 - [MESSAGE][FAILED] - Expected element property value '14' is not equal with actual property value '0'

2019-02-13 17:11:34 - [TEST_STEP][FAILED] - verifyElementPropertyValue(a, "ObjReturn.ServiceName", "SOFTWARE"): Expected element property value 'SOFTWARE' is not equal with actual property value 'null'

2019-02-13 17:11:34 - [MESSAGE][FAILED] - Expected element property value 'SOFTWARE' is not equal with actual property value 'null'

2019-02-13 17:11:34 - [TEST_STEP][FAILED] - verifyElementPropertyValue(a, "ObjReturn.ServiceItemId", 19): Expected element property value '19' is not equal with actual property value '0'

2019-02-13 17:11:34 - [MESSAGE][FAILED] - Expected element property value '19' is not equal with actual property value '0'

2019-02-13 17:11:34 - [TEST_STEP][FAILED] - verifyElementPropertyValue(a, "ObjReturn.ServiceItemName", "Mở máy tính không lên"): Expected element property value 'Mở máy tính không lên' is not equal with actual property value 'null'

2019-02-13 17:11:34 - [MESSAGE][FAILED] - Expected element property value 'Mở máy tính không lên' is not equal with actual property value 'null'

2019-02-13 17:11:34 - [TEST_STEP][PASSED] - verifyElementPropertyValue(a, "ObjReturn.RequestName", "Passio 47 TCV - Mở máy tính không lên"): Verify element property value successfully

2019-02-13 17:11:34 - [MESSAGE][PASSED] - Verify element property value successfully

2019-02-13 17:11:34 - [TEST_STEP][FAILED] - verifyElementPropertyValue(a, "ObjReturn.RequestDesciption", "dsa"): Expected element property value 'dsa' is not equal with actual property value 'null'

2019-02-13 17:11:34 - [MESSAGE][FAILED] - Expected element property value 'dsa' is not equal with actual property value 'null'

2019-02-13 17:11:34 - [TEST_STEP][FAILED] - verifyElementPropertyValue(a, "ObjReturn.AgencyTelephone", "0966167423"): Expected element property value '0966167423' is not equal with actual property value 'null'

2019-02-13 17:11:34 - [MESSAGE][FAILED] - Expected element property value '0966167423' is not equal with actual property value 'null'

2019-02-13 17:11:34 - [TEST_STEP][PASSED] - verifyElementPropertyValue(a, "ObjReturn.CreateDate", "14:43 16/01/2019"): Verify element property value successfully

2019-02-13 17:11:34 - [MESSAGE][PASSED] - Verify element property value successfully

2019-02-13 17:11:34 - [TEST_STEP][PASSED] - verifyElementPropertyValue(a, "ObjReturn.UpdateDate", "14:45 16/01/2019"): Verify element property value successfully

2019-02-13 17:11:34 - [MESSAGE][PASSED] - Verify element property value successfully

2019-02-13 17:11:34 - [TEST_STEP][FAILED] - verifyElementPropertyValue(a, "ObjReturn.StartTime", "10:47 16/01/2019"): Expected element property value '10:47 16/01/2019' is not equal with actual property value 'null'

2019-02-13 17:11:34 - [MESSAGE][FAILED] - Expected element property value '10:47 16/01/2019' is not equal with actual property value 'null'

2019-02-13 17:11:34 - [TEST_STEP][FAILED] - verifyElementPropertyValue(a, "ObjReturn.EndTime", "11:47 16/01/2019"): Expected element property value '11:47 16/01/2019' is not equal with actual property value 'null'

2019-02-13 17:11:35 - [MESSAGE][FAILED] - Expected element property value '11:47 16/01/2019' is not equal with actual property value 'null'

2019-02-13 17:11:35 - [TEST_STEP][FAILED] - verifyElementPropertyValue(a, "ObjReturn.RequestStatus", "Hoàn thành"): Expected element property value 'Hoàn thành' is not equal with actual property value 'Hủy bỏ'

2019-02-13 17:11:35 - [MESSAGE][FAILED] - Expected element property value 'Hoàn thành' is not equal with actual property value 'Hủy bỏ'

2019-02-13 17:11:35 - [TEST_STEP][FAILED] - verifyElementPropertyValue(a, "ObjReturn.RequestStatusValue", 3): Expected element property value '3' is not equal with actual property value '0'

2019-02-13 17:11:35 - [MESSAGE][FAILED] - Expected element property value '3' is not equal with actual property value '0'

2019-02-13 17:11:35 - [TEST_STEP][PASSED] - verifyElementPropertyValue(a, "ObjReturn.RequestEstimationTime", "19:43 16/01/2019"): Verify element property value successfully

2019-02-13 17:11:35 - [MESSAGE][PASSED] - Verify element property value successfully

2019-02-13 17:11:35 - [TEST_STEP][PASSED] - verifyElementPropertyValue(a, "ObjReturn.NumberOfTicketDone", 0): Verify element property value successfully

2019-02-13 17:11:35 - [MESSAGE][PASSED] - Verify element property value successfully

2019-02-13 17:11:35 - [TEST_STEP][PASSED] - verifyElementPropertyValue(a, "ObjReturn.NumberTicketInProcessing", 0): Verify element property value successfully

2019-02-13 17:11:35 - [MESSAGE][PASSED] - Verify element property value successfully

2019-02-13 17:11:35 - [TEST_STEP][PASSED] - verifyElementPropertyValue(a, "ObjReturn.NumberOfTicket", 1): Verify element property value successfully

2019-02-13 17:11:35 - [MESSAGE][PASSED] - Verify element property value successfully

2019-02-13 17:11:35 - [TEST_STEP][PASSED] - verifyElementPropertyValue(a, "ObjReturn.ITSupporterName", "Ngô Thanh Chiến"): Verify element property value successfully

2019-02-13 17:11:35 - [MESSAGE][PASSED] - Verify element property value successfully

2019-02-13 17:11:35 - [TEST_STEP][FAILED] - verifyElementPropertyValue(a, "ObjReturn.ITSupporterPhone", "0773909125"): Expected element property value '0773909125' is not equal with actual property value 'null'

2019-02-13 17:11:35 - [MESSAGE][FAILED] - Expected element property value '0773909125' is not equal with actual property value 'null'

2019-02-13 17:11:35 - [TEST_STEP][FAILED] - verifyElementPropertyValue(a, "ObjReturn.FeedBack", "agag"): Expected element property value 'agag' is not equal with actual property value 'null'

2019-02-13 17:11:35 - [MESSAGE][FAILED] - Expected element property value 'agag' is not equal with actual property value 'null'

2019-02-13 17:11:35 - [TEST_STEP][FAILED] - verifyElementPropertyValue(a, "ObjReturn.Rating", 3): Expected element property value '3' is not equal with actual property value '0'

2019-02-13 17:11:35 - [MESSAGE][FAILED] - Expected element property value '3' is not equal with actual property value '0'

2019-02-13 17:11:35 - [TEST_STEP][FAILED] - verifyElementPropertyValue(a, "ObjReturn.Priority", "Cao"): Expected element property value 'Cao' is not equal with actual property value 'null'

2019-02-13 17:11:35 - [MESSAGE][FAILED] - Expected element property value 'Cao' is not equal with actual property value 'null'

2019-02-13 17:11:35 - [TEST_STEP][FAILED] - verifyElementPropertyValue(a, "ObjReturn.PriorityValue", 1): Expected element property value '1' is not equal with actual property value '0'

2019-02-13 17:11:35 - [MESSAGE][FAILED] - Expected element property value '1' is not equal with actual property value '0'

2019-02-13 17:11:35 - [TEST_STEP][PASSED] - verifyElementPropertyValue(a, "ObjReturn.Tickets[0].TicketId", 13): Verify element property value successfully

2019-02-13 17:11:35 - [MESSAGE][PASSED] - Verify element property value successfully

2019-02-13 17:11:35 - [TEST_STEP][PASSED] - verifyElementPropertyValue(a, "ObjReturn.Tickets[0].DeviceId", 8): Verify element property value successfully

2019-02-13 17:11:35 - [MESSAGE][PASSED] - Verify element property value successfully

2019-02-13 17:11:35 - [TEST_STEP][FAILED] - verifyElementPropertyValue(a, "ObjReturn.Tickets[0].DeviceCode", "P00DDS"): Expected element property value 'P00DDS' is not equal with actual property value 'null'

2019-02-13 17:11:35 - [MESSAGE][FAILED] - Expected element property value 'P00DDS' is not equal with actual property value 'null'

2019-02-13 17:11:35 - [TEST_STEP][PASSED] - verifyElementPropertyValue(a, "ObjReturn.Tickets[0].Desciption", "Được Thêm bởi Admin vào lúc 1/17/2019 12:24:23 PM cho sự cố Uni deli - Sửa chữa máy POS  không in được."): Verify element property value successfully

2019-02-13 17:11:35 - [MESSAGE][PASSED] - Verify element property value successfully

2019-02-13 17:11:35 - [TEST_STEP][PASSED] - verifyElementPropertyValue(a, "ObjReturn.Tickets[0].DeviceName", "POS Sunmi"): Verify element property value successfully

2019-02-13 17:11:35 - [MESSAGE][PASSED] - Verify element property value successfully

2019-02-13 17:11:35 - [TEST_STEP][FAILED] - verifyElementPropertyValue(a, "ObjReturn.Tickets[0].CreateDate", "12:24 17/01/2019"): Expected element property value '12:24 17/01/2019' is not equal with actual property value '17/01/2019 12:24'

2019-02-13 17:11:35 - [MESSAGE][FAILED] - Expected element property value '12:24 17/01/2019' is not equal with actual property value '17/01/2019 12:24'

2019-02-13 17:11:35 - [TEST_STEP][FAILED] - verifyElementPropertyValue(a, "ObjReturn.Tickets[0].CreateBy", "ADMIN"): Expected element property value 'ADMIN' is not equal with actual property value 'null'

2019-02-13 17:11:35 - [MESSAGE][FAILED] - Expected element property value 'ADMIN' is not equal with actual property value 'null'

2019-02-13 17:11:35 - [TEST_STEP][FAILED] - verifyElementPropertyValue(a, "ObjReturn.Tickets[0].CreateBy", "ADMIN"): verifyElementPropertyValue(a, "ObjReturn.Tickets[0].CreateBy", "ADMIN") FAILED.
Reason:
com.kms.katalon.core.exception.StepFailedException: Expected element property value '3' is not equal with actual property value '0'
	at com.kms.katalon.core.keyword.internal.KeywordMain.stepFailed(KeywordMain.groovy:32)
	at com.kms.katalon.core.webservice.keyword.builtin.VerifyElementPropertyValueKeyword$_verifyElementPropertyValue_closure1.doCall(VerifyElementPropertyValueKeyword.groovy:56)
	at com.kms.katalon.core.webservice.keyword.builtin.VerifyElementPropertyValueKeyword$_verifyElementPropertyValue_closure1.call(VerifyElementPropertyValueKeyword.groovy)
	at com.kms.katalon.core.keyword.internal.KeywordMain.runKeyword(KeywordMain.groovy:54)
	at com.kms.katalon.core.webservice.keyword.builtin.VerifyElementPropertyValueKeyword.verifyElementPropertyValue(VerifyElementPropertyValueKeyword.groovy:48)
	at com.kms.katalon.core.webservice.keyword.builtin.VerifyElementPropertyValueKeyword.execute(VerifyElementPropertyValueKeyword.groovy:43)
	at com.kms.katalon.core.keyword.internal.KeywordExecutor.executeKeywordForPlatform(KeywordExecutor.groovy:53)
	at com.kms.katalon.core.webservice.keyword.WSBuiltInKeywords.verifyElementPropertyValue(WSBuiltInKeywords.groovy:123)
	at com.kms.katalon.core.webservice.keyword.WSBuiltInKeywords$verifyElementPropertyValue$1.call(Unknown Source)
	at 57ViewRequestDetails.run(57ViewRequestDetails:22)
	at com.kms.katalon.core.main.ScriptEngine.run(ScriptEngine.java:194)
	at com.kms.katalon.core.main.ScriptEngine.runScriptAsRawText(ScriptEngine.java:119)
	at com.kms.katalon.core.main.TestCaseExecutor.runScript(TestCaseExecutor.java:328)
	at com.kms.katalon.core.main.TestCaseExecutor.doExecute(TestCaseExecutor.java:319)
	at com.kms.katalon.core.main.TestCaseExecutor.processExecutionPhase(TestCaseExecutor.java:298)
	at com.kms.katalon.core.main.TestCaseExecutor.accessMainPhase(TestCaseExecutor.java:290)
	at com.kms.katalon.core.main.TestCaseExecutor.execute(TestCaseExecutor.java:224)
	at com.kms.katalon.core.main.TestSuiteExecutor.accessTestCaseMainPhase(TestSuiteExecutor.java:129)
	at com.kms.katalon.core.main.TestSuiteExecutor.accessTestSuiteMainPhase(TestSuiteExecutor.java:112)
	at com.kms.katalon.core.main.TestSuiteExecutor.execute(TestSuiteExecutor.java:81)
	at com.kms.katalon.core.main.TestCaseMain.startTestSuite(TestCaseMain.java:149)
	at com.kms.katalon.core.main.TestCaseMain$startTestSuite$0.call(Unknown Source)
	at TempTestSuite1550052666022.run(TempTestSuite1550052666022.groovy:36)


2019-02-13 17:11:35 - [MESSAGE][FAILED] - Expected element property value 'ADMIN' is not equal with actual property value 'null'

2019-02-13 17:11:35 - [MESSAGE][FAILED] - verifyElementPropertyValue(a, "ObjReturn.Tickets[0].CreateBy", "ADMIN") FAILED.
Reason:
com.kms.katalon.core.exception.StepFailedException: Expected element property value '3' is not equal with actual property value '0'
	at com.kms.katalon.core.keyword.internal.KeywordMain.stepFailed(KeywordMain.groovy:32)
	at com.kms.katalon.core.webservice.keyword.builtin.VerifyElementPropertyValueKeyword$_verifyElementPropertyValue_closure1.doCall(VerifyElementPropertyValueKeyword.groovy:56)
	at com.kms.katalon.core.webservice.keyword.builtin.VerifyElementPropertyValueKeyword$_verifyElementPropertyValue_closure1.call(VerifyElementPropertyValueKeyword.groovy)
	at com.kms.katalon.core.keyword.internal.KeywordMain.runKeyword(KeywordMain.groovy:54)
	at com.kms.katalon.core.webservice.keyword.builtin.VerifyElementPropertyValueKeyword.verifyElementPropertyValue(VerifyElementPropertyValueKeyword.groovy:48)
	at com.kms.katalon.core.webservice.keyword.builtin.VerifyElementPropertyValueKeyword.execute(VerifyElementPropertyValueKeyword.groovy:43)
	at com.kms.katalon.core.keyword.internal.KeywordExecutor.executeKeywordForPlatform(KeywordExecutor.groovy:53)
	at com.kms.katalon.core.webservice.keyword.WSBuiltInKeywords.verifyElementPropertyValue(WSBuiltInKeywords.groovy:123)
	at com.kms.katalon.core.webservice.keyword.WSBuiltInKeywords$verifyElementPropertyValue$1.call(Unknown Source)
	at 57ViewRequestDetails.run(57ViewRequestDetails:22)
	at com.kms.katalon.core.main.ScriptEngine.run(ScriptEngine.java:194)
	at com.kms.katalon.core.main.ScriptEngine.runScriptAsRawText(ScriptEngine.java:119)
	at com.kms.katalon.core.main.TestCaseExecutor.runScript(TestCaseExecutor.java:328)
	at com.kms.katalon.core.main.TestCaseExecutor.doExecute(TestCaseExecutor.java:319)
	at com.kms.katalon.core.main.TestCaseExecutor.processExecutionPhase(TestCaseExecutor.java:298)
	at com.kms.katalon.core.main.TestCaseExecutor.accessMainPhase(TestCaseExecutor.java:290)
	at com.kms.katalon.core.main.TestCaseExecutor.execute(TestCaseExecutor.java:224)
	at com.kms.katalon.core.main.TestSuiteExecutor.accessTestCaseMainPhase(TestSuiteExecutor.java:129)
	at com.kms.katalon.core.main.TestSuiteExecutor.accessTestSuiteMainPhase(TestSuiteExecutor.java:112)
	at com.kms.katalon.core.main.TestSuiteExecutor.execute(TestSuiteExecutor.java:81)
	at com.kms.katalon.core.main.TestCaseMain.startTestSuite(TestCaseMain.java:149)
	at com.kms.katalon.core.main.TestCaseMain$startTestSuite$0.call(Unknown Source)
	at TempTestSuite1550052666022.run(TempTestSuite1550052666022.groovy:36)]]></system-out>
         <system-err><![CDATA[2019-02-13 17:11:34 - [TEST_CASE][FAILED] - Test Cases/Request/57ViewRequestDetails: Test Cases/Request/57ViewRequestDetails FAILED.
Reason:
com.kms.katalon.core.exception.StepFailedException: Expected element property value '3' is not equal with actual property value '0'
	at com.kms.katalon.core.keyword.internal.KeywordMain.stepFailed(KeywordMain.groovy:32)
	at com.kms.katalon.core.webservice.keyword.builtin.VerifyElementPropertyValueKeyword$_verifyElementPropertyValue_closure1.doCall(VerifyElementPropertyValueKeyword.groovy:56)
	at com.kms.katalon.core.webservice.keyword.builtin.VerifyElementPropertyValueKeyword$_verifyElementPropertyValue_closure1.call(VerifyElementPropertyValueKeyword.groovy)
	at com.kms.katalon.core.keyword.internal.KeywordMain.runKeyword(KeywordMain.groovy:54)
	at com.kms.katalon.core.webservice.keyword.builtin.VerifyElementPropertyValueKeyword.verifyElementPropertyValue(VerifyElementPropertyValueKeyword.groovy:48)
	at com.kms.katalon.core.webservice.keyword.builtin.VerifyElementPropertyValueKeyword.execute(VerifyElementPropertyValueKeyword.groovy:43)
	at com.kms.katalon.core.keyword.internal.KeywordExecutor.executeKeywordForPlatform(KeywordExecutor.groovy:53)
	at com.kms.katalon.core.webservice.keyword.WSBuiltInKeywords.verifyElementPropertyValue(WSBuiltInKeywords.groovy:123)
	at com.kms.katalon.core.webservice.keyword.WSBuiltInKeywords$verifyElementPropertyValue$1.call(Unknown Source)
	at 57ViewRequestDetails.run(57ViewRequestDetails:22)
	at com.kms.katalon.core.main.ScriptEngine.run(ScriptEngine.java:194)
	at com.kms.katalon.core.main.ScriptEngine.runScriptAsRawText(ScriptEngine.java:119)
	at com.kms.katalon.core.main.TestCaseExecutor.runScript(TestCaseExecutor.java:328)
	at com.kms.katalon.core.main.TestCaseExecutor.doExecute(TestCaseExecutor.java:319)
	at com.kms.katalon.core.main.TestCaseExecutor.processExecutionPhase(TestCaseExecutor.java:298)
	at com.kms.katalon.core.main.TestCaseExecutor.accessMainPhase(TestCaseExecutor.java:290)
	at com.kms.katalon.core.main.TestCaseExecutor.execute(TestCaseExecutor.java:224)
	at com.kms.katalon.core.main.TestSuiteExecutor.accessTestCaseMainPhase(TestSuiteExecutor.java:129)
	at com.kms.katalon.core.main.TestSuiteExecutor.accessTestSuiteMainPhase(TestSuiteExecutor.java:112)
	at com.kms.katalon.core.main.TestSuiteExecutor.execute(TestSuiteExecutor.java:81)
	at com.kms.katalon.core.main.TestCaseMain.startTestSuite(TestCaseMain.java:149)
	at com.kms.katalon.core.main.TestCaseMain$startTestSuite$0.call(Unknown Source)
	at TempTestSuite1550052666022.run(TempTestSuite1550052666022.groovy:36)]]></system-err>
      </testcase>
      <testcase name="Test Cases/Request/60ViewRequestStatistic" classname="Test Cases/Request/60ViewRequestStatistic" status="FAILED">
         <failure type="FAILED" message="Test Cases/Request/60ViewRequestStatistic FAILED.
Reason:
com.kms.katalon.core.exception.StepFailedException: Expected element property value '5' is not equal with actual property value '3'
	at com.kms.katalon.core.keyword.internal.KeywordMain.stepFailed(KeywordMain.groovy:32)
	at com.kms.katalon.core.webservice.keyword.builtin.VerifyElementPropertyValueKeyword$_verifyElementPropertyValue_closure1.doCall(VerifyElementPropertyValueKeyword.groovy:56)
	at com.kms.katalon.core.webservice.keyword.builtin.VerifyElementPropertyValueKeyword$_verifyElementPropertyValue_closure1.call(VerifyElementPropertyValueKeyword.groovy)
	at com.kms.katalon.core.keyword.internal.KeywordMain.runKeyword(KeywordMain.groovy:54)
	at com.kms.katalon.core.webservice.keyword.builtin.VerifyElementPropertyValueKeyword.verifyElementPropertyValue(VerifyElementPropertyValueKeyword.groovy:48)
	at com.kms.katalon.core.webservice.keyword.builtin.VerifyElementPropertyValueKeyword.execute(VerifyElementPropertyValueKeyword.groovy:43)
	at com.kms.katalon.core.keyword.internal.KeywordExecutor.executeKeywordForPlatform(KeywordExecutor.groovy:53)
	at com.kms.katalon.core.webservice.keyword.WSBuiltInKeywords.verifyElementPropertyValue(WSBuiltInKeywords.groovy:123)
	at com.kms.katalon.core.webservice.keyword.WSBuiltInKeywords$verifyElementPropertyValue$1.call(Unknown Source)
	at 60ViewRequestStatistic.run(60ViewRequestStatistic:20)
	at com.kms.katalon.core.main.ScriptEngine.run(ScriptEngine.java:194)
	at com.kms.katalon.core.main.ScriptEngine.runScriptAsRawText(ScriptEngine.java:119)
	at com.kms.katalon.core.main.TestCaseExecutor.runScript(TestCaseExecutor.java:328)
	at com.kms.katalon.core.main.TestCaseExecutor.doExecute(TestCaseExecutor.java:319)
	at com.kms.katalon.core.main.TestCaseExecutor.processExecutionPhase(TestCaseExecutor.java:298)
	at com.kms.katalon.core.main.TestCaseExecutor.accessMainPhase(TestCaseExecutor.java:290)
	at com.kms.katalon.core.main.TestCaseExecutor.execute(TestCaseExecutor.java:224)
	at com.kms.katalon.core.main.TestSuiteExecutor.accessTestCaseMainPhase(TestSuiteExecutor.java:129)
	at com.kms.katalon.core.main.TestSuiteExecutor.accessTestSuiteMainPhase(TestSuiteExecutor.java:112)
	at com.kms.katalon.core.main.TestSuiteExecutor.execute(TestSuiteExecutor.java:81)
	at com.kms.katalon.core.main.TestCaseMain.startTestSuite(TestCaseMain.java:149)
	at com.kms.katalon.core.main.TestCaseMain$startTestSuite$0.call(Unknown Source)
	at TempTestSuite1550052666022.run(TempTestSuite1550052666022.groovy:36)
"/>
         <system-out><![CDATA[2019-02-13 17:11:35 - [TEST_CASE][FAILED] - Test Cases/Request/60ViewRequestStatistic: Test Cases/Request/60ViewRequestStatistic FAILED.
Reason:
com.kms.katalon.core.exception.StepFailedException: Expected element property value '5' is not equal with actual property value '3'
	at com.kms.katalon.core.keyword.internal.KeywordMain.stepFailed(KeywordMain.groovy:32)
	at com.kms.katalon.core.webservice.keyword.builtin.VerifyElementPropertyValueKeyword$_verifyElementPropertyValue_closure1.doCall(VerifyElementPropertyValueKeyword.groovy:56)
	at com.kms.katalon.core.webservice.keyword.builtin.VerifyElementPropertyValueKeyword$_verifyElementPropertyValue_closure1.call(VerifyElementPropertyValueKeyword.groovy)
	at com.kms.katalon.core.keyword.internal.KeywordMain.runKeyword(KeywordMain.groovy:54)
	at com.kms.katalon.core.webservice.keyword.builtin.VerifyElementPropertyValueKeyword.verifyElementPropertyValue(VerifyElementPropertyValueKeyword.groovy:48)
	at com.kms.katalon.core.webservice.keyword.builtin.VerifyElementPropertyValueKeyword.execute(VerifyElementPropertyValueKeyword.groovy:43)
	at com.kms.katalon.core.keyword.internal.KeywordExecutor.executeKeywordForPlatform(KeywordExecutor.groovy:53)
	at com.kms.katalon.core.webservice.keyword.WSBuiltInKeywords.verifyElementPropertyValue(WSBuiltInKeywords.groovy:123)
	at com.kms.katalon.core.webservice.keyword.WSBuiltInKeywords$verifyElementPropertyValue$1.call(Unknown Source)
	at 60ViewRequestStatistic.run(60ViewRequestStatistic:20)
	at com.kms.katalon.core.main.ScriptEngine.run(ScriptEngine.java:194)
	at com.kms.katalon.core.main.ScriptEngine.runScriptAsRawText(ScriptEngine.java:119)
	at com.kms.katalon.core.main.TestCaseExecutor.runScript(TestCaseExecutor.java:328)
	at com.kms.katalon.core.main.TestCaseExecutor.doExecute(TestCaseExecutor.java:319)
	at com.kms.katalon.core.main.TestCaseExecutor.processExecutionPhase(TestCaseExecutor.java:298)
	at com.kms.katalon.core.main.TestCaseExecutor.accessMainPhase(TestCaseExecutor.java:290)
	at com.kms.katalon.core.main.TestCaseExecutor.execute(TestCaseExecutor.java:224)
	at com.kms.katalon.core.main.TestSuiteExecutor.accessTestCaseMainPhase(TestSuiteExecutor.java:129)
	at com.kms.katalon.core.main.TestSuiteExecutor.accessTestSuiteMainPhase(TestSuiteExecutor.java:112)
	at com.kms.katalon.core.main.TestSuiteExecutor.execute(TestSuiteExecutor.java:81)
	at com.kms.katalon.core.main.TestCaseMain.startTestSuite(TestCaseMain.java:149)
	at com.kms.katalon.core.main.TestCaseMain$startTestSuite$0.call(Unknown Source)
	at TempTestSuite1550052666022.run(TempTestSuite1550052666022.groovy:36)


2019-02-13 17:11:36 - [TEST_STEP][PASSED] - a = sendRequest(findTestObject("Request/60ViewRequestStatistic")): Send request successfully

2019-02-13 17:11:36 - [MESSAGE][PASSED] - Send request successfully

2019-02-13 17:11:36 - [TEST_STEP][PASSED] - verifyResponseStatusCode(a, 200): Verify response status code successfully

2019-02-13 17:11:36 - [MESSAGE][PASSED] - Verify response status code successfully

2019-02-13 17:11:36 - [TEST_STEP][FAILED] - verifyElementPropertyValue(a, "ObjReturn[0].StatusId", 5): Expected element property value '5' is not equal with actual property value '3'

2019-02-13 17:11:36 - [MESSAGE][FAILED] - Expected element property value '5' is not equal with actual property value '3'

2019-02-13 17:11:36 - [TEST_STEP][FAILED] - verifyElementPropertyValue(a, "ObjReturn[0].StatusName", "Tạo mới"): Expected element property value 'Tạo mới' is not equal with actual property value 'Hoàn thành'

2019-02-13 17:11:36 - [MESSAGE][FAILED] - Expected element property value 'Tạo mới' is not equal with actual property value 'Hoàn thành'

2019-02-13 17:11:36 - [TEST_STEP][FAILED] - verifyElementPropertyValue(a, "ObjReturn[0].NumberOfStatus", 7): Expected element property value '7' is not equal with actual property value '14'

2019-02-13 17:11:36 - [MESSAGE][FAILED] - Expected element property value '7' is not equal with actual property value '14'

2019-02-13 17:11:36 - [TEST_STEP][FAILED] - verifyElementPropertyValue(a, "ObjReturn[1].StatusId", 3): Expected element property value '3' is not equal with actual property value '1'

2019-02-13 17:11:36 - [MESSAGE][FAILED] - Expected element property value '3' is not equal with actual property value '1'

2019-02-13 17:11:36 - [TEST_STEP][FAILED] - verifyElementPropertyValue(a, "ObjReturn[1].StatusName", "Hoàn thành"): Expected element property value 'Hoàn thành' is not equal with actual property value 'Chờ nhân viên xử lý'

2019-02-13 17:11:36 - [MESSAGE][FAILED] - Expected element property value 'Hoàn thành' is not equal with actual property value 'Chờ nhân viên xử lý'

2019-02-13 17:11:36 - [TEST_STEP][FAILED] - verifyElementPropertyValue(a, "ObjReturn[1].NumberOfStatus", 8): Expected element property value '8' is not equal with actual property value '1'

2019-02-13 17:11:36 - [MESSAGE][FAILED] - Expected element property value '8' is not equal with actual property value '1'

2019-02-13 17:11:36 - [TEST_STEP][FAILED] - verifyElementPropertyValue(a, "ObjReturn[2].StatusId", 1): Expected element property value '1' is not equal with actual property value '2'

2019-02-13 17:11:36 - [MESSAGE][FAILED] - Expected element property value '1' is not equal with actual property value '2'

2019-02-13 17:11:36 - [TEST_STEP][FAILED] - verifyElementPropertyValue(a, "ObjReturn[2].StatusName", "Chờ nhân viên xử lý"): Expected element property value 'Chờ nhân viên xử lý' is not equal with actual property value 'Đang xử lý'

2019-02-13 17:11:36 - [MESSAGE][FAILED] - Expected element property value 'Chờ nhân viên xử lý' is not equal with actual property value 'Đang xử lý'

2019-02-13 17:11:36 - [TEST_STEP][FAILED] - verifyElementPropertyValue(a, "ObjReturn[2].NumberOfStatus", 8): Expected element property value '8' is not equal with actual property value '1'

2019-02-13 17:11:36 - [MESSAGE][FAILED] - Expected element property value '8' is not equal with actual property value '1'

2019-02-13 17:11:36 - [TEST_STEP][PASSED] - verifyElementPropertyValue(a, "ObjReturn[3].StatusId", 4): Verify element property value successfully

2019-02-13 17:11:36 - [MESSAGE][PASSED] - Verify element property value successfully

2019-02-13 17:11:36 - [TEST_STEP][PASSED] - verifyElementPropertyValue(a, "ObjReturn[3].StatusName", "Hủy bỏ"): Verify element property value successfully

2019-02-13 17:11:36 - [MESSAGE][PASSED] - Verify element property value successfully

2019-02-13 17:11:36 - [TEST_STEP][FAILED] - verifyElementPropertyValue(a, "ObjReturn[3].NumberOfStatus", 1): verifyElementPropertyValue(a, "ObjReturn[3].NumberOfStatus", 1) FAILED.
Reason:
com.kms.katalon.core.exception.StepFailedException: Expected element property value '5' is not equal with actual property value '3'
	at com.kms.katalon.core.keyword.internal.KeywordMain.stepFailed(KeywordMain.groovy:32)
	at com.kms.katalon.core.webservice.keyword.builtin.VerifyElementPropertyValueKeyword$_verifyElementPropertyValue_closure1.doCall(VerifyElementPropertyValueKeyword.groovy:56)
	at com.kms.katalon.core.webservice.keyword.builtin.VerifyElementPropertyValueKeyword$_verifyElementPropertyValue_closure1.call(VerifyElementPropertyValueKeyword.groovy)
	at com.kms.katalon.core.keyword.internal.KeywordMain.runKeyword(KeywordMain.groovy:54)
	at com.kms.katalon.core.webservice.keyword.builtin.VerifyElementPropertyValueKeyword.verifyElementPropertyValue(VerifyElementPropertyValueKeyword.groovy:48)
	at com.kms.katalon.core.webservice.keyword.builtin.VerifyElementPropertyValueKeyword.execute(VerifyElementPropertyValueKeyword.groovy:43)
	at com.kms.katalon.core.keyword.internal.KeywordExecutor.executeKeywordForPlatform(KeywordExecutor.groovy:53)
	at com.kms.katalon.core.webservice.keyword.WSBuiltInKeywords.verifyElementPropertyValue(WSBuiltInKeywords.groovy:123)
	at com.kms.katalon.core.webservice.keyword.WSBuiltInKeywords$verifyElementPropertyValue$1.call(Unknown Source)
	at 60ViewRequestStatistic.run(60ViewRequestStatistic:20)
	at com.kms.katalon.core.main.ScriptEngine.run(ScriptEngine.java:194)
	at com.kms.katalon.core.main.ScriptEngine.runScriptAsRawText(ScriptEngine.java:119)
	at com.kms.katalon.core.main.TestCaseExecutor.runScript(TestCaseExecutor.java:328)
	at com.kms.katalon.core.main.TestCaseExecutor.doExecute(TestCaseExecutor.java:319)
	at com.kms.katalon.core.main.TestCaseExecutor.processExecutionPhase(TestCaseExecutor.java:298)
	at com.kms.katalon.core.main.TestCaseExecutor.accessMainPhase(TestCaseExecutor.java:290)
	at com.kms.katalon.core.main.TestCaseExecutor.execute(TestCaseExecutor.java:224)
	at com.kms.katalon.core.main.TestSuiteExecutor.accessTestCaseMainPhase(TestSuiteExecutor.java:129)
	at com.kms.katalon.core.main.TestSuiteExecutor.accessTestSuiteMainPhase(TestSuiteExecutor.java:112)
	at com.kms.katalon.core.main.TestSuiteExecutor.execute(TestSuiteExecutor.java:81)
	at com.kms.katalon.core.main.TestCaseMain.startTestSuite(TestCaseMain.java:149)
	at com.kms.katalon.core.main.TestCaseMain$startTestSuite$0.call(Unknown Source)
	at TempTestSuite1550052666022.run(TempTestSuite1550052666022.groovy:36)


2019-02-13 17:11:36 - [MESSAGE][FAILED] - Expected element property value '1' is not equal with actual property value '6'

2019-02-13 17:11:36 - [MESSAGE][FAILED] - verifyElementPropertyValue(a, "ObjReturn[3].NumberOfStatus", 1) FAILED.
Reason:
com.kms.katalon.core.exception.StepFailedException: Expected element property value '5' is not equal with actual property value '3'
	at com.kms.katalon.core.keyword.internal.KeywordMain.stepFailed(KeywordMain.groovy:32)
	at com.kms.katalon.core.webservice.keyword.builtin.VerifyElementPropertyValueKeyword$_verifyElementPropertyValue_closure1.doCall(VerifyElementPropertyValueKeyword.groovy:56)
	at com.kms.katalon.core.webservice.keyword.builtin.VerifyElementPropertyValueKeyword$_verifyElementPropertyValue_closure1.call(VerifyElementPropertyValueKeyword.groovy)
	at com.kms.katalon.core.keyword.internal.KeywordMain.runKeyword(KeywordMain.groovy:54)
	at com.kms.katalon.core.webservice.keyword.builtin.VerifyElementPropertyValueKeyword.verifyElementPropertyValue(VerifyElementPropertyValueKeyword.groovy:48)
	at com.kms.katalon.core.webservice.keyword.builtin.VerifyElementPropertyValueKeyword.execute(VerifyElementPropertyValueKeyword.groovy:43)
	at com.kms.katalon.core.keyword.internal.KeywordExecutor.executeKeywordForPlatform(KeywordExecutor.groovy:53)
	at com.kms.katalon.core.webservice.keyword.WSBuiltInKeywords.verifyElementPropertyValue(WSBuiltInKeywords.groovy:123)
	at com.kms.katalon.core.webservice.keyword.WSBuiltInKeywords$verifyElementPropertyValue$1.call(Unknown Source)
	at 60ViewRequestStatistic.run(60ViewRequestStatistic:20)
	at com.kms.katalon.core.main.ScriptEngine.run(ScriptEngine.java:194)
	at com.kms.katalon.core.main.ScriptEngine.runScriptAsRawText(ScriptEngine.java:119)
	at com.kms.katalon.core.main.TestCaseExecutor.runScript(TestCaseExecutor.java:328)
	at com.kms.katalon.core.main.TestCaseExecutor.doExecute(TestCaseExecutor.java:319)
	at com.kms.katalon.core.main.TestCaseExecutor.processExecutionPhase(TestCaseExecutor.java:298)
	at com.kms.katalon.core.main.TestCaseExecutor.accessMainPhase(TestCaseExecutor.java:290)
	at com.kms.katalon.core.main.TestCaseExecutor.execute(TestCaseExecutor.java:224)
	at com.kms.katalon.core.main.TestSuiteExecutor.accessTestCaseMainPhase(TestSuiteExecutor.java:129)
	at com.kms.katalon.core.main.TestSuiteExecutor.accessTestSuiteMainPhase(TestSuiteExecutor.java:112)
	at com.kms.katalon.core.main.TestSuiteExecutor.execute(TestSuiteExecutor.java:81)
	at com.kms.katalon.core.main.TestCaseMain.startTestSuite(TestCaseMain.java:149)
	at com.kms.katalon.core.main.TestCaseMain$startTestSuite$0.call(Unknown Source)
	at TempTestSuite1550052666022.run(TempTestSuite1550052666022.groovy:36)]]></system-out>
         <system-err><![CDATA[2019-02-13 17:11:35 - [TEST_CASE][FAILED] - Test Cases/Request/60ViewRequestStatistic: Test Cases/Request/60ViewRequestStatistic FAILED.
Reason:
com.kms.katalon.core.exception.StepFailedException: Expected element property value '5' is not equal with actual property value '3'
	at com.kms.katalon.core.keyword.internal.KeywordMain.stepFailed(KeywordMain.groovy:32)
	at com.kms.katalon.core.webservice.keyword.builtin.VerifyElementPropertyValueKeyword$_verifyElementPropertyValue_closure1.doCall(VerifyElementPropertyValueKeyword.groovy:56)
	at com.kms.katalon.core.webservice.keyword.builtin.VerifyElementPropertyValueKeyword$_verifyElementPropertyValue_closure1.call(VerifyElementPropertyValueKeyword.groovy)
	at com.kms.katalon.core.keyword.internal.KeywordMain.runKeyword(KeywordMain.groovy:54)
	at com.kms.katalon.core.webservice.keyword.builtin.VerifyElementPropertyValueKeyword.verifyElementPropertyValue(VerifyElementPropertyValueKeyword.groovy:48)
	at com.kms.katalon.core.webservice.keyword.builtin.VerifyElementPropertyValueKeyword.execute(VerifyElementPropertyValueKeyword.groovy:43)
	at com.kms.katalon.core.keyword.internal.KeywordExecutor.executeKeywordForPlatform(KeywordExecutor.groovy:53)
	at com.kms.katalon.core.webservice.keyword.WSBuiltInKeywords.verifyElementPropertyValue(WSBuiltInKeywords.groovy:123)
	at com.kms.katalon.core.webservice.keyword.WSBuiltInKeywords$verifyElementPropertyValue$1.call(Unknown Source)
	at 60ViewRequestStatistic.run(60ViewRequestStatistic:20)
	at com.kms.katalon.core.main.ScriptEngine.run(ScriptEngine.java:194)
	at com.kms.katalon.core.main.ScriptEngine.runScriptAsRawText(ScriptEngine.java:119)
	at com.kms.katalon.core.main.TestCaseExecutor.runScript(TestCaseExecutor.java:328)
	at com.kms.katalon.core.main.TestCaseExecutor.doExecute(TestCaseExecutor.java:319)
	at com.kms.katalon.core.main.TestCaseExecutor.processExecutionPhase(TestCaseExecutor.java:298)
	at com.kms.katalon.core.main.TestCaseExecutor.accessMainPhase(TestCaseExecutor.java:290)
	at com.kms.katalon.core.main.TestCaseExecutor.execute(TestCaseExecutor.java:224)
	at com.kms.katalon.core.main.TestSuiteExecutor.accessTestCaseMainPhase(TestSuiteExecutor.java:129)
	at com.kms.katalon.core.main.TestSuiteExecutor.accessTestSuiteMainPhase(TestSuiteExecutor.java:112)
	at com.kms.katalon.core.main.TestSuiteExecutor.execute(TestSuiteExecutor.java:81)
	at com.kms.katalon.core.main.TestCaseMain.startTestSuite(TestCaseMain.java:149)
	at com.kms.katalon.core.main.TestCaseMain$startTestSuite$0.call(Unknown Source)
	at TempTestSuite1550052666022.run(TempTestSuite1550052666022.groovy:36)]]></system-err>
      </testcase>
      <testcase name="Test Cases/Request/61ViewRequestStatus" classname="Test Cases/Request/61ViewRequestStatus" status="FAILED">
         <failure type="FAILED" message="Test Cases/Request/61ViewRequestStatus FAILED.
Reason:
com.kms.katalon.core.exception.StepFailedException: Expected element property value '3' is not equal with actual property value '0'
	at com.kms.katalon.core.keyword.internal.KeywordMain.stepFailed(KeywordMain.groovy:32)
	at com.kms.katalon.core.webservice.keyword.builtin.VerifyElementPropertyValueKeyword$_verifyElementPropertyValue_closure1.doCall(VerifyElementPropertyValueKeyword.groovy:56)
	at com.kms.katalon.core.webservice.keyword.builtin.VerifyElementPropertyValueKeyword$_verifyElementPropertyValue_closure1.call(VerifyElementPropertyValueKeyword.groovy)
	at com.kms.katalon.core.keyword.internal.KeywordMain.runKeyword(KeywordMain.groovy:54)
	at com.kms.katalon.core.webservice.keyword.builtin.VerifyElementPropertyValueKeyword.verifyElementPropertyValue(VerifyElementPropertyValueKeyword.groovy:48)
	at com.kms.katalon.core.webservice.keyword.builtin.VerifyElementPropertyValueKeyword.execute(VerifyElementPropertyValueKeyword.groovy:43)
	at com.kms.katalon.core.keyword.internal.KeywordExecutor.executeKeywordForPlatform(KeywordExecutor.groovy:53)
	at com.kms.katalon.core.webservice.keyword.WSBuiltInKeywords.verifyElementPropertyValue(WSBuiltInKeywords.groovy:123)
	at com.kms.katalon.core.webservice.keyword.WSBuiltInKeywords$verifyElementPropertyValue$1.call(Unknown Source)
	at 61ViewRequestStatus.run(61ViewRequestStatus:28)
	at com.kms.katalon.core.main.ScriptEngine.run(ScriptEngine.java:194)
	at com.kms.katalon.core.main.ScriptEngine.runScriptAsRawText(ScriptEngine.java:119)
	at com.kms.katalon.core.main.TestCaseExecutor.runScript(TestCaseExecutor.java:328)
	at com.kms.katalon.core.main.TestCaseExecutor.doExecute(TestCaseExecutor.java:319)
	at com.kms.katalon.core.main.TestCaseExecutor.processExecutionPhase(TestCaseExecutor.java:298)
	at com.kms.katalon.core.main.TestCaseExecutor.accessMainPhase(TestCaseExecutor.java:290)
	at com.kms.katalon.core.main.TestCaseExecutor.execute(TestCaseExecutor.java:224)
	at com.kms.katalon.core.main.TestSuiteExecutor.accessTestCaseMainPhase(TestSuiteExecutor.java:129)
	at com.kms.katalon.core.main.TestSuiteExecutor.accessTestSuiteMainPhase(TestSuiteExecutor.java:112)
	at com.kms.katalon.core.main.TestSuiteExecutor.execute(TestSuiteExecutor.java:81)
	at com.kms.katalon.core.main.TestCaseMain.startTestSuite(TestCaseMain.java:149)
	at com.kms.katalon.core.main.TestCaseMain$startTestSuite$0.call(Unknown Source)
	at TempTestSuite1550052666022.run(TempTestSuite1550052666022.groovy:36)
"/>
         <system-out><![CDATA[2019-02-13 17:11:36 - [TEST_CASE][FAILED] - Test Cases/Request/61ViewRequestStatus: Test Cases/Request/61ViewRequestStatus FAILED.
Reason:
com.kms.katalon.core.exception.StepFailedException: Expected element property value '3' is not equal with actual property value '0'
	at com.kms.katalon.core.keyword.internal.KeywordMain.stepFailed(KeywordMain.groovy:32)
	at com.kms.katalon.core.webservice.keyword.builtin.VerifyElementPropertyValueKeyword$_verifyElementPropertyValue_closure1.doCall(VerifyElementPropertyValueKeyword.groovy:56)
	at com.kms.katalon.core.webservice.keyword.builtin.VerifyElementPropertyValueKeyword$_verifyElementPropertyValue_closure1.call(VerifyElementPropertyValueKeyword.groovy)
	at com.kms.katalon.core.keyword.internal.KeywordMain.runKeyword(KeywordMain.groovy:54)
	at com.kms.katalon.core.webservice.keyword.builtin.VerifyElementPropertyValueKeyword.verifyElementPropertyValue(VerifyElementPropertyValueKeyword.groovy:48)
	at com.kms.katalon.core.webservice.keyword.builtin.VerifyElementPropertyValueKeyword.execute(VerifyElementPropertyValueKeyword.groovy:43)
	at com.kms.katalon.core.keyword.internal.KeywordExecutor.executeKeywordForPlatform(KeywordExecutor.groovy:53)
	at com.kms.katalon.core.webservice.keyword.WSBuiltInKeywords.verifyElementPropertyValue(WSBuiltInKeywords.groovy:123)
	at com.kms.katalon.core.webservice.keyword.WSBuiltInKeywords$verifyElementPropertyValue$1.call(Unknown Source)
	at 61ViewRequestStatus.run(61ViewRequestStatus:28)
	at com.kms.katalon.core.main.ScriptEngine.run(ScriptEngine.java:194)
	at com.kms.katalon.core.main.ScriptEngine.runScriptAsRawText(ScriptEngine.java:119)
	at com.kms.katalon.core.main.TestCaseExecutor.runScript(TestCaseExecutor.java:328)
	at com.kms.katalon.core.main.TestCaseExecutor.doExecute(TestCaseExecutor.java:319)
	at com.kms.katalon.core.main.TestCaseExecutor.processExecutionPhase(TestCaseExecutor.java:298)
	at com.kms.katalon.core.main.TestCaseExecutor.accessMainPhase(TestCaseExecutor.java:290)
	at com.kms.katalon.core.main.TestCaseExecutor.execute(TestCaseExecutor.java:224)
	at com.kms.katalon.core.main.TestSuiteExecutor.accessTestCaseMainPhase(TestSuiteExecutor.java:129)
	at com.kms.katalon.core.main.TestSuiteExecutor.accessTestSuiteMainPhase(TestSuiteExecutor.java:112)
	at com.kms.katalon.core.main.TestSuiteExecutor.execute(TestSuiteExecutor.java:81)
	at com.kms.katalon.core.main.TestCaseMain.startTestSuite(TestCaseMain.java:149)
	at com.kms.katalon.core.main.TestCaseMain$startTestSuite$0.call(Unknown Source)
	at TempTestSuite1550052666022.run(TempTestSuite1550052666022.groovy:36)


2019-02-13 17:11:36 - [TEST_STEP][PASSED] - a = sendRequest(findTestObject("Request/61ViewRequestDetails")): Send request successfully

2019-02-13 17:11:36 - [MESSAGE][PASSED] - Send request successfully

2019-02-13 17:11:36 - [TEST_STEP][PASSED] - verifyResponseStatusCode(a, 200): Verify response status code successfully

2019-02-13 17:11:36 - [MESSAGE][PASSED] - Verify response status code successfully

2019-02-13 17:11:36 - [TEST_STEP][PASSED] - verifyElementPropertyValue(a, "ObjReturn.RequestId", 7): Verify element property value successfully

2019-02-13 17:11:36 - [MESSAGE][PASSED] - Verify element property value successfully

2019-02-13 17:11:36 - [TEST_STEP][PASSED] - verifyElementPropertyValue(a, "ObjReturn.AgencyId", 3): Verify element property value successfully

2019-02-13 17:11:36 - [MESSAGE][PASSED] - Verify element property value successfully

2019-02-13 17:11:36 - [TEST_STEP][PASSED] - verifyElementPropertyValue(a, "ObjReturn.AgencyName", "Passio 47 TCV"): Verify element property value successfully

2019-02-13 17:11:36 - [MESSAGE][PASSED] - Verify element property value successfully

2019-02-13 17:11:36 - [TEST_STEP][PASSED] - verifyElementPropertyValue(a, "ObjReturn.AgencyAddress", "47 Trần Cao Vân"): Verify element property value successfully

2019-02-13 17:11:36 - [MESSAGE][PASSED] - Verify element property value successfully

2019-02-13 17:11:36 - [TEST_STEP][FAILED] - verifyElementPropertyValue(a, "ObjReturn.RequestCategoryId", 3): Expected element property value '3' is not equal with actual property value '0'

2019-02-13 17:11:36 - [MESSAGE][FAILED] - Expected element property value '3' is not equal with actual property value '0'

2019-02-13 17:11:36 - [TEST_STEP][PASSED] - verifyElementPropertyValue(a, "ObjReturn.ServiceId", 14): Verify element property value successfully

2019-02-13 17:11:36 - [MESSAGE][PASSED] - Verify element property value successfully

2019-02-13 17:11:36 - [TEST_STEP][PASSED] - verifyElementPropertyValue(a, "ObjReturn.ServiceName", "SOFTWARE"): Verify element property value successfully

2019-02-13 17:11:36 - [MESSAGE][PASSED] - Verify element property value successfully

2019-02-13 17:11:36 - [TEST_STEP][PASSED] - verifyElementPropertyValue(a, "ObjReturn.ServiceItemId", 19): Verify element property value successfully

2019-02-13 17:11:36 - [MESSAGE][PASSED] - Verify element property value successfully

2019-02-13 17:11:36 - [TEST_STEP][PASSED] - verifyElementPropertyValue(a, "ObjReturn.ServiceItemName", "Mở máy tính không lên"): Verify element property value successfully

2019-02-13 17:11:36 - [MESSAGE][PASSED] - Verify element property value successfully

2019-02-13 17:11:36 - [TEST_STEP][PASSED] - verifyElementPropertyValue(a, "ObjReturn.RequestName", "Passio 47 TCV - Mở máy tính không lên"): Verify element property value successfully

2019-02-13 17:11:36 - [MESSAGE][PASSED] - Verify element property value successfully

2019-02-13 17:11:36 - [TEST_STEP][PASSED] - verifyElementPropertyValue(a, "ObjReturn.RequestDesciption", "dsa"): Verify element property value successfully

2019-02-13 17:11:36 - [MESSAGE][PASSED] - Verify element property value successfully

2019-02-13 17:11:36 - [TEST_STEP][PASSED] - verifyElementPropertyValue(a, "ObjReturn.AgencyTelephone", "0966167423"): Verify element property value successfully

2019-02-13 17:11:36 - [MESSAGE][PASSED] - Verify element property value successfully

2019-02-13 17:11:36 - [TEST_STEP][PASSED] - verifyElementPropertyValue(a, "ObjReturn.CreateDate", "14:43 16/01/2019"): Verify element property value successfully

2019-02-13 17:11:36 - [MESSAGE][PASSED] - Verify element property value successfully

2019-02-13 17:11:36 - [TEST_STEP][PASSED] - verifyElementPropertyValue(a, "ObjReturn.UpdateDate", "14:45 16/01/2019"): Verify element property value successfully

2019-02-13 17:11:37 - [MESSAGE][PASSED] - Verify element property value successfully

2019-02-13 17:11:37 - [TEST_STEP][FAILED] - verifyElementPropertyValue(a, "ObjReturn.StartTime", "10:47 16/01/2019"): Expected element property value '10:47 16/01/2019' is not equal with actual property value 'null'

2019-02-13 17:11:37 - [MESSAGE][FAILED] - Expected element property value '10:47 16/01/2019' is not equal with actual property value 'null'

2019-02-13 17:11:37 - [TEST_STEP][FAILED] - verifyElementPropertyValue(a, "ObjReturn.EndTime", "11:47 16/01/2019"): Expected element property value '11:47 16/01/2019' is not equal with actual property value 'null'

2019-02-13 17:11:37 - [MESSAGE][FAILED] - Expected element property value '11:47 16/01/2019' is not equal with actual property value 'null'

2019-02-13 17:11:37 - [TEST_STEP][FAILED] - verifyElementPropertyValue(a, "ObjReturn.RequestStatus", "Hoàn thành"): Expected element property value 'Hoàn thành' is not equal with actual property value 'Hủy bỏ'

2019-02-13 17:11:37 - [MESSAGE][FAILED] - Expected element property value 'Hoàn thành' is not equal with actual property value 'Hủy bỏ'

2019-02-13 17:11:37 - [TEST_STEP][FAILED] - verifyElementPropertyValue(a, "ObjReturn.RequestStatusValue", 3): Expected element property value '3' is not equal with actual property value '4'

2019-02-13 17:11:37 - [MESSAGE][FAILED] - Expected element property value '3' is not equal with actual property value '4'

2019-02-13 17:11:37 - [TEST_STEP][PASSED] - verifyElementPropertyValue(a, "ObjReturn.RequestEstimationTime", "19:43 16/01/2019"): Verify element property value successfully

2019-02-13 17:11:37 - [MESSAGE][PASSED] - Verify element property value successfully

2019-02-13 17:11:37 - [TEST_STEP][PASSED] - verifyElementPropertyValue(a, "ObjReturn.NumberOfTicketDone", 0): Verify element property value successfully

2019-02-13 17:11:37 - [MESSAGE][PASSED] - Verify element property value successfully

2019-02-13 17:11:37 - [TEST_STEP][PASSED] - verifyElementPropertyValue(a, "ObjReturn.NumberTicketInProcessing", 0): Verify element property value successfully

2019-02-13 17:11:37 - [MESSAGE][PASSED] - Verify element property value successfully

2019-02-13 17:11:37 - [TEST_STEP][PASSED] - verifyElementPropertyValue(a, "ObjReturn.NumberOfTicket", 1): Verify element property value successfully

2019-02-13 17:11:37 - [MESSAGE][PASSED] - Verify element property value successfully

2019-02-13 17:11:37 - [TEST_STEP][FAILED] - verifyElementPropertyValue(a, "ObjReturn.ITSupporterName", "Ngô Thanh Chiến"): Expected element property value 'Ngô Thanh Chiến' is not equal with actual property value 'null'

2019-02-13 17:11:37 - [MESSAGE][FAILED] - Expected element property value 'Ngô Thanh Chiến' is not equal with actual property value 'null'

2019-02-13 17:11:37 - [TEST_STEP][FAILED] - verifyElementPropertyValue(a, "ObjReturn.ITSupporterPhone", "0773909125"): Expected element property value '0773909125' is not equal with actual property value 'null'

2019-02-13 17:11:37 - [MESSAGE][FAILED] - Expected element property value '0773909125' is not equal with actual property value 'null'

2019-02-13 17:11:37 - [TEST_STEP][FAILED] - verifyElementPropertyValue(a, "ObjReturn.FeedBack", "agag"): Expected element property value 'agag' is not equal with actual property value 'null'

2019-02-13 17:11:37 - [MESSAGE][FAILED] - Expected element property value 'agag' is not equal with actual property value 'null'

2019-02-13 17:11:37 - [TEST_STEP][FAILED] - verifyElementPropertyValue(a, "ObjReturn.Rating", 3): Expected element property value '3' is not equal with actual property value '0'

2019-02-13 17:11:37 - [MESSAGE][FAILED] - Expected element property value '3' is not equal with actual property value '0'

2019-02-13 17:11:37 - [TEST_STEP][PASSED] - verifyElementPropertyValue(a, "ObjReturn.Priority", "Cao"): Verify element property value successfully

2019-02-13 17:11:37 - [MESSAGE][PASSED] - Verify element property value successfully

2019-02-13 17:11:37 - [TEST_STEP][PASSED] - verifyElementPropertyValue(a, "ObjReturn.PriorityValue", 1): Verify element property value successfully

2019-02-13 17:11:37 - [MESSAGE][PASSED] - Verify element property value successfully

2019-02-13 17:11:37 - [TEST_STEP][PASSED] - verifyElementPropertyValue(a, "ObjReturn.Tickets[0].TicketId", 13): Verify element property value successfully

2019-02-13 17:11:37 - [MESSAGE][PASSED] - Verify element property value successfully

2019-02-13 17:11:37 - [TEST_STEP][PASSED] - verifyElementPropertyValue(a, "ObjReturn.Tickets[0].DeviceId", 8): Verify element property value successfully

2019-02-13 17:11:37 - [MESSAGE][PASSED] - Verify element property value successfully

2019-02-13 17:11:37 - [TEST_STEP][PASSED] - verifyElementPropertyValue(a, "ObjReturn.Tickets[0].DeviceCode", "P00DDS"): Verify element property value successfully

2019-02-13 17:11:37 - [MESSAGE][PASSED] - Verify element property value successfully

2019-02-13 17:11:37 - [TEST_STEP][PASSED] - verifyElementPropertyValue(a, "ObjReturn.Tickets[0].Desciption", "Được Thêm bởi Admin vào lúc 1/17/2019 12:24:23 PM cho sự cố Uni deli - Sửa chữa máy POS  không in được."): Verify element property value successfully

2019-02-13 17:11:37 - [MESSAGE][PASSED] - Verify element property value successfully

2019-02-13 17:11:37 - [TEST_STEP][PASSED] - verifyElementPropertyValue(a, "ObjReturn.Tickets[0].DeviceName", "POS Sunmi"): Verify element property value successfully

2019-02-13 17:11:37 - [MESSAGE][PASSED] - Verify element property value successfully

2019-02-13 17:12:01 - [TEST_STEP][PASSED] - verifyElementPropertyValue(a, "ObjReturn.Tickets[0].CreateDate", "12:24 17/01/2019"): Verify element property value successfully

2019-02-13 17:12:01 - [MESSAGE][PASSED] - Verify element property value successfully

2019-02-13 17:12:01 - [TEST_STEP][PASSED] - verifyElementPropertyValue(a, "ObjReturn.Tickets[0].CreateBy", "ADMIN"): Verify element property value successfully

2019-02-13 17:12:01 - [MESSAGE][PASSED] - Verify element property value successfully

2019-02-13 17:12:01 - [TEST_STEP][FAILED] - verifyElementPropertyValue(a, "ObjReturn.Tickets[0].CreateBy", "ADMIN"): verifyElementPropertyValue(a, "ObjReturn.Tickets[0].CreateBy", "ADMIN") FAILED.
Reason:
com.kms.katalon.core.exception.StepFailedException: Expected element property value '3' is not equal with actual property value '0'
	at com.kms.katalon.core.keyword.internal.KeywordMain.stepFailed(KeywordMain.groovy:32)
	at com.kms.katalon.core.webservice.keyword.builtin.VerifyElementPropertyValueKeyword$_verifyElementPropertyValue_closure1.doCall(VerifyElementPropertyValueKeyword.groovy:56)
	at com.kms.katalon.core.webservice.keyword.builtin.VerifyElementPropertyValueKeyword$_verifyElementPropertyValue_closure1.call(VerifyElementPropertyValueKeyword.groovy)
	at com.kms.katalon.core.keyword.internal.KeywordMain.runKeyword(KeywordMain.groovy:54)
	at com.kms.katalon.core.webservice.keyword.builtin.VerifyElementPropertyValueKeyword.verifyElementPropertyValue(VerifyElementPropertyValueKeyword.groovy:48)
	at com.kms.katalon.core.webservice.keyword.builtin.VerifyElementPropertyValueKeyword.execute(VerifyElementPropertyValueKeyword.groovy:43)
	at com.kms.katalon.core.keyword.internal.KeywordExecutor.executeKeywordForPlatform(KeywordExecutor.groovy:53)
	at com.kms.katalon.core.webservice.keyword.WSBuiltInKeywords.verifyElementPropertyValue(WSBuiltInKeywords.groovy:123)
	at com.kms.katalon.core.webservice.keyword.WSBuiltInKeywords$verifyElementPropertyValue$1.call(Unknown Source)
	at 61ViewRequestStatus.run(61ViewRequestStatus:28)
	at com.kms.katalon.core.main.ScriptEngine.run(ScriptEngine.java:194)
	at com.kms.katalon.core.main.ScriptEngine.runScriptAsRawText(ScriptEngine.java:119)
	at com.kms.katalon.core.main.TestCaseExecutor.runScript(TestCaseExecutor.java:328)
	at com.kms.katalon.core.main.TestCaseExecutor.doExecute(TestCaseExecutor.java:319)
	at com.kms.katalon.core.main.TestCaseExecutor.processExecutionPhase(TestCaseExecutor.java:298)
	at com.kms.katalon.core.main.TestCaseExecutor.accessMainPhase(TestCaseExecutor.java:290)
	at com.kms.katalon.core.main.TestCaseExecutor.execute(TestCaseExecutor.java:224)
	at com.kms.katalon.core.main.TestSuiteExecutor.accessTestCaseMainPhase(TestSuiteExecutor.java:129)
	at com.kms.katalon.core.main.TestSuiteExecutor.accessTestSuiteMainPhase(TestSuiteExecutor.java:112)
	at com.kms.katalon.core.main.TestSuiteExecutor.execute(TestSuiteExecutor.java:81)
	at com.kms.katalon.core.main.TestCaseMain.startTestSuite(TestCaseMain.java:149)
	at com.kms.katalon.core.main.TestCaseMain$startTestSuite$0.call(Unknown Source)
	at TempTestSuite1550052666022.run(TempTestSuite1550052666022.groovy:36)


2019-02-13 17:12:01 - [MESSAGE][PASSED] - Verify element property value successfully

2019-02-13 17:12:01 - [MESSAGE][FAILED] - verifyElementPropertyValue(a, "ObjReturn.Tickets[0].CreateBy", "ADMIN") FAILED.
Reason:
com.kms.katalon.core.exception.StepFailedException: Expected element property value '3' is not equal with actual property value '0'
	at com.kms.katalon.core.keyword.internal.KeywordMain.stepFailed(KeywordMain.groovy:32)
	at com.kms.katalon.core.webservice.keyword.builtin.VerifyElementPropertyValueKeyword$_verifyElementPropertyValue_closure1.doCall(VerifyElementPropertyValueKeyword.groovy:56)
	at com.kms.katalon.core.webservice.keyword.builtin.VerifyElementPropertyValueKeyword$_verifyElementPropertyValue_closure1.call(VerifyElementPropertyValueKeyword.groovy)
	at com.kms.katalon.core.keyword.internal.KeywordMain.runKeyword(KeywordMain.groovy:54)
	at com.kms.katalon.core.webservice.keyword.builtin.VerifyElementPropertyValueKeyword.verifyElementPropertyValue(VerifyElementPropertyValueKeyword.groovy:48)
	at com.kms.katalon.core.webservice.keyword.builtin.VerifyElementPropertyValueKeyword.execute(VerifyElementPropertyValueKeyword.groovy:43)
	at com.kms.katalon.core.keyword.internal.KeywordExecutor.executeKeywordForPlatform(KeywordExecutor.groovy:53)
	at com.kms.katalon.core.webservice.keyword.WSBuiltInKeywords.verifyElementPropertyValue(WSBuiltInKeywords.groovy:123)
	at com.kms.katalon.core.webservice.keyword.WSBuiltInKeywords$verifyElementPropertyValue$1.call(Unknown Source)
	at 61ViewRequestStatus.run(61ViewRequestStatus:28)
	at com.kms.katalon.core.main.ScriptEngine.run(ScriptEngine.java:194)
	at com.kms.katalon.core.main.ScriptEngine.runScriptAsRawText(ScriptEngine.java:119)
	at com.kms.katalon.core.main.TestCaseExecutor.runScript(TestCaseExecutor.java:328)
	at com.kms.katalon.core.main.TestCaseExecutor.doExecute(TestCaseExecutor.java:319)
	at com.kms.katalon.core.main.TestCaseExecutor.processExecutionPhase(TestCaseExecutor.java:298)
	at com.kms.katalon.core.main.TestCaseExecutor.accessMainPhase(TestCaseExecutor.java:290)
	at com.kms.katalon.core.main.TestCaseExecutor.execute(TestCaseExecutor.java:224)
	at com.kms.katalon.core.main.TestSuiteExecutor.accessTestCaseMainPhase(TestSuiteExecutor.java:129)
	at com.kms.katalon.core.main.TestSuiteExecutor.accessTestSuiteMainPhase(TestSuiteExecutor.java:112)
	at com.kms.katalon.core.main.TestSuiteExecutor.execute(TestSuiteExecutor.java:81)
	at com.kms.katalon.core.main.TestCaseMain.startTestSuite(TestCaseMain.java:149)
	at com.kms.katalon.core.main.TestCaseMain$startTestSuite$0.call(Unknown Source)
	at TempTestSuite1550052666022.run(TempTestSuite1550052666022.groovy:36)]]></system-out>
         <system-err><![CDATA[2019-02-13 17:11:36 - [TEST_CASE][FAILED] - Test Cases/Request/61ViewRequestStatus: Test Cases/Request/61ViewRequestStatus FAILED.
Reason:
com.kms.katalon.core.exception.StepFailedException: Expected element property value '3' is not equal with actual property value '0'
	at com.kms.katalon.core.keyword.internal.KeywordMain.stepFailed(KeywordMain.groovy:32)
	at com.kms.katalon.core.webservice.keyword.builtin.VerifyElementPropertyValueKeyword$_verifyElementPropertyValue_closure1.doCall(VerifyElementPropertyValueKeyword.groovy:56)
	at com.kms.katalon.core.webservice.keyword.builtin.VerifyElementPropertyValueKeyword$_verifyElementPropertyValue_closure1.call(VerifyElementPropertyValueKeyword.groovy)
	at com.kms.katalon.core.keyword.internal.KeywordMain.runKeyword(KeywordMain.groovy:54)
	at com.kms.katalon.core.webservice.keyword.builtin.VerifyElementPropertyValueKeyword.verifyElementPropertyValue(VerifyElementPropertyValueKeyword.groovy:48)
	at com.kms.katalon.core.webservice.keyword.builtin.VerifyElementPropertyValueKeyword.execute(VerifyElementPropertyValueKeyword.groovy:43)
	at com.kms.katalon.core.keyword.internal.KeywordExecutor.executeKeywordForPlatform(KeywordExecutor.groovy:53)
	at com.kms.katalon.core.webservice.keyword.WSBuiltInKeywords.verifyElementPropertyValue(WSBuiltInKeywords.groovy:123)
	at com.kms.katalon.core.webservice.keyword.WSBuiltInKeywords$verifyElementPropertyValue$1.call(Unknown Source)
	at 61ViewRequestStatus.run(61ViewRequestStatus:28)
	at com.kms.katalon.core.main.ScriptEngine.run(ScriptEngine.java:194)
	at com.kms.katalon.core.main.ScriptEngine.runScriptAsRawText(ScriptEngine.java:119)
	at com.kms.katalon.core.main.TestCaseExecutor.runScript(TestCaseExecutor.java:328)
	at com.kms.katalon.core.main.TestCaseExecutor.doExecute(TestCaseExecutor.java:319)
	at com.kms.katalon.core.main.TestCaseExecutor.processExecutionPhase(TestCaseExecutor.java:298)
	at com.kms.katalon.core.main.TestCaseExecutor.accessMainPhase(TestCaseExecutor.java:290)
	at com.kms.katalon.core.main.TestCaseExecutor.execute(TestCaseExecutor.java:224)
	at com.kms.katalon.core.main.TestSuiteExecutor.accessTestCaseMainPhase(TestSuiteExecutor.java:129)
	at com.kms.katalon.core.main.TestSuiteExecutor.accessTestSuiteMainPhase(TestSuiteExecutor.java:112)
	at com.kms.katalon.core.main.TestSuiteExecutor.execute(TestSuiteExecutor.java:81)
	at com.kms.katalon.core.main.TestCaseMain.startTestSuite(TestCaseMain.java:149)
	at com.kms.katalon.core.main.TestCaseMain$startTestSuite$0.call(Unknown Source)
	at TempTestSuite1550052666022.run(TempTestSuite1550052666022.groovy:36)]]></system-err>
      </testcase>
      <system-out><![CDATA[2019-02-13 17:11:10 - [TEST_SUITE][FAILED] - Request: Test Cases/Request/47AllTicket FAILED.
Reason:
com.kms.katalon.core.exception.StepFailedException: Expected element property value 'Wifi chậm' is not equal with actual property value 'null'
	at com.kms.katalon.core.keyword.internal.KeywordMain.stepFailed(KeywordMain.groovy:32)
	at com.kms.katalon.core.webservice.keyword.builtin.VerifyElementPropertyValueKeyword$_verifyElementPropertyValue_closure1.doCall(VerifyElementPropertyValueKeyword.groovy:56)
	at com.kms.katalon.core.webservice.keyword.builtin.VerifyElementPropertyValueKeyword$_verifyElementPropertyValue_closure1.call(VerifyElementPropertyValueKeyword.groovy)
	at com.kms.katalon.core.keyword.internal.KeywordMain.runKeyword(KeywordMain.groovy:54)
	at com.kms.katalon.core.webservice.keyword.builtin.VerifyElementPropertyValueKeyword.verifyElementPropertyValue(VerifyElementPropertyValueKeyword.groovy:48)
	at com.kms.katalon.core.webservice.keyword.builtin.VerifyElementPropertyValueKeyword.execute(VerifyElementPropertyValueKeyword.groovy:43)
	at com.kms.katalon.core.keyword.internal.KeywordExecutor.executeKeywordForPlatform(KeywordExecutor.groovy:53)
	at com.kms.katalon.core.webservice.keyword.WSBuiltInKeywords.verifyElementPropertyValue(WSBuiltInKeywords.groovy:123)
	at com.kms.katalon.core.webservice.keyword.WSBuiltInKeywords$verifyElementPropertyValue$1.call(Unknown Source)
	at 47AllTicket.run(47AllTicket:30)
	at com.kms.katalon.core.main.ScriptEngine.run(ScriptEngine.java:194)
	at com.kms.katalon.core.main.ScriptEngine.runScriptAsRawText(ScriptEngine.java:119)
	at com.kms.katalon.core.main.TestCaseExecutor.runScript(TestCaseExecutor.java:328)
	at com.kms.katalon.core.main.TestCaseExecutor.doExecute(TestCaseExecutor.java:319)
	at com.kms.katalon.core.main.TestCaseExecutor.processExecutionPhase(TestCaseExecutor.java:298)
	at com.kms.katalon.core.main.TestCaseExecutor.accessMainPhase(TestCaseExecutor.java:290)
	at com.kms.katalon.core.main.TestCaseExecutor.execute(TestCaseExecutor.java:224)
	at com.kms.katalon.core.main.TestSuiteExecutor.accessTestCaseMainPhase(TestSuiteExecutor.java:129)
	at com.kms.katalon.core.main.TestSuiteExecutor.accessTestSuiteMainPhase(TestSuiteExecutor.java:112)
	at com.kms.katalon.core.main.TestSuiteExecutor.execute(TestSuiteExecutor.java:81)
	at com.kms.katalon.core.main.TestCaseMain.startTestSuite(TestCaseMain.java:149)
	at com.kms.katalon.core.main.TestCaseMain$startTestSuite$0.call(Unknown Source)
	at TempTestSuite1550052666022.run(TempTestSuite1550052666022.groovy:36)]]></system-out>
      <system-err><![CDATA[2019-02-13 17:11:10 - [TEST_SUITE][FAILED] - Request: Test Cases/Request/47AllTicket FAILED.
Reason:
com.kms.katalon.core.exception.StepFailedException: Expected element property value 'Wifi chậm' is not equal with actual property value 'null'
	at com.kms.katalon.core.keyword.internal.KeywordMain.stepFailed(KeywordMain.groovy:32)
	at com.kms.katalon.core.webservice.keyword.builtin.VerifyElementPropertyValueKeyword$_verifyElementPropertyValue_closure1.doCall(VerifyElementPropertyValueKeyword.groovy:56)
	at com.kms.katalon.core.webservice.keyword.builtin.VerifyElementPropertyValueKeyword$_verifyElementPropertyValue_closure1.call(VerifyElementPropertyValueKeyword.groovy)
	at com.kms.katalon.core.keyword.internal.KeywordMain.runKeyword(KeywordMain.groovy:54)
	at com.kms.katalon.core.webservice.keyword.builtin.VerifyElementPropertyValueKeyword.verifyElementPropertyValue(VerifyElementPropertyValueKeyword.groovy:48)
	at com.kms.katalon.core.webservice.keyword.builtin.VerifyElementPropertyValueKeyword.execute(VerifyElementPropertyValueKeyword.groovy:43)
	at com.kms.katalon.core.keyword.internal.KeywordExecutor.executeKeywordForPlatform(KeywordExecutor.groovy:53)
	at com.kms.katalon.core.webservice.keyword.WSBuiltInKeywords.verifyElementPropertyValue(WSBuiltInKeywords.groovy:123)
	at com.kms.katalon.core.webservice.keyword.WSBuiltInKeywords$verifyElementPropertyValue$1.call(Unknown Source)
	at 47AllTicket.run(47AllTicket:30)
	at com.kms.katalon.core.main.ScriptEngine.run(ScriptEngine.java:194)
	at com.kms.katalon.core.main.ScriptEngine.runScriptAsRawText(ScriptEngine.java:119)
	at com.kms.katalon.core.main.TestCaseExecutor.runScript(TestCaseExecutor.java:328)
	at com.kms.katalon.core.main.TestCaseExecutor.doExecute(TestCaseExecutor.java:319)
	at com.kms.katalon.core.main.TestCaseExecutor.processExecutionPhase(TestCaseExecutor.java:298)
	at com.kms.katalon.core.main.TestCaseExecutor.accessMainPhase(TestCaseExecutor.java:290)
	at com.kms.katalon.core.main.TestCaseExecutor.execute(TestCaseExecutor.java:224)
	at com.kms.katalon.core.main.TestSuiteExecutor.accessTestCaseMainPhase(TestSuiteExecutor.java:129)
	at com.kms.katalon.core.main.TestSuiteExecutor.accessTestSuiteMainPhase(TestSuiteExecutor.java:112)
	at com.kms.katalon.core.main.TestSuiteExecutor.execute(TestSuiteExecutor.java:81)
	at com.kms.katalon.core.main.TestCaseMain.startTestSuite(TestCaseMain.java:149)
	at com.kms.katalon.core.main.TestCaseMain$startTestSuite$0.call(Unknown Source)
	at TempTestSuite1550052666022.run(TempTestSuite1550052666022.groovy:36)]]></system-err>
   </testsuite>
</testsuites>
