<?xml version="1.0" encoding="UTF-8"?>
<testsuites name="Agency" time="21" tests="0" failures="10" errors="6">
   <testsuite name="Agency" tests="0" failures="10" errors="6" time="21" timestamp="2019-02-18 15:49:51" hostname="Ninja - AnhNVSE63446" id="Test Suites/Agency">
      <properties>
         <property name="deviceName" value=""/>
         <property name="devicePlatform" value=""/>
         <property name="logFolder" value="E:\\Internship\\Tester\\TestKatalon\\test\\Reports\\Agency\\20190218_154942"/>
         <property name="logFiles" value="E:\\Internship\\Tester\\TestKatalon\\test\\Reports\\Agency\\20190218_154942\\execution0.log"/>
         <property name="attachments" value=""/>
         <property name="hostName" value="Ninja - AnhNVSE63446"/>
         <property name="hostAddress" value="192.168.175.1"/>
         <property name="os" value="Windows 10 64bit"/>
         <property name="katalonVersion" value="5.10.0.1"/>
      </properties>
      <testcase name="Test Cases/Agency/28AgencyLogin1" classname="Test Cases/Agency/28AgencyLogin1" status="FAILED">
         <failure type="FAILED" message="Test Cases/Agency/28AgencyLogin1 FAILED.
Reason:
com.kms.katalon.core.exception.StepFailedException: Unable to verify element property value (Root cause: Variable 'IsError' is not defined for test case.)
	at com.kms.katalon.core.keyword.internal.KeywordMain.stepFailed(KeywordMain.groovy:32)
	at com.kms.katalon.core.keyword.internal.KeywordMain.stepFailed(KeywordMain.groovy)
	at com.kms.katalon.core.keyword.internal.KeywordMain.runKeyword(KeywordMain.groovy:56)
	at com.kms.katalon.core.webservice.keyword.builtin.VerifyElementPropertyValueKeyword.verifyElementPropertyValue(VerifyElementPropertyValueKeyword.groovy:48)
	at com.kms.katalon.core.webservice.keyword.builtin.VerifyElementPropertyValueKeyword.execute(VerifyElementPropertyValueKeyword.groovy:43)
	at com.kms.katalon.core.keyword.internal.KeywordExecutor.executeKeywordForPlatform(KeywordExecutor.groovy:53)
	at com.kms.katalon.core.webservice.keyword.WSBuiltInKeywords.verifyElementPropertyValue(WSBuiltInKeywords.groovy:123)
	at com.kms.katalon.core.webservice.keyword.WSBuiltInKeywords$verifyElementPropertyValue$1.call(Unknown Source)
	at 28AgencyLogin1.run(28AgencyLogin1:20)
	at com.kms.katalon.core.main.ScriptEngine.run(ScriptEngine.java:194)
	at com.kms.katalon.core.main.ScriptEngine.runScriptAsRawText(ScriptEngine.java:119)
	at com.kms.katalon.core.main.TestCaseExecutor.runScript(TestCaseExecutor.java:328)
	at com.kms.katalon.core.main.TestCaseExecutor.doExecute(TestCaseExecutor.java:319)
	at com.kms.katalon.core.main.TestCaseExecutor.processExecutionPhase(TestCaseExecutor.java:298)
	at com.kms.katalon.core.main.TestCaseExecutor.accessMainPhase(TestCaseExecutor.java:290)
	at com.kms.katalon.core.main.TestCaseExecutor.execute(TestCaseExecutor.java:224)
	at com.kms.katalon.core.main.TestSuiteExecutor.accessTestCaseMainPhase(TestSuiteExecutor.java:129)
	at com.kms.katalon.core.main.TestSuiteExecutor.accessTestSuiteMainPhase(TestSuiteExecutor.java:112)
	at com.kms.katalon.core.main.TestSuiteExecutor.execute(TestSuiteExecutor.java:81)
	at com.kms.katalon.core.main.TestCaseMain.startTestSuite(TestCaseMain.java:149)
	at com.kms.katalon.core.main.TestCaseMain$startTestSuite$0.call(Unknown Source)
	at TempTestSuite1550479786763.run(TempTestSuite1550479786763.groovy:36)
"/>
         <system-out><![CDATA[2019-02-18 15:49:52 - [TEST_CASE][FAILED] - Test Cases/Agency/28AgencyLogin1: Test Cases/Agency/28AgencyLogin1 FAILED.
Reason:
com.kms.katalon.core.exception.StepFailedException: Unable to verify element property value (Root cause: Variable 'IsError' is not defined for test case.)
	at com.kms.katalon.core.keyword.internal.KeywordMain.stepFailed(KeywordMain.groovy:32)
	at com.kms.katalon.core.keyword.internal.KeywordMain.stepFailed(KeywordMain.groovy)
	at com.kms.katalon.core.keyword.internal.KeywordMain.runKeyword(KeywordMain.groovy:56)
	at com.kms.katalon.core.webservice.keyword.builtin.VerifyElementPropertyValueKeyword.verifyElementPropertyValue(VerifyElementPropertyValueKeyword.groovy:48)
	at com.kms.katalon.core.webservice.keyword.builtin.VerifyElementPropertyValueKeyword.execute(VerifyElementPropertyValueKeyword.groovy:43)
	at com.kms.katalon.core.keyword.internal.KeywordExecutor.executeKeywordForPlatform(KeywordExecutor.groovy:53)
	at com.kms.katalon.core.webservice.keyword.WSBuiltInKeywords.verifyElementPropertyValue(WSBuiltInKeywords.groovy:123)
	at com.kms.katalon.core.webservice.keyword.WSBuiltInKeywords$verifyElementPropertyValue$1.call(Unknown Source)
	at 28AgencyLogin1.run(28AgencyLogin1:20)
	at com.kms.katalon.core.main.ScriptEngine.run(ScriptEngine.java:194)
	at com.kms.katalon.core.main.ScriptEngine.runScriptAsRawText(ScriptEngine.java:119)
	at com.kms.katalon.core.main.TestCaseExecutor.runScript(TestCaseExecutor.java:328)
	at com.kms.katalon.core.main.TestCaseExecutor.doExecute(TestCaseExecutor.java:319)
	at com.kms.katalon.core.main.TestCaseExecutor.processExecutionPhase(TestCaseExecutor.java:298)
	at com.kms.katalon.core.main.TestCaseExecutor.accessMainPhase(TestCaseExecutor.java:290)
	at com.kms.katalon.core.main.TestCaseExecutor.execute(TestCaseExecutor.java:224)
	at com.kms.katalon.core.main.TestSuiteExecutor.accessTestCaseMainPhase(TestSuiteExecutor.java:129)
	at com.kms.katalon.core.main.TestSuiteExecutor.accessTestSuiteMainPhase(TestSuiteExecutor.java:112)
	at com.kms.katalon.core.main.TestSuiteExecutor.execute(TestSuiteExecutor.java:81)
	at com.kms.katalon.core.main.TestCaseMain.startTestSuite(TestCaseMain.java:149)
	at com.kms.katalon.core.main.TestCaseMain$startTestSuite$0.call(Unknown Source)
	at TempTestSuite1550479786763.run(TempTestSuite1550479786763.groovy:36)


2019-02-18 15:49:53 - [TEST_STEP][PASSED] - a = sendRequest(findTestObject("Agency/28AgencyLogin")): Send request successfully

2019-02-18 15:49:56 - [MESSAGE][PASSED] - Send request successfully

2019-02-18 15:49:56 - [TEST_STEP][PASSED] - verifyResponseStatusCode(a, 200): Verify response status code successfully

2019-02-18 15:49:56 - [MESSAGE][PASSED] - Verify response status code successfully

2019-02-18 15:49:56 - [TEST_STEP][FAILED] - verifyElementPropertyValue(a, ".IsError", false): Unable to verify element property value (Root cause: Variable 'IsError' is not defined for test case.)

2019-02-18 15:49:57 - [MESSAGE][FAILED] - Unable to verify element property value (Root cause: Variable 'IsError' is not defined for test case.)

2019-02-18 15:49:57 - [TEST_STEP][FAILED] - verifyElementPropertyValue(a, "ObjReturn.AgencyId", 3): Expected element property value '3' is not equal with actual property value 'null'

2019-02-18 15:49:57 - [MESSAGE][FAILED] - Expected element property value '3' is not equal with actual property value 'null'

2019-02-18 15:49:57 - [TEST_STEP][FAILED] - verifyElementPropertyValue(a, "ObjReturn.CompanyId", 1): Expected element property value '1' is not equal with actual property value 'null'

2019-02-18 15:49:57 - [MESSAGE][FAILED] - Expected element property value '1' is not equal with actual property value 'null'

2019-02-18 15:49:57 - [TEST_STEP][FAILED] - verifyElementPropertyValue(a, "ObjReturn.AccountId", 1): Expected element property value '1' is not equal with actual property value 'null'

2019-02-18 15:49:57 - [MESSAGE][FAILED] - Expected element property value '1' is not equal with actual property value 'null'

2019-02-18 15:49:57 - [TEST_STEP][FAILED] - verifyElementPropertyValue(a, "ObjReturn.AgencyName", "Passio 47 TCV"): Expected element property value 'Passio 47 TCV' is not equal with actual property value 'null'

2019-02-18 15:49:57 - [MESSAGE][FAILED] - Expected element property value 'Passio 47 TCV' is not equal with actual property value 'null'

2019-02-18 15:49:57 - [TEST_STEP][FAILED] - verifyElementPropertyValue(a, "ObjReturn.Address", "47 Trần Cao Vân"): Expected element property value '47 Trần Cao Vân' is not equal with actual property value 'null'

2019-02-18 15:49:57 - [MESSAGE][FAILED] - Expected element property value '47 Trần Cao Vân' is not equal with actual property value 'null'

2019-02-18 15:49:57 - [TEST_STEP][FAILED] - verifyElementPropertyValue(a, "ObjReturn.Telephone", "0966167423"): Expected element property value '0966167423' is not equal with actual property value 'null'

2019-02-18 15:49:57 - [MESSAGE][FAILED] - Expected element property value '0966167423' is not equal with actual property value 'null'

2019-02-18 15:49:57 - [TEST_STEP][FAILED] - verifyElementPropertyValue(a, "ObjReturn.CreateAt", "00:00 03/10/2018"): Expected element property value '00:00 03/10/2018' is not equal with actual property value 'null'

2019-02-18 15:49:57 - [MESSAGE][FAILED] - Expected element property value '00:00 03/10/2018' is not equal with actual property value 'null'

2019-02-18 15:49:57 - [TEST_STEP][FAILED] - verifyElementPropertyValue(a, "ObjReturn.UpdateAt", "10:53 14/01/2019"): Expected element property value '10:53 14/01/2019' is not equal with actual property value 'null'

2019-02-18 15:49:58 - [MESSAGE][FAILED] - Expected element property value '10:53 14/01/2019' is not equal with actual property value 'null'

2019-02-18 15:49:58 - [TEST_STEP][FAILED] - verifyElementPropertyValue(a, "ObjReturn.CompanyName", "Passio"): Expected element property value 'Passio' is not equal with actual property value 'null'

2019-02-18 15:49:58 - [MESSAGE][FAILED] - Expected element property value 'Passio' is not equal with actual property value 'null'

2019-02-18 15:49:58 - [TEST_STEP][FAILED] - verifyElementPropertyValue(a, "ObjReturn.UserName", "c"): Expected element property value 'c' is not equal with actual property value 'null'

2019-02-18 15:49:58 - [MESSAGE][FAILED] - Expected element property value 'c' is not equal with actual property value 'null'

2019-02-18 15:49:58 - [TEST_STEP][FAILED] - verifyElementPropertyValue(a, "ObjReturn.IsDelete", false): Expected element property value 'false' is not equal with actual property value 'null'

2019-02-18 15:49:58 - [MESSAGE][FAILED] - Expected element property value 'false' is not equal with actual property value 'null'

2019-02-18 15:49:58 - [TEST_STEP][FAILED] - verifyElementPropertyValue(a, "ObjReturn.NumericalOrder", 1): verifyElementPropertyValue(a, "ObjReturn.NumericalOrder", 1) FAILED.
Reason:
com.kms.katalon.core.exception.StepFailedException: Unable to verify element property value (Root cause: Variable 'IsError' is not defined for test case.)
	at com.kms.katalon.core.keyword.internal.KeywordMain.stepFailed(KeywordMain.groovy:32)
	at com.kms.katalon.core.keyword.internal.KeywordMain.stepFailed(KeywordMain.groovy)
	at com.kms.katalon.core.keyword.internal.KeywordMain.runKeyword(KeywordMain.groovy:56)
	at com.kms.katalon.core.webservice.keyword.builtin.VerifyElementPropertyValueKeyword.verifyElementPropertyValue(VerifyElementPropertyValueKeyword.groovy:48)
	at com.kms.katalon.core.webservice.keyword.builtin.VerifyElementPropertyValueKeyword.execute(VerifyElementPropertyValueKeyword.groovy:43)
	at com.kms.katalon.core.keyword.internal.KeywordExecutor.executeKeywordForPlatform(KeywordExecutor.groovy:53)
	at com.kms.katalon.core.webservice.keyword.WSBuiltInKeywords.verifyElementPropertyValue(WSBuiltInKeywords.groovy:123)
	at com.kms.katalon.core.webservice.keyword.WSBuiltInKeywords$verifyElementPropertyValue$1.call(Unknown Source)
	at 28AgencyLogin1.run(28AgencyLogin1:20)
	at com.kms.katalon.core.main.ScriptEngine.run(ScriptEngine.java:194)
	at com.kms.katalon.core.main.ScriptEngine.runScriptAsRawText(ScriptEngine.java:119)
	at com.kms.katalon.core.main.TestCaseExecutor.runScript(TestCaseExecutor.java:328)
	at com.kms.katalon.core.main.TestCaseExecutor.doExecute(TestCaseExecutor.java:319)
	at com.kms.katalon.core.main.TestCaseExecutor.processExecutionPhase(TestCaseExecutor.java:298)
	at com.kms.katalon.core.main.TestCaseExecutor.accessMainPhase(TestCaseExecutor.java:290)
	at com.kms.katalon.core.main.TestCaseExecutor.execute(TestCaseExecutor.java:224)
	at com.kms.katalon.core.main.TestSuiteExecutor.accessTestCaseMainPhase(TestSuiteExecutor.java:129)
	at com.kms.katalon.core.main.TestSuiteExecutor.accessTestSuiteMainPhase(TestSuiteExecutor.java:112)
	at com.kms.katalon.core.main.TestSuiteExecutor.execute(TestSuiteExecutor.java:81)
	at com.kms.katalon.core.main.TestCaseMain.startTestSuite(TestCaseMain.java:149)
	at com.kms.katalon.core.main.TestCaseMain$startTestSuite$0.call(Unknown Source)
	at TempTestSuite1550479786763.run(TempTestSuite1550479786763.groovy:36)


2019-02-18 15:49:58 - [MESSAGE][FAILED] - Expected element property value '1' is not equal with actual property value 'null'

2019-02-18 15:49:58 - [MESSAGE][FAILED] - verifyElementPropertyValue(a, "ObjReturn.NumericalOrder", 1) FAILED.
Reason:
com.kms.katalon.core.exception.StepFailedException: Unable to verify element property value (Root cause: Variable 'IsError' is not defined for test case.)
	at com.kms.katalon.core.keyword.internal.KeywordMain.stepFailed(KeywordMain.groovy:32)
	at com.kms.katalon.core.keyword.internal.KeywordMain.stepFailed(KeywordMain.groovy)
	at com.kms.katalon.core.keyword.internal.KeywordMain.runKeyword(KeywordMain.groovy:56)
	at com.kms.katalon.core.webservice.keyword.builtin.VerifyElementPropertyValueKeyword.verifyElementPropertyValue(VerifyElementPropertyValueKeyword.groovy:48)
	at com.kms.katalon.core.webservice.keyword.builtin.VerifyElementPropertyValueKeyword.execute(VerifyElementPropertyValueKeyword.groovy:43)
	at com.kms.katalon.core.keyword.internal.KeywordExecutor.executeKeywordForPlatform(KeywordExecutor.groovy:53)
	at com.kms.katalon.core.webservice.keyword.WSBuiltInKeywords.verifyElementPropertyValue(WSBuiltInKeywords.groovy:123)
	at com.kms.katalon.core.webservice.keyword.WSBuiltInKeywords$verifyElementPropertyValue$1.call(Unknown Source)
	at 28AgencyLogin1.run(28AgencyLogin1:20)
	at com.kms.katalon.core.main.ScriptEngine.run(ScriptEngine.java:194)
	at com.kms.katalon.core.main.ScriptEngine.runScriptAsRawText(ScriptEngine.java:119)
	at com.kms.katalon.core.main.TestCaseExecutor.runScript(TestCaseExecutor.java:328)
	at com.kms.katalon.core.main.TestCaseExecutor.doExecute(TestCaseExecutor.java:319)
	at com.kms.katalon.core.main.TestCaseExecutor.processExecutionPhase(TestCaseExecutor.java:298)
	at com.kms.katalon.core.main.TestCaseExecutor.accessMainPhase(TestCaseExecutor.java:290)
	at com.kms.katalon.core.main.TestCaseExecutor.execute(TestCaseExecutor.java:224)
	at com.kms.katalon.core.main.TestSuiteExecutor.accessTestCaseMainPhase(TestSuiteExecutor.java:129)
	at com.kms.katalon.core.main.TestSuiteExecutor.accessTestSuiteMainPhase(TestSuiteExecutor.java:112)
	at com.kms.katalon.core.main.TestSuiteExecutor.execute(TestSuiteExecutor.java:81)
	at com.kms.katalon.core.main.TestCaseMain.startTestSuite(TestCaseMain.java:149)
	at com.kms.katalon.core.main.TestCaseMain$startTestSuite$0.call(Unknown Source)
	at TempTestSuite1550479786763.run(TempTestSuite1550479786763.groovy:36)]]></system-out>
         <system-err><![CDATA[2019-02-18 15:49:52 - [TEST_CASE][FAILED] - Test Cases/Agency/28AgencyLogin1: Test Cases/Agency/28AgencyLogin1 FAILED.
Reason:
com.kms.katalon.core.exception.StepFailedException: Unable to verify element property value (Root cause: Variable 'IsError' is not defined for test case.)
	at com.kms.katalon.core.keyword.internal.KeywordMain.stepFailed(KeywordMain.groovy:32)
	at com.kms.katalon.core.keyword.internal.KeywordMain.stepFailed(KeywordMain.groovy)
	at com.kms.katalon.core.keyword.internal.KeywordMain.runKeyword(KeywordMain.groovy:56)
	at com.kms.katalon.core.webservice.keyword.builtin.VerifyElementPropertyValueKeyword.verifyElementPropertyValue(VerifyElementPropertyValueKeyword.groovy:48)
	at com.kms.katalon.core.webservice.keyword.builtin.VerifyElementPropertyValueKeyword.execute(VerifyElementPropertyValueKeyword.groovy:43)
	at com.kms.katalon.core.keyword.internal.KeywordExecutor.executeKeywordForPlatform(KeywordExecutor.groovy:53)
	at com.kms.katalon.core.webservice.keyword.WSBuiltInKeywords.verifyElementPropertyValue(WSBuiltInKeywords.groovy:123)
	at com.kms.katalon.core.webservice.keyword.WSBuiltInKeywords$verifyElementPropertyValue$1.call(Unknown Source)
	at 28AgencyLogin1.run(28AgencyLogin1:20)
	at com.kms.katalon.core.main.ScriptEngine.run(ScriptEngine.java:194)
	at com.kms.katalon.core.main.ScriptEngine.runScriptAsRawText(ScriptEngine.java:119)
	at com.kms.katalon.core.main.TestCaseExecutor.runScript(TestCaseExecutor.java:328)
	at com.kms.katalon.core.main.TestCaseExecutor.doExecute(TestCaseExecutor.java:319)
	at com.kms.katalon.core.main.TestCaseExecutor.processExecutionPhase(TestCaseExecutor.java:298)
	at com.kms.katalon.core.main.TestCaseExecutor.accessMainPhase(TestCaseExecutor.java:290)
	at com.kms.katalon.core.main.TestCaseExecutor.execute(TestCaseExecutor.java:224)
	at com.kms.katalon.core.main.TestSuiteExecutor.accessTestCaseMainPhase(TestSuiteExecutor.java:129)
	at com.kms.katalon.core.main.TestSuiteExecutor.accessTestSuiteMainPhase(TestSuiteExecutor.java:112)
	at com.kms.katalon.core.main.TestSuiteExecutor.execute(TestSuiteExecutor.java:81)
	at com.kms.katalon.core.main.TestCaseMain.startTestSuite(TestCaseMain.java:149)
	at com.kms.katalon.core.main.TestCaseMain$startTestSuite$0.call(Unknown Source)
	at TempTestSuite1550479786763.run(TempTestSuite1550479786763.groovy:36)]]></system-err>
      </testcase>
      <testcase name="Test Cases/Agency/30ViewProfileAgency1" classname="Test Cases/Agency/30ViewProfileAgency1" status="FAILED">
         <failure type="FAILED" message="Test Cases/Agency/30ViewProfileAgency1 FAILED.
Reason:
com.kms.katalon.core.exception.StepFailedException: Unable to verify element property value (Root cause: Variable 'IsError' is not defined for test case.)
	at com.kms.katalon.core.keyword.internal.KeywordMain.stepFailed(KeywordMain.groovy:32)
	at com.kms.katalon.core.keyword.internal.KeywordMain.stepFailed(KeywordMain.groovy)
	at com.kms.katalon.core.keyword.internal.KeywordMain.runKeyword(KeywordMain.groovy:56)
	at com.kms.katalon.core.webservice.keyword.builtin.VerifyElementPropertyValueKeyword.verifyElementPropertyValue(VerifyElementPropertyValueKeyword.groovy:48)
	at com.kms.katalon.core.webservice.keyword.builtin.VerifyElementPropertyValueKeyword.execute(VerifyElementPropertyValueKeyword.groovy:43)
	at com.kms.katalon.core.keyword.internal.KeywordExecutor.executeKeywordForPlatform(KeywordExecutor.groovy:53)
	at com.kms.katalon.core.webservice.keyword.WSBuiltInKeywords.verifyElementPropertyValue(WSBuiltInKeywords.groovy:123)
	at com.kms.katalon.core.webservice.keyword.WSBuiltInKeywords$verifyElementPropertyValue$1.call(Unknown Source)
	at 30ViewProfileAgency1.run(30ViewProfileAgency1:20)
	at com.kms.katalon.core.main.ScriptEngine.run(ScriptEngine.java:194)
	at com.kms.katalon.core.main.ScriptEngine.runScriptAsRawText(ScriptEngine.java:119)
	at com.kms.katalon.core.main.TestCaseExecutor.runScript(TestCaseExecutor.java:328)
	at com.kms.katalon.core.main.TestCaseExecutor.doExecute(TestCaseExecutor.java:319)
	at com.kms.katalon.core.main.TestCaseExecutor.processExecutionPhase(TestCaseExecutor.java:298)
	at com.kms.katalon.core.main.TestCaseExecutor.accessMainPhase(TestCaseExecutor.java:290)
	at com.kms.katalon.core.main.TestCaseExecutor.execute(TestCaseExecutor.java:224)
	at com.kms.katalon.core.main.TestSuiteExecutor.accessTestCaseMainPhase(TestSuiteExecutor.java:129)
	at com.kms.katalon.core.main.TestSuiteExecutor.accessTestSuiteMainPhase(TestSuiteExecutor.java:112)
	at com.kms.katalon.core.main.TestSuiteExecutor.execute(TestSuiteExecutor.java:81)
	at com.kms.katalon.core.main.TestCaseMain.startTestSuite(TestCaseMain.java:149)
	at com.kms.katalon.core.main.TestCaseMain$startTestSuite$0.call(Unknown Source)
	at TempTestSuite1550479786763.run(TempTestSuite1550479786763.groovy:36)
"/>
         <system-out><![CDATA[2019-02-18 15:49:58 - [TEST_CASE][FAILED] - Test Cases/Agency/30ViewProfileAgency1: Test Cases/Agency/30ViewProfileAgency1 FAILED.
Reason:
com.kms.katalon.core.exception.StepFailedException: Unable to verify element property value (Root cause: Variable 'IsError' is not defined for test case.)
	at com.kms.katalon.core.keyword.internal.KeywordMain.stepFailed(KeywordMain.groovy:32)
	at com.kms.katalon.core.keyword.internal.KeywordMain.stepFailed(KeywordMain.groovy)
	at com.kms.katalon.core.keyword.internal.KeywordMain.runKeyword(KeywordMain.groovy:56)
	at com.kms.katalon.core.webservice.keyword.builtin.VerifyElementPropertyValueKeyword.verifyElementPropertyValue(VerifyElementPropertyValueKeyword.groovy:48)
	at com.kms.katalon.core.webservice.keyword.builtin.VerifyElementPropertyValueKeyword.execute(VerifyElementPropertyValueKeyword.groovy:43)
	at com.kms.katalon.core.keyword.internal.KeywordExecutor.executeKeywordForPlatform(KeywordExecutor.groovy:53)
	at com.kms.katalon.core.webservice.keyword.WSBuiltInKeywords.verifyElementPropertyValue(WSBuiltInKeywords.groovy:123)
	at com.kms.katalon.core.webservice.keyword.WSBuiltInKeywords$verifyElementPropertyValue$1.call(Unknown Source)
	at 30ViewProfileAgency1.run(30ViewProfileAgency1:20)
	at com.kms.katalon.core.main.ScriptEngine.run(ScriptEngine.java:194)
	at com.kms.katalon.core.main.ScriptEngine.runScriptAsRawText(ScriptEngine.java:119)
	at com.kms.katalon.core.main.TestCaseExecutor.runScript(TestCaseExecutor.java:328)
	at com.kms.katalon.core.main.TestCaseExecutor.doExecute(TestCaseExecutor.java:319)
	at com.kms.katalon.core.main.TestCaseExecutor.processExecutionPhase(TestCaseExecutor.java:298)
	at com.kms.katalon.core.main.TestCaseExecutor.accessMainPhase(TestCaseExecutor.java:290)
	at com.kms.katalon.core.main.TestCaseExecutor.execute(TestCaseExecutor.java:224)
	at com.kms.katalon.core.main.TestSuiteExecutor.accessTestCaseMainPhase(TestSuiteExecutor.java:129)
	at com.kms.katalon.core.main.TestSuiteExecutor.accessTestSuiteMainPhase(TestSuiteExecutor.java:112)
	at com.kms.katalon.core.main.TestSuiteExecutor.execute(TestSuiteExecutor.java:81)
	at com.kms.katalon.core.main.TestCaseMain.startTestSuite(TestCaseMain.java:149)
	at com.kms.katalon.core.main.TestCaseMain$startTestSuite$0.call(Unknown Source)
	at TempTestSuite1550479786763.run(TempTestSuite1550479786763.groovy:36)


2019-02-18 15:49:58 - [TEST_STEP][PASSED] - a = sendRequest(findTestObject("Agency/30ViewProfileAgency")): Send request successfully

2019-02-18 15:49:59 - [MESSAGE][PASSED] - Send request successfully

2019-02-18 15:49:59 - [TEST_STEP][PASSED] - verifyResponseStatusCode(a, 200): Verify response status code successfully

2019-02-18 15:49:59 - [MESSAGE][PASSED] - Verify response status code successfully

2019-02-18 15:49:59 - [TEST_STEP][FAILED] - verifyElementPropertyValue(a, ".IsError", false): Unable to verify element property value (Root cause: Variable 'IsError' is not defined for test case.)

2019-02-18 15:49:59 - [MESSAGE][FAILED] - Unable to verify element property value (Root cause: Variable 'IsError' is not defined for test case.)

2019-02-18 15:49:59 - [TEST_STEP][FAILED] - verifyElementPropertyValue(a, "ObjReturn.AgencyId", 3): Expected element property value '3' is not equal with actual property value 'null'

2019-02-18 15:49:59 - [MESSAGE][FAILED] - Expected element property value '3' is not equal with actual property value 'null'

2019-02-18 15:49:59 - [TEST_STEP][FAILED] - verifyElementPropertyValue(a, "ObjReturn.CompanyId", 1): Expected element property value '1' is not equal with actual property value 'null'

2019-02-18 15:49:59 - [MESSAGE][FAILED] - Expected element property value '1' is not equal with actual property value 'null'

2019-02-18 15:49:59 - [TEST_STEP][FAILED] - verifyElementPropertyValue(a, "ObjReturn.AccountId", 1): Expected element property value '1' is not equal with actual property value 'null'

2019-02-18 15:49:59 - [MESSAGE][FAILED] - Expected element property value '1' is not equal with actual property value 'null'

2019-02-18 15:49:59 - [TEST_STEP][FAILED] - verifyElementPropertyValue(a, "ObjReturn.AgencyName", "Passio 47 TCV"): Expected element property value 'Passio 47 TCV' is not equal with actual property value 'null'

2019-02-18 15:49:59 - [MESSAGE][FAILED] - Expected element property value 'Passio 47 TCV' is not equal with actual property value 'null'

2019-02-18 15:49:59 - [TEST_STEP][FAILED] - verifyElementPropertyValue(a, "ObjReturn.Address", "47 Trần Cao Vân"): Expected element property value '47 Trần Cao Vân' is not equal with actual property value 'null'

2019-02-18 15:49:59 - [MESSAGE][FAILED] - Expected element property value '47 Trần Cao Vân' is not equal with actual property value 'null'

2019-02-18 15:49:59 - [TEST_STEP][FAILED] - verifyElementPropertyValue(a, "ObjReturn.Telephone", "0966167423"): Expected element property value '0966167423' is not equal with actual property value 'null'

2019-02-18 15:49:59 - [MESSAGE][FAILED] - Expected element property value '0966167423' is not equal with actual property value 'null'

2019-02-18 15:49:59 - [TEST_STEP][FAILED] - verifyElementPropertyValue(a, "ObjReturn.CreateAt", "00:00 03/10/2018"): Expected element property value '00:00 03/10/2018' is not equal with actual property value 'null'

2019-02-18 15:49:59 - [MESSAGE][FAILED] - Expected element property value '00:00 03/10/2018' is not equal with actual property value 'null'

2019-02-18 15:49:59 - [TEST_STEP][FAILED] - verifyElementPropertyValue(a, "ObjReturn.UpdateAt", "10:53 14/01/2019"): Expected element property value '10:53 14/01/2019' is not equal with actual property value 'null'

2019-02-18 15:49:59 - [MESSAGE][FAILED] - Expected element property value '10:53 14/01/2019' is not equal with actual property value 'null'

2019-02-18 15:49:59 - [TEST_STEP][FAILED] - verifyElementPropertyValue(a, "ObjReturn.CompanyName", "Passio"): Expected element property value 'Passio' is not equal with actual property value 'null'

2019-02-18 15:49:59 - [MESSAGE][FAILED] - Expected element property value 'Passio' is not equal with actual property value 'null'

2019-02-18 15:49:59 - [TEST_STEP][FAILED] - verifyElementPropertyValue(a, "ObjReturn.UserName", "c"): Expected element property value 'c' is not equal with actual property value 'null'

2019-02-18 15:49:59 - [MESSAGE][FAILED] - Expected element property value 'c' is not equal with actual property value 'null'

2019-02-18 15:49:59 - [TEST_STEP][FAILED] - verifyElementPropertyValue(a, "ObjReturn.IsDelete", false): Expected element property value 'false' is not equal with actual property value 'null'

2019-02-18 15:49:59 - [MESSAGE][FAILED] - Expected element property value 'false' is not equal with actual property value 'null'

2019-02-18 15:49:59 - [TEST_STEP][FAILED] - verifyElementPropertyValue(a, "ObjReturn.NumericalOrder", 1): verifyElementPropertyValue(a, "ObjReturn.NumericalOrder", 1) FAILED.
Reason:
com.kms.katalon.core.exception.StepFailedException: Unable to verify element property value (Root cause: Variable 'IsError' is not defined for test case.)
	at com.kms.katalon.core.keyword.internal.KeywordMain.stepFailed(KeywordMain.groovy:32)
	at com.kms.katalon.core.keyword.internal.KeywordMain.stepFailed(KeywordMain.groovy)
	at com.kms.katalon.core.keyword.internal.KeywordMain.runKeyword(KeywordMain.groovy:56)
	at com.kms.katalon.core.webservice.keyword.builtin.VerifyElementPropertyValueKeyword.verifyElementPropertyValue(VerifyElementPropertyValueKeyword.groovy:48)
	at com.kms.katalon.core.webservice.keyword.builtin.VerifyElementPropertyValueKeyword.execute(VerifyElementPropertyValueKeyword.groovy:43)
	at com.kms.katalon.core.keyword.internal.KeywordExecutor.executeKeywordForPlatform(KeywordExecutor.groovy:53)
	at com.kms.katalon.core.webservice.keyword.WSBuiltInKeywords.verifyElementPropertyValue(WSBuiltInKeywords.groovy:123)
	at com.kms.katalon.core.webservice.keyword.WSBuiltInKeywords$verifyElementPropertyValue$1.call(Unknown Source)
	at 30ViewProfileAgency1.run(30ViewProfileAgency1:20)
	at com.kms.katalon.core.main.ScriptEngine.run(ScriptEngine.java:194)
	at com.kms.katalon.core.main.ScriptEngine.runScriptAsRawText(ScriptEngine.java:119)
	at com.kms.katalon.core.main.TestCaseExecutor.runScript(TestCaseExecutor.java:328)
	at com.kms.katalon.core.main.TestCaseExecutor.doExecute(TestCaseExecutor.java:319)
	at com.kms.katalon.core.main.TestCaseExecutor.processExecutionPhase(TestCaseExecutor.java:298)
	at com.kms.katalon.core.main.TestCaseExecutor.accessMainPhase(TestCaseExecutor.java:290)
	at com.kms.katalon.core.main.TestCaseExecutor.execute(TestCaseExecutor.java:224)
	at com.kms.katalon.core.main.TestSuiteExecutor.accessTestCaseMainPhase(TestSuiteExecutor.java:129)
	at com.kms.katalon.core.main.TestSuiteExecutor.accessTestSuiteMainPhase(TestSuiteExecutor.java:112)
	at com.kms.katalon.core.main.TestSuiteExecutor.execute(TestSuiteExecutor.java:81)
	at com.kms.katalon.core.main.TestCaseMain.startTestSuite(TestCaseMain.java:149)
	at com.kms.katalon.core.main.TestCaseMain$startTestSuite$0.call(Unknown Source)
	at TempTestSuite1550479786763.run(TempTestSuite1550479786763.groovy:36)


2019-02-18 15:49:59 - [MESSAGE][FAILED] - Expected element property value '1' is not equal with actual property value 'null'

2019-02-18 15:49:59 - [MESSAGE][FAILED] - verifyElementPropertyValue(a, "ObjReturn.NumericalOrder", 1) FAILED.
Reason:
com.kms.katalon.core.exception.StepFailedException: Unable to verify element property value (Root cause: Variable 'IsError' is not defined for test case.)
	at com.kms.katalon.core.keyword.internal.KeywordMain.stepFailed(KeywordMain.groovy:32)
	at com.kms.katalon.core.keyword.internal.KeywordMain.stepFailed(KeywordMain.groovy)
	at com.kms.katalon.core.keyword.internal.KeywordMain.runKeyword(KeywordMain.groovy:56)
	at com.kms.katalon.core.webservice.keyword.builtin.VerifyElementPropertyValueKeyword.verifyElementPropertyValue(VerifyElementPropertyValueKeyword.groovy:48)
	at com.kms.katalon.core.webservice.keyword.builtin.VerifyElementPropertyValueKeyword.execute(VerifyElementPropertyValueKeyword.groovy:43)
	at com.kms.katalon.core.keyword.internal.KeywordExecutor.executeKeywordForPlatform(KeywordExecutor.groovy:53)
	at com.kms.katalon.core.webservice.keyword.WSBuiltInKeywords.verifyElementPropertyValue(WSBuiltInKeywords.groovy:123)
	at com.kms.katalon.core.webservice.keyword.WSBuiltInKeywords$verifyElementPropertyValue$1.call(Unknown Source)
	at 30ViewProfileAgency1.run(30ViewProfileAgency1:20)
	at com.kms.katalon.core.main.ScriptEngine.run(ScriptEngine.java:194)
	at com.kms.katalon.core.main.ScriptEngine.runScriptAsRawText(ScriptEngine.java:119)
	at com.kms.katalon.core.main.TestCaseExecutor.runScript(TestCaseExecutor.java:328)
	at com.kms.katalon.core.main.TestCaseExecutor.doExecute(TestCaseExecutor.java:319)
	at com.kms.katalon.core.main.TestCaseExecutor.processExecutionPhase(TestCaseExecutor.java:298)
	at com.kms.katalon.core.main.TestCaseExecutor.accessMainPhase(TestCaseExecutor.java:290)
	at com.kms.katalon.core.main.TestCaseExecutor.execute(TestCaseExecutor.java:224)
	at com.kms.katalon.core.main.TestSuiteExecutor.accessTestCaseMainPhase(TestSuiteExecutor.java:129)
	at com.kms.katalon.core.main.TestSuiteExecutor.accessTestSuiteMainPhase(TestSuiteExecutor.java:112)
	at com.kms.katalon.core.main.TestSuiteExecutor.execute(TestSuiteExecutor.java:81)
	at com.kms.katalon.core.main.TestCaseMain.startTestSuite(TestCaseMain.java:149)
	at com.kms.katalon.core.main.TestCaseMain$startTestSuite$0.call(Unknown Source)
	at TempTestSuite1550479786763.run(TempTestSuite1550479786763.groovy:36)]]></system-out>
         <system-err><![CDATA[2019-02-18 15:49:58 - [TEST_CASE][FAILED] - Test Cases/Agency/30ViewProfileAgency1: Test Cases/Agency/30ViewProfileAgency1 FAILED.
Reason:
com.kms.katalon.core.exception.StepFailedException: Unable to verify element property value (Root cause: Variable 'IsError' is not defined for test case.)
	at com.kms.katalon.core.keyword.internal.KeywordMain.stepFailed(KeywordMain.groovy:32)
	at com.kms.katalon.core.keyword.internal.KeywordMain.stepFailed(KeywordMain.groovy)
	at com.kms.katalon.core.keyword.internal.KeywordMain.runKeyword(KeywordMain.groovy:56)
	at com.kms.katalon.core.webservice.keyword.builtin.VerifyElementPropertyValueKeyword.verifyElementPropertyValue(VerifyElementPropertyValueKeyword.groovy:48)
	at com.kms.katalon.core.webservice.keyword.builtin.VerifyElementPropertyValueKeyword.execute(VerifyElementPropertyValueKeyword.groovy:43)
	at com.kms.katalon.core.keyword.internal.KeywordExecutor.executeKeywordForPlatform(KeywordExecutor.groovy:53)
	at com.kms.katalon.core.webservice.keyword.WSBuiltInKeywords.verifyElementPropertyValue(WSBuiltInKeywords.groovy:123)
	at com.kms.katalon.core.webservice.keyword.WSBuiltInKeywords$verifyElementPropertyValue$1.call(Unknown Source)
	at 30ViewProfileAgency1.run(30ViewProfileAgency1:20)
	at com.kms.katalon.core.main.ScriptEngine.run(ScriptEngine.java:194)
	at com.kms.katalon.core.main.ScriptEngine.runScriptAsRawText(ScriptEngine.java:119)
	at com.kms.katalon.core.main.TestCaseExecutor.runScript(TestCaseExecutor.java:328)
	at com.kms.katalon.core.main.TestCaseExecutor.doExecute(TestCaseExecutor.java:319)
	at com.kms.katalon.core.main.TestCaseExecutor.processExecutionPhase(TestCaseExecutor.java:298)
	at com.kms.katalon.core.main.TestCaseExecutor.accessMainPhase(TestCaseExecutor.java:290)
	at com.kms.katalon.core.main.TestCaseExecutor.execute(TestCaseExecutor.java:224)
	at com.kms.katalon.core.main.TestSuiteExecutor.accessTestCaseMainPhase(TestSuiteExecutor.java:129)
	at com.kms.katalon.core.main.TestSuiteExecutor.accessTestSuiteMainPhase(TestSuiteExecutor.java:112)
	at com.kms.katalon.core.main.TestSuiteExecutor.execute(TestSuiteExecutor.java:81)
	at com.kms.katalon.core.main.TestCaseMain.startTestSuite(TestCaseMain.java:149)
	at com.kms.katalon.core.main.TestCaseMain$startTestSuite$0.call(Unknown Source)
	at TempTestSuite1550479786763.run(TempTestSuite1550479786763.groovy:36)]]></system-err>
      </testcase>
      <testcase name="Test Cases/Agency/31UpdateProfileAgency" classname="Test Cases/Agency/31UpdateProfileAgency" status="ERROR">
         <error type="ERROR" message="Test Cases/Agency/31UpdateProfileAgency FAILED.
Reason:
groovy.lang.MissingPropertyException: No such property: a for class: Script1550473215780
	at 31UpdateProfileAgency.run(31UpdateProfileAgency:18)
	at com.kms.katalon.core.main.ScriptEngine.run(ScriptEngine.java:194)
	at com.kms.katalon.core.main.ScriptEngine.runScriptAsRawText(ScriptEngine.java:119)
	at com.kms.katalon.core.main.TestCaseExecutor.runScript(TestCaseExecutor.java:328)
	at com.kms.katalon.core.main.TestCaseExecutor.doExecute(TestCaseExecutor.java:319)
	at com.kms.katalon.core.main.TestCaseExecutor.processExecutionPhase(TestCaseExecutor.java:298)
	at com.kms.katalon.core.main.TestCaseExecutor.accessMainPhase(TestCaseExecutor.java:290)
	at com.kms.katalon.core.main.TestCaseExecutor.execute(TestCaseExecutor.java:224)
	at com.kms.katalon.core.main.TestSuiteExecutor.accessTestCaseMainPhase(TestSuiteExecutor.java:129)
	at com.kms.katalon.core.main.TestSuiteExecutor.accessTestSuiteMainPhase(TestSuiteExecutor.java:112)
	at com.kms.katalon.core.main.TestSuiteExecutor.execute(TestSuiteExecutor.java:81)
	at com.kms.katalon.core.main.TestCaseMain.startTestSuite(TestCaseMain.java:149)
	at com.kms.katalon.core.main.TestCaseMain$startTestSuite$0.call(Unknown Source)
	at TempTestSuite1550479786763.run(TempTestSuite1550479786763.groovy:36)
"/>
         <system-out><![CDATA[2019-02-18 15:49:59 - [TEST_CASE][ERROR] - Test Cases/Agency/31UpdateProfileAgency: Test Cases/Agency/31UpdateProfileAgency FAILED.
Reason:
groovy.lang.MissingPropertyException: No such property: a for class: Script1550473215780
	at 31UpdateProfileAgency.run(31UpdateProfileAgency:18)
	at com.kms.katalon.core.main.ScriptEngine.run(ScriptEngine.java:194)
	at com.kms.katalon.core.main.ScriptEngine.runScriptAsRawText(ScriptEngine.java:119)
	at com.kms.katalon.core.main.TestCaseExecutor.runScript(TestCaseExecutor.java:328)
	at com.kms.katalon.core.main.TestCaseExecutor.doExecute(TestCaseExecutor.java:319)
	at com.kms.katalon.core.main.TestCaseExecutor.processExecutionPhase(TestCaseExecutor.java:298)
	at com.kms.katalon.core.main.TestCaseExecutor.accessMainPhase(TestCaseExecutor.java:290)
	at com.kms.katalon.core.main.TestCaseExecutor.execute(TestCaseExecutor.java:224)
	at com.kms.katalon.core.main.TestSuiteExecutor.accessTestCaseMainPhase(TestSuiteExecutor.java:129)
	at com.kms.katalon.core.main.TestSuiteExecutor.accessTestSuiteMainPhase(TestSuiteExecutor.java:112)
	at com.kms.katalon.core.main.TestSuiteExecutor.execute(TestSuiteExecutor.java:81)
	at com.kms.katalon.core.main.TestCaseMain.startTestSuite(TestCaseMain.java:149)
	at com.kms.katalon.core.main.TestCaseMain$startTestSuite$0.call(Unknown Source)
	at TempTestSuite1550479786763.run(TempTestSuite1550479786763.groovy:36)


2019-02-18 15:50:00 - [TEST_STEP][PASSED] - sendRequest(findTestObject("Agency/31UpdateProfileAgency")): Send request successfully

2019-02-18 15:50:00 - [MESSAGE][PASSED] - Send request successfully

2019-02-18 15:50:00 - [TEST_STEP][ERROR] - verifyResponseStatusCode(a, 200): verifyResponseStatusCode(a, 200) FAILED.
Reason:
groovy.lang.MissingPropertyException: No such property: a for class: Script1550473215780
	at 31UpdateProfileAgency.run(31UpdateProfileAgency:18)
	at com.kms.katalon.core.main.ScriptEngine.run(ScriptEngine.java:194)
	at com.kms.katalon.core.main.ScriptEngine.runScriptAsRawText(ScriptEngine.java:119)
	at com.kms.katalon.core.main.TestCaseExecutor.runScript(TestCaseExecutor.java:328)
	at com.kms.katalon.core.main.TestCaseExecutor.doExecute(TestCaseExecutor.java:319)
	at com.kms.katalon.core.main.TestCaseExecutor.processExecutionPhase(TestCaseExecutor.java:298)
	at com.kms.katalon.core.main.TestCaseExecutor.accessMainPhase(TestCaseExecutor.java:290)
	at com.kms.katalon.core.main.TestCaseExecutor.execute(TestCaseExecutor.java:224)
	at com.kms.katalon.core.main.TestSuiteExecutor.accessTestCaseMainPhase(TestSuiteExecutor.java:129)
	at com.kms.katalon.core.main.TestSuiteExecutor.accessTestSuiteMainPhase(TestSuiteExecutor.java:112)
	at com.kms.katalon.core.main.TestSuiteExecutor.execute(TestSuiteExecutor.java:81)
	at com.kms.katalon.core.main.TestCaseMain.startTestSuite(TestCaseMain.java:149)
	at com.kms.katalon.core.main.TestCaseMain$startTestSuite$0.call(Unknown Source)
	at TempTestSuite1550479786763.run(TempTestSuite1550479786763.groovy:36)


2019-02-18 15:50:00 - [MESSAGE][ERROR] - verifyResponseStatusCode(a, 200) FAILED.
Reason:
groovy.lang.MissingPropertyException: No such property: a for class: Script1550473215780
	at 31UpdateProfileAgency.run(31UpdateProfileAgency:18)
	at com.kms.katalon.core.main.ScriptEngine.run(ScriptEngine.java:194)
	at com.kms.katalon.core.main.ScriptEngine.runScriptAsRawText(ScriptEngine.java:119)
	at com.kms.katalon.core.main.TestCaseExecutor.runScript(TestCaseExecutor.java:328)
	at com.kms.katalon.core.main.TestCaseExecutor.doExecute(TestCaseExecutor.java:319)
	at com.kms.katalon.core.main.TestCaseExecutor.processExecutionPhase(TestCaseExecutor.java:298)
	at com.kms.katalon.core.main.TestCaseExecutor.accessMainPhase(TestCaseExecutor.java:290)
	at com.kms.katalon.core.main.TestCaseExecutor.execute(TestCaseExecutor.java:224)
	at com.kms.katalon.core.main.TestSuiteExecutor.accessTestCaseMainPhase(TestSuiteExecutor.java:129)
	at com.kms.katalon.core.main.TestSuiteExecutor.accessTestSuiteMainPhase(TestSuiteExecutor.java:112)
	at com.kms.katalon.core.main.TestSuiteExecutor.execute(TestSuiteExecutor.java:81)
	at com.kms.katalon.core.main.TestCaseMain.startTestSuite(TestCaseMain.java:149)
	at com.kms.katalon.core.main.TestCaseMain$startTestSuite$0.call(Unknown Source)
	at TempTestSuite1550479786763.run(TempTestSuite1550479786763.groovy:36)]]></system-out>
         <system-err><![CDATA[2019-02-18 15:49:59 - [TEST_CASE][ERROR] - Test Cases/Agency/31UpdateProfileAgency: Test Cases/Agency/31UpdateProfileAgency FAILED.
Reason:
groovy.lang.MissingPropertyException: No such property: a for class: Script1550473215780
	at 31UpdateProfileAgency.run(31UpdateProfileAgency:18)
	at com.kms.katalon.core.main.ScriptEngine.run(ScriptEngine.java:194)
	at com.kms.katalon.core.main.ScriptEngine.runScriptAsRawText(ScriptEngine.java:119)
	at com.kms.katalon.core.main.TestCaseExecutor.runScript(TestCaseExecutor.java:328)
	at com.kms.katalon.core.main.TestCaseExecutor.doExecute(TestCaseExecutor.java:319)
	at com.kms.katalon.core.main.TestCaseExecutor.processExecutionPhase(TestCaseExecutor.java:298)
	at com.kms.katalon.core.main.TestCaseExecutor.accessMainPhase(TestCaseExecutor.java:290)
	at com.kms.katalon.core.main.TestCaseExecutor.execute(TestCaseExecutor.java:224)
	at com.kms.katalon.core.main.TestSuiteExecutor.accessTestCaseMainPhase(TestSuiteExecutor.java:129)
	at com.kms.katalon.core.main.TestSuiteExecutor.accessTestSuiteMainPhase(TestSuiteExecutor.java:112)
	at com.kms.katalon.core.main.TestSuiteExecutor.execute(TestSuiteExecutor.java:81)
	at com.kms.katalon.core.main.TestCaseMain.startTestSuite(TestCaseMain.java:149)
	at com.kms.katalon.core.main.TestCaseMain$startTestSuite$0.call(Unknown Source)
	at TempTestSuite1550479786763.run(TempTestSuite1550479786763.groovy:36)]]></system-err>
      </testcase>
      <testcase name="Test Cases/Agency/32ViewAllDevice1" classname="Test Cases/Agency/32ViewAllDevice1" status="FAILED">
         <failure type="FAILED" message="Test Cases/Agency/32ViewAllDevice1 FAILED.
Reason:
com.kms.katalon.core.exception.StepFailedException: Unable to verify element property value (Root cause: Variable 'IsError' is not defined for test case.)
	at com.kms.katalon.core.keyword.internal.KeywordMain.stepFailed(KeywordMain.groovy:32)
	at com.kms.katalon.core.keyword.internal.KeywordMain.stepFailed(KeywordMain.groovy)
	at com.kms.katalon.core.keyword.internal.KeywordMain.runKeyword(KeywordMain.groovy:56)
	at com.kms.katalon.core.webservice.keyword.builtin.VerifyElementPropertyValueKeyword.verifyElementPropertyValue(VerifyElementPropertyValueKeyword.groovy:48)
	at com.kms.katalon.core.webservice.keyword.builtin.VerifyElementPropertyValueKeyword.execute(VerifyElementPropertyValueKeyword.groovy:43)
	at com.kms.katalon.core.keyword.internal.KeywordExecutor.executeKeywordForPlatform(KeywordExecutor.groovy:53)
	at com.kms.katalon.core.webservice.keyword.WSBuiltInKeywords.verifyElementPropertyValue(WSBuiltInKeywords.groovy:123)
	at com.kms.katalon.core.webservice.keyword.WSBuiltInKeywords$verifyElementPropertyValue$1.call(Unknown Source)
	at 32ViewAllDevice1.run(32ViewAllDevice1:20)
	at com.kms.katalon.core.main.ScriptEngine.run(ScriptEngine.java:194)
	at com.kms.katalon.core.main.ScriptEngine.runScriptAsRawText(ScriptEngine.java:119)
	at com.kms.katalon.core.main.TestCaseExecutor.runScript(TestCaseExecutor.java:328)
	at com.kms.katalon.core.main.TestCaseExecutor.doExecute(TestCaseExecutor.java:319)
	at com.kms.katalon.core.main.TestCaseExecutor.processExecutionPhase(TestCaseExecutor.java:298)
	at com.kms.katalon.core.main.TestCaseExecutor.accessMainPhase(TestCaseExecutor.java:290)
	at com.kms.katalon.core.main.TestCaseExecutor.execute(TestCaseExecutor.java:224)
	at com.kms.katalon.core.main.TestSuiteExecutor.accessTestCaseMainPhase(TestSuiteExecutor.java:129)
	at com.kms.katalon.core.main.TestSuiteExecutor.accessTestSuiteMainPhase(TestSuiteExecutor.java:112)
	at com.kms.katalon.core.main.TestSuiteExecutor.execute(TestSuiteExecutor.java:81)
	at com.kms.katalon.core.main.TestCaseMain.startTestSuite(TestCaseMain.java:149)
	at com.kms.katalon.core.main.TestCaseMain$startTestSuite$0.call(Unknown Source)
	at TempTestSuite1550479786763.run(TempTestSuite1550479786763.groovy:36)
"/>
         <system-out><![CDATA[2019-02-18 15:50:00 - [TEST_CASE][FAILED] - Test Cases/Agency/32ViewAllDevice1: Test Cases/Agency/32ViewAllDevice1 FAILED.
Reason:
com.kms.katalon.core.exception.StepFailedException: Unable to verify element property value (Root cause: Variable 'IsError' is not defined for test case.)
	at com.kms.katalon.core.keyword.internal.KeywordMain.stepFailed(KeywordMain.groovy:32)
	at com.kms.katalon.core.keyword.internal.KeywordMain.stepFailed(KeywordMain.groovy)
	at com.kms.katalon.core.keyword.internal.KeywordMain.runKeyword(KeywordMain.groovy:56)
	at com.kms.katalon.core.webservice.keyword.builtin.VerifyElementPropertyValueKeyword.verifyElementPropertyValue(VerifyElementPropertyValueKeyword.groovy:48)
	at com.kms.katalon.core.webservice.keyword.builtin.VerifyElementPropertyValueKeyword.execute(VerifyElementPropertyValueKeyword.groovy:43)
	at com.kms.katalon.core.keyword.internal.KeywordExecutor.executeKeywordForPlatform(KeywordExecutor.groovy:53)
	at com.kms.katalon.core.webservice.keyword.WSBuiltInKeywords.verifyElementPropertyValue(WSBuiltInKeywords.groovy:123)
	at com.kms.katalon.core.webservice.keyword.WSBuiltInKeywords$verifyElementPropertyValue$1.call(Unknown Source)
	at 32ViewAllDevice1.run(32ViewAllDevice1:20)
	at com.kms.katalon.core.main.ScriptEngine.run(ScriptEngine.java:194)
	at com.kms.katalon.core.main.ScriptEngine.runScriptAsRawText(ScriptEngine.java:119)
	at com.kms.katalon.core.main.TestCaseExecutor.runScript(TestCaseExecutor.java:328)
	at com.kms.katalon.core.main.TestCaseExecutor.doExecute(TestCaseExecutor.java:319)
	at com.kms.katalon.core.main.TestCaseExecutor.processExecutionPhase(TestCaseExecutor.java:298)
	at com.kms.katalon.core.main.TestCaseExecutor.accessMainPhase(TestCaseExecutor.java:290)
	at com.kms.katalon.core.main.TestCaseExecutor.execute(TestCaseExecutor.java:224)
	at com.kms.katalon.core.main.TestSuiteExecutor.accessTestCaseMainPhase(TestSuiteExecutor.java:129)
	at com.kms.katalon.core.main.TestSuiteExecutor.accessTestSuiteMainPhase(TestSuiteExecutor.java:112)
	at com.kms.katalon.core.main.TestSuiteExecutor.execute(TestSuiteExecutor.java:81)
	at com.kms.katalon.core.main.TestCaseMain.startTestSuite(TestCaseMain.java:149)
	at com.kms.katalon.core.main.TestCaseMain$startTestSuite$0.call(Unknown Source)
	at TempTestSuite1550479786763.run(TempTestSuite1550479786763.groovy:36)


2019-02-18 15:50:00 - [TEST_STEP][PASSED] - a = sendRequest(findTestObject("Agency/32ViewAllDevice")): Send request successfully

2019-02-18 15:50:00 - [MESSAGE][PASSED] - Send request successfully

2019-02-18 15:50:00 - [TEST_STEP][PASSED] - verifyResponseStatusCode(a, 200): Verify response status code successfully

2019-02-18 15:50:00 - [MESSAGE][PASSED] - Verify response status code successfully

2019-02-18 15:50:00 - [TEST_STEP][FAILED] - verifyElementPropertyValue(a, ".IsError", false): Unable to verify element property value (Root cause: Variable 'IsError' is not defined for test case.)

2019-02-18 15:50:00 - [MESSAGE][FAILED] - Unable to verify element property value (Root cause: Variable 'IsError' is not defined for test case.)

2019-02-18 15:50:00 - [TEST_STEP][FAILED] - verifyElementPropertyValue(a, "ObjReturn[0].DeviceId", 8): Expected element property value '8' is not equal with actual property value 'null'

2019-02-18 15:50:00 - [MESSAGE][FAILED] - Expected element property value '8' is not equal with actual property value 'null'

2019-02-18 15:50:00 - [TEST_STEP][FAILED] - verifyElementPropertyValue(a, "ObjReturn[0].AgencyId", 17): Expected element property value '17' is not equal with actual property value 'null'

2019-02-18 15:50:01 - [MESSAGE][FAILED] - Expected element property value '17' is not equal with actual property value 'null'

2019-02-18 15:50:01 - [TEST_STEP][FAILED] - verifyElementPropertyValue(a, "ObjReturn[0].DeviceTypeId", 4): Expected element property value '4' is not equal with actual property value 'null'

2019-02-18 15:50:01 - [MESSAGE][FAILED] - Expected element property value '4' is not equal with actual property value 'null'

2019-02-18 15:50:01 - [TEST_STEP][FAILED] - verifyElementPropertyValue(a, "ObjReturn[0].DeviceName", "POS Sunmi"): Expected element property value 'POS Sunmi' is not equal with actual property value 'null'

2019-02-18 15:50:01 - [MESSAGE][FAILED] - Expected element property value 'POS Sunmi' is not equal with actual property value 'null'

2019-02-18 15:50:01 - [TEST_STEP][FAILED] - verifyElementPropertyValue(a, "ObjReturn[0].DeviceCode", "P00DDS"): Expected element property value 'P00DDS' is not equal with actual property value 'null'

2019-02-18 15:50:01 - [MESSAGE][FAILED] - Expected element property value 'P00DDS' is not equal with actual property value 'null'

2019-02-18 15:50:01 - [TEST_STEP][FAILED] - verifyElementPropertyValue(a, "ObjReturn[0].GuarantyStartDate", "00:00 17/10/2018"): Expected element property value '00:00 17/10/2018' is not equal with actual property value 'null'

2019-02-18 15:50:01 - [MESSAGE][FAILED] - Expected element property value '00:00 17/10/2018' is not equal with actual property value 'null'

2019-02-18 15:50:01 - [TEST_STEP][FAILED] - verifyElementPropertyValue(a, "ObjReturn[0].GuarantyEndDate", "00:00 17/10/2019"): Expected element property value '00:00 17/10/2019' is not equal with actual property value 'null'

2019-02-18 15:50:01 - [MESSAGE][FAILED] - Expected element property value '00:00 17/10/2019' is not equal with actual property value 'null'

2019-02-18 15:50:01 - [TEST_STEP][FAILED] - verifyElementPropertyValue(a, "ObjReturn[0].Ip", "6.3.11.5"): Expected element property value '6.3.11.5' is not equal with actual property value 'null'

2019-02-18 15:50:01 - [MESSAGE][FAILED] - Expected element property value '6.3.11.5' is not equal with actual property value 'null'

2019-02-18 15:50:01 - [TEST_STEP][FAILED] - verifyElementPropertyValue(a, "ObjReturn[0].Port", "80"): Expected element property value '80' is not equal with actual property value 'null'

2019-02-18 15:50:01 - [MESSAGE][FAILED] - Expected element property value '80' is not equal with actual property value 'null'

2019-02-18 15:50:01 - [TEST_STEP][FAILED] - verifyElementPropertyValue(a, "ObjReturn[0].DeviceAccount", "admin"): Expected element property value 'admin' is not equal with actual property value 'null'

2019-02-18 15:50:01 - [MESSAGE][FAILED] - Expected element property value 'admin' is not equal with actual property value 'null'

2019-02-18 15:50:01 - [TEST_STEP][FAILED] - verifyElementPropertyValue(a, "ObjReturn[0].DevicePassword", "admin"): Expected element property value 'admin' is not equal with actual property value 'null'

2019-02-18 15:50:01 - [MESSAGE][FAILED] - Expected element property value 'admin' is not equal with actual property value 'null'

2019-02-18 15:50:01 - [TEST_STEP][FAILED] - verifyElementPropertyValue(a, "ObjReturn[0].SettingDate", "00:00 17/10/2018"): Expected element property value '00:00 17/10/2018' is not equal with actual property value 'null'

2019-02-18 15:50:01 - [MESSAGE][FAILED] - Expected element property value '00:00 17/10/2018' is not equal with actual property value 'null'

2019-02-18 15:50:01 - [TEST_STEP][FAILED] - verifyElementPropertyValue(a, "ObjReturn[0].Other", "sadasd"): Expected element property value 'sadasd' is not equal with actual property value 'null'

2019-02-18 15:50:01 - [MESSAGE][FAILED] - Expected element property value 'sadasd' is not equal with actual property value 'null'

2019-02-18 15:50:01 - [TEST_STEP][FAILED] - verifyElementPropertyValue(a, "ObjReturn[0].CreateDate", "00:00 10/10/2018"): Expected element property value '00:00 10/10/2018' is not equal with actual property value 'null'

2019-02-18 15:50:01 - [MESSAGE][FAILED] - Expected element property value '00:00 10/10/2018' is not equal with actual property value 'null'

2019-02-18 15:50:01 - [TEST_STEP][FAILED] - verifyElementPropertyValue(a, "ObjReturn[0].UpdateDate", "00:00 10/10/2018"): Expected element property value '00:00 10/10/2018' is not equal with actual property value 'null'

2019-02-18 15:50:01 - [MESSAGE][FAILED] - Expected element property value '00:00 10/10/2018' is not equal with actual property value 'null'

2019-02-18 15:50:01 - [TEST_STEP][FAILED] - verifyElementPropertyValue(a, "ObjReturn[0].CompanyName", "Uni space"): Expected element property value 'Uni space' is not equal with actual property value 'null'

2019-02-18 15:50:01 - [MESSAGE][FAILED] - Expected element property value 'Uni space' is not equal with actual property value 'null'

2019-02-18 15:50:01 - [TEST_STEP][FAILED] - verifyElementPropertyValue(a, "ObjReturn[0].AgencyName", "Uni deli"): Expected element property value 'Uni deli' is not equal with actual property value 'null'

2019-02-18 15:50:01 - [MESSAGE][FAILED] - Expected element property value 'Uni deli' is not equal with actual property value 'null'

2019-02-18 15:50:01 - [TEST_STEP][FAILED] - verifyElementPropertyValue(a, "ObjReturn[0].NumericalOrder", 1): Expected element property value '1' is not equal with actual property value 'null'

2019-02-18 15:50:01 - [MESSAGE][FAILED] - Expected element property value '1' is not equal with actual property value 'null'

2019-02-18 15:50:01 - [TEST_STEP][FAILED] - verifyElementPropertyValue(a, "ObjReturn[1].DeviceId", 21): Expected element property value '21' is not equal with actual property value 'null'

2019-02-18 15:50:01 - [MESSAGE][FAILED] - Expected element property value '21' is not equal with actual property value 'null'

2019-02-18 15:50:01 - [TEST_STEP][FAILED] - verifyElementPropertyValue(a, "ObjReturn[1].AgencyId", 17): Expected element property value '17' is not equal with actual property value 'null'

2019-02-18 15:50:01 - [MESSAGE][FAILED] - Expected element property value '17' is not equal with actual property value 'null'

2019-02-18 15:50:01 - [TEST_STEP][FAILED] - verifyElementPropertyValue(a, "ObjReturn[1].DeviceTypeId", 2): Expected element property value '2' is not equal with actual property value 'null'

2019-02-18 15:50:01 - [MESSAGE][FAILED] - Expected element property value '2' is not equal with actual property value 'null'

2019-02-18 15:50:01 - [TEST_STEP][FAILED] - verifyElementPropertyValue(a, "ObjReturn[1].DeviceName", "Camera A350"): Expected element property value 'Camera A350' is not equal with actual property value 'null'

2019-02-18 15:50:01 - [MESSAGE][FAILED] - Expected element property value 'Camera A350' is not equal with actual property value 'null'

2019-02-18 15:50:01 - [TEST_STEP][FAILED] - verifyElementPropertyValue(a, "ObjReturn[1].DeviceCode", "C1120CS"): Expected element property value 'C1120CS' is not equal with actual property value 'null'

2019-02-18 15:50:01 - [MESSAGE][FAILED] - Expected element property value 'C1120CS' is not equal with actual property value 'null'

2019-02-18 15:50:01 - [TEST_STEP][FAILED] - verifyElementPropertyValue(a, "ObjReturn[1].GuarantyStartDate", "00:00 23/10/2018"): Expected element property value '00:00 23/10/2018' is not equal with actual property value 'null'

2019-02-18 15:50:01 - [MESSAGE][FAILED] - Expected element property value '00:00 23/10/2018' is not equal with actual property value 'null'

2019-02-18 15:50:01 - [TEST_STEP][FAILED] - verifyElementPropertyValue(a, "ObjReturn[1].GuarantyEndDate", "00:00 24/10/2018"): Expected element property value '00:00 24/10/2018' is not equal with actual property value 'null'

2019-02-18 15:50:01 - [MESSAGE][FAILED] - Expected element property value '00:00 24/10/2018' is not equal with actual property value 'null'

2019-02-18 15:50:01 - [TEST_STEP][FAILED] - verifyElementPropertyValue(a, "ObjReturn[1].Ip", "65.3.12.50"): Expected element property value '65.3.12.50' is not equal with actual property value 'null'

2019-02-18 15:50:02 - [MESSAGE][FAILED] - Expected element property value '65.3.12.50' is not equal with actual property value 'null'

2019-02-18 15:50:02 - [TEST_STEP][FAILED] - verifyElementPropertyValue(a, "ObjReturn[1].Port", "80"): Expected element property value '80' is not equal with actual property value 'null'

2019-02-18 15:50:02 - [MESSAGE][FAILED] - Expected element property value '80' is not equal with actual property value 'null'

2019-02-18 15:50:02 - [TEST_STEP][FAILED] - verifyElementPropertyValue(a, "ObjReturn[1].DeviceAccount", "1"): Expected element property value '1' is not equal with actual property value 'null'

2019-02-18 15:50:02 - [MESSAGE][FAILED] - Expected element property value '1' is not equal with actual property value 'null'

2019-02-18 15:50:02 - [TEST_STEP][FAILED] - verifyElementPropertyValue(a, "ObjReturn[1].DevicePassword", "1"): Expected element property value '1' is not equal with actual property value 'null'

2019-02-18 15:50:02 - [MESSAGE][FAILED] - Expected element property value '1' is not equal with actual property value 'null'

2019-02-18 15:50:02 - [TEST_STEP][FAILED] - verifyElementPropertyValue(a, "ObjReturn[1].SettingDate", "00:00 29/10/2018"): Expected element property value '00:00 29/10/2018' is not equal with actual property value 'null'

2019-02-18 15:50:02 - [MESSAGE][FAILED] - Expected element property value '00:00 29/10/2018' is not equal with actual property value 'null'

2019-02-18 15:50:02 - [TEST_STEP][FAILED] - verifyElementPropertyValue(a, "ObjReturn[1].Other", "1"): Expected element property value '1' is not equal with actual property value 'null'

2019-02-18 15:50:02 - [MESSAGE][FAILED] - Expected element property value '1' is not equal with actual property value 'null'

2019-02-18 15:50:02 - [TEST_STEP][FAILED] - verifyElementPropertyValue(a, "ObjReturn[1].CreateDate", "12:04 19/10/2018"): Expected element property value '12:04 19/10/2018' is not equal with actual property value 'null'

2019-02-18 15:50:02 - [MESSAGE][FAILED] - Expected element property value '12:04 19/10/2018' is not equal with actual property value 'null'

2019-02-18 15:50:02 - [TEST_STEP][FAILED] - verifyElementPropertyValue(a, "ObjReturn[1].UpdateDate", "12:04 19/10/2018"): Expected element property value '12:04 19/10/2018' is not equal with actual property value 'null'

2019-02-18 15:50:02 - [MESSAGE][FAILED] - Expected element property value '12:04 19/10/2018' is not equal with actual property value 'null'

2019-02-18 15:50:02 - [TEST_STEP][FAILED] - verifyElementPropertyValue(a, "ObjReturn[1].CompanyName", "Uni space"): Expected element property value 'Uni space' is not equal with actual property value 'null'

2019-02-18 15:50:02 - [MESSAGE][FAILED] - Expected element property value 'Uni space' is not equal with actual property value 'null'

2019-02-18 15:50:02 - [TEST_STEP][FAILED] - verifyElementPropertyValue(a, "ObjReturn[1].AgencyName", "Uni deli"): Expected element property value 'Uni deli' is not equal with actual property value 'null'

2019-02-18 15:50:02 - [MESSAGE][FAILED] - Expected element property value 'Uni deli' is not equal with actual property value 'null'

2019-02-18 15:50:02 - [TEST_STEP][FAILED] - verifyElementPropertyValue(a, "ObjReturn[1].NumericalOrder", 2): Expected element property value '2' is not equal with actual property value 'null'

2019-02-18 15:50:02 - [MESSAGE][FAILED] - Expected element property value '2' is not equal with actual property value 'null'

2019-02-18 15:50:02 - [TEST_STEP][FAILED] - verifyElementPropertyValue(a, "ObjReturn[2].DeviceId", 24): Expected element property value '24' is not equal with actual property value 'null'

2019-02-18 15:50:02 - [MESSAGE][FAILED] - Expected element property value '24' is not equal with actual property value 'null'

2019-02-18 15:50:02 - [TEST_STEP][FAILED] - verifyElementPropertyValue(a, "ObjReturn[2].AgencyId", 17): Expected element property value '17' is not equal with actual property value 'null'

2019-02-18 15:50:02 - [MESSAGE][FAILED] - Expected element property value '17' is not equal with actual property value 'null'

2019-02-18 15:50:02 - [TEST_STEP][FAILED] - verifyElementPropertyValue(a, "ObjReturn[2].DeviceTypeId", 1): Expected element property value '1' is not equal with actual property value 'null'

2019-02-18 15:50:02 - [MESSAGE][FAILED] - Expected element property value '1' is not equal with actual property value 'null'

2019-02-18 15:50:02 - [TEST_STEP][FAILED] - verifyElementPropertyValue(a, "ObjReturn[2].DeviceName", "Router Toto link J15"): Expected element property value 'Router Toto link J15' is not equal with actual property value 'null'

2019-02-18 15:50:02 - [MESSAGE][FAILED] - Expected element property value 'Router Toto link J15' is not equal with actual property value 'null'

2019-02-18 15:50:02 - [TEST_STEP][FAILED] - verifyElementPropertyValue(a, "ObjReturn[2].DeviceCode", "W996SD2"): Expected element property value 'W996SD2' is not equal with actual property value 'null'

2019-02-18 15:50:02 - [MESSAGE][FAILED] - Expected element property value 'W996SD2' is not equal with actual property value 'null'

2019-02-18 15:50:02 - [TEST_STEP][FAILED] - verifyElementPropertyValue(a, "ObjReturn[2].GuarantyStartDate", "00:00 06/11/2018"): Expected element property value '00:00 06/11/2018' is not equal with actual property value 'null'

2019-02-18 15:50:02 - [MESSAGE][FAILED] - Expected element property value '00:00 06/11/2018' is not equal with actual property value 'null'

2019-02-18 15:50:02 - [TEST_STEP][FAILED] - verifyElementPropertyValue(a, "ObjReturn[2].GuarantyEndDate", "00:00 22/10/2018"): Expected element property value '00:00 22/10/2018' is not equal with actual property value 'null'

2019-02-18 15:50:02 - [MESSAGE][FAILED] - Expected element property value '00:00 22/10/2018' is not equal with actual property value 'null'

2019-02-18 15:50:02 - [TEST_STEP][FAILED] - verifyElementPropertyValue(a, "ObjReturn[2].Ip", "14.2.6.33"): Expected element property value '14.2.6.33' is not equal with actual property value 'null'

2019-02-18 15:50:02 - [MESSAGE][FAILED] - Expected element property value '14.2.6.33' is not equal with actual property value 'null'

2019-02-18 15:50:02 - [TEST_STEP][FAILED] - verifyElementPropertyValue(a, "ObjReturn[2].Port", "82"): Expected element property value '82' is not equal with actual property value 'null'

2019-02-18 15:50:02 - [MESSAGE][FAILED] - Expected element property value '82' is not equal with actual property value 'null'

2019-02-18 15:50:02 - [TEST_STEP][FAILED] - verifyElementPropertyValue(a, "ObjReturn[2].DeviceAccount", "1"): Expected element property value '1' is not equal with actual property value 'null'

2019-02-18 15:50:02 - [MESSAGE][FAILED] - Expected element property value '1' is not equal with actual property value 'null'

2019-02-18 15:50:02 - [TEST_STEP][FAILED] - verifyElementPropertyValue(a, "ObjReturn[2].DevicePassword", "1"): Expected element property value '1' is not equal with actual property value 'null'

2019-02-18 15:50:02 - [MESSAGE][FAILED] - Expected element property value '1' is not equal with actual property value 'null'

2019-02-18 15:50:02 - [TEST_STEP][FAILED] - verifyElementPropertyValue(a, "ObjReturn[2].SettingDate", "00:00 30/10/2018"): Expected element property value '00:00 30/10/2018' is not equal with actual property value 'null'

2019-02-18 15:50:02 - [MESSAGE][FAILED] - Expected element property value '00:00 30/10/2018' is not equal with actual property value 'null'

2019-02-18 15:50:02 - [TEST_STEP][FAILED] - verifyElementPropertyValue(a, "ObjReturn[2].Other", "1"): Expected element property value '1' is not equal with actual property value 'null'

2019-02-18 15:50:02 - [MESSAGE][FAILED] - Expected element property value '1' is not equal with actual property value 'null'

2019-02-18 15:50:02 - [TEST_STEP][FAILED] - verifyElementPropertyValue(a, "ObjReturn[2].CreateDate", "15:20 19/10/2018"): Expected element property value '15:20 19/10/2018' is not equal with actual property value 'null'

2019-02-18 15:50:02 - [MESSAGE][FAILED] - Expected element property value '15:20 19/10/2018' is not equal with actual property value 'null'

2019-02-18 15:50:02 - [TEST_STEP][FAILED] - verifyElementPropertyValue(a, "ObjReturn[2].UpdateDate", "15:20 19/10/2018"): Expected element property value '15:20 19/10/2018' is not equal with actual property value 'null'

2019-02-18 15:50:02 - [MESSAGE][FAILED] - Expected element property value '15:20 19/10/2018' is not equal with actual property value 'null'

2019-02-18 15:50:02 - [TEST_STEP][FAILED] - verifyElementPropertyValue(a, "ObjReturn[2].CompanyName", "Uni space"): Expected element property value 'Uni space' is not equal with actual property value 'null'

2019-02-18 15:50:02 - [MESSAGE][FAILED] - Expected element property value 'Uni space' is not equal with actual property value 'null'

2019-02-18 15:50:02 - [TEST_STEP][FAILED] - verifyElementPropertyValue(a, "ObjReturn[2].AgencyName", "Uni deli"): Expected element property value 'Uni deli' is not equal with actual property value 'null'

2019-02-18 15:50:02 - [MESSAGE][FAILED] - Expected element property value 'Uni deli' is not equal with actual property value 'null'

2019-02-18 15:50:02 - [TEST_STEP][FAILED] - verifyElementPropertyValue(a, "ObjReturn[2].NumericalOrder", 3): Expected element property value '3' is not equal with actual property value 'null'

2019-02-18 15:50:02 - [MESSAGE][FAILED] - Expected element property value '3' is not equal with actual property value 'null'

2019-02-18 15:50:02 - [TEST_STEP][FAILED] - verifyElementPropertyValue(a, "ObjReturn[3].DeviceId", 60): Expected element property value '60' is not equal with actual property value 'null'

2019-02-18 15:50:02 - [MESSAGE][FAILED] - Expected element property value '60' is not equal with actual property value 'null'

2019-02-18 15:50:02 - [TEST_STEP][FAILED] - verifyElementPropertyValue(a, "ObjReturn[3].AgencyId", 17): Expected element property value '17' is not equal with actual property value 'null'

2019-02-18 15:50:02 - [MESSAGE][FAILED] - Expected element property value '17' is not equal with actual property value 'null'

2019-02-18 15:50:02 - [TEST_STEP][FAILED] - verifyElementPropertyValue(a, "ObjReturn[3].DeviceTypeId", 2): Expected element property value '2' is not equal with actual property value 'null'

2019-02-18 15:50:02 - [MESSAGE][FAILED] - Expected element property value '2' is not equal with actual property value 'null'

2019-02-18 15:50:02 - [TEST_STEP][FAILED] - verifyElementPropertyValue(a, "ObjReturn[3].DeviceName", "test"): Expected element property value 'test' is not equal with actual property value 'null'

2019-02-18 15:50:02 - [MESSAGE][FAILED] - Expected element property value 'test' is not equal with actual property value 'null'

2019-02-18 15:50:02 - [TEST_STEP][FAILED] - verifyElementPropertyValue(a, "ObjReturn[3].DeviceCode", "12312"): Expected element property value '12312' is not equal with actual property value 'null'

2019-02-18 15:50:02 - [MESSAGE][FAILED] - Expected element property value '12312' is not equal with actual property value 'null'

2019-02-18 15:50:02 - [TEST_STEP][FAILED] - verifyElementPropertyValue(a, "ObjReturn[3].GuarantyStartDate", "00:00 01/01/2019"): Expected element property value '00:00 01/01/2019' is not equal with actual property value 'null'

2019-02-18 15:50:02 - [MESSAGE][FAILED] - Expected element property value '00:00 01/01/2019' is not equal with actual property value 'null'

2019-02-18 15:50:02 - [TEST_STEP][FAILED] - verifyElementPropertyValue(a, "ObjReturn[3].GuarantyEndDate", "00:00 30/01/2019"): Expected element property value '00:00 30/01/2019' is not equal with actual property value 'null'

2019-02-18 15:50:02 - [MESSAGE][FAILED] - Expected element property value '00:00 30/01/2019' is not equal with actual property value 'null'

2019-02-18 15:50:02 - [TEST_STEP][FAILED] - verifyElementPropertyValue(a, "ObjReturn[3].Ip", "172.16.123.12"): Expected element property value '172.16.123.12' is not equal with actual property value 'null'

2019-02-18 15:50:02 - [MESSAGE][FAILED] - Expected element property value '172.16.123.12' is not equal with actual property value 'null'

2019-02-18 15:50:02 - [TEST_STEP][FAILED] - verifyElementPropertyValue(a, "ObjReturn[3].Port", "13"): Expected element property value '13' is not equal with actual property value 'null'

2019-02-18 15:50:03 - [MESSAGE][FAILED] - Expected element property value '13' is not equal with actual property value 'null'

2019-02-18 15:50:03 - [TEST_STEP][FAILED] - verifyElementPropertyValue(a, "ObjReturn[3].DeviceAccount", "123"): Expected element property value '123' is not equal with actual property value 'null'

2019-02-18 15:50:03 - [MESSAGE][FAILED] - Expected element property value '123' is not equal with actual property value 'null'

2019-02-18 15:50:03 - [TEST_STEP][FAILED] - verifyElementPropertyValue(a, "ObjReturn[3].DevicePassword", "123"): Expected element property value '123' is not equal with actual property value 'null'

2019-02-18 15:50:03 - [MESSAGE][FAILED] - Expected element property value '123' is not equal with actual property value 'null'

2019-02-18 15:50:03 - [TEST_STEP][FAILED] - verifyElementPropertyValue(a, "ObjReturn[3].SettingDate", "00:00 08/01/2019"): Expected element property value '00:00 08/01/2019' is not equal with actual property value 'null'

2019-02-18 15:50:03 - [MESSAGE][FAILED] - Expected element property value '00:00 08/01/2019' is not equal with actual property value 'null'

2019-02-18 15:50:03 - [TEST_STEP][FAILED] - verifyElementPropertyValue(a, "ObjReturn[3].Other", "wdsdqsd"): Expected element property value 'wdsdqsd' is not equal with actual property value 'null'

2019-02-18 15:50:03 - [MESSAGE][FAILED] - Expected element property value 'wdsdqsd' is not equal with actual property value 'null'

2019-02-18 15:50:03 - [TEST_STEP][FAILED] - verifyElementPropertyValue(a, "ObjReturn[3].CreateDate", "16:23 16/01/2019"): Expected element property value '16:23 16/01/2019' is not equal with actual property value 'null'

2019-02-18 15:50:03 - [MESSAGE][FAILED] - Expected element property value '16:23 16/01/2019' is not equal with actual property value 'null'

2019-02-18 15:50:03 - [TEST_STEP][PASSED] - verifyElementPropertyValue(a, "ObjReturn[3].UpdateDate", null): Verify element property value successfully

2019-02-18 15:50:03 - [MESSAGE][PASSED] - Verify element property value successfully

2019-02-18 15:50:03 - [TEST_STEP][FAILED] - verifyElementPropertyValue(a, "ObjReturn[3].CompanyName", "Uni space"): Expected element property value 'Uni space' is not equal with actual property value 'null'

2019-02-18 15:50:03 - [MESSAGE][FAILED] - Expected element property value 'Uni space' is not equal with actual property value 'null'

2019-02-18 15:50:03 - [TEST_STEP][FAILED] - verifyElementPropertyValue(a, "ObjReturn[3].AgencyName", "Uni deli"): Expected element property value 'Uni deli' is not equal with actual property value 'null'

2019-02-18 15:50:03 - [MESSAGE][FAILED] - Expected element property value 'Uni deli' is not equal with actual property value 'null'

2019-02-18 15:50:03 - [TEST_STEP][FAILED] - verifyElementPropertyValue(a, "ObjReturn[3].NumericalOrder", 4): Expected element property value '4' is not equal with actual property value 'null'

2019-02-18 15:50:03 - [MESSAGE][FAILED] - Expected element property value '4' is not equal with actual property value 'null'

2019-02-18 15:50:03 - [TEST_STEP][FAILED] - verifyElementPropertyValue(a, "ObjReturn[4].DeviceId", 63): Expected element property value '63' is not equal with actual property value 'null'

2019-02-18 15:50:03 - [MESSAGE][FAILED] - Expected element property value '63' is not equal with actual property value 'null'

2019-02-18 15:50:03 - [TEST_STEP][FAILED] - verifyElementPropertyValue(a, "ObjReturn[4].AgencyId", 17): Expected element property value '17' is not equal with actual property value 'null'

2019-02-18 15:50:03 - [MESSAGE][FAILED] - Expected element property value '17' is not equal with actual property value 'null'

2019-02-18 15:50:03 - [TEST_STEP][FAILED] - verifyElementPropertyValue(a, "ObjReturn[4].DeviceTypeId", 1): Expected element property value '1' is not equal with actual property value 'null'

2019-02-18 15:50:03 - [MESSAGE][FAILED] - Expected element property value '1' is not equal with actual property value 'null'

2019-02-18 15:50:03 - [TEST_STEP][FAILED] - verifyElementPropertyValue(a, "ObjReturn[4].DeviceName", "test2"): Expected element property value 'test2' is not equal with actual property value 'null'

2019-02-18 15:50:03 - [MESSAGE][FAILED] - Expected element property value 'test2' is not equal with actual property value 'null'

2019-02-18 15:50:03 - [TEST_STEP][FAILED] - verifyElementPropertyValue(a, "ObjReturn[4].DeviceCode", "123124"): Expected element property value '123124' is not equal with actual property value 'null'

2019-02-18 15:50:03 - [MESSAGE][FAILED] - Expected element property value '123124' is not equal with actual property value 'null'

2019-02-18 15:50:03 - [TEST_STEP][FAILED] - verifyElementPropertyValue(a, "ObjReturn[4].GuarantyStartDate", "00:00 01/01/2019"): Expected element property value '00:00 01/01/2019' is not equal with actual property value 'null'

2019-02-18 15:50:03 - [MESSAGE][FAILED] - Expected element property value '00:00 01/01/2019' is not equal with actual property value 'null'

2019-02-18 15:50:03 - [TEST_STEP][FAILED] - verifyElementPropertyValue(a, "ObjReturn[4].GuarantyEndDate", "00:00 09/02/2019"): Expected element property value '00:00 09/02/2019' is not equal with actual property value 'null'

2019-02-18 15:50:03 - [MESSAGE][FAILED] - Expected element property value '00:00 09/02/2019' is not equal with actual property value 'null'

2019-02-18 15:50:03 - [TEST_STEP][FAILED] - verifyElementPropertyValue(a, "ObjReturn[4].Ip", "192.123.23.12"): Expected element property value '192.123.23.12' is not equal with actual property value 'null'

2019-02-18 15:50:03 - [MESSAGE][FAILED] - Expected element property value '192.123.23.12' is not equal with actual property value 'null'

2019-02-18 15:50:03 - [TEST_STEP][FAILED] - verifyElementPropertyValue(a, "ObjReturn[4].Port", "80"): Expected element property value '80' is not equal with actual property value 'null'

2019-02-18 15:50:03 - [MESSAGE][FAILED] - Expected element property value '80' is not equal with actual property value 'null'

2019-02-18 15:50:03 - [TEST_STEP][FAILED] - verifyElementPropertyValue(a, "ObjReturn[4].DeviceAccount", "123"): Expected element property value '123' is not equal with actual property value 'null'

2019-02-18 15:50:03 - [MESSAGE][FAILED] - Expected element property value '123' is not equal with actual property value 'null'

2019-02-18 15:50:03 - [TEST_STEP][FAILED] - verifyElementPropertyValue(a, "ObjReturn[4].DevicePassword", "123"): Expected element property value '123' is not equal with actual property value 'null'

2019-02-18 15:50:03 - [MESSAGE][FAILED] - Expected element property value '123' is not equal with actual property value 'null'

2019-02-18 15:50:03 - [TEST_STEP][FAILED] - verifyElementPropertyValue(a, "ObjReturn[4].SettingDate", "00:00 11/01/2019"): Expected element property value '00:00 11/01/2019' is not equal with actual property value 'null'

2019-02-18 15:50:03 - [MESSAGE][FAILED] - Expected element property value '00:00 11/01/2019' is not equal with actual property value 'null'

2019-02-18 15:50:03 - [TEST_STEP][FAILED] - verifyElementPropertyValue(a, "ObjReturn[4].Other", "wdsdqsd"): Expected element property value 'wdsdqsd' is not equal with actual property value 'null'

2019-02-18 15:50:03 - [MESSAGE][FAILED] - Expected element property value 'wdsdqsd' is not equal with actual property value 'null'

2019-02-18 15:50:03 - [TEST_STEP][FAILED] - verifyElementPropertyValue(a, "ObjReturn[4].CreateDate", "14:18 17/01/2019"): Expected element property value '14:18 17/01/2019' is not equal with actual property value 'null'

2019-02-18 15:50:03 - [MESSAGE][FAILED] - Expected element property value '14:18 17/01/2019' is not equal with actual property value 'null'

2019-02-18 15:50:03 - [TEST_STEP][PASSED] - verifyElementPropertyValue(a, "ObjReturn[4].UpdateDate", null): Verify element property value successfully

2019-02-18 15:50:03 - [MESSAGE][PASSED] - Verify element property value successfully

2019-02-18 15:50:03 - [TEST_STEP][FAILED] - verifyElementPropertyValue(a, "ObjReturn[4].CompanyName", "Uni space"): Expected element property value 'Uni space' is not equal with actual property value 'null'

2019-02-18 15:50:03 - [MESSAGE][FAILED] - Expected element property value 'Uni space' is not equal with actual property value 'null'

2019-02-18 15:50:03 - [TEST_STEP][FAILED] - verifyElementPropertyValue(a, "ObjReturn[4].AgencyName", "Uni deli"): Expected element property value 'Uni deli' is not equal with actual property value 'null'

2019-02-18 15:50:03 - [MESSAGE][FAILED] - Expected element property value 'Uni deli' is not equal with actual property value 'null'

2019-02-18 15:50:03 - [TEST_STEP][FAILED] - verifyElementPropertyValue(a, "ObjReturn[4].NumericalOrder", 5): verifyElementPropertyValue(a, "ObjReturn[4].NumericalOrder", 5) FAILED.
Reason:
com.kms.katalon.core.exception.StepFailedException: Unable to verify element property value (Root cause: Variable 'IsError' is not defined for test case.)
	at com.kms.katalon.core.keyword.internal.KeywordMain.stepFailed(KeywordMain.groovy:32)
	at com.kms.katalon.core.keyword.internal.KeywordMain.stepFailed(KeywordMain.groovy)
	at com.kms.katalon.core.keyword.internal.KeywordMain.runKeyword(KeywordMain.groovy:56)
	at com.kms.katalon.core.webservice.keyword.builtin.VerifyElementPropertyValueKeyword.verifyElementPropertyValue(VerifyElementPropertyValueKeyword.groovy:48)
	at com.kms.katalon.core.webservice.keyword.builtin.VerifyElementPropertyValueKeyword.execute(VerifyElementPropertyValueKeyword.groovy:43)
	at com.kms.katalon.core.keyword.internal.KeywordExecutor.executeKeywordForPlatform(KeywordExecutor.groovy:53)
	at com.kms.katalon.core.webservice.keyword.WSBuiltInKeywords.verifyElementPropertyValue(WSBuiltInKeywords.groovy:123)
	at com.kms.katalon.core.webservice.keyword.WSBuiltInKeywords$verifyElementPropertyValue$1.call(Unknown Source)
	at 32ViewAllDevice1.run(32ViewAllDevice1:20)
	at com.kms.katalon.core.main.ScriptEngine.run(ScriptEngine.java:194)
	at com.kms.katalon.core.main.ScriptEngine.runScriptAsRawText(ScriptEngine.java:119)
	at com.kms.katalon.core.main.TestCaseExecutor.runScript(TestCaseExecutor.java:328)
	at com.kms.katalon.core.main.TestCaseExecutor.doExecute(TestCaseExecutor.java:319)
	at com.kms.katalon.core.main.TestCaseExecutor.processExecutionPhase(TestCaseExecutor.java:298)
	at com.kms.katalon.core.main.TestCaseExecutor.accessMainPhase(TestCaseExecutor.java:290)
	at com.kms.katalon.core.main.TestCaseExecutor.execute(TestCaseExecutor.java:224)
	at com.kms.katalon.core.main.TestSuiteExecutor.accessTestCaseMainPhase(TestSuiteExecutor.java:129)
	at com.kms.katalon.core.main.TestSuiteExecutor.accessTestSuiteMainPhase(TestSuiteExecutor.java:112)
	at com.kms.katalon.core.main.TestSuiteExecutor.execute(TestSuiteExecutor.java:81)
	at com.kms.katalon.core.main.TestCaseMain.startTestSuite(TestCaseMain.java:149)
	at com.kms.katalon.core.main.TestCaseMain$startTestSuite$0.call(Unknown Source)
	at TempTestSuite1550479786763.run(TempTestSuite1550479786763.groovy:36)


2019-02-18 15:50:03 - [MESSAGE][FAILED] - Expected element property value '5' is not equal with actual property value 'null'

2019-02-18 15:50:03 - [MESSAGE][FAILED] - verifyElementPropertyValue(a, "ObjReturn[4].NumericalOrder", 5) FAILED.
Reason:
com.kms.katalon.core.exception.StepFailedException: Unable to verify element property value (Root cause: Variable 'IsError' is not defined for test case.)
	at com.kms.katalon.core.keyword.internal.KeywordMain.stepFailed(KeywordMain.groovy:32)
	at com.kms.katalon.core.keyword.internal.KeywordMain.stepFailed(KeywordMain.groovy)
	at com.kms.katalon.core.keyword.internal.KeywordMain.runKeyword(KeywordMain.groovy:56)
	at com.kms.katalon.core.webservice.keyword.builtin.VerifyElementPropertyValueKeyword.verifyElementPropertyValue(VerifyElementPropertyValueKeyword.groovy:48)
	at com.kms.katalon.core.webservice.keyword.builtin.VerifyElementPropertyValueKeyword.execute(VerifyElementPropertyValueKeyword.groovy:43)
	at com.kms.katalon.core.keyword.internal.KeywordExecutor.executeKeywordForPlatform(KeywordExecutor.groovy:53)
	at com.kms.katalon.core.webservice.keyword.WSBuiltInKeywords.verifyElementPropertyValue(WSBuiltInKeywords.groovy:123)
	at com.kms.katalon.core.webservice.keyword.WSBuiltInKeywords$verifyElementPropertyValue$1.call(Unknown Source)
	at 32ViewAllDevice1.run(32ViewAllDevice1:20)
	at com.kms.katalon.core.main.ScriptEngine.run(ScriptEngine.java:194)
	at com.kms.katalon.core.main.ScriptEngine.runScriptAsRawText(ScriptEngine.java:119)
	at com.kms.katalon.core.main.TestCaseExecutor.runScript(TestCaseExecutor.java:328)
	at com.kms.katalon.core.main.TestCaseExecutor.doExecute(TestCaseExecutor.java:319)
	at com.kms.katalon.core.main.TestCaseExecutor.processExecutionPhase(TestCaseExecutor.java:298)
	at com.kms.katalon.core.main.TestCaseExecutor.accessMainPhase(TestCaseExecutor.java:290)
	at com.kms.katalon.core.main.TestCaseExecutor.execute(TestCaseExecutor.java:224)
	at com.kms.katalon.core.main.TestSuiteExecutor.accessTestCaseMainPhase(TestSuiteExecutor.java:129)
	at com.kms.katalon.core.main.TestSuiteExecutor.accessTestSuiteMainPhase(TestSuiteExecutor.java:112)
	at com.kms.katalon.core.main.TestSuiteExecutor.execute(TestSuiteExecutor.java:81)
	at com.kms.katalon.core.main.TestCaseMain.startTestSuite(TestCaseMain.java:149)
	at com.kms.katalon.core.main.TestCaseMain$startTestSuite$0.call(Unknown Source)
	at TempTestSuite1550479786763.run(TempTestSuite1550479786763.groovy:36)]]></system-out>
         <system-err><![CDATA[2019-02-18 15:50:00 - [TEST_CASE][FAILED] - Test Cases/Agency/32ViewAllDevice1: Test Cases/Agency/32ViewAllDevice1 FAILED.
Reason:
com.kms.katalon.core.exception.StepFailedException: Unable to verify element property value (Root cause: Variable 'IsError' is not defined for test case.)
	at com.kms.katalon.core.keyword.internal.KeywordMain.stepFailed(KeywordMain.groovy:32)
	at com.kms.katalon.core.keyword.internal.KeywordMain.stepFailed(KeywordMain.groovy)
	at com.kms.katalon.core.keyword.internal.KeywordMain.runKeyword(KeywordMain.groovy:56)
	at com.kms.katalon.core.webservice.keyword.builtin.VerifyElementPropertyValueKeyword.verifyElementPropertyValue(VerifyElementPropertyValueKeyword.groovy:48)
	at com.kms.katalon.core.webservice.keyword.builtin.VerifyElementPropertyValueKeyword.execute(VerifyElementPropertyValueKeyword.groovy:43)
	at com.kms.katalon.core.keyword.internal.KeywordExecutor.executeKeywordForPlatform(KeywordExecutor.groovy:53)
	at com.kms.katalon.core.webservice.keyword.WSBuiltInKeywords.verifyElementPropertyValue(WSBuiltInKeywords.groovy:123)
	at com.kms.katalon.core.webservice.keyword.WSBuiltInKeywords$verifyElementPropertyValue$1.call(Unknown Source)
	at 32ViewAllDevice1.run(32ViewAllDevice1:20)
	at com.kms.katalon.core.main.ScriptEngine.run(ScriptEngine.java:194)
	at com.kms.katalon.core.main.ScriptEngine.runScriptAsRawText(ScriptEngine.java:119)
	at com.kms.katalon.core.main.TestCaseExecutor.runScript(TestCaseExecutor.java:328)
	at com.kms.katalon.core.main.TestCaseExecutor.doExecute(TestCaseExecutor.java:319)
	at com.kms.katalon.core.main.TestCaseExecutor.processExecutionPhase(TestCaseExecutor.java:298)
	at com.kms.katalon.core.main.TestCaseExecutor.accessMainPhase(TestCaseExecutor.java:290)
	at com.kms.katalon.core.main.TestCaseExecutor.execute(TestCaseExecutor.java:224)
	at com.kms.katalon.core.main.TestSuiteExecutor.accessTestCaseMainPhase(TestSuiteExecutor.java:129)
	at com.kms.katalon.core.main.TestSuiteExecutor.accessTestSuiteMainPhase(TestSuiteExecutor.java:112)
	at com.kms.katalon.core.main.TestSuiteExecutor.execute(TestSuiteExecutor.java:81)
	at com.kms.katalon.core.main.TestCaseMain.startTestSuite(TestCaseMain.java:149)
	at com.kms.katalon.core.main.TestCaseMain$startTestSuite$0.call(Unknown Source)
	at TempTestSuite1550479786763.run(TempTestSuite1550479786763.groovy:36)]]></system-err>
      </testcase>
      <testcase name="Test Cases/Agency/33CreateRequest" classname="Test Cases/Agency/33CreateRequest" status="ERROR">
         <error type="ERROR" message="Test Cases/Agency/33CreateRequest FAILED.
Reason:
groovy.lang.MissingPropertyException: No such property: a for class: Script1550473257164
	at 33CreateRequest.run(33CreateRequest:18)
	at com.kms.katalon.core.main.ScriptEngine.run(ScriptEngine.java:194)
	at com.kms.katalon.core.main.ScriptEngine.runScriptAsRawText(ScriptEngine.java:119)
	at com.kms.katalon.core.main.TestCaseExecutor.runScript(TestCaseExecutor.java:328)
	at com.kms.katalon.core.main.TestCaseExecutor.doExecute(TestCaseExecutor.java:319)
	at com.kms.katalon.core.main.TestCaseExecutor.processExecutionPhase(TestCaseExecutor.java:298)
	at com.kms.katalon.core.main.TestCaseExecutor.accessMainPhase(TestCaseExecutor.java:290)
	at com.kms.katalon.core.main.TestCaseExecutor.execute(TestCaseExecutor.java:224)
	at com.kms.katalon.core.main.TestSuiteExecutor.accessTestCaseMainPhase(TestSuiteExecutor.java:129)
	at com.kms.katalon.core.main.TestSuiteExecutor.accessTestSuiteMainPhase(TestSuiteExecutor.java:112)
	at com.kms.katalon.core.main.TestSuiteExecutor.execute(TestSuiteExecutor.java:81)
	at com.kms.katalon.core.main.TestCaseMain.startTestSuite(TestCaseMain.java:149)
	at com.kms.katalon.core.main.TestCaseMain$startTestSuite$0.call(Unknown Source)
	at TempTestSuite1550479786763.run(TempTestSuite1550479786763.groovy:36)
"/>
         <system-out><![CDATA[2019-02-18 15:50:03 - [TEST_CASE][ERROR] - Test Cases/Agency/33CreateRequest: Test Cases/Agency/33CreateRequest FAILED.
Reason:
groovy.lang.MissingPropertyException: No such property: a for class: Script1550473257164
	at 33CreateRequest.run(33CreateRequest:18)
	at com.kms.katalon.core.main.ScriptEngine.run(ScriptEngine.java:194)
	at com.kms.katalon.core.main.ScriptEngine.runScriptAsRawText(ScriptEngine.java:119)
	at com.kms.katalon.core.main.TestCaseExecutor.runScript(TestCaseExecutor.java:328)
	at com.kms.katalon.core.main.TestCaseExecutor.doExecute(TestCaseExecutor.java:319)
	at com.kms.katalon.core.main.TestCaseExecutor.processExecutionPhase(TestCaseExecutor.java:298)
	at com.kms.katalon.core.main.TestCaseExecutor.accessMainPhase(TestCaseExecutor.java:290)
	at com.kms.katalon.core.main.TestCaseExecutor.execute(TestCaseExecutor.java:224)
	at com.kms.katalon.core.main.TestSuiteExecutor.accessTestCaseMainPhase(TestSuiteExecutor.java:129)
	at com.kms.katalon.core.main.TestSuiteExecutor.accessTestSuiteMainPhase(TestSuiteExecutor.java:112)
	at com.kms.katalon.core.main.TestSuiteExecutor.execute(TestSuiteExecutor.java:81)
	at com.kms.katalon.core.main.TestCaseMain.startTestSuite(TestCaseMain.java:149)
	at com.kms.katalon.core.main.TestCaseMain$startTestSuite$0.call(Unknown Source)
	at TempTestSuite1550479786763.run(TempTestSuite1550479786763.groovy:36)


2019-02-18 15:50:04 - [TEST_STEP][PASSED] - sendRequest(findTestObject("Agency/33CreateRequest")): Send request successfully

2019-02-18 15:50:04 - [MESSAGE][PASSED] - Send request successfully

2019-02-18 15:50:04 - [TEST_STEP][ERROR] - verifyResponseStatusCode(a, 200): verifyResponseStatusCode(a, 200) FAILED.
Reason:
groovy.lang.MissingPropertyException: No such property: a for class: Script1550473257164
	at 33CreateRequest.run(33CreateRequest:18)
	at com.kms.katalon.core.main.ScriptEngine.run(ScriptEngine.java:194)
	at com.kms.katalon.core.main.ScriptEngine.runScriptAsRawText(ScriptEngine.java:119)
	at com.kms.katalon.core.main.TestCaseExecutor.runScript(TestCaseExecutor.java:328)
	at com.kms.katalon.core.main.TestCaseExecutor.doExecute(TestCaseExecutor.java:319)
	at com.kms.katalon.core.main.TestCaseExecutor.processExecutionPhase(TestCaseExecutor.java:298)
	at com.kms.katalon.core.main.TestCaseExecutor.accessMainPhase(TestCaseExecutor.java:290)
	at com.kms.katalon.core.main.TestCaseExecutor.execute(TestCaseExecutor.java:224)
	at com.kms.katalon.core.main.TestSuiteExecutor.accessTestCaseMainPhase(TestSuiteExecutor.java:129)
	at com.kms.katalon.core.main.TestSuiteExecutor.accessTestSuiteMainPhase(TestSuiteExecutor.java:112)
	at com.kms.katalon.core.main.TestSuiteExecutor.execute(TestSuiteExecutor.java:81)
	at com.kms.katalon.core.main.TestCaseMain.startTestSuite(TestCaseMain.java:149)
	at com.kms.katalon.core.main.TestCaseMain$startTestSuite$0.call(Unknown Source)
	at TempTestSuite1550479786763.run(TempTestSuite1550479786763.groovy:36)


2019-02-18 15:50:04 - [MESSAGE][ERROR] - verifyResponseStatusCode(a, 200) FAILED.
Reason:
groovy.lang.MissingPropertyException: No such property: a for class: Script1550473257164
	at 33CreateRequest.run(33CreateRequest:18)
	at com.kms.katalon.core.main.ScriptEngine.run(ScriptEngine.java:194)
	at com.kms.katalon.core.main.ScriptEngine.runScriptAsRawText(ScriptEngine.java:119)
	at com.kms.katalon.core.main.TestCaseExecutor.runScript(TestCaseExecutor.java:328)
	at com.kms.katalon.core.main.TestCaseExecutor.doExecute(TestCaseExecutor.java:319)
	at com.kms.katalon.core.main.TestCaseExecutor.processExecutionPhase(TestCaseExecutor.java:298)
	at com.kms.katalon.core.main.TestCaseExecutor.accessMainPhase(TestCaseExecutor.java:290)
	at com.kms.katalon.core.main.TestCaseExecutor.execute(TestCaseExecutor.java:224)
	at com.kms.katalon.core.main.TestSuiteExecutor.accessTestCaseMainPhase(TestSuiteExecutor.java:129)
	at com.kms.katalon.core.main.TestSuiteExecutor.accessTestSuiteMainPhase(TestSuiteExecutor.java:112)
	at com.kms.katalon.core.main.TestSuiteExecutor.execute(TestSuiteExecutor.java:81)
	at com.kms.katalon.core.main.TestCaseMain.startTestSuite(TestCaseMain.java:149)
	at com.kms.katalon.core.main.TestCaseMain$startTestSuite$0.call(Unknown Source)
	at TempTestSuite1550479786763.run(TempTestSuite1550479786763.groovy:36)]]></system-out>
         <system-err><![CDATA[2019-02-18 15:50:03 - [TEST_CASE][ERROR] - Test Cases/Agency/33CreateRequest: Test Cases/Agency/33CreateRequest FAILED.
Reason:
groovy.lang.MissingPropertyException: No such property: a for class: Script1550473257164
	at 33CreateRequest.run(33CreateRequest:18)
	at com.kms.katalon.core.main.ScriptEngine.run(ScriptEngine.java:194)
	at com.kms.katalon.core.main.ScriptEngine.runScriptAsRawText(ScriptEngine.java:119)
	at com.kms.katalon.core.main.TestCaseExecutor.runScript(TestCaseExecutor.java:328)
	at com.kms.katalon.core.main.TestCaseExecutor.doExecute(TestCaseExecutor.java:319)
	at com.kms.katalon.core.main.TestCaseExecutor.processExecutionPhase(TestCaseExecutor.java:298)
	at com.kms.katalon.core.main.TestCaseExecutor.accessMainPhase(TestCaseExecutor.java:290)
	at com.kms.katalon.core.main.TestCaseExecutor.execute(TestCaseExecutor.java:224)
	at com.kms.katalon.core.main.TestSuiteExecutor.accessTestCaseMainPhase(TestSuiteExecutor.java:129)
	at com.kms.katalon.core.main.TestSuiteExecutor.accessTestSuiteMainPhase(TestSuiteExecutor.java:112)
	at com.kms.katalon.core.main.TestSuiteExecutor.execute(TestSuiteExecutor.java:81)
	at com.kms.katalon.core.main.TestCaseMain.startTestSuite(TestCaseMain.java:149)
	at com.kms.katalon.core.main.TestCaseMain$startTestSuite$0.call(Unknown Source)
	at TempTestSuite1550479786763.run(TempTestSuite1550479786763.groovy:36)]]></system-err>
      </testcase>
      <testcase name="Test Cases/Agency/34CreateDevice" classname="Test Cases/Agency/34CreateDevice" status="ERROR">
         <error type="ERROR" message="Test Cases/Agency/34CreateDevice FAILED.
Reason:
groovy.lang.MissingPropertyException: No such property: a for class: Script1550473299338
	at 34CreateDevice.run(34CreateDevice:18)
	at com.kms.katalon.core.main.ScriptEngine.run(ScriptEngine.java:194)
	at com.kms.katalon.core.main.ScriptEngine.runScriptAsRawText(ScriptEngine.java:119)
	at com.kms.katalon.core.main.TestCaseExecutor.runScript(TestCaseExecutor.java:328)
	at com.kms.katalon.core.main.TestCaseExecutor.doExecute(TestCaseExecutor.java:319)
	at com.kms.katalon.core.main.TestCaseExecutor.processExecutionPhase(TestCaseExecutor.java:298)
	at com.kms.katalon.core.main.TestCaseExecutor.accessMainPhase(TestCaseExecutor.java:290)
	at com.kms.katalon.core.main.TestCaseExecutor.execute(TestCaseExecutor.java:224)
	at com.kms.katalon.core.main.TestSuiteExecutor.accessTestCaseMainPhase(TestSuiteExecutor.java:129)
	at com.kms.katalon.core.main.TestSuiteExecutor.accessTestSuiteMainPhase(TestSuiteExecutor.java:112)
	at com.kms.katalon.core.main.TestSuiteExecutor.execute(TestSuiteExecutor.java:81)
	at com.kms.katalon.core.main.TestCaseMain.startTestSuite(TestCaseMain.java:149)
	at com.kms.katalon.core.main.TestCaseMain$startTestSuite$0.call(Unknown Source)
	at TempTestSuite1550479786763.run(TempTestSuite1550479786763.groovy:36)
"/>
         <system-out><![CDATA[2019-02-18 15:50:04 - [TEST_CASE][ERROR] - Test Cases/Agency/34CreateDevice: Test Cases/Agency/34CreateDevice FAILED.
Reason:
groovy.lang.MissingPropertyException: No such property: a for class: Script1550473299338
	at 34CreateDevice.run(34CreateDevice:18)
	at com.kms.katalon.core.main.ScriptEngine.run(ScriptEngine.java:194)
	at com.kms.katalon.core.main.ScriptEngine.runScriptAsRawText(ScriptEngine.java:119)
	at com.kms.katalon.core.main.TestCaseExecutor.runScript(TestCaseExecutor.java:328)
	at com.kms.katalon.core.main.TestCaseExecutor.doExecute(TestCaseExecutor.java:319)
	at com.kms.katalon.core.main.TestCaseExecutor.processExecutionPhase(TestCaseExecutor.java:298)
	at com.kms.katalon.core.main.TestCaseExecutor.accessMainPhase(TestCaseExecutor.java:290)
	at com.kms.katalon.core.main.TestCaseExecutor.execute(TestCaseExecutor.java:224)
	at com.kms.katalon.core.main.TestSuiteExecutor.accessTestCaseMainPhase(TestSuiteExecutor.java:129)
	at com.kms.katalon.core.main.TestSuiteExecutor.accessTestSuiteMainPhase(TestSuiteExecutor.java:112)
	at com.kms.katalon.core.main.TestSuiteExecutor.execute(TestSuiteExecutor.java:81)
	at com.kms.katalon.core.main.TestCaseMain.startTestSuite(TestCaseMain.java:149)
	at com.kms.katalon.core.main.TestCaseMain$startTestSuite$0.call(Unknown Source)
	at TempTestSuite1550479786763.run(TempTestSuite1550479786763.groovy:36)


2019-02-18 15:50:04 - [TEST_STEP][PASSED] - sendRequest(findTestObject("Agency/34CreateDevice")): Send request successfully

2019-02-18 15:50:05 - [MESSAGE][PASSED] - Send request successfully

2019-02-18 15:50:05 - [TEST_STEP][ERROR] - verifyResponseStatusCode(a, 200): verifyResponseStatusCode(a, 200) FAILED.
Reason:
groovy.lang.MissingPropertyException: No such property: a for class: Script1550473299338
	at 34CreateDevice.run(34CreateDevice:18)
	at com.kms.katalon.core.main.ScriptEngine.run(ScriptEngine.java:194)
	at com.kms.katalon.core.main.ScriptEngine.runScriptAsRawText(ScriptEngine.java:119)
	at com.kms.katalon.core.main.TestCaseExecutor.runScript(TestCaseExecutor.java:328)
	at com.kms.katalon.core.main.TestCaseExecutor.doExecute(TestCaseExecutor.java:319)
	at com.kms.katalon.core.main.TestCaseExecutor.processExecutionPhase(TestCaseExecutor.java:298)
	at com.kms.katalon.core.main.TestCaseExecutor.accessMainPhase(TestCaseExecutor.java:290)
	at com.kms.katalon.core.main.TestCaseExecutor.execute(TestCaseExecutor.java:224)
	at com.kms.katalon.core.main.TestSuiteExecutor.accessTestCaseMainPhase(TestSuiteExecutor.java:129)
	at com.kms.katalon.core.main.TestSuiteExecutor.accessTestSuiteMainPhase(TestSuiteExecutor.java:112)
	at com.kms.katalon.core.main.TestSuiteExecutor.execute(TestSuiteExecutor.java:81)
	at com.kms.katalon.core.main.TestCaseMain.startTestSuite(TestCaseMain.java:149)
	at com.kms.katalon.core.main.TestCaseMain$startTestSuite$0.call(Unknown Source)
	at TempTestSuite1550479786763.run(TempTestSuite1550479786763.groovy:36)


2019-02-18 15:50:05 - [MESSAGE][ERROR] - verifyResponseStatusCode(a, 200) FAILED.
Reason:
groovy.lang.MissingPropertyException: No such property: a for class: Script1550473299338
	at 34CreateDevice.run(34CreateDevice:18)
	at com.kms.katalon.core.main.ScriptEngine.run(ScriptEngine.java:194)
	at com.kms.katalon.core.main.ScriptEngine.runScriptAsRawText(ScriptEngine.java:119)
	at com.kms.katalon.core.main.TestCaseExecutor.runScript(TestCaseExecutor.java:328)
	at com.kms.katalon.core.main.TestCaseExecutor.doExecute(TestCaseExecutor.java:319)
	at com.kms.katalon.core.main.TestCaseExecutor.processExecutionPhase(TestCaseExecutor.java:298)
	at com.kms.katalon.core.main.TestCaseExecutor.accessMainPhase(TestCaseExecutor.java:290)
	at com.kms.katalon.core.main.TestCaseExecutor.execute(TestCaseExecutor.java:224)
	at com.kms.katalon.core.main.TestSuiteExecutor.accessTestCaseMainPhase(TestSuiteExecutor.java:129)
	at com.kms.katalon.core.main.TestSuiteExecutor.accessTestSuiteMainPhase(TestSuiteExecutor.java:112)
	at com.kms.katalon.core.main.TestSuiteExecutor.execute(TestSuiteExecutor.java:81)
	at com.kms.katalon.core.main.TestCaseMain.startTestSuite(TestCaseMain.java:149)
	at com.kms.katalon.core.main.TestCaseMain$startTestSuite$0.call(Unknown Source)
	at TempTestSuite1550479786763.run(TempTestSuite1550479786763.groovy:36)]]></system-out>
         <system-err><![CDATA[2019-02-18 15:50:04 - [TEST_CASE][ERROR] - Test Cases/Agency/34CreateDevice: Test Cases/Agency/34CreateDevice FAILED.
Reason:
groovy.lang.MissingPropertyException: No such property: a for class: Script1550473299338
	at 34CreateDevice.run(34CreateDevice:18)
	at com.kms.katalon.core.main.ScriptEngine.run(ScriptEngine.java:194)
	at com.kms.katalon.core.main.ScriptEngine.runScriptAsRawText(ScriptEngine.java:119)
	at com.kms.katalon.core.main.TestCaseExecutor.runScript(TestCaseExecutor.java:328)
	at com.kms.katalon.core.main.TestCaseExecutor.doExecute(TestCaseExecutor.java:319)
	at com.kms.katalon.core.main.TestCaseExecutor.processExecutionPhase(TestCaseExecutor.java:298)
	at com.kms.katalon.core.main.TestCaseExecutor.accessMainPhase(TestCaseExecutor.java:290)
	at com.kms.katalon.core.main.TestCaseExecutor.execute(TestCaseExecutor.java:224)
	at com.kms.katalon.core.main.TestSuiteExecutor.accessTestCaseMainPhase(TestSuiteExecutor.java:129)
	at com.kms.katalon.core.main.TestSuiteExecutor.accessTestSuiteMainPhase(TestSuiteExecutor.java:112)
	at com.kms.katalon.core.main.TestSuiteExecutor.execute(TestSuiteExecutor.java:81)
	at com.kms.katalon.core.main.TestCaseMain.startTestSuite(TestCaseMain.java:149)
	at com.kms.katalon.core.main.TestCaseMain$startTestSuite$0.call(Unknown Source)
	at TempTestSuite1550479786763.run(TempTestSuite1550479786763.groovy:36)]]></system-err>
      </testcase>
      <testcase name="Test Cases/Agency/35UpdateDevice" classname="Test Cases/Agency/35UpdateDevice" status="ERROR">
         <error type="ERROR" message="Test Cases/Agency/35UpdateDevice FAILED.
Reason:
groovy.lang.MissingPropertyException: No such property: a for class: Script1550473329887
	at 35UpdateDevice.run(35UpdateDevice:18)
	at com.kms.katalon.core.main.ScriptEngine.run(ScriptEngine.java:194)
	at com.kms.katalon.core.main.ScriptEngine.runScriptAsRawText(ScriptEngine.java:119)
	at com.kms.katalon.core.main.TestCaseExecutor.runScript(TestCaseExecutor.java:328)
	at com.kms.katalon.core.main.TestCaseExecutor.doExecute(TestCaseExecutor.java:319)
	at com.kms.katalon.core.main.TestCaseExecutor.processExecutionPhase(TestCaseExecutor.java:298)
	at com.kms.katalon.core.main.TestCaseExecutor.accessMainPhase(TestCaseExecutor.java:290)
	at com.kms.katalon.core.main.TestCaseExecutor.execute(TestCaseExecutor.java:224)
	at com.kms.katalon.core.main.TestSuiteExecutor.accessTestCaseMainPhase(TestSuiteExecutor.java:129)
	at com.kms.katalon.core.main.TestSuiteExecutor.accessTestSuiteMainPhase(TestSuiteExecutor.java:112)
	at com.kms.katalon.core.main.TestSuiteExecutor.execute(TestSuiteExecutor.java:81)
	at com.kms.katalon.core.main.TestCaseMain.startTestSuite(TestCaseMain.java:149)
	at com.kms.katalon.core.main.TestCaseMain$startTestSuite$0.call(Unknown Source)
	at TempTestSuite1550479786763.run(TempTestSuite1550479786763.groovy:36)
"/>
         <system-out><![CDATA[2019-02-18 15:50:05 - [TEST_CASE][ERROR] - Test Cases/Agency/35UpdateDevice: Test Cases/Agency/35UpdateDevice FAILED.
Reason:
groovy.lang.MissingPropertyException: No such property: a for class: Script1550473329887
	at 35UpdateDevice.run(35UpdateDevice:18)
	at com.kms.katalon.core.main.ScriptEngine.run(ScriptEngine.java:194)
	at com.kms.katalon.core.main.ScriptEngine.runScriptAsRawText(ScriptEngine.java:119)
	at com.kms.katalon.core.main.TestCaseExecutor.runScript(TestCaseExecutor.java:328)
	at com.kms.katalon.core.main.TestCaseExecutor.doExecute(TestCaseExecutor.java:319)
	at com.kms.katalon.core.main.TestCaseExecutor.processExecutionPhase(TestCaseExecutor.java:298)
	at com.kms.katalon.core.main.TestCaseExecutor.accessMainPhase(TestCaseExecutor.java:290)
	at com.kms.katalon.core.main.TestCaseExecutor.execute(TestCaseExecutor.java:224)
	at com.kms.katalon.core.main.TestSuiteExecutor.accessTestCaseMainPhase(TestSuiteExecutor.java:129)
	at com.kms.katalon.core.main.TestSuiteExecutor.accessTestSuiteMainPhase(TestSuiteExecutor.java:112)
	at com.kms.katalon.core.main.TestSuiteExecutor.execute(TestSuiteExecutor.java:81)
	at com.kms.katalon.core.main.TestCaseMain.startTestSuite(TestCaseMain.java:149)
	at com.kms.katalon.core.main.TestCaseMain$startTestSuite$0.call(Unknown Source)
	at TempTestSuite1550479786763.run(TempTestSuite1550479786763.groovy:36)


2019-02-18 15:50:05 - [TEST_STEP][PASSED] - sendRequest(findTestObject("Agency/35UpdateDevice")): Send request successfully

2019-02-18 15:50:05 - [MESSAGE][PASSED] - Send request successfully

2019-02-18 15:50:05 - [TEST_STEP][ERROR] - verifyResponseStatusCode(a, 200): verifyResponseStatusCode(a, 200) FAILED.
Reason:
groovy.lang.MissingPropertyException: No such property: a for class: Script1550473329887
	at 35UpdateDevice.run(35UpdateDevice:18)
	at com.kms.katalon.core.main.ScriptEngine.run(ScriptEngine.java:194)
	at com.kms.katalon.core.main.ScriptEngine.runScriptAsRawText(ScriptEngine.java:119)
	at com.kms.katalon.core.main.TestCaseExecutor.runScript(TestCaseExecutor.java:328)
	at com.kms.katalon.core.main.TestCaseExecutor.doExecute(TestCaseExecutor.java:319)
	at com.kms.katalon.core.main.TestCaseExecutor.processExecutionPhase(TestCaseExecutor.java:298)
	at com.kms.katalon.core.main.TestCaseExecutor.accessMainPhase(TestCaseExecutor.java:290)
	at com.kms.katalon.core.main.TestCaseExecutor.execute(TestCaseExecutor.java:224)
	at com.kms.katalon.core.main.TestSuiteExecutor.accessTestCaseMainPhase(TestSuiteExecutor.java:129)
	at com.kms.katalon.core.main.TestSuiteExecutor.accessTestSuiteMainPhase(TestSuiteExecutor.java:112)
	at com.kms.katalon.core.main.TestSuiteExecutor.execute(TestSuiteExecutor.java:81)
	at com.kms.katalon.core.main.TestCaseMain.startTestSuite(TestCaseMain.java:149)
	at com.kms.katalon.core.main.TestCaseMain$startTestSuite$0.call(Unknown Source)
	at TempTestSuite1550479786763.run(TempTestSuite1550479786763.groovy:36)


2019-02-18 15:50:05 - [MESSAGE][ERROR] - verifyResponseStatusCode(a, 200) FAILED.
Reason:
groovy.lang.MissingPropertyException: No such property: a for class: Script1550473329887
	at 35UpdateDevice.run(35UpdateDevice:18)
	at com.kms.katalon.core.main.ScriptEngine.run(ScriptEngine.java:194)
	at com.kms.katalon.core.main.ScriptEngine.runScriptAsRawText(ScriptEngine.java:119)
	at com.kms.katalon.core.main.TestCaseExecutor.runScript(TestCaseExecutor.java:328)
	at com.kms.katalon.core.main.TestCaseExecutor.doExecute(TestCaseExecutor.java:319)
	at com.kms.katalon.core.main.TestCaseExecutor.processExecutionPhase(TestCaseExecutor.java:298)
	at com.kms.katalon.core.main.TestCaseExecutor.accessMainPhase(TestCaseExecutor.java:290)
	at com.kms.katalon.core.main.TestCaseExecutor.execute(TestCaseExecutor.java:224)
	at com.kms.katalon.core.main.TestSuiteExecutor.accessTestCaseMainPhase(TestSuiteExecutor.java:129)
	at com.kms.katalon.core.main.TestSuiteExecutor.accessTestSuiteMainPhase(TestSuiteExecutor.java:112)
	at com.kms.katalon.core.main.TestSuiteExecutor.execute(TestSuiteExecutor.java:81)
	at com.kms.katalon.core.main.TestCaseMain.startTestSuite(TestCaseMain.java:149)
	at com.kms.katalon.core.main.TestCaseMain$startTestSuite$0.call(Unknown Source)
	at TempTestSuite1550479786763.run(TempTestSuite1550479786763.groovy:36)]]></system-out>
         <system-err><![CDATA[2019-02-18 15:50:05 - [TEST_CASE][ERROR] - Test Cases/Agency/35UpdateDevice: Test Cases/Agency/35UpdateDevice FAILED.
Reason:
groovy.lang.MissingPropertyException: No such property: a for class: Script1550473329887
	at 35UpdateDevice.run(35UpdateDevice:18)
	at com.kms.katalon.core.main.ScriptEngine.run(ScriptEngine.java:194)
	at com.kms.katalon.core.main.ScriptEngine.runScriptAsRawText(ScriptEngine.java:119)
	at com.kms.katalon.core.main.TestCaseExecutor.runScript(TestCaseExecutor.java:328)
	at com.kms.katalon.core.main.TestCaseExecutor.doExecute(TestCaseExecutor.java:319)
	at com.kms.katalon.core.main.TestCaseExecutor.processExecutionPhase(TestCaseExecutor.java:298)
	at com.kms.katalon.core.main.TestCaseExecutor.accessMainPhase(TestCaseExecutor.java:290)
	at com.kms.katalon.core.main.TestCaseExecutor.execute(TestCaseExecutor.java:224)
	at com.kms.katalon.core.main.TestSuiteExecutor.accessTestCaseMainPhase(TestSuiteExecutor.java:129)
	at com.kms.katalon.core.main.TestSuiteExecutor.accessTestSuiteMainPhase(TestSuiteExecutor.java:112)
	at com.kms.katalon.core.main.TestSuiteExecutor.execute(TestSuiteExecutor.java:81)
	at com.kms.katalon.core.main.TestCaseMain.startTestSuite(TestCaseMain.java:149)
	at com.kms.katalon.core.main.TestCaseMain$startTestSuite$0.call(Unknown Source)
	at TempTestSuite1550479786763.run(TempTestSuite1550479786763.groovy:36)]]></system-err>
      </testcase>
      <testcase name="Test Cases/Agency/36GetDeviceDetails1" classname="Test Cases/Agency/36GetDeviceDetails1" status="FAILED">
         <failure type="FAILED" message="Test Cases/Agency/36GetDeviceDetails1 FAILED.
Reason:
com.kms.katalon.core.exception.StepFailedException: Unable to verify element property value (Root cause: Variable 'IsError' is not defined for test case.)
	at com.kms.katalon.core.keyword.internal.KeywordMain.stepFailed(KeywordMain.groovy:32)
	at com.kms.katalon.core.keyword.internal.KeywordMain.stepFailed(KeywordMain.groovy)
	at com.kms.katalon.core.keyword.internal.KeywordMain.runKeyword(KeywordMain.groovy:56)
	at com.kms.katalon.core.webservice.keyword.builtin.VerifyElementPropertyValueKeyword.verifyElementPropertyValue(VerifyElementPropertyValueKeyword.groovy:48)
	at com.kms.katalon.core.webservice.keyword.builtin.VerifyElementPropertyValueKeyword.execute(VerifyElementPropertyValueKeyword.groovy:43)
	at com.kms.katalon.core.keyword.internal.KeywordExecutor.executeKeywordForPlatform(KeywordExecutor.groovy:53)
	at com.kms.katalon.core.webservice.keyword.WSBuiltInKeywords.verifyElementPropertyValue(WSBuiltInKeywords.groovy:123)
	at com.kms.katalon.core.webservice.keyword.WSBuiltInKeywords$verifyElementPropertyValue$1.call(Unknown Source)
	at 36GetDeviceDetails1.run(36GetDeviceDetails1:20)
	at com.kms.katalon.core.main.ScriptEngine.run(ScriptEngine.java:194)
	at com.kms.katalon.core.main.ScriptEngine.runScriptAsRawText(ScriptEngine.java:119)
	at com.kms.katalon.core.main.TestCaseExecutor.runScript(TestCaseExecutor.java:328)
	at com.kms.katalon.core.main.TestCaseExecutor.doExecute(TestCaseExecutor.java:319)
	at com.kms.katalon.core.main.TestCaseExecutor.processExecutionPhase(TestCaseExecutor.java:298)
	at com.kms.katalon.core.main.TestCaseExecutor.accessMainPhase(TestCaseExecutor.java:290)
	at com.kms.katalon.core.main.TestCaseExecutor.execute(TestCaseExecutor.java:224)
	at com.kms.katalon.core.main.TestSuiteExecutor.accessTestCaseMainPhase(TestSuiteExecutor.java:129)
	at com.kms.katalon.core.main.TestSuiteExecutor.accessTestSuiteMainPhase(TestSuiteExecutor.java:112)
	at com.kms.katalon.core.main.TestSuiteExecutor.execute(TestSuiteExecutor.java:81)
	at com.kms.katalon.core.main.TestCaseMain.startTestSuite(TestCaseMain.java:149)
	at com.kms.katalon.core.main.TestCaseMain$startTestSuite$0.call(Unknown Source)
	at TempTestSuite1550479786763.run(TempTestSuite1550479786763.groovy:36)
"/>
         <system-out><![CDATA[2019-02-18 15:50:05 - [TEST_CASE][FAILED] - Test Cases/Agency/36GetDeviceDetails1: Test Cases/Agency/36GetDeviceDetails1 FAILED.
Reason:
com.kms.katalon.core.exception.StepFailedException: Unable to verify element property value (Root cause: Variable 'IsError' is not defined for test case.)
	at com.kms.katalon.core.keyword.internal.KeywordMain.stepFailed(KeywordMain.groovy:32)
	at com.kms.katalon.core.keyword.internal.KeywordMain.stepFailed(KeywordMain.groovy)
	at com.kms.katalon.core.keyword.internal.KeywordMain.runKeyword(KeywordMain.groovy:56)
	at com.kms.katalon.core.webservice.keyword.builtin.VerifyElementPropertyValueKeyword.verifyElementPropertyValue(VerifyElementPropertyValueKeyword.groovy:48)
	at com.kms.katalon.core.webservice.keyword.builtin.VerifyElementPropertyValueKeyword.execute(VerifyElementPropertyValueKeyword.groovy:43)
	at com.kms.katalon.core.keyword.internal.KeywordExecutor.executeKeywordForPlatform(KeywordExecutor.groovy:53)
	at com.kms.katalon.core.webservice.keyword.WSBuiltInKeywords.verifyElementPropertyValue(WSBuiltInKeywords.groovy:123)
	at com.kms.katalon.core.webservice.keyword.WSBuiltInKeywords$verifyElementPropertyValue$1.call(Unknown Source)
	at 36GetDeviceDetails1.run(36GetDeviceDetails1:20)
	at com.kms.katalon.core.main.ScriptEngine.run(ScriptEngine.java:194)
	at com.kms.katalon.core.main.ScriptEngine.runScriptAsRawText(ScriptEngine.java:119)
	at com.kms.katalon.core.main.TestCaseExecutor.runScript(TestCaseExecutor.java:328)
	at com.kms.katalon.core.main.TestCaseExecutor.doExecute(TestCaseExecutor.java:319)
	at com.kms.katalon.core.main.TestCaseExecutor.processExecutionPhase(TestCaseExecutor.java:298)
	at com.kms.katalon.core.main.TestCaseExecutor.accessMainPhase(TestCaseExecutor.java:290)
	at com.kms.katalon.core.main.TestCaseExecutor.execute(TestCaseExecutor.java:224)
	at com.kms.katalon.core.main.TestSuiteExecutor.accessTestCaseMainPhase(TestSuiteExecutor.java:129)
	at com.kms.katalon.core.main.TestSuiteExecutor.accessTestSuiteMainPhase(TestSuiteExecutor.java:112)
	at com.kms.katalon.core.main.TestSuiteExecutor.execute(TestSuiteExecutor.java:81)
	at com.kms.katalon.core.main.TestCaseMain.startTestSuite(TestCaseMain.java:149)
	at com.kms.katalon.core.main.TestCaseMain$startTestSuite$0.call(Unknown Source)
	at TempTestSuite1550479786763.run(TempTestSuite1550479786763.groovy:36)


2019-02-18 15:50:05 - [TEST_STEP][PASSED] - a = sendRequest(findTestObject("Agency/36GetDeviceDetails")): Send request successfully

2019-02-18 15:50:05 - [MESSAGE][PASSED] - Send request successfully

2019-02-18 15:50:05 - [TEST_STEP][PASSED] - verifyResponseStatusCode(a, 200): Verify response status code successfully

2019-02-18 15:50:05 - [MESSAGE][PASSED] - Verify response status code successfully

2019-02-18 15:50:05 - [TEST_STEP][FAILED] - verifyElementPropertyValue(a, ".IsError", false): verifyElementPropertyValue(a, ".IsError", false) FAILED.
Reason:
com.kms.katalon.core.exception.StepFailedException: Unable to verify element property value (Root cause: Variable 'IsError' is not defined for test case.)
	at com.kms.katalon.core.keyword.internal.KeywordMain.stepFailed(KeywordMain.groovy:32)
	at com.kms.katalon.core.keyword.internal.KeywordMain.stepFailed(KeywordMain.groovy)
	at com.kms.katalon.core.keyword.internal.KeywordMain.runKeyword(KeywordMain.groovy:56)
	at com.kms.katalon.core.webservice.keyword.builtin.VerifyElementPropertyValueKeyword.verifyElementPropertyValue(VerifyElementPropertyValueKeyword.groovy:48)
	at com.kms.katalon.core.webservice.keyword.builtin.VerifyElementPropertyValueKeyword.execute(VerifyElementPropertyValueKeyword.groovy:43)
	at com.kms.katalon.core.keyword.internal.KeywordExecutor.executeKeywordForPlatform(KeywordExecutor.groovy:53)
	at com.kms.katalon.core.webservice.keyword.WSBuiltInKeywords.verifyElementPropertyValue(WSBuiltInKeywords.groovy:123)
	at com.kms.katalon.core.webservice.keyword.WSBuiltInKeywords$verifyElementPropertyValue$1.call(Unknown Source)
	at 36GetDeviceDetails1.run(36GetDeviceDetails1:20)
	at com.kms.katalon.core.main.ScriptEngine.run(ScriptEngine.java:194)
	at com.kms.katalon.core.main.ScriptEngine.runScriptAsRawText(ScriptEngine.java:119)
	at com.kms.katalon.core.main.TestCaseExecutor.runScript(TestCaseExecutor.java:328)
	at com.kms.katalon.core.main.TestCaseExecutor.doExecute(TestCaseExecutor.java:319)
	at com.kms.katalon.core.main.TestCaseExecutor.processExecutionPhase(TestCaseExecutor.java:298)
	at com.kms.katalon.core.main.TestCaseExecutor.accessMainPhase(TestCaseExecutor.java:290)
	at com.kms.katalon.core.main.TestCaseExecutor.execute(TestCaseExecutor.java:224)
	at com.kms.katalon.core.main.TestSuiteExecutor.accessTestCaseMainPhase(TestSuiteExecutor.java:129)
	at com.kms.katalon.core.main.TestSuiteExecutor.accessTestSuiteMainPhase(TestSuiteExecutor.java:112)
	at com.kms.katalon.core.main.TestSuiteExecutor.execute(TestSuiteExecutor.java:81)
	at com.kms.katalon.core.main.TestCaseMain.startTestSuite(TestCaseMain.java:149)
	at com.kms.katalon.core.main.TestCaseMain$startTestSuite$0.call(Unknown Source)
	at TempTestSuite1550479786763.run(TempTestSuite1550479786763.groovy:36)


2019-02-18 15:50:05 - [MESSAGE][FAILED] - Unable to verify element property value (Root cause: Variable 'IsError' is not defined for test case.)

2019-02-18 15:50:05 - [MESSAGE][FAILED] - verifyElementPropertyValue(a, ".IsError", false) FAILED.
Reason:
com.kms.katalon.core.exception.StepFailedException: Unable to verify element property value (Root cause: Variable 'IsError' is not defined for test case.)
	at com.kms.katalon.core.keyword.internal.KeywordMain.stepFailed(KeywordMain.groovy:32)
	at com.kms.katalon.core.keyword.internal.KeywordMain.stepFailed(KeywordMain.groovy)
	at com.kms.katalon.core.keyword.internal.KeywordMain.runKeyword(KeywordMain.groovy:56)
	at com.kms.katalon.core.webservice.keyword.builtin.VerifyElementPropertyValueKeyword.verifyElementPropertyValue(VerifyElementPropertyValueKeyword.groovy:48)
	at com.kms.katalon.core.webservice.keyword.builtin.VerifyElementPropertyValueKeyword.execute(VerifyElementPropertyValueKeyword.groovy:43)
	at com.kms.katalon.core.keyword.internal.KeywordExecutor.executeKeywordForPlatform(KeywordExecutor.groovy:53)
	at com.kms.katalon.core.webservice.keyword.WSBuiltInKeywords.verifyElementPropertyValue(WSBuiltInKeywords.groovy:123)
	at com.kms.katalon.core.webservice.keyword.WSBuiltInKeywords$verifyElementPropertyValue$1.call(Unknown Source)
	at 36GetDeviceDetails1.run(36GetDeviceDetails1:20)
	at com.kms.katalon.core.main.ScriptEngine.run(ScriptEngine.java:194)
	at com.kms.katalon.core.main.ScriptEngine.runScriptAsRawText(ScriptEngine.java:119)
	at com.kms.katalon.core.main.TestCaseExecutor.runScript(TestCaseExecutor.java:328)
	at com.kms.katalon.core.main.TestCaseExecutor.doExecute(TestCaseExecutor.java:319)
	at com.kms.katalon.core.main.TestCaseExecutor.processExecutionPhase(TestCaseExecutor.java:298)
	at com.kms.katalon.core.main.TestCaseExecutor.accessMainPhase(TestCaseExecutor.java:290)
	at com.kms.katalon.core.main.TestCaseExecutor.execute(TestCaseExecutor.java:224)
	at com.kms.katalon.core.main.TestSuiteExecutor.accessTestCaseMainPhase(TestSuiteExecutor.java:129)
	at com.kms.katalon.core.main.TestSuiteExecutor.accessTestSuiteMainPhase(TestSuiteExecutor.java:112)
	at com.kms.katalon.core.main.TestSuiteExecutor.execute(TestSuiteExecutor.java:81)
	at com.kms.katalon.core.main.TestCaseMain.startTestSuite(TestCaseMain.java:149)
	at com.kms.katalon.core.main.TestCaseMain$startTestSuite$0.call(Unknown Source)
	at TempTestSuite1550479786763.run(TempTestSuite1550479786763.groovy:36)]]></system-out>
         <system-err><![CDATA[2019-02-18 15:50:05 - [TEST_CASE][FAILED] - Test Cases/Agency/36GetDeviceDetails1: Test Cases/Agency/36GetDeviceDetails1 FAILED.
Reason:
com.kms.katalon.core.exception.StepFailedException: Unable to verify element property value (Root cause: Variable 'IsError' is not defined for test case.)
	at com.kms.katalon.core.keyword.internal.KeywordMain.stepFailed(KeywordMain.groovy:32)
	at com.kms.katalon.core.keyword.internal.KeywordMain.stepFailed(KeywordMain.groovy)
	at com.kms.katalon.core.keyword.internal.KeywordMain.runKeyword(KeywordMain.groovy:56)
	at com.kms.katalon.core.webservice.keyword.builtin.VerifyElementPropertyValueKeyword.verifyElementPropertyValue(VerifyElementPropertyValueKeyword.groovy:48)
	at com.kms.katalon.core.webservice.keyword.builtin.VerifyElementPropertyValueKeyword.execute(VerifyElementPropertyValueKeyword.groovy:43)
	at com.kms.katalon.core.keyword.internal.KeywordExecutor.executeKeywordForPlatform(KeywordExecutor.groovy:53)
	at com.kms.katalon.core.webservice.keyword.WSBuiltInKeywords.verifyElementPropertyValue(WSBuiltInKeywords.groovy:123)
	at com.kms.katalon.core.webservice.keyword.WSBuiltInKeywords$verifyElementPropertyValue$1.call(Unknown Source)
	at 36GetDeviceDetails1.run(36GetDeviceDetails1:20)
	at com.kms.katalon.core.main.ScriptEngine.run(ScriptEngine.java:194)
	at com.kms.katalon.core.main.ScriptEngine.runScriptAsRawText(ScriptEngine.java:119)
	at com.kms.katalon.core.main.TestCaseExecutor.runScript(TestCaseExecutor.java:328)
	at com.kms.katalon.core.main.TestCaseExecutor.doExecute(TestCaseExecutor.java:319)
	at com.kms.katalon.core.main.TestCaseExecutor.processExecutionPhase(TestCaseExecutor.java:298)
	at com.kms.katalon.core.main.TestCaseExecutor.accessMainPhase(TestCaseExecutor.java:290)
	at com.kms.katalon.core.main.TestCaseExecutor.execute(TestCaseExecutor.java:224)
	at com.kms.katalon.core.main.TestSuiteExecutor.accessTestCaseMainPhase(TestSuiteExecutor.java:129)
	at com.kms.katalon.core.main.TestSuiteExecutor.accessTestSuiteMainPhase(TestSuiteExecutor.java:112)
	at com.kms.katalon.core.main.TestSuiteExecutor.execute(TestSuiteExecutor.java:81)
	at com.kms.katalon.core.main.TestCaseMain.startTestSuite(TestCaseMain.java:149)
	at com.kms.katalon.core.main.TestCaseMain$startTestSuite$0.call(Unknown Source)
	at TempTestSuite1550479786763.run(TempTestSuite1550479786763.groovy:36)]]></system-err>
      </testcase>
      <testcase name="Test Cases/Agency/37GetTicketByRequestID1" classname="Test Cases/Agency/37GetTicketByRequestID1" status="FAILED">
         <failure type="FAILED" message="Test Cases/Agency/37GetTicketByRequestID1 FAILED.
Reason:
com.kms.katalon.core.exception.StepFailedException: Unable to verify element property value (Root cause: Variable 'IsError' is not defined for test case.)
	at com.kms.katalon.core.keyword.internal.KeywordMain.stepFailed(KeywordMain.groovy:32)
	at com.kms.katalon.core.keyword.internal.KeywordMain.stepFailed(KeywordMain.groovy)
	at com.kms.katalon.core.keyword.internal.KeywordMain.runKeyword(KeywordMain.groovy:56)
	at com.kms.katalon.core.webservice.keyword.builtin.VerifyElementPropertyValueKeyword.verifyElementPropertyValue(VerifyElementPropertyValueKeyword.groovy:48)
	at com.kms.katalon.core.webservice.keyword.builtin.VerifyElementPropertyValueKeyword.execute(VerifyElementPropertyValueKeyword.groovy:43)
	at com.kms.katalon.core.keyword.internal.KeywordExecutor.executeKeywordForPlatform(KeywordExecutor.groovy:53)
	at com.kms.katalon.core.webservice.keyword.WSBuiltInKeywords.verifyElementPropertyValue(WSBuiltInKeywords.groovy:123)
	at com.kms.katalon.core.webservice.keyword.WSBuiltInKeywords$verifyElementPropertyValue$1.call(Unknown Source)
	at 37GetTicketByRequestID1.run(37GetTicketByRequestID1:20)
	at com.kms.katalon.core.main.ScriptEngine.run(ScriptEngine.java:194)
	at com.kms.katalon.core.main.ScriptEngine.runScriptAsRawText(ScriptEngine.java:119)
	at com.kms.katalon.core.main.TestCaseExecutor.runScript(TestCaseExecutor.java:328)
	at com.kms.katalon.core.main.TestCaseExecutor.doExecute(TestCaseExecutor.java:319)
	at com.kms.katalon.core.main.TestCaseExecutor.processExecutionPhase(TestCaseExecutor.java:298)
	at com.kms.katalon.core.main.TestCaseExecutor.accessMainPhase(TestCaseExecutor.java:290)
	at com.kms.katalon.core.main.TestCaseExecutor.execute(TestCaseExecutor.java:224)
	at com.kms.katalon.core.main.TestSuiteExecutor.accessTestCaseMainPhase(TestSuiteExecutor.java:129)
	at com.kms.katalon.core.main.TestSuiteExecutor.accessTestSuiteMainPhase(TestSuiteExecutor.java:112)
	at com.kms.katalon.core.main.TestSuiteExecutor.execute(TestSuiteExecutor.java:81)
	at com.kms.katalon.core.main.TestCaseMain.startTestSuite(TestCaseMain.java:149)
	at com.kms.katalon.core.main.TestCaseMain$startTestSuite$0.call(Unknown Source)
	at TempTestSuite1550479786763.run(TempTestSuite1550479786763.groovy:36)
"/>
         <system-out><![CDATA[2019-02-18 15:50:05 - [TEST_CASE][FAILED] - Test Cases/Agency/37GetTicketByRequestID1: Test Cases/Agency/37GetTicketByRequestID1 FAILED.
Reason:
com.kms.katalon.core.exception.StepFailedException: Unable to verify element property value (Root cause: Variable 'IsError' is not defined for test case.)
	at com.kms.katalon.core.keyword.internal.KeywordMain.stepFailed(KeywordMain.groovy:32)
	at com.kms.katalon.core.keyword.internal.KeywordMain.stepFailed(KeywordMain.groovy)
	at com.kms.katalon.core.keyword.internal.KeywordMain.runKeyword(KeywordMain.groovy:56)
	at com.kms.katalon.core.webservice.keyword.builtin.VerifyElementPropertyValueKeyword.verifyElementPropertyValue(VerifyElementPropertyValueKeyword.groovy:48)
	at com.kms.katalon.core.webservice.keyword.builtin.VerifyElementPropertyValueKeyword.execute(VerifyElementPropertyValueKeyword.groovy:43)
	at com.kms.katalon.core.keyword.internal.KeywordExecutor.executeKeywordForPlatform(KeywordExecutor.groovy:53)
	at com.kms.katalon.core.webservice.keyword.WSBuiltInKeywords.verifyElementPropertyValue(WSBuiltInKeywords.groovy:123)
	at com.kms.katalon.core.webservice.keyword.WSBuiltInKeywords$verifyElementPropertyValue$1.call(Unknown Source)
	at 37GetTicketByRequestID1.run(37GetTicketByRequestID1:20)
	at com.kms.katalon.core.main.ScriptEngine.run(ScriptEngine.java:194)
	at com.kms.katalon.core.main.ScriptEngine.runScriptAsRawText(ScriptEngine.java:119)
	at com.kms.katalon.core.main.TestCaseExecutor.runScript(TestCaseExecutor.java:328)
	at com.kms.katalon.core.main.TestCaseExecutor.doExecute(TestCaseExecutor.java:319)
	at com.kms.katalon.core.main.TestCaseExecutor.processExecutionPhase(TestCaseExecutor.java:298)
	at com.kms.katalon.core.main.TestCaseExecutor.accessMainPhase(TestCaseExecutor.java:290)
	at com.kms.katalon.core.main.TestCaseExecutor.execute(TestCaseExecutor.java:224)
	at com.kms.katalon.core.main.TestSuiteExecutor.accessTestCaseMainPhase(TestSuiteExecutor.java:129)
	at com.kms.katalon.core.main.TestSuiteExecutor.accessTestSuiteMainPhase(TestSuiteExecutor.java:112)
	at com.kms.katalon.core.main.TestSuiteExecutor.execute(TestSuiteExecutor.java:81)
	at com.kms.katalon.core.main.TestCaseMain.startTestSuite(TestCaseMain.java:149)
	at com.kms.katalon.core.main.TestCaseMain$startTestSuite$0.call(Unknown Source)
	at TempTestSuite1550479786763.run(TempTestSuite1550479786763.groovy:36)


2019-02-18 15:50:05 - [TEST_STEP][PASSED] - a = sendRequest(findTestObject("Agency/37GetTicketByRequestID")): Send request successfully

2019-02-18 15:50:05 - [MESSAGE][PASSED] - Send request successfully

2019-02-18 15:50:05 - [TEST_STEP][PASSED] - verifyResponseStatusCode(a, 200): Verify response status code successfully

2019-02-18 15:50:05 - [MESSAGE][PASSED] - Verify response status code successfully

2019-02-18 15:50:05 - [TEST_STEP][FAILED] - verifyElementPropertyValue(a, ".IsError", false): Unable to verify element property value (Root cause: Variable 'IsError' is not defined for test case.)

2019-02-18 15:50:05 - [MESSAGE][FAILED] - Unable to verify element property value (Root cause: Variable 'IsError' is not defined for test case.)

2019-02-18 15:50:05 - [TEST_STEP][FAILED] - verifyElementPropertyValue(a, "ObjReturn[0].TicketId", 1): Expected element property value '1' is not equal with actual property value 'null'

2019-02-18 15:50:05 - [MESSAGE][FAILED] - Expected element property value '1' is not equal with actual property value 'null'

2019-02-18 15:50:05 - [TEST_STEP][FAILED] - verifyElementPropertyValue(a, "ObjReturn[0].RequestId", 1): Expected element property value '1' is not equal with actual property value 'null'

2019-02-18 15:50:05 - [MESSAGE][FAILED] - Expected element property value '1' is not equal with actual property value 'null'

2019-02-18 15:50:05 - [TEST_STEP][FAILED] - verifyElementPropertyValue(a, "ObjReturn[0].DeviceId", 43): Expected element property value '43' is not equal with actual property value 'null'

2019-02-18 15:50:05 - [MESSAGE][FAILED] - Expected element property value '43' is not equal with actual property value 'null'

2019-02-18 15:50:05 - [TEST_STEP][FAILED] - verifyElementPropertyValue(a, "ObjReturn[0].ServiceItemName", "Wifi chậm"): Expected element property value 'Wifi chậm' is not equal with actual property value 'null'

2019-02-18 15:50:05 - [MESSAGE][FAILED] - Expected element property value 'Wifi chậm' is not equal with actual property value 'null'

2019-02-18 15:50:05 - [TEST_STEP][FAILED] - verifyElementPropertyValue(a, "ObjReturn[0].Desciption", "Anh test"): Expected element property value 'Anh test' is not equal with actual property value 'null'

2019-02-18 15:50:05 - [MESSAGE][FAILED] - Expected element property value 'Anh test' is not equal with actual property value 'null'

2019-02-18 15:50:05 - [TEST_STEP][FAILED] - verifyElementPropertyValue(a, "ObjReturn[0].CreateDate", "09:48 16/01/2019"): Expected element property value '09:48 16/01/2019' is not equal with actual property value 'null'

2019-02-18 15:50:06 - [MESSAGE][FAILED] - Expected element property value '09:48 16/01/2019' is not equal with actual property value 'null'

2019-02-18 15:50:06 - [TEST_STEP][FAILED] - verifyElementPropertyValue(a, "ObjReturn[0].UpdateDate", "09:48 16/01/2019"): verifyElementPropertyValue(a, "ObjReturn[0].UpdateDate", "09:48 16/01/2019") FAILED.
Reason:
com.kms.katalon.core.exception.StepFailedException: Unable to verify element property value (Root cause: Variable 'IsError' is not defined for test case.)
	at com.kms.katalon.core.keyword.internal.KeywordMain.stepFailed(KeywordMain.groovy:32)
	at com.kms.katalon.core.keyword.internal.KeywordMain.stepFailed(KeywordMain.groovy)
	at com.kms.katalon.core.keyword.internal.KeywordMain.runKeyword(KeywordMain.groovy:56)
	at com.kms.katalon.core.webservice.keyword.builtin.VerifyElementPropertyValueKeyword.verifyElementPropertyValue(VerifyElementPropertyValueKeyword.groovy:48)
	at com.kms.katalon.core.webservice.keyword.builtin.VerifyElementPropertyValueKeyword.execute(VerifyElementPropertyValueKeyword.groovy:43)
	at com.kms.katalon.core.keyword.internal.KeywordExecutor.executeKeywordForPlatform(KeywordExecutor.groovy:53)
	at com.kms.katalon.core.webservice.keyword.WSBuiltInKeywords.verifyElementPropertyValue(WSBuiltInKeywords.groovy:123)
	at com.kms.katalon.core.webservice.keyword.WSBuiltInKeywords$verifyElementPropertyValue$1.call(Unknown Source)
	at 37GetTicketByRequestID1.run(37GetTicketByRequestID1:20)
	at com.kms.katalon.core.main.ScriptEngine.run(ScriptEngine.java:194)
	at com.kms.katalon.core.main.ScriptEngine.runScriptAsRawText(ScriptEngine.java:119)
	at com.kms.katalon.core.main.TestCaseExecutor.runScript(TestCaseExecutor.java:328)
	at com.kms.katalon.core.main.TestCaseExecutor.doExecute(TestCaseExecutor.java:319)
	at com.kms.katalon.core.main.TestCaseExecutor.processExecutionPhase(TestCaseExecutor.java:298)
	at com.kms.katalon.core.main.TestCaseExecutor.accessMainPhase(TestCaseExecutor.java:290)
	at com.kms.katalon.core.main.TestCaseExecutor.execute(TestCaseExecutor.java:224)
	at com.kms.katalon.core.main.TestSuiteExecutor.accessTestCaseMainPhase(TestSuiteExecutor.java:129)
	at com.kms.katalon.core.main.TestSuiteExecutor.accessTestSuiteMainPhase(TestSuiteExecutor.java:112)
	at com.kms.katalon.core.main.TestSuiteExecutor.execute(TestSuiteExecutor.java:81)
	at com.kms.katalon.core.main.TestCaseMain.startTestSuite(TestCaseMain.java:149)
	at com.kms.katalon.core.main.TestCaseMain$startTestSuite$0.call(Unknown Source)
	at TempTestSuite1550479786763.run(TempTestSuite1550479786763.groovy:36)


2019-02-18 15:50:06 - [MESSAGE][FAILED] - Expected element property value '09:48 16/01/2019' is not equal with actual property value 'null'

2019-02-18 15:50:06 - [MESSAGE][FAILED] - verifyElementPropertyValue(a, "ObjReturn[0].UpdateDate", "09:48 16/01/2019") FAILED.
Reason:
com.kms.katalon.core.exception.StepFailedException: Unable to verify element property value (Root cause: Variable 'IsError' is not defined for test case.)
	at com.kms.katalon.core.keyword.internal.KeywordMain.stepFailed(KeywordMain.groovy:32)
	at com.kms.katalon.core.keyword.internal.KeywordMain.stepFailed(KeywordMain.groovy)
	at com.kms.katalon.core.keyword.internal.KeywordMain.runKeyword(KeywordMain.groovy:56)
	at com.kms.katalon.core.webservice.keyword.builtin.VerifyElementPropertyValueKeyword.verifyElementPropertyValue(VerifyElementPropertyValueKeyword.groovy:48)
	at com.kms.katalon.core.webservice.keyword.builtin.VerifyElementPropertyValueKeyword.execute(VerifyElementPropertyValueKeyword.groovy:43)
	at com.kms.katalon.core.keyword.internal.KeywordExecutor.executeKeywordForPlatform(KeywordExecutor.groovy:53)
	at com.kms.katalon.core.webservice.keyword.WSBuiltInKeywords.verifyElementPropertyValue(WSBuiltInKeywords.groovy:123)
	at com.kms.katalon.core.webservice.keyword.WSBuiltInKeywords$verifyElementPropertyValue$1.call(Unknown Source)
	at 37GetTicketByRequestID1.run(37GetTicketByRequestID1:20)
	at com.kms.katalon.core.main.ScriptEngine.run(ScriptEngine.java:194)
	at com.kms.katalon.core.main.ScriptEngine.runScriptAsRawText(ScriptEngine.java:119)
	at com.kms.katalon.core.main.TestCaseExecutor.runScript(TestCaseExecutor.java:328)
	at com.kms.katalon.core.main.TestCaseExecutor.doExecute(TestCaseExecutor.java:319)
	at com.kms.katalon.core.main.TestCaseExecutor.processExecutionPhase(TestCaseExecutor.java:298)
	at com.kms.katalon.core.main.TestCaseExecutor.accessMainPhase(TestCaseExecutor.java:290)
	at com.kms.katalon.core.main.TestCaseExecutor.execute(TestCaseExecutor.java:224)
	at com.kms.katalon.core.main.TestSuiteExecutor.accessTestCaseMainPhase(TestSuiteExecutor.java:129)
	at com.kms.katalon.core.main.TestSuiteExecutor.accessTestSuiteMainPhase(TestSuiteExecutor.java:112)
	at com.kms.katalon.core.main.TestSuiteExecutor.execute(TestSuiteExecutor.java:81)
	at com.kms.katalon.core.main.TestCaseMain.startTestSuite(TestCaseMain.java:149)
	at com.kms.katalon.core.main.TestCaseMain$startTestSuite$0.call(Unknown Source)
	at TempTestSuite1550479786763.run(TempTestSuite1550479786763.groovy:36)]]></system-out>
         <system-err><![CDATA[2019-02-18 15:50:05 - [TEST_CASE][FAILED] - Test Cases/Agency/37GetTicketByRequestID1: Test Cases/Agency/37GetTicketByRequestID1 FAILED.
Reason:
com.kms.katalon.core.exception.StepFailedException: Unable to verify element property value (Root cause: Variable 'IsError' is not defined for test case.)
	at com.kms.katalon.core.keyword.internal.KeywordMain.stepFailed(KeywordMain.groovy:32)
	at com.kms.katalon.core.keyword.internal.KeywordMain.stepFailed(KeywordMain.groovy)
	at com.kms.katalon.core.keyword.internal.KeywordMain.runKeyword(KeywordMain.groovy:56)
	at com.kms.katalon.core.webservice.keyword.builtin.VerifyElementPropertyValueKeyword.verifyElementPropertyValue(VerifyElementPropertyValueKeyword.groovy:48)
	at com.kms.katalon.core.webservice.keyword.builtin.VerifyElementPropertyValueKeyword.execute(VerifyElementPropertyValueKeyword.groovy:43)
	at com.kms.katalon.core.keyword.internal.KeywordExecutor.executeKeywordForPlatform(KeywordExecutor.groovy:53)
	at com.kms.katalon.core.webservice.keyword.WSBuiltInKeywords.verifyElementPropertyValue(WSBuiltInKeywords.groovy:123)
	at com.kms.katalon.core.webservice.keyword.WSBuiltInKeywords$verifyElementPropertyValue$1.call(Unknown Source)
	at 37GetTicketByRequestID1.run(37GetTicketByRequestID1:20)
	at com.kms.katalon.core.main.ScriptEngine.run(ScriptEngine.java:194)
	at com.kms.katalon.core.main.ScriptEngine.runScriptAsRawText(ScriptEngine.java:119)
	at com.kms.katalon.core.main.TestCaseExecutor.runScript(TestCaseExecutor.java:328)
	at com.kms.katalon.core.main.TestCaseExecutor.doExecute(TestCaseExecutor.java:319)
	at com.kms.katalon.core.main.TestCaseExecutor.processExecutionPhase(TestCaseExecutor.java:298)
	at com.kms.katalon.core.main.TestCaseExecutor.accessMainPhase(TestCaseExecutor.java:290)
	at com.kms.katalon.core.main.TestCaseExecutor.execute(TestCaseExecutor.java:224)
	at com.kms.katalon.core.main.TestSuiteExecutor.accessTestCaseMainPhase(TestSuiteExecutor.java:129)
	at com.kms.katalon.core.main.TestSuiteExecutor.accessTestSuiteMainPhase(TestSuiteExecutor.java:112)
	at com.kms.katalon.core.main.TestSuiteExecutor.execute(TestSuiteExecutor.java:81)
	at com.kms.katalon.core.main.TestCaseMain.startTestSuite(TestCaseMain.java:149)
	at com.kms.katalon.core.main.TestCaseMain$startTestSuite$0.call(Unknown Source)
	at TempTestSuite1550479786763.run(TempTestSuite1550479786763.groovy:36)]]></system-err>
      </testcase>
      <testcase name="Test Cases/Agency/38GetDeviceByDeviceTypeID1" classname="Test Cases/Agency/38GetDeviceByDeviceTypeID1" status="FAILED">
         <failure type="FAILED" message="Test Cases/Agency/38GetDeviceByDeviceTypeID1 FAILED.
Reason:
com.kms.katalon.core.exception.StepFailedException: Unable to verify element property value (Root cause: Variable 'IsError' is not defined for test case.)
	at com.kms.katalon.core.keyword.internal.KeywordMain.stepFailed(KeywordMain.groovy:32)
	at com.kms.katalon.core.keyword.internal.KeywordMain.stepFailed(KeywordMain.groovy)
	at com.kms.katalon.core.keyword.internal.KeywordMain.runKeyword(KeywordMain.groovy:56)
	at com.kms.katalon.core.webservice.keyword.builtin.VerifyElementPropertyValueKeyword.verifyElementPropertyValue(VerifyElementPropertyValueKeyword.groovy:48)
	at com.kms.katalon.core.webservice.keyword.builtin.VerifyElementPropertyValueKeyword.execute(VerifyElementPropertyValueKeyword.groovy:43)
	at com.kms.katalon.core.keyword.internal.KeywordExecutor.executeKeywordForPlatform(KeywordExecutor.groovy:53)
	at com.kms.katalon.core.webservice.keyword.WSBuiltInKeywords.verifyElementPropertyValue(WSBuiltInKeywords.groovy:123)
	at com.kms.katalon.core.webservice.keyword.WSBuiltInKeywords$verifyElementPropertyValue$1.call(Unknown Source)
	at 38GetDeviceByDeviceTypeID1.run(38GetDeviceByDeviceTypeID1:20)
	at com.kms.katalon.core.main.ScriptEngine.run(ScriptEngine.java:194)
	at com.kms.katalon.core.main.ScriptEngine.runScriptAsRawText(ScriptEngine.java:119)
	at com.kms.katalon.core.main.TestCaseExecutor.runScript(TestCaseExecutor.java:328)
	at com.kms.katalon.core.main.TestCaseExecutor.doExecute(TestCaseExecutor.java:319)
	at com.kms.katalon.core.main.TestCaseExecutor.processExecutionPhase(TestCaseExecutor.java:298)
	at com.kms.katalon.core.main.TestCaseExecutor.accessMainPhase(TestCaseExecutor.java:290)
	at com.kms.katalon.core.main.TestCaseExecutor.execute(TestCaseExecutor.java:224)
	at com.kms.katalon.core.main.TestSuiteExecutor.accessTestCaseMainPhase(TestSuiteExecutor.java:129)
	at com.kms.katalon.core.main.TestSuiteExecutor.accessTestSuiteMainPhase(TestSuiteExecutor.java:112)
	at com.kms.katalon.core.main.TestSuiteExecutor.execute(TestSuiteExecutor.java:81)
	at com.kms.katalon.core.main.TestCaseMain.startTestSuite(TestCaseMain.java:149)
	at com.kms.katalon.core.main.TestCaseMain$startTestSuite$0.call(Unknown Source)
	at TempTestSuite1550479786763.run(TempTestSuite1550479786763.groovy:36)
"/>
         <system-out><![CDATA[2019-02-18 15:50:06 - [TEST_CASE][FAILED] - Test Cases/Agency/38GetDeviceByDeviceTypeID1: Test Cases/Agency/38GetDeviceByDeviceTypeID1 FAILED.
Reason:
com.kms.katalon.core.exception.StepFailedException: Unable to verify element property value (Root cause: Variable 'IsError' is not defined for test case.)
	at com.kms.katalon.core.keyword.internal.KeywordMain.stepFailed(KeywordMain.groovy:32)
	at com.kms.katalon.core.keyword.internal.KeywordMain.stepFailed(KeywordMain.groovy)
	at com.kms.katalon.core.keyword.internal.KeywordMain.runKeyword(KeywordMain.groovy:56)
	at com.kms.katalon.core.webservice.keyword.builtin.VerifyElementPropertyValueKeyword.verifyElementPropertyValue(VerifyElementPropertyValueKeyword.groovy:48)
	at com.kms.katalon.core.webservice.keyword.builtin.VerifyElementPropertyValueKeyword.execute(VerifyElementPropertyValueKeyword.groovy:43)
	at com.kms.katalon.core.keyword.internal.KeywordExecutor.executeKeywordForPlatform(KeywordExecutor.groovy:53)
	at com.kms.katalon.core.webservice.keyword.WSBuiltInKeywords.verifyElementPropertyValue(WSBuiltInKeywords.groovy:123)
	at com.kms.katalon.core.webservice.keyword.WSBuiltInKeywords$verifyElementPropertyValue$1.call(Unknown Source)
	at 38GetDeviceByDeviceTypeID1.run(38GetDeviceByDeviceTypeID1:20)
	at com.kms.katalon.core.main.ScriptEngine.run(ScriptEngine.java:194)
	at com.kms.katalon.core.main.ScriptEngine.runScriptAsRawText(ScriptEngine.java:119)
	at com.kms.katalon.core.main.TestCaseExecutor.runScript(TestCaseExecutor.java:328)
	at com.kms.katalon.core.main.TestCaseExecutor.doExecute(TestCaseExecutor.java:319)
	at com.kms.katalon.core.main.TestCaseExecutor.processExecutionPhase(TestCaseExecutor.java:298)
	at com.kms.katalon.core.main.TestCaseExecutor.accessMainPhase(TestCaseExecutor.java:290)
	at com.kms.katalon.core.main.TestCaseExecutor.execute(TestCaseExecutor.java:224)
	at com.kms.katalon.core.main.TestSuiteExecutor.accessTestCaseMainPhase(TestSuiteExecutor.java:129)
	at com.kms.katalon.core.main.TestSuiteExecutor.accessTestSuiteMainPhase(TestSuiteExecutor.java:112)
	at com.kms.katalon.core.main.TestSuiteExecutor.execute(TestSuiteExecutor.java:81)
	at com.kms.katalon.core.main.TestCaseMain.startTestSuite(TestCaseMain.java:149)
	at com.kms.katalon.core.main.TestCaseMain$startTestSuite$0.call(Unknown Source)
	at TempTestSuite1550479786763.run(TempTestSuite1550479786763.groovy:36)


2019-02-18 15:50:06 - [TEST_STEP][PASSED] - a = sendRequest(findTestObject("Agency/38GetDeviceByDeviceTypeID")): Send request successfully

2019-02-18 15:50:06 - [MESSAGE][PASSED] - Send request successfully

2019-02-18 15:50:06 - [TEST_STEP][PASSED] - verifyResponseStatusCode(a, 200): Verify response status code successfully

2019-02-18 15:50:06 - [MESSAGE][PASSED] - Verify response status code successfully

2019-02-18 15:50:06 - [TEST_STEP][FAILED] - verifyElementPropertyValue(a, ".IsError", false): Unable to verify element property value (Root cause: Variable 'IsError' is not defined for test case.)

2019-02-18 15:50:06 - [MESSAGE][FAILED] - Unable to verify element property value (Root cause: Variable 'IsError' is not defined for test case.)

2019-02-18 15:50:06 - [TEST_STEP][FAILED] - verifyElementPropertyValue(a, "ObjReturn[0].DeviceId", 24): Expected element property value '24' is not equal with actual property value 'null'

2019-02-18 15:50:06 - [MESSAGE][FAILED] - Expected element property value '24' is not equal with actual property value 'null'

2019-02-18 15:50:06 - [TEST_STEP][FAILED] - verifyElementPropertyValue(a, "ObjReturn[0].AgencyId", 17): Expected element property value '17' is not equal with actual property value 'null'

2019-02-18 15:50:06 - [MESSAGE][FAILED] - Expected element property value '17' is not equal with actual property value 'null'

2019-02-18 15:50:06 - [TEST_STEP][FAILED] - verifyElementPropertyValue(a, "ObjReturn[0].DeviceTypeId", 1): Expected element property value '1' is not equal with actual property value 'null'

2019-02-18 15:50:06 - [MESSAGE][FAILED] - Expected element property value '1' is not equal with actual property value 'null'

2019-02-18 15:50:06 - [TEST_STEP][FAILED] - verifyElementPropertyValue(a, "ObjReturn[0].DeviceName", "Router Toto link J15"): Expected element property value 'Router Toto link J15' is not equal with actual property value 'null'

2019-02-18 15:50:06 - [MESSAGE][FAILED] - Expected element property value 'Router Toto link J15' is not equal with actual property value 'null'

2019-02-18 15:50:06 - [TEST_STEP][FAILED] - verifyElementPropertyValue(a, "ObjReturn[0].DeviceCode", "W996SD2"): Expected element property value 'W996SD2' is not equal with actual property value 'null'

2019-02-18 15:50:06 - [MESSAGE][FAILED] - Expected element property value 'W996SD2' is not equal with actual property value 'null'

2019-02-18 15:50:06 - [TEST_STEP][FAILED] - verifyElementPropertyValue(a, "ObjReturn[0].GuarantyStartDate", "00:00 06/11/2018"): Expected element property value '00:00 06/11/2018' is not equal with actual property value 'null'

2019-02-18 15:50:06 - [MESSAGE][FAILED] - Expected element property value '00:00 06/11/2018' is not equal with actual property value 'null'

2019-02-18 15:50:06 - [TEST_STEP][FAILED] - verifyElementPropertyValue(a, "ObjReturn[0].GuarantyEndDate", "00:00 22/10/2018"): Expected element property value '00:00 22/10/2018' is not equal with actual property value 'null'

2019-02-18 15:50:06 - [MESSAGE][FAILED] - Expected element property value '00:00 22/10/2018' is not equal with actual property value 'null'

2019-02-18 15:50:06 - [TEST_STEP][FAILED] - verifyElementPropertyValue(a, "ObjReturn[0].Ip", "14.2.6.33"): Expected element property value '14.2.6.33' is not equal with actual property value 'null'

2019-02-18 15:50:06 - [MESSAGE][FAILED] - Expected element property value '14.2.6.33' is not equal with actual property value 'null'

2019-02-18 15:50:06 - [TEST_STEP][FAILED] - verifyElementPropertyValue(a, "ObjReturn[0].Port", "82"): Expected element property value '82' is not equal with actual property value 'null'

2019-02-18 15:50:06 - [MESSAGE][FAILED] - Expected element property value '82' is not equal with actual property value 'null'

2019-02-18 15:50:06 - [TEST_STEP][FAILED] - verifyElementPropertyValue(a, "ObjReturn[0].DeviceAccount", "1"): Expected element property value '1' is not equal with actual property value 'null'

2019-02-18 15:50:06 - [MESSAGE][FAILED] - Expected element property value '1' is not equal with actual property value 'null'

2019-02-18 15:50:06 - [TEST_STEP][FAILED] - verifyElementPropertyValue(a, "ObjReturn[0].DevicePassword", "1"): Expected element property value '1' is not equal with actual property value 'null'

2019-02-18 15:50:06 - [MESSAGE][FAILED] - Expected element property value '1' is not equal with actual property value 'null'

2019-02-18 15:50:06 - [TEST_STEP][FAILED] - verifyElementPropertyValue(a, "ObjReturn[0].SettingDate", "00:00 30/10/2018"): Expected element property value '00:00 30/10/2018' is not equal with actual property value 'null'

2019-02-18 15:50:06 - [MESSAGE][FAILED] - Expected element property value '00:00 30/10/2018' is not equal with actual property value 'null'

2019-02-18 15:50:06 - [TEST_STEP][FAILED] - verifyElementPropertyValue(a, "ObjReturn[0].Other", "1"): Expected element property value '1' is not equal with actual property value 'null'

2019-02-18 15:50:06 - [MESSAGE][FAILED] - Expected element property value '1' is not equal with actual property value 'null'

2019-02-18 15:50:06 - [TEST_STEP][FAILED] - verifyElementPropertyValue(a, "ObjReturn[0].CreateDate", "15:20 19/10/2018"): Expected element property value '15:20 19/10/2018' is not equal with actual property value 'null'

2019-02-18 15:50:06 - [MESSAGE][FAILED] - Expected element property value '15:20 19/10/2018' is not equal with actual property value 'null'

2019-02-18 15:50:06 - [TEST_STEP][FAILED] - verifyElementPropertyValue(a, "ObjReturn[0].UpdateDate", "15:20 19/10/2018"): Expected element property value '15:20 19/10/2018' is not equal with actual property value 'null'

2019-02-18 15:50:06 - [MESSAGE][FAILED] - Expected element property value '15:20 19/10/2018' is not equal with actual property value 'null'

2019-02-18 15:50:06 - [TEST_STEP][FAILED] - verifyElementPropertyValue(a, "ObjReturn[0].CompanyName", "Uni space"): Expected element property value 'Uni space' is not equal with actual property value 'null'

2019-02-18 15:50:06 - [MESSAGE][FAILED] - Expected element property value 'Uni space' is not equal with actual property value 'null'

2019-02-18 15:50:06 - [TEST_STEP][FAILED] - verifyElementPropertyValue(a, "ObjReturn[0].AgencyName", "Uni deli"): Expected element property value 'Uni deli' is not equal with actual property value 'null'

2019-02-18 15:50:07 - [MESSAGE][FAILED] - Expected element property value 'Uni deli' is not equal with actual property value 'null'

2019-02-18 15:50:07 - [TEST_STEP][FAILED] - verifyElementPropertyValue(a, "ObjReturn[0].NumericalOrder", 1): Expected element property value '1' is not equal with actual property value 'null'

2019-02-18 15:50:07 - [MESSAGE][FAILED] - Expected element property value '1' is not equal with actual property value 'null'

2019-02-18 15:50:07 - [TEST_STEP][FAILED] - verifyElementPropertyValue(a, "ObjReturn[1].DeviceId", 63): Expected element property value '63' is not equal with actual property value 'null'

2019-02-18 15:50:07 - [MESSAGE][FAILED] - Expected element property value '63' is not equal with actual property value 'null'

2019-02-18 15:50:07 - [TEST_STEP][FAILED] - verifyElementPropertyValue(a, "ObjReturn[1].AgencyId", 17): Expected element property value '17' is not equal with actual property value 'null'

2019-02-18 15:50:07 - [MESSAGE][FAILED] - Expected element property value '17' is not equal with actual property value 'null'

2019-02-18 15:50:07 - [TEST_STEP][FAILED] - verifyElementPropertyValue(a, "ObjReturn[1].DeviceTypeId", 1): Expected element property value '1' is not equal with actual property value 'null'

2019-02-18 15:50:07 - [MESSAGE][FAILED] - Expected element property value '1' is not equal with actual property value 'null'

2019-02-18 15:50:07 - [TEST_STEP][FAILED] - verifyElementPropertyValue(a, "ObjReturn[1].DeviceName", "test2"): Expected element property value 'test2' is not equal with actual property value 'null'

2019-02-18 15:50:07 - [MESSAGE][FAILED] - Expected element property value 'test2' is not equal with actual property value 'null'

2019-02-18 15:50:07 - [TEST_STEP][FAILED] - verifyElementPropertyValue(a, "ObjReturn[1].DeviceCode", "123124"): Expected element property value '123124' is not equal with actual property value 'null'

2019-02-18 15:50:07 - [MESSAGE][FAILED] - Expected element property value '123124' is not equal with actual property value 'null'

2019-02-18 15:50:07 - [TEST_STEP][FAILED] - verifyElementPropertyValue(a, "ObjReturn[1].GuarantyStartDate", "00:00 01/01/2019"): Expected element property value '00:00 01/01/2019' is not equal with actual property value 'null'

2019-02-18 15:50:07 - [MESSAGE][FAILED] - Expected element property value '00:00 01/01/2019' is not equal with actual property value 'null'

2019-02-18 15:50:07 - [TEST_STEP][FAILED] - verifyElementPropertyValue(a, "ObjReturn[1].GuarantyEndDate", "00:00 09/02/2019"): Expected element property value '00:00 09/02/2019' is not equal with actual property value 'null'

2019-02-18 15:50:07 - [MESSAGE][FAILED] - Expected element property value '00:00 09/02/2019' is not equal with actual property value 'null'

2019-02-18 15:50:07 - [TEST_STEP][FAILED] - verifyElementPropertyValue(a, "ObjReturn[1].Ip", "192.123.23.12"): Expected element property value '192.123.23.12' is not equal with actual property value 'null'

2019-02-18 15:50:07 - [MESSAGE][FAILED] - Expected element property value '192.123.23.12' is not equal with actual property value 'null'

2019-02-18 15:50:07 - [TEST_STEP][FAILED] - verifyElementPropertyValue(a, "ObjReturn[1].Port", "80"): Expected element property value '80' is not equal with actual property value 'null'

2019-02-18 15:50:07 - [MESSAGE][FAILED] - Expected element property value '80' is not equal with actual property value 'null'

2019-02-18 15:50:07 - [TEST_STEP][FAILED] - verifyElementPropertyValue(a, "ObjReturn[1].DeviceAccount", "123"): Expected element property value '123' is not equal with actual property value 'null'

2019-02-18 15:50:07 - [MESSAGE][FAILED] - Expected element property value '123' is not equal with actual property value 'null'

2019-02-18 15:50:07 - [TEST_STEP][FAILED] - verifyElementPropertyValue(a, "ObjReturn[1].DevicePassword", "123"): Expected element property value '123' is not equal with actual property value 'null'

2019-02-18 15:50:07 - [MESSAGE][FAILED] - Expected element property value '123' is not equal with actual property value 'null'

2019-02-18 15:50:07 - [TEST_STEP][FAILED] - verifyElementPropertyValue(a, "ObjReturn[1].SettingDate", "00:00 11/01/2019"): Expected element property value '00:00 11/01/2019' is not equal with actual property value 'null'

2019-02-18 15:50:07 - [MESSAGE][FAILED] - Expected element property value '00:00 11/01/2019' is not equal with actual property value 'null'

2019-02-18 15:50:07 - [TEST_STEP][FAILED] - verifyElementPropertyValue(a, "ObjReturn[1].Other", "wdsdqsd"): Expected element property value 'wdsdqsd' is not equal with actual property value 'null'

2019-02-18 15:50:07 - [MESSAGE][FAILED] - Expected element property value 'wdsdqsd' is not equal with actual property value 'null'

2019-02-18 15:50:07 - [TEST_STEP][FAILED] - verifyElementPropertyValue(a, "ObjReturn[1].CreateDate", "14:18 17/01/2019"): Expected element property value '14:18 17/01/2019' is not equal with actual property value 'null'

2019-02-18 15:50:07 - [MESSAGE][FAILED] - Expected element property value '14:18 17/01/2019' is not equal with actual property value 'null'

2019-02-18 15:50:07 - [TEST_STEP][PASSED] - verifyElementPropertyValue(a, "ObjReturn[1].UpdateDate", null): Verify element property value successfully

2019-02-18 15:50:07 - [MESSAGE][PASSED] - Verify element property value successfully

2019-02-18 15:50:07 - [TEST_STEP][FAILED] - verifyElementPropertyValue(a, "ObjReturn[1].CompanyName", "Uni space"): Expected element property value 'Uni space' is not equal with actual property value 'null'

2019-02-18 15:50:07 - [MESSAGE][FAILED] - Expected element property value 'Uni space' is not equal with actual property value 'null'

2019-02-18 15:50:07 - [TEST_STEP][FAILED] - verifyElementPropertyValue(a, "ObjReturn[1].AgencyName", "Uni deli"): Expected element property value 'Uni deli' is not equal with actual property value 'null'

2019-02-18 15:50:07 - [MESSAGE][FAILED] - Expected element property value 'Uni deli' is not equal with actual property value 'null'

2019-02-18 15:50:07 - [TEST_STEP][FAILED] - verifyElementPropertyValue(a, "ObjReturn[1].NumericalOrder", 2): verifyElementPropertyValue(a, "ObjReturn[1].NumericalOrder", 2) FAILED.
Reason:
com.kms.katalon.core.exception.StepFailedException: Unable to verify element property value (Root cause: Variable 'IsError' is not defined for test case.)
	at com.kms.katalon.core.keyword.internal.KeywordMain.stepFailed(KeywordMain.groovy:32)
	at com.kms.katalon.core.keyword.internal.KeywordMain.stepFailed(KeywordMain.groovy)
	at com.kms.katalon.core.keyword.internal.KeywordMain.runKeyword(KeywordMain.groovy:56)
	at com.kms.katalon.core.webservice.keyword.builtin.VerifyElementPropertyValueKeyword.verifyElementPropertyValue(VerifyElementPropertyValueKeyword.groovy:48)
	at com.kms.katalon.core.webservice.keyword.builtin.VerifyElementPropertyValueKeyword.execute(VerifyElementPropertyValueKeyword.groovy:43)
	at com.kms.katalon.core.keyword.internal.KeywordExecutor.executeKeywordForPlatform(KeywordExecutor.groovy:53)
	at com.kms.katalon.core.webservice.keyword.WSBuiltInKeywords.verifyElementPropertyValue(WSBuiltInKeywords.groovy:123)
	at com.kms.katalon.core.webservice.keyword.WSBuiltInKeywords$verifyElementPropertyValue$1.call(Unknown Source)
	at 38GetDeviceByDeviceTypeID1.run(38GetDeviceByDeviceTypeID1:20)
	at com.kms.katalon.core.main.ScriptEngine.run(ScriptEngine.java:194)
	at com.kms.katalon.core.main.ScriptEngine.runScriptAsRawText(ScriptEngine.java:119)
	at com.kms.katalon.core.main.TestCaseExecutor.runScript(TestCaseExecutor.java:328)
	at com.kms.katalon.core.main.TestCaseExecutor.doExecute(TestCaseExecutor.java:319)
	at com.kms.katalon.core.main.TestCaseExecutor.processExecutionPhase(TestCaseExecutor.java:298)
	at com.kms.katalon.core.main.TestCaseExecutor.accessMainPhase(TestCaseExecutor.java:290)
	at com.kms.katalon.core.main.TestCaseExecutor.execute(TestCaseExecutor.java:224)
	at com.kms.katalon.core.main.TestSuiteExecutor.accessTestCaseMainPhase(TestSuiteExecutor.java:129)
	at com.kms.katalon.core.main.TestSuiteExecutor.accessTestSuiteMainPhase(TestSuiteExecutor.java:112)
	at com.kms.katalon.core.main.TestSuiteExecutor.execute(TestSuiteExecutor.java:81)
	at com.kms.katalon.core.main.TestCaseMain.startTestSuite(TestCaseMain.java:149)
	at com.kms.katalon.core.main.TestCaseMain$startTestSuite$0.call(Unknown Source)
	at TempTestSuite1550479786763.run(TempTestSuite1550479786763.groovy:36)


2019-02-18 15:50:07 - [MESSAGE][FAILED] - Expected element property value '2' is not equal with actual property value 'null'

2019-02-18 15:50:07 - [MESSAGE][FAILED] - verifyElementPropertyValue(a, "ObjReturn[1].NumericalOrder", 2) FAILED.
Reason:
com.kms.katalon.core.exception.StepFailedException: Unable to verify element property value (Root cause: Variable 'IsError' is not defined for test case.)
	at com.kms.katalon.core.keyword.internal.KeywordMain.stepFailed(KeywordMain.groovy:32)
	at com.kms.katalon.core.keyword.internal.KeywordMain.stepFailed(KeywordMain.groovy)
	at com.kms.katalon.core.keyword.internal.KeywordMain.runKeyword(KeywordMain.groovy:56)
	at com.kms.katalon.core.webservice.keyword.builtin.VerifyElementPropertyValueKeyword.verifyElementPropertyValue(VerifyElementPropertyValueKeyword.groovy:48)
	at com.kms.katalon.core.webservice.keyword.builtin.VerifyElementPropertyValueKeyword.execute(VerifyElementPropertyValueKeyword.groovy:43)
	at com.kms.katalon.core.keyword.internal.KeywordExecutor.executeKeywordForPlatform(KeywordExecutor.groovy:53)
	at com.kms.katalon.core.webservice.keyword.WSBuiltInKeywords.verifyElementPropertyValue(WSBuiltInKeywords.groovy:123)
	at com.kms.katalon.core.webservice.keyword.WSBuiltInKeywords$verifyElementPropertyValue$1.call(Unknown Source)
	at 38GetDeviceByDeviceTypeID1.run(38GetDeviceByDeviceTypeID1:20)
	at com.kms.katalon.core.main.ScriptEngine.run(ScriptEngine.java:194)
	at com.kms.katalon.core.main.ScriptEngine.runScriptAsRawText(ScriptEngine.java:119)
	at com.kms.katalon.core.main.TestCaseExecutor.runScript(TestCaseExecutor.java:328)
	at com.kms.katalon.core.main.TestCaseExecutor.doExecute(TestCaseExecutor.java:319)
	at com.kms.katalon.core.main.TestCaseExecutor.processExecutionPhase(TestCaseExecutor.java:298)
	at com.kms.katalon.core.main.TestCaseExecutor.accessMainPhase(TestCaseExecutor.java:290)
	at com.kms.katalon.core.main.TestCaseExecutor.execute(TestCaseExecutor.java:224)
	at com.kms.katalon.core.main.TestSuiteExecutor.accessTestCaseMainPhase(TestSuiteExecutor.java:129)
	at com.kms.katalon.core.main.TestSuiteExecutor.accessTestSuiteMainPhase(TestSuiteExecutor.java:112)
	at com.kms.katalon.core.main.TestSuiteExecutor.execute(TestSuiteExecutor.java:81)
	at com.kms.katalon.core.main.TestCaseMain.startTestSuite(TestCaseMain.java:149)
	at com.kms.katalon.core.main.TestCaseMain$startTestSuite$0.call(Unknown Source)
	at TempTestSuite1550479786763.run(TempTestSuite1550479786763.groovy:36)]]></system-out>
         <system-err><![CDATA[2019-02-18 15:50:06 - [TEST_CASE][FAILED] - Test Cases/Agency/38GetDeviceByDeviceTypeID1: Test Cases/Agency/38GetDeviceByDeviceTypeID1 FAILED.
Reason:
com.kms.katalon.core.exception.StepFailedException: Unable to verify element property value (Root cause: Variable 'IsError' is not defined for test case.)
	at com.kms.katalon.core.keyword.internal.KeywordMain.stepFailed(KeywordMain.groovy:32)
	at com.kms.katalon.core.keyword.internal.KeywordMain.stepFailed(KeywordMain.groovy)
	at com.kms.katalon.core.keyword.internal.KeywordMain.runKeyword(KeywordMain.groovy:56)
	at com.kms.katalon.core.webservice.keyword.builtin.VerifyElementPropertyValueKeyword.verifyElementPropertyValue(VerifyElementPropertyValueKeyword.groovy:48)
	at com.kms.katalon.core.webservice.keyword.builtin.VerifyElementPropertyValueKeyword.execute(VerifyElementPropertyValueKeyword.groovy:43)
	at com.kms.katalon.core.keyword.internal.KeywordExecutor.executeKeywordForPlatform(KeywordExecutor.groovy:53)
	at com.kms.katalon.core.webservice.keyword.WSBuiltInKeywords.verifyElementPropertyValue(WSBuiltInKeywords.groovy:123)
	at com.kms.katalon.core.webservice.keyword.WSBuiltInKeywords$verifyElementPropertyValue$1.call(Unknown Source)
	at 38GetDeviceByDeviceTypeID1.run(38GetDeviceByDeviceTypeID1:20)
	at com.kms.katalon.core.main.ScriptEngine.run(ScriptEngine.java:194)
	at com.kms.katalon.core.main.ScriptEngine.runScriptAsRawText(ScriptEngine.java:119)
	at com.kms.katalon.core.main.TestCaseExecutor.runScript(TestCaseExecutor.java:328)
	at com.kms.katalon.core.main.TestCaseExecutor.doExecute(TestCaseExecutor.java:319)
	at com.kms.katalon.core.main.TestCaseExecutor.processExecutionPhase(TestCaseExecutor.java:298)
	at com.kms.katalon.core.main.TestCaseExecutor.accessMainPhase(TestCaseExecutor.java:290)
	at com.kms.katalon.core.main.TestCaseExecutor.execute(TestCaseExecutor.java:224)
	at com.kms.katalon.core.main.TestSuiteExecutor.accessTestCaseMainPhase(TestSuiteExecutor.java:129)
	at com.kms.katalon.core.main.TestSuiteExecutor.accessTestSuiteMainPhase(TestSuiteExecutor.java:112)
	at com.kms.katalon.core.main.TestSuiteExecutor.execute(TestSuiteExecutor.java:81)
	at com.kms.katalon.core.main.TestCaseMain.startTestSuite(TestCaseMain.java:149)
	at com.kms.katalon.core.main.TestCaseMain$startTestSuite$0.call(Unknown Source)
	at TempTestSuite1550479786763.run(TempTestSuite1550479786763.groovy:36)]]></system-err>
      </testcase>
      <testcase name="Test Cases/Agency/39ServiceITSupport1" classname="Test Cases/Agency/39ServiceITSupport1" status="FAILED">
         <failure type="FAILED" message="Test Cases/Agency/39ServiceITSupport1 FAILED.
Reason:
com.kms.katalon.core.exception.StepFailedException: Unable to verify element property value (Root cause: Variable 'IsError' is not defined for test case.)
	at com.kms.katalon.core.keyword.internal.KeywordMain.stepFailed(KeywordMain.groovy:32)
	at com.kms.katalon.core.keyword.internal.KeywordMain.stepFailed(KeywordMain.groovy)
	at com.kms.katalon.core.keyword.internal.KeywordMain.runKeyword(KeywordMain.groovy:56)
	at com.kms.katalon.core.webservice.keyword.builtin.VerifyElementPropertyValueKeyword.verifyElementPropertyValue(VerifyElementPropertyValueKeyword.groovy:48)
	at com.kms.katalon.core.webservice.keyword.builtin.VerifyElementPropertyValueKeyword.execute(VerifyElementPropertyValueKeyword.groovy:43)
	at com.kms.katalon.core.keyword.internal.KeywordExecutor.executeKeywordForPlatform(KeywordExecutor.groovy:53)
	at com.kms.katalon.core.webservice.keyword.WSBuiltInKeywords.verifyElementPropertyValue(WSBuiltInKeywords.groovy:123)
	at com.kms.katalon.core.webservice.keyword.WSBuiltInKeywords$verifyElementPropertyValue$1.call(Unknown Source)
	at 39ServiceITSupport1.run(39ServiceITSupport1:20)
	at com.kms.katalon.core.main.ScriptEngine.run(ScriptEngine.java:194)
	at com.kms.katalon.core.main.ScriptEngine.runScriptAsRawText(ScriptEngine.java:119)
	at com.kms.katalon.core.main.TestCaseExecutor.runScript(TestCaseExecutor.java:328)
	at com.kms.katalon.core.main.TestCaseExecutor.doExecute(TestCaseExecutor.java:319)
	at com.kms.katalon.core.main.TestCaseExecutor.processExecutionPhase(TestCaseExecutor.java:298)
	at com.kms.katalon.core.main.TestCaseExecutor.accessMainPhase(TestCaseExecutor.java:290)
	at com.kms.katalon.core.main.TestCaseExecutor.execute(TestCaseExecutor.java:224)
	at com.kms.katalon.core.main.TestSuiteExecutor.accessTestCaseMainPhase(TestSuiteExecutor.java:129)
	at com.kms.katalon.core.main.TestSuiteExecutor.accessTestSuiteMainPhase(TestSuiteExecutor.java:112)
	at com.kms.katalon.core.main.TestSuiteExecutor.execute(TestSuiteExecutor.java:81)
	at com.kms.katalon.core.main.TestCaseMain.startTestSuite(TestCaseMain.java:149)
	at com.kms.katalon.core.main.TestCaseMain$startTestSuite$0.call(Unknown Source)
	at TempTestSuite1550479786763.run(TempTestSuite1550479786763.groovy:36)
"/>
         <system-out><![CDATA[2019-02-18 15:50:07 - [TEST_CASE][FAILED] - Test Cases/Agency/39ServiceITSupport1: Test Cases/Agency/39ServiceITSupport1 FAILED.
Reason:
com.kms.katalon.core.exception.StepFailedException: Unable to verify element property value (Root cause: Variable 'IsError' is not defined for test case.)
	at com.kms.katalon.core.keyword.internal.KeywordMain.stepFailed(KeywordMain.groovy:32)
	at com.kms.katalon.core.keyword.internal.KeywordMain.stepFailed(KeywordMain.groovy)
	at com.kms.katalon.core.keyword.internal.KeywordMain.runKeyword(KeywordMain.groovy:56)
	at com.kms.katalon.core.webservice.keyword.builtin.VerifyElementPropertyValueKeyword.verifyElementPropertyValue(VerifyElementPropertyValueKeyword.groovy:48)
	at com.kms.katalon.core.webservice.keyword.builtin.VerifyElementPropertyValueKeyword.execute(VerifyElementPropertyValueKeyword.groovy:43)
	at com.kms.katalon.core.keyword.internal.KeywordExecutor.executeKeywordForPlatform(KeywordExecutor.groovy:53)
	at com.kms.katalon.core.webservice.keyword.WSBuiltInKeywords.verifyElementPropertyValue(WSBuiltInKeywords.groovy:123)
	at com.kms.katalon.core.webservice.keyword.WSBuiltInKeywords$verifyElementPropertyValue$1.call(Unknown Source)
	at 39ServiceITSupport1.run(39ServiceITSupport1:20)
	at com.kms.katalon.core.main.ScriptEngine.run(ScriptEngine.java:194)
	at com.kms.katalon.core.main.ScriptEngine.runScriptAsRawText(ScriptEngine.java:119)
	at com.kms.katalon.core.main.TestCaseExecutor.runScript(TestCaseExecutor.java:328)
	at com.kms.katalon.core.main.TestCaseExecutor.doExecute(TestCaseExecutor.java:319)
	at com.kms.katalon.core.main.TestCaseExecutor.processExecutionPhase(TestCaseExecutor.java:298)
	at com.kms.katalon.core.main.TestCaseExecutor.accessMainPhase(TestCaseExecutor.java:290)
	at com.kms.katalon.core.main.TestCaseExecutor.execute(TestCaseExecutor.java:224)
	at com.kms.katalon.core.main.TestSuiteExecutor.accessTestCaseMainPhase(TestSuiteExecutor.java:129)
	at com.kms.katalon.core.main.TestSuiteExecutor.accessTestSuiteMainPhase(TestSuiteExecutor.java:112)
	at com.kms.katalon.core.main.TestSuiteExecutor.execute(TestSuiteExecutor.java:81)
	at com.kms.katalon.core.main.TestCaseMain.startTestSuite(TestCaseMain.java:149)
	at com.kms.katalon.core.main.TestCaseMain$startTestSuite$0.call(Unknown Source)
	at TempTestSuite1550479786763.run(TempTestSuite1550479786763.groovy:36)


2019-02-18 15:50:08 - [TEST_STEP][PASSED] - a = sendRequest(findTestObject("Agency/39ServiceITSupport")): Send request successfully

2019-02-18 15:50:08 - [MESSAGE][PASSED] - Send request successfully

2019-02-18 15:50:08 - [TEST_STEP][PASSED] - verifyResponseStatusCode(a, 200): Verify response status code successfully

2019-02-18 15:50:08 - [MESSAGE][PASSED] - Verify response status code successfully

2019-02-18 15:50:08 - [TEST_STEP][FAILED] - verifyElementPropertyValue(a, ".IsError", false): Unable to verify element property value (Root cause: Variable 'IsError' is not defined for test case.)

2019-02-18 15:50:08 - [MESSAGE][FAILED] - Unable to verify element property value (Root cause: Variable 'IsError' is not defined for test case.)

2019-02-18 15:50:08 - [TEST_STEP][FAILED] - verifyElementPropertyValue(a, "ObjReturn[0].NumericalOrder", 1): Expected element property value '1' is not equal with actual property value 'null'

2019-02-18 15:50:08 - [MESSAGE][FAILED] - Expected element property value '1' is not equal with actual property value 'null'

2019-02-18 15:50:08 - [TEST_STEP][FAILED] - verifyElementPropertyValue(a, "ObjReturn[0].ServiceITSupportId", 2): Expected element property value '2' is not equal with actual property value 'null'

2019-02-18 15:50:08 - [MESSAGE][FAILED] - Expected element property value '2' is not equal with actual property value 'null'

2019-02-18 15:50:08 - [TEST_STEP][FAILED] - verifyElementPropertyValue(a, "ObjReturn[0].ServiceName", "CAMERA"): Expected element property value 'CAMERA' is not equal with actual property value 'null'

2019-02-18 15:50:08 - [MESSAGE][FAILED] - Expected element property value 'CAMERA' is not equal with actual property value 'null'

2019-02-18 15:50:08 - [TEST_STEP][FAILED] - verifyElementPropertyValue(a, "ObjReturn[0].Description", "Sửa Camera"): Expected element property value 'Sửa Camera' is not equal with actual property value 'null'

2019-02-18 15:50:08 - [MESSAGE][FAILED] - Expected element property value 'Sửa Camera' is not equal with actual property value 'null'

2019-02-18 15:50:08 - [TEST_STEP][FAILED] - verifyElementPropertyValue(a, "ObjReturn[0].CreateDate", "00:00 10/10/2018"): Expected element property value '00:00 10/10/2018' is not equal with actual property value 'null'

2019-02-18 15:50:08 - [MESSAGE][FAILED] - Expected element property value '00:00 10/10/2018' is not equal with actual property value 'null'

2019-02-18 15:50:08 - [TEST_STEP][FAILED] - verifyElementPropertyValue(a, "ObjReturn[0].UpdateDate", "17:31 10/11/2018"): Expected element property value '17:31 10/11/2018' is not equal with actual property value 'null'

2019-02-18 15:50:08 - [MESSAGE][FAILED] - Expected element property value '17:31 10/11/2018' is not equal with actual property value 'null'

2019-02-18 15:50:08 - [TEST_STEP][FAILED] - verifyElementPropertyValue(a, "ObjReturn[1].NumericalOrder", 2): Unable to verify element property value (Root cause: java.lang.NullPointerException: Cannot get property 'NumericalOrder' on null object)

2019-02-18 15:50:08 - [MESSAGE][FAILED] - Unable to verify element property value (Root cause: java.lang.NullPointerException: Cannot get property 'NumericalOrder' on null object)

2019-02-18 15:50:08 - [TEST_STEP][FAILED] - verifyElementPropertyValue(a, "ObjReturn[1].ServiceITSupportId", 14): Unable to verify element property value (Root cause: java.lang.NullPointerException: Cannot get property 'ServiceITSupportId' on null object)

2019-02-18 15:50:08 - [MESSAGE][FAILED] - Unable to verify element property value (Root cause: java.lang.NullPointerException: Cannot get property 'ServiceITSupportId' on null object)

2019-02-18 15:50:08 - [TEST_STEP][FAILED] - verifyElementPropertyValue(a, "ObjReturn[1].ServiceName", "SOFTWARE"): Unable to verify element property value (Root cause: java.lang.NullPointerException: Cannot get property 'ServiceName' on null object)

2019-02-18 15:50:08 - [MESSAGE][FAILED] - Unable to verify element property value (Root cause: java.lang.NullPointerException: Cannot get property 'ServiceName' on null object)

2019-02-18 15:50:08 - [TEST_STEP][FAILED] - verifyElementPropertyValue(a, "ObjReturn[1].Description", "Sửa phầm mềm cho quán"): Unable to verify element property value (Root cause: java.lang.NullPointerException: Cannot get property 'Description' on null object)

2019-02-18 15:50:08 - [MESSAGE][FAILED] - Unable to verify element property value (Root cause: java.lang.NullPointerException: Cannot get property 'Description' on null object)

2019-02-18 15:50:08 - [TEST_STEP][FAILED] - verifyElementPropertyValue(a, "ObjReturn[1].CreateDate", "01:58 13/11/2018"): Unable to verify element property value (Root cause: java.lang.NullPointerException: Cannot get property 'CreateDate' on null object)

2019-02-18 15:50:08 - [MESSAGE][FAILED] - Unable to verify element property value (Root cause: java.lang.NullPointerException: Cannot get property 'CreateDate' on null object)

2019-02-18 15:50:08 - [TEST_STEP][FAILED] - verifyElementPropertyValue(a, "ObjReturn[1].UpdateDate", "14:03 13/11/2018"): verifyElementPropertyValue(a, "ObjReturn[1].UpdateDate", "14:03 13/11/2018") FAILED.
Reason:
com.kms.katalon.core.exception.StepFailedException: Unable to verify element property value (Root cause: Variable 'IsError' is not defined for test case.)
	at com.kms.katalon.core.keyword.internal.KeywordMain.stepFailed(KeywordMain.groovy:32)
	at com.kms.katalon.core.keyword.internal.KeywordMain.stepFailed(KeywordMain.groovy)
	at com.kms.katalon.core.keyword.internal.KeywordMain.runKeyword(KeywordMain.groovy:56)
	at com.kms.katalon.core.webservice.keyword.builtin.VerifyElementPropertyValueKeyword.verifyElementPropertyValue(VerifyElementPropertyValueKeyword.groovy:48)
	at com.kms.katalon.core.webservice.keyword.builtin.VerifyElementPropertyValueKeyword.execute(VerifyElementPropertyValueKeyword.groovy:43)
	at com.kms.katalon.core.keyword.internal.KeywordExecutor.executeKeywordForPlatform(KeywordExecutor.groovy:53)
	at com.kms.katalon.core.webservice.keyword.WSBuiltInKeywords.verifyElementPropertyValue(WSBuiltInKeywords.groovy:123)
	at com.kms.katalon.core.webservice.keyword.WSBuiltInKeywords$verifyElementPropertyValue$1.call(Unknown Source)
	at 39ServiceITSupport1.run(39ServiceITSupport1:20)
	at com.kms.katalon.core.main.ScriptEngine.run(ScriptEngine.java:194)
	at com.kms.katalon.core.main.ScriptEngine.runScriptAsRawText(ScriptEngine.java:119)
	at com.kms.katalon.core.main.TestCaseExecutor.runScript(TestCaseExecutor.java:328)
	at com.kms.katalon.core.main.TestCaseExecutor.doExecute(TestCaseExecutor.java:319)
	at com.kms.katalon.core.main.TestCaseExecutor.processExecutionPhase(TestCaseExecutor.java:298)
	at com.kms.katalon.core.main.TestCaseExecutor.accessMainPhase(TestCaseExecutor.java:290)
	at com.kms.katalon.core.main.TestCaseExecutor.execute(TestCaseExecutor.java:224)
	at com.kms.katalon.core.main.TestSuiteExecutor.accessTestCaseMainPhase(TestSuiteExecutor.java:129)
	at com.kms.katalon.core.main.TestSuiteExecutor.accessTestSuiteMainPhase(TestSuiteExecutor.java:112)
	at com.kms.katalon.core.main.TestSuiteExecutor.execute(TestSuiteExecutor.java:81)
	at com.kms.katalon.core.main.TestCaseMain.startTestSuite(TestCaseMain.java:149)
	at com.kms.katalon.core.main.TestCaseMain$startTestSuite$0.call(Unknown Source)
	at TempTestSuite1550479786763.run(TempTestSuite1550479786763.groovy:36)


2019-02-18 15:50:08 - [MESSAGE][FAILED] - Unable to verify element property value (Root cause: java.lang.NullPointerException: Cannot get property 'UpdateDate' on null object)

2019-02-18 15:50:08 - [MESSAGE][FAILED] - verifyElementPropertyValue(a, "ObjReturn[1].UpdateDate", "14:03 13/11/2018") FAILED.
Reason:
com.kms.katalon.core.exception.StepFailedException: Unable to verify element property value (Root cause: Variable 'IsError' is not defined for test case.)
	at com.kms.katalon.core.keyword.internal.KeywordMain.stepFailed(KeywordMain.groovy:32)
	at com.kms.katalon.core.keyword.internal.KeywordMain.stepFailed(KeywordMain.groovy)
	at com.kms.katalon.core.keyword.internal.KeywordMain.runKeyword(KeywordMain.groovy:56)
	at com.kms.katalon.core.webservice.keyword.builtin.VerifyElementPropertyValueKeyword.verifyElementPropertyValue(VerifyElementPropertyValueKeyword.groovy:48)
	at com.kms.katalon.core.webservice.keyword.builtin.VerifyElementPropertyValueKeyword.execute(VerifyElementPropertyValueKeyword.groovy:43)
	at com.kms.katalon.core.keyword.internal.KeywordExecutor.executeKeywordForPlatform(KeywordExecutor.groovy:53)
	at com.kms.katalon.core.webservice.keyword.WSBuiltInKeywords.verifyElementPropertyValue(WSBuiltInKeywords.groovy:123)
	at com.kms.katalon.core.webservice.keyword.WSBuiltInKeywords$verifyElementPropertyValue$1.call(Unknown Source)
	at 39ServiceITSupport1.run(39ServiceITSupport1:20)
	at com.kms.katalon.core.main.ScriptEngine.run(ScriptEngine.java:194)
	at com.kms.katalon.core.main.ScriptEngine.runScriptAsRawText(ScriptEngine.java:119)
	at com.kms.katalon.core.main.TestCaseExecutor.runScript(TestCaseExecutor.java:328)
	at com.kms.katalon.core.main.TestCaseExecutor.doExecute(TestCaseExecutor.java:319)
	at com.kms.katalon.core.main.TestCaseExecutor.processExecutionPhase(TestCaseExecutor.java:298)
	at com.kms.katalon.core.main.TestCaseExecutor.accessMainPhase(TestCaseExecutor.java:290)
	at com.kms.katalon.core.main.TestCaseExecutor.execute(TestCaseExecutor.java:224)
	at com.kms.katalon.core.main.TestSuiteExecutor.accessTestCaseMainPhase(TestSuiteExecutor.java:129)
	at com.kms.katalon.core.main.TestSuiteExecutor.accessTestSuiteMainPhase(TestSuiteExecutor.java:112)
	at com.kms.katalon.core.main.TestSuiteExecutor.execute(TestSuiteExecutor.java:81)
	at com.kms.katalon.core.main.TestCaseMain.startTestSuite(TestCaseMain.java:149)
	at com.kms.katalon.core.main.TestCaseMain$startTestSuite$0.call(Unknown Source)
	at TempTestSuite1550479786763.run(TempTestSuite1550479786763.groovy:36)]]></system-out>
         <system-err><![CDATA[2019-02-18 15:50:07 - [TEST_CASE][FAILED] - Test Cases/Agency/39ServiceITSupport1: Test Cases/Agency/39ServiceITSupport1 FAILED.
Reason:
com.kms.katalon.core.exception.StepFailedException: Unable to verify element property value (Root cause: Variable 'IsError' is not defined for test case.)
	at com.kms.katalon.core.keyword.internal.KeywordMain.stepFailed(KeywordMain.groovy:32)
	at com.kms.katalon.core.keyword.internal.KeywordMain.stepFailed(KeywordMain.groovy)
	at com.kms.katalon.core.keyword.internal.KeywordMain.runKeyword(KeywordMain.groovy:56)
	at com.kms.katalon.core.webservice.keyword.builtin.VerifyElementPropertyValueKeyword.verifyElementPropertyValue(VerifyElementPropertyValueKeyword.groovy:48)
	at com.kms.katalon.core.webservice.keyword.builtin.VerifyElementPropertyValueKeyword.execute(VerifyElementPropertyValueKeyword.groovy:43)
	at com.kms.katalon.core.keyword.internal.KeywordExecutor.executeKeywordForPlatform(KeywordExecutor.groovy:53)
	at com.kms.katalon.core.webservice.keyword.WSBuiltInKeywords.verifyElementPropertyValue(WSBuiltInKeywords.groovy:123)
	at com.kms.katalon.core.webservice.keyword.WSBuiltInKeywords$verifyElementPropertyValue$1.call(Unknown Source)
	at 39ServiceITSupport1.run(39ServiceITSupport1:20)
	at com.kms.katalon.core.main.ScriptEngine.run(ScriptEngine.java:194)
	at com.kms.katalon.core.main.ScriptEngine.runScriptAsRawText(ScriptEngine.java:119)
	at com.kms.katalon.core.main.TestCaseExecutor.runScript(TestCaseExecutor.java:328)
	at com.kms.katalon.core.main.TestCaseExecutor.doExecute(TestCaseExecutor.java:319)
	at com.kms.katalon.core.main.TestCaseExecutor.processExecutionPhase(TestCaseExecutor.java:298)
	at com.kms.katalon.core.main.TestCaseExecutor.accessMainPhase(TestCaseExecutor.java:290)
	at com.kms.katalon.core.main.TestCaseExecutor.execute(TestCaseExecutor.java:224)
	at com.kms.katalon.core.main.TestSuiteExecutor.accessTestCaseMainPhase(TestSuiteExecutor.java:129)
	at com.kms.katalon.core.main.TestSuiteExecutor.accessTestSuiteMainPhase(TestSuiteExecutor.java:112)
	at com.kms.katalon.core.main.TestSuiteExecutor.execute(TestSuiteExecutor.java:81)
	at com.kms.katalon.core.main.TestCaseMain.startTestSuite(TestCaseMain.java:149)
	at com.kms.katalon.core.main.TestCaseMain$startTestSuite$0.call(Unknown Source)
	at TempTestSuite1550479786763.run(TempTestSuite1550479786763.groovy:36)]]></system-err>
      </testcase>
      <testcase name="Test Cases/Agency/40ServiceItem1" classname="Test Cases/Agency/40ServiceItem1" status="FAILED">
         <failure type="FAILED" message="Test Cases/Agency/40ServiceItem1 FAILED.
Reason:
com.kms.katalon.core.exception.StepFailedException: Unable to verify element property value (Root cause: Variable 'IsError' is not defined for test case.)
	at com.kms.katalon.core.keyword.internal.KeywordMain.stepFailed(KeywordMain.groovy:32)
	at com.kms.katalon.core.keyword.internal.KeywordMain.stepFailed(KeywordMain.groovy)
	at com.kms.katalon.core.keyword.internal.KeywordMain.runKeyword(KeywordMain.groovy:56)
	at com.kms.katalon.core.webservice.keyword.builtin.VerifyElementPropertyValueKeyword.verifyElementPropertyValue(VerifyElementPropertyValueKeyword.groovy:48)
	at com.kms.katalon.core.webservice.keyword.builtin.VerifyElementPropertyValueKeyword.execute(VerifyElementPropertyValueKeyword.groovy:43)
	at com.kms.katalon.core.keyword.internal.KeywordExecutor.executeKeywordForPlatform(KeywordExecutor.groovy:53)
	at com.kms.katalon.core.webservice.keyword.WSBuiltInKeywords.verifyElementPropertyValue(WSBuiltInKeywords.groovy:123)
	at com.kms.katalon.core.webservice.keyword.WSBuiltInKeywords$verifyElementPropertyValue$1.call(Unknown Source)
	at 40ServiceItem1.run(40ServiceItem1:20)
	at com.kms.katalon.core.main.ScriptEngine.run(ScriptEngine.java:194)
	at com.kms.katalon.core.main.ScriptEngine.runScriptAsRawText(ScriptEngine.java:119)
	at com.kms.katalon.core.main.TestCaseExecutor.runScript(TestCaseExecutor.java:328)
	at com.kms.katalon.core.main.TestCaseExecutor.doExecute(TestCaseExecutor.java:319)
	at com.kms.katalon.core.main.TestCaseExecutor.processExecutionPhase(TestCaseExecutor.java:298)
	at com.kms.katalon.core.main.TestCaseExecutor.accessMainPhase(TestCaseExecutor.java:290)
	at com.kms.katalon.core.main.TestCaseExecutor.execute(TestCaseExecutor.java:224)
	at com.kms.katalon.core.main.TestSuiteExecutor.accessTestCaseMainPhase(TestSuiteExecutor.java:129)
	at com.kms.katalon.core.main.TestSuiteExecutor.accessTestSuiteMainPhase(TestSuiteExecutor.java:112)
	at com.kms.katalon.core.main.TestSuiteExecutor.execute(TestSuiteExecutor.java:81)
	at com.kms.katalon.core.main.TestCaseMain.startTestSuite(TestCaseMain.java:149)
	at com.kms.katalon.core.main.TestCaseMain$startTestSuite$0.call(Unknown Source)
	at TempTestSuite1550479786763.run(TempTestSuite1550479786763.groovy:36)
"/>
         <system-out><![CDATA[2019-02-18 15:50:08 - [TEST_CASE][FAILED] - Test Cases/Agency/40ServiceItem1: Test Cases/Agency/40ServiceItem1 FAILED.
Reason:
com.kms.katalon.core.exception.StepFailedException: Unable to verify element property value (Root cause: Variable 'IsError' is not defined for test case.)
	at com.kms.katalon.core.keyword.internal.KeywordMain.stepFailed(KeywordMain.groovy:32)
	at com.kms.katalon.core.keyword.internal.KeywordMain.stepFailed(KeywordMain.groovy)
	at com.kms.katalon.core.keyword.internal.KeywordMain.runKeyword(KeywordMain.groovy:56)
	at com.kms.katalon.core.webservice.keyword.builtin.VerifyElementPropertyValueKeyword.verifyElementPropertyValue(VerifyElementPropertyValueKeyword.groovy:48)
	at com.kms.katalon.core.webservice.keyword.builtin.VerifyElementPropertyValueKeyword.execute(VerifyElementPropertyValueKeyword.groovy:43)
	at com.kms.katalon.core.keyword.internal.KeywordExecutor.executeKeywordForPlatform(KeywordExecutor.groovy:53)
	at com.kms.katalon.core.webservice.keyword.WSBuiltInKeywords.verifyElementPropertyValue(WSBuiltInKeywords.groovy:123)
	at com.kms.katalon.core.webservice.keyword.WSBuiltInKeywords$verifyElementPropertyValue$1.call(Unknown Source)
	at 40ServiceItem1.run(40ServiceItem1:20)
	at com.kms.katalon.core.main.ScriptEngine.run(ScriptEngine.java:194)
	at com.kms.katalon.core.main.ScriptEngine.runScriptAsRawText(ScriptEngine.java:119)
	at com.kms.katalon.core.main.TestCaseExecutor.runScript(TestCaseExecutor.java:328)
	at com.kms.katalon.core.main.TestCaseExecutor.doExecute(TestCaseExecutor.java:319)
	at com.kms.katalon.core.main.TestCaseExecutor.processExecutionPhase(TestCaseExecutor.java:298)
	at com.kms.katalon.core.main.TestCaseExecutor.accessMainPhase(TestCaseExecutor.java:290)
	at com.kms.katalon.core.main.TestCaseExecutor.execute(TestCaseExecutor.java:224)
	at com.kms.katalon.core.main.TestSuiteExecutor.accessTestCaseMainPhase(TestSuiteExecutor.java:129)
	at com.kms.katalon.core.main.TestSuiteExecutor.accessTestSuiteMainPhase(TestSuiteExecutor.java:112)
	at com.kms.katalon.core.main.TestSuiteExecutor.execute(TestSuiteExecutor.java:81)
	at com.kms.katalon.core.main.TestCaseMain.startTestSuite(TestCaseMain.java:149)
	at com.kms.katalon.core.main.TestCaseMain$startTestSuite$0.call(Unknown Source)
	at TempTestSuite1550479786763.run(TempTestSuite1550479786763.groovy:36)


2019-02-18 15:50:08 - [TEST_STEP][PASSED] - a = sendRequest(findTestObject("Agency/40ServiceItem")): Send request successfully

2019-02-18 15:50:09 - [MESSAGE][PASSED] - Send request successfully

2019-02-18 15:50:09 - [TEST_STEP][PASSED] - verifyResponseStatusCode(a, 200): Verify response status code successfully

2019-02-18 15:50:09 - [MESSAGE][PASSED] - Verify response status code successfully

2019-02-18 15:50:09 - [TEST_STEP][FAILED] - verifyElementPropertyValue(a, ".IsError", false): Unable to verify element property value (Root cause: Variable 'IsError' is not defined for test case.)

2019-02-18 15:50:09 - [MESSAGE][FAILED] - Unable to verify element property value (Root cause: Variable 'IsError' is not defined for test case.)

2019-02-18 15:50:09 - [TEST_STEP][PASSED] - verifyElementPropertyValue(a, "ObjReturn[0].NumericalOrder", 1): Verify element property value successfully

2019-02-18 15:50:09 - [MESSAGE][PASSED] - Verify element property value successfully

2019-02-18 15:50:09 - [TEST_STEP][PASSED] - verifyElementPropertyValue(a, "ObjReturn[0].ServiceId", 1): Verify element property value successfully

2019-02-18 15:50:09 - [MESSAGE][PASSED] - Verify element property value successfully

2019-02-18 15:50:09 - [TEST_STEP][PASSED] - verifyElementPropertyValue(a, "ObjReturn[0].ServiceItemId", 1): Verify element property value successfully

2019-02-18 15:50:09 - [MESSAGE][PASSED] - Verify element property value successfully

2019-02-18 15:50:09 - [TEST_STEP][PASSED] - verifyElementPropertyValue(a, "ObjReturn[0].ServiceItemName", "Wifi không vào được"): Verify element property value successfully

2019-02-18 15:50:09 - [MESSAGE][PASSED] - Verify element property value successfully

2019-02-18 15:50:09 - [TEST_STEP][PASSED] - verifyElementPropertyValue(a, "ObjReturn[0].Description", "Wifi của bạn không vào được? Bạn không biết làm gì để sửa chúng! Hãy để chúng tôi giúp bạn"): Verify element property value successfully

2019-02-18 15:50:09 - [MESSAGE][PASSED] - Verify element property value successfully

2019-02-18 15:50:09 - [TEST_STEP][FAILED] - verifyElementPropertyValue(a, "ObjReturn[0].CreateDate", "00:00 03/10/2018"): Expected element property value '00:00 03/10/2018' is not equal with actual property value '2018-10-03T00:00:00'

2019-02-18 15:50:09 - [MESSAGE][FAILED] - Expected element property value '00:00 03/10/2018' is not equal with actual property value '2018-10-03T00:00:00'

2019-02-18 15:50:09 - [TEST_STEP][FAILED] - verifyElementPropertyValue(a, "ObjReturn[0].UpdateDate", "11:35 14/11/2018"): Expected element property value '11:35 14/11/2018' is not equal with actual property value '2018-11-14T11:35:39.433'

2019-02-18 15:50:09 - [MESSAGE][FAILED] - Expected element property value '11:35 14/11/2018' is not equal with actual property value '2018-11-14T11:35:39.433'

2019-02-18 15:50:09 - [TEST_STEP][FAILED] - verifyElementPropertyValue(a, "ObjReturn[0].ServiceName", "WIFI"): Expected element property value 'WIFI' is not equal with actual property value 'null'

2019-02-18 15:50:09 - [MESSAGE][FAILED] - Expected element property value 'WIFI' is not equal with actual property value 'null'

2019-02-18 15:50:09 - [TEST_STEP][PASSED] - verifyElementPropertyValue(a, "ObjReturn[1].NumericalOrder", 2): Verify element property value successfully

2019-02-18 15:50:09 - [MESSAGE][PASSED] - Verify element property value successfully

2019-02-18 15:50:09 - [TEST_STEP][PASSED] - verifyElementPropertyValue(a, "ObjReturn[1].ServiceId", 1): Verify element property value successfully

2019-02-18 15:50:09 - [MESSAGE][PASSED] - Verify element property value successfully

2019-02-18 15:50:09 - [TEST_STEP][PASSED] - verifyElementPropertyValue(a, "ObjReturn[1].ServiceItemId", 6): Verify element property value successfully

2019-02-18 15:50:09 - [MESSAGE][PASSED] - Verify element property value successfully

2019-02-18 15:50:09 - [TEST_STEP][PASSED] - verifyElementPropertyValue(a, "ObjReturn[1].ServiceItemName", "Wifi chậm"): Verify element property value successfully

2019-02-18 15:50:09 - [MESSAGE][PASSED] - Verify element property value successfully

2019-02-18 15:50:09 - [TEST_STEP][PASSED] - verifyElementPropertyValue(a, "ObjReturn[1].Description", "Wifi bạn chậm quá! Hãy để chúng tôi giúp cho nhé"): Verify element property value successfully

2019-02-18 15:50:09 - [MESSAGE][PASSED] - Verify element property value successfully

2019-02-18 15:50:09 - [TEST_STEP][FAILED] - verifyElementPropertyValue(a, "ObjReturn[1].CreateDate", "00:00 19/10/2018"): Expected element property value '00:00 19/10/2018' is not equal with actual property value '2018-10-19T00:00:00'

2019-02-18 15:50:09 - [MESSAGE][FAILED] - Expected element property value '00:00 19/10/2018' is not equal with actual property value '2018-10-19T00:00:00'

2019-02-18 15:50:09 - [TEST_STEP][FAILED] - verifyElementPropertyValue(a, "ObjReturn[1].UpdateDate", "00:00 19/10/2018"): Expected element property value '00:00 19/10/2018' is not equal with actual property value '2018-10-19T00:00:00'

2019-02-18 15:50:09 - [MESSAGE][FAILED] - Expected element property value '00:00 19/10/2018' is not equal with actual property value '2018-10-19T00:00:00'

2019-02-18 15:50:09 - [TEST_STEP][FAILED] - verifyElementPropertyValue(a, "ObjReturn[1].ServiceName", "WIFI"): Expected element property value 'WIFI' is not equal with actual property value 'null'

2019-02-18 15:50:09 - [MESSAGE][FAILED] - Expected element property value 'WIFI' is not equal with actual property value 'null'

2019-02-18 15:50:09 - [TEST_STEP][PASSED] - verifyElementPropertyValue(a, "ObjReturn[2].NumericalOrder", 3): Verify element property value successfully

2019-02-18 15:50:09 - [MESSAGE][PASSED] - Verify element property value successfully

2019-02-18 15:50:09 - [TEST_STEP][PASSED] - verifyElementPropertyValue(a, "ObjReturn[2].ServiceId", 1): Verify element property value successfully

2019-02-18 15:50:09 - [MESSAGE][PASSED] - Verify element property value successfully

2019-02-18 15:50:09 - [TEST_STEP][PASSED] - verifyElementPropertyValue(a, "ObjReturn[2].ServiceItemId", 7): Verify element property value successfully

2019-02-18 15:50:09 - [MESSAGE][PASSED] - Verify element property value successfully

2019-02-18 15:50:09 - [TEST_STEP][PASSED] - verifyElementPropertyValue(a, "ObjReturn[2].ServiceItemName", "Wifi mất kết nối"): Verify element property value successfully

2019-02-18 15:50:09 - [MESSAGE][PASSED] - Verify element property value successfully

2019-02-18 15:50:09 - [TEST_STEP][FAILED] - verifyElementPropertyValue(a, "ObjReturn[2].Description", null): Expected element property value 'null' is not equal with actual property value ''

2019-02-18 15:50:09 - [MESSAGE][FAILED] - Expected element property value 'null' is not equal with actual property value ''

2019-02-18 15:50:09 - [TEST_STEP][FAILED] - verifyElementPropertyValue(a, "ObjReturn[2].CreateDate", "10:49 14/11/2018"): Expected element property value '10:49 14/11/2018' is not equal with actual property value '2018-11-14T10:49:26.603'

2019-02-18 15:50:09 - [MESSAGE][FAILED] - Expected element property value '10:49 14/11/2018' is not equal with actual property value '2018-11-14T10:49:26.603'

2019-02-18 15:50:09 - [TEST_STEP][FAILED] - verifyElementPropertyValue(a, "ObjReturn[2].UpdateDate", "12:38 21/01/2019"): Expected element property value '12:38 21/01/2019' is not equal with actual property value '2019-01-21T12:38:33.107'

2019-02-18 15:50:09 - [MESSAGE][FAILED] - Expected element property value '12:38 21/01/2019' is not equal with actual property value '2019-01-21T12:38:33.107'

2019-02-18 15:50:09 - [TEST_STEP][FAILED] - verifyElementPropertyValue(a, "ObjReturn[2].ServiceName", "WIFI"): Expected element property value 'WIFI' is not equal with actual property value 'null'

2019-02-18 15:50:09 - [MESSAGE][FAILED] - Expected element property value 'WIFI' is not equal with actual property value 'null'

2019-02-18 15:50:09 - [TEST_STEP][PASSED] - verifyElementPropertyValue(a, "ObjReturn[3].NumericalOrder", 4): Verify element property value successfully

2019-02-18 15:50:09 - [MESSAGE][PASSED] - Verify element property value successfully

2019-02-18 15:50:09 - [TEST_STEP][PASSED] - verifyElementPropertyValue(a, "ObjReturn[3].ServiceId", 1): Verify element property value successfully

2019-02-18 15:50:09 - [MESSAGE][PASSED] - Verify element property value successfully

2019-02-18 15:50:09 - [TEST_STEP][PASSED] - verifyElementPropertyValue(a, "ObjReturn[3].ServiceItemId", 20): Verify element property value successfully

2019-02-18 15:50:09 - [MESSAGE][PASSED] - Verify element property value successfully

2019-02-18 15:50:09 - [TEST_STEP][FAILED] - verifyElementPropertyValue(a, "ObjReturn[3].ServiceItemName", "Wifi chậm"): Expected element property value 'Wifi chậm' is not equal with actual property value 'test'

2019-02-18 15:50:09 - [MESSAGE][FAILED] - Expected element property value 'Wifi chậm' is not equal with actual property value 'test'

2019-02-18 15:50:09 - [TEST_STEP][FAILED] - verifyElementPropertyValue(a, "ObjReturn[3].Description", null): Expected element property value 'null' is not equal with actual property value 'hbhb'

2019-02-18 15:50:09 - [MESSAGE][FAILED] - Expected element property value 'null' is not equal with actual property value 'hbhb'

2019-02-18 15:50:09 - [TEST_STEP][FAILED] - verifyElementPropertyValue(a, "ObjReturn[3].CreateDate", "16:52 14/01/2019"): Expected element property value '16:52 14/01/2019' is not equal with actual property value '2019-01-14T16:52:20.71'

2019-02-18 15:50:09 - [MESSAGE][FAILED] - Expected element property value '16:52 14/01/2019' is not equal with actual property value '2019-01-14T16:52:20.71'

2019-02-18 15:50:09 - [TEST_STEP][FAILED] - verifyElementPropertyValue(a, "ObjReturn[3].UpdateDate", "15:13 17/01/2019"): Expected element property value '15:13 17/01/2019' is not equal with actual property value '2019-02-14T10:03:48.82'

2019-02-18 15:50:09 - [MESSAGE][FAILED] - Expected element property value '15:13 17/01/2019' is not equal with actual property value '2019-02-14T10:03:48.82'

2019-02-18 15:50:09 - [TEST_STEP][FAILED] - verifyElementPropertyValue(a, "ObjReturn[3].ServiceName", "WIFI"): verifyElementPropertyValue(a, "ObjReturn[3].ServiceName", "WIFI") FAILED.
Reason:
com.kms.katalon.core.exception.StepFailedException: Unable to verify element property value (Root cause: Variable 'IsError' is not defined for test case.)
	at com.kms.katalon.core.keyword.internal.KeywordMain.stepFailed(KeywordMain.groovy:32)
	at com.kms.katalon.core.keyword.internal.KeywordMain.stepFailed(KeywordMain.groovy)
	at com.kms.katalon.core.keyword.internal.KeywordMain.runKeyword(KeywordMain.groovy:56)
	at com.kms.katalon.core.webservice.keyword.builtin.VerifyElementPropertyValueKeyword.verifyElementPropertyValue(VerifyElementPropertyValueKeyword.groovy:48)
	at com.kms.katalon.core.webservice.keyword.builtin.VerifyElementPropertyValueKeyword.execute(VerifyElementPropertyValueKeyword.groovy:43)
	at com.kms.katalon.core.keyword.internal.KeywordExecutor.executeKeywordForPlatform(KeywordExecutor.groovy:53)
	at com.kms.katalon.core.webservice.keyword.WSBuiltInKeywords.verifyElementPropertyValue(WSBuiltInKeywords.groovy:123)
	at com.kms.katalon.core.webservice.keyword.WSBuiltInKeywords$verifyElementPropertyValue$1.call(Unknown Source)
	at 40ServiceItem1.run(40ServiceItem1:20)
	at com.kms.katalon.core.main.ScriptEngine.run(ScriptEngine.java:194)
	at com.kms.katalon.core.main.ScriptEngine.runScriptAsRawText(ScriptEngine.java:119)
	at com.kms.katalon.core.main.TestCaseExecutor.runScript(TestCaseExecutor.java:328)
	at com.kms.katalon.core.main.TestCaseExecutor.doExecute(TestCaseExecutor.java:319)
	at com.kms.katalon.core.main.TestCaseExecutor.processExecutionPhase(TestCaseExecutor.java:298)
	at com.kms.katalon.core.main.TestCaseExecutor.accessMainPhase(TestCaseExecutor.java:290)
	at com.kms.katalon.core.main.TestCaseExecutor.execute(TestCaseExecutor.java:224)
	at com.kms.katalon.core.main.TestSuiteExecutor.accessTestCaseMainPhase(TestSuiteExecutor.java:129)
	at com.kms.katalon.core.main.TestSuiteExecutor.accessTestSuiteMainPhase(TestSuiteExecutor.java:112)
	at com.kms.katalon.core.main.TestSuiteExecutor.execute(TestSuiteExecutor.java:81)
	at com.kms.katalon.core.main.TestCaseMain.startTestSuite(TestCaseMain.java:149)
	at com.kms.katalon.core.main.TestCaseMain$startTestSuite$0.call(Unknown Source)
	at TempTestSuite1550479786763.run(TempTestSuite1550479786763.groovy:36)


2019-02-18 15:50:09 - [MESSAGE][FAILED] - Expected element property value 'WIFI' is not equal with actual property value 'null'

2019-02-18 15:50:09 - [MESSAGE][FAILED] - verifyElementPropertyValue(a, "ObjReturn[3].ServiceName", "WIFI") FAILED.
Reason:
com.kms.katalon.core.exception.StepFailedException: Unable to verify element property value (Root cause: Variable 'IsError' is not defined for test case.)
	at com.kms.katalon.core.keyword.internal.KeywordMain.stepFailed(KeywordMain.groovy:32)
	at com.kms.katalon.core.keyword.internal.KeywordMain.stepFailed(KeywordMain.groovy)
	at com.kms.katalon.core.keyword.internal.KeywordMain.runKeyword(KeywordMain.groovy:56)
	at com.kms.katalon.core.webservice.keyword.builtin.VerifyElementPropertyValueKeyword.verifyElementPropertyValue(VerifyElementPropertyValueKeyword.groovy:48)
	at com.kms.katalon.core.webservice.keyword.builtin.VerifyElementPropertyValueKeyword.execute(VerifyElementPropertyValueKeyword.groovy:43)
	at com.kms.katalon.core.keyword.internal.KeywordExecutor.executeKeywordForPlatform(KeywordExecutor.groovy:53)
	at com.kms.katalon.core.webservice.keyword.WSBuiltInKeywords.verifyElementPropertyValue(WSBuiltInKeywords.groovy:123)
	at com.kms.katalon.core.webservice.keyword.WSBuiltInKeywords$verifyElementPropertyValue$1.call(Unknown Source)
	at 40ServiceItem1.run(40ServiceItem1:20)
	at com.kms.katalon.core.main.ScriptEngine.run(ScriptEngine.java:194)
	at com.kms.katalon.core.main.ScriptEngine.runScriptAsRawText(ScriptEngine.java:119)
	at com.kms.katalon.core.main.TestCaseExecutor.runScript(TestCaseExecutor.java:328)
	at com.kms.katalon.core.main.TestCaseExecutor.doExecute(TestCaseExecutor.java:319)
	at com.kms.katalon.core.main.TestCaseExecutor.processExecutionPhase(TestCaseExecutor.java:298)
	at com.kms.katalon.core.main.TestCaseExecutor.accessMainPhase(TestCaseExecutor.java:290)
	at com.kms.katalon.core.main.TestCaseExecutor.execute(TestCaseExecutor.java:224)
	at com.kms.katalon.core.main.TestSuiteExecutor.accessTestCaseMainPhase(TestSuiteExecutor.java:129)
	at com.kms.katalon.core.main.TestSuiteExecutor.accessTestSuiteMainPhase(TestSuiteExecutor.java:112)
	at com.kms.katalon.core.main.TestSuiteExecutor.execute(TestSuiteExecutor.java:81)
	at com.kms.katalon.core.main.TestCaseMain.startTestSuite(TestCaseMain.java:149)
	at com.kms.katalon.core.main.TestCaseMain$startTestSuite$0.call(Unknown Source)
	at TempTestSuite1550479786763.run(TempTestSuite1550479786763.groovy:36)]]></system-out>
         <system-err><![CDATA[2019-02-18 15:50:08 - [TEST_CASE][FAILED] - Test Cases/Agency/40ServiceItem1: Test Cases/Agency/40ServiceItem1 FAILED.
Reason:
com.kms.katalon.core.exception.StepFailedException: Unable to verify element property value (Root cause: Variable 'IsError' is not defined for test case.)
	at com.kms.katalon.core.keyword.internal.KeywordMain.stepFailed(KeywordMain.groovy:32)
	at com.kms.katalon.core.keyword.internal.KeywordMain.stepFailed(KeywordMain.groovy)
	at com.kms.katalon.core.keyword.internal.KeywordMain.runKeyword(KeywordMain.groovy:56)
	at com.kms.katalon.core.webservice.keyword.builtin.VerifyElementPropertyValueKeyword.verifyElementPropertyValue(VerifyElementPropertyValueKeyword.groovy:48)
	at com.kms.katalon.core.webservice.keyword.builtin.VerifyElementPropertyValueKeyword.execute(VerifyElementPropertyValueKeyword.groovy:43)
	at com.kms.katalon.core.keyword.internal.KeywordExecutor.executeKeywordForPlatform(KeywordExecutor.groovy:53)
	at com.kms.katalon.core.webservice.keyword.WSBuiltInKeywords.verifyElementPropertyValue(WSBuiltInKeywords.groovy:123)
	at com.kms.katalon.core.webservice.keyword.WSBuiltInKeywords$verifyElementPropertyValue$1.call(Unknown Source)
	at 40ServiceItem1.run(40ServiceItem1:20)
	at com.kms.katalon.core.main.ScriptEngine.run(ScriptEngine.java:194)
	at com.kms.katalon.core.main.ScriptEngine.runScriptAsRawText(ScriptEngine.java:119)
	at com.kms.katalon.core.main.TestCaseExecutor.runScript(TestCaseExecutor.java:328)
	at com.kms.katalon.core.main.TestCaseExecutor.doExecute(TestCaseExecutor.java:319)
	at com.kms.katalon.core.main.TestCaseExecutor.processExecutionPhase(TestCaseExecutor.java:298)
	at com.kms.katalon.core.main.TestCaseExecutor.accessMainPhase(TestCaseExecutor.java:290)
	at com.kms.katalon.core.main.TestCaseExecutor.execute(TestCaseExecutor.java:224)
	at com.kms.katalon.core.main.TestSuiteExecutor.accessTestCaseMainPhase(TestSuiteExecutor.java:129)
	at com.kms.katalon.core.main.TestSuiteExecutor.accessTestSuiteMainPhase(TestSuiteExecutor.java:112)
	at com.kms.katalon.core.main.TestSuiteExecutor.execute(TestSuiteExecutor.java:81)
	at com.kms.katalon.core.main.TestCaseMain.startTestSuite(TestCaseMain.java:149)
	at com.kms.katalon.core.main.TestCaseMain$startTestSuite$0.call(Unknown Source)
	at TempTestSuite1550479786763.run(TempTestSuite1550479786763.groovy:36)]]></system-err>
      </testcase>
      <testcase name="Test Cases/Agency/41DeviceInAgencyServiceGroup1" classname="Test Cases/Agency/41DeviceInAgencyServiceGroup1" status="FAILED">
         <failure type="FAILED" message="Test Cases/Agency/41DeviceInAgencyServiceGroup1 FAILED.
Reason:
com.kms.katalon.core.exception.StepFailedException: Unable to verify element property value (Root cause: Variable 'IsError' is not defined for test case.)
	at com.kms.katalon.core.keyword.internal.KeywordMain.stepFailed(KeywordMain.groovy:32)
	at com.kms.katalon.core.keyword.internal.KeywordMain.stepFailed(KeywordMain.groovy)
	at com.kms.katalon.core.keyword.internal.KeywordMain.runKeyword(KeywordMain.groovy:56)
	at com.kms.katalon.core.webservice.keyword.builtin.VerifyElementPropertyValueKeyword.verifyElementPropertyValue(VerifyElementPropertyValueKeyword.groovy:48)
	at com.kms.katalon.core.webservice.keyword.builtin.VerifyElementPropertyValueKeyword.execute(VerifyElementPropertyValueKeyword.groovy:43)
	at com.kms.katalon.core.keyword.internal.KeywordExecutor.executeKeywordForPlatform(KeywordExecutor.groovy:53)
	at com.kms.katalon.core.webservice.keyword.WSBuiltInKeywords.verifyElementPropertyValue(WSBuiltInKeywords.groovy:123)
	at com.kms.katalon.core.webservice.keyword.WSBuiltInKeywords$verifyElementPropertyValue$1.call(Unknown Source)
	at 41DeviceInAgencyServiceGroup1.run(41DeviceInAgencyServiceGroup1:20)
	at com.kms.katalon.core.main.ScriptEngine.run(ScriptEngine.java:194)
	at com.kms.katalon.core.main.ScriptEngine.runScriptAsRawText(ScriptEngine.java:119)
	at com.kms.katalon.core.main.TestCaseExecutor.runScript(TestCaseExecutor.java:328)
	at com.kms.katalon.core.main.TestCaseExecutor.doExecute(TestCaseExecutor.java:319)
	at com.kms.katalon.core.main.TestCaseExecutor.processExecutionPhase(TestCaseExecutor.java:298)
	at com.kms.katalon.core.main.TestCaseExecutor.accessMainPhase(TestCaseExecutor.java:290)
	at com.kms.katalon.core.main.TestCaseExecutor.execute(TestCaseExecutor.java:224)
	at com.kms.katalon.core.main.TestSuiteExecutor.accessTestCaseMainPhase(TestSuiteExecutor.java:129)
	at com.kms.katalon.core.main.TestSuiteExecutor.accessTestSuiteMainPhase(TestSuiteExecutor.java:112)
	at com.kms.katalon.core.main.TestSuiteExecutor.execute(TestSuiteExecutor.java:81)
	at com.kms.katalon.core.main.TestCaseMain.startTestSuite(TestCaseMain.java:149)
	at com.kms.katalon.core.main.TestCaseMain$startTestSuite$0.call(Unknown Source)
	at TempTestSuite1550479786763.run(TempTestSuite1550479786763.groovy:36)
"/>
         <system-out><![CDATA[2019-02-18 15:50:09 - [TEST_CASE][FAILED] - Test Cases/Agency/41DeviceInAgencyServiceGroup1: Test Cases/Agency/41DeviceInAgencyServiceGroup1 FAILED.
Reason:
com.kms.katalon.core.exception.StepFailedException: Unable to verify element property value (Root cause: Variable 'IsError' is not defined for test case.)
	at com.kms.katalon.core.keyword.internal.KeywordMain.stepFailed(KeywordMain.groovy:32)
	at com.kms.katalon.core.keyword.internal.KeywordMain.stepFailed(KeywordMain.groovy)
	at com.kms.katalon.core.keyword.internal.KeywordMain.runKeyword(KeywordMain.groovy:56)
	at com.kms.katalon.core.webservice.keyword.builtin.VerifyElementPropertyValueKeyword.verifyElementPropertyValue(VerifyElementPropertyValueKeyword.groovy:48)
	at com.kms.katalon.core.webservice.keyword.builtin.VerifyElementPropertyValueKeyword.execute(VerifyElementPropertyValueKeyword.groovy:43)
	at com.kms.katalon.core.keyword.internal.KeywordExecutor.executeKeywordForPlatform(KeywordExecutor.groovy:53)
	at com.kms.katalon.core.webservice.keyword.WSBuiltInKeywords.verifyElementPropertyValue(WSBuiltInKeywords.groovy:123)
	at com.kms.katalon.core.webservice.keyword.WSBuiltInKeywords$verifyElementPropertyValue$1.call(Unknown Source)
	at 41DeviceInAgencyServiceGroup1.run(41DeviceInAgencyServiceGroup1:20)
	at com.kms.katalon.core.main.ScriptEngine.run(ScriptEngine.java:194)
	at com.kms.katalon.core.main.ScriptEngine.runScriptAsRawText(ScriptEngine.java:119)
	at com.kms.katalon.core.main.TestCaseExecutor.runScript(TestCaseExecutor.java:328)
	at com.kms.katalon.core.main.TestCaseExecutor.doExecute(TestCaseExecutor.java:319)
	at com.kms.katalon.core.main.TestCaseExecutor.processExecutionPhase(TestCaseExecutor.java:298)
	at com.kms.katalon.core.main.TestCaseExecutor.accessMainPhase(TestCaseExecutor.java:290)
	at com.kms.katalon.core.main.TestCaseExecutor.execute(TestCaseExecutor.java:224)
	at com.kms.katalon.core.main.TestSuiteExecutor.accessTestCaseMainPhase(TestSuiteExecutor.java:129)
	at com.kms.katalon.core.main.TestSuiteExecutor.accessTestSuiteMainPhase(TestSuiteExecutor.java:112)
	at com.kms.katalon.core.main.TestSuiteExecutor.execute(TestSuiteExecutor.java:81)
	at com.kms.katalon.core.main.TestCaseMain.startTestSuite(TestCaseMain.java:149)
	at com.kms.katalon.core.main.TestCaseMain$startTestSuite$0.call(Unknown Source)
	at TempTestSuite1550479786763.run(TempTestSuite1550479786763.groovy:36)


2019-02-18 15:50:10 - [TEST_STEP][PASSED] - a = sendRequest(findTestObject("Agency/41DeviceInAgencyServiceGroup")): Send request successfully

2019-02-18 15:50:10 - [MESSAGE][PASSED] - Send request successfully

2019-02-18 15:50:10 - [TEST_STEP][PASSED] - verifyResponseStatusCode(a, 200): Verify response status code successfully

2019-02-18 15:50:10 - [MESSAGE][PASSED] - Verify response status code successfully

2019-02-18 15:50:10 - [TEST_STEP][FAILED] - verifyElementPropertyValue(a, ".IsError", false): Unable to verify element property value (Root cause: Variable 'IsError' is not defined for test case.)

2019-02-18 15:50:10 - [MESSAGE][FAILED] - Unable to verify element property value (Root cause: Variable 'IsError' is not defined for test case.)

2019-02-18 15:50:10 - [TEST_STEP][FAILED] - verifyElementPropertyValue(a, "ObjReturn[0].DeviceId", 19): Expected element property value '19' is not equal with actual property value 'null'

2019-02-18 15:50:10 - [MESSAGE][FAILED] - Expected element property value '19' is not equal with actual property value 'null'

2019-02-18 15:50:10 - [TEST_STEP][FAILED] - verifyElementPropertyValue(a, "ObjReturn[0].AgencyId", 3): Expected element property value '3' is not equal with actual property value 'null'

2019-02-18 15:50:10 - [MESSAGE][FAILED] - Expected element property value '3' is not equal with actual property value 'null'

2019-02-18 15:50:10 - [TEST_STEP][FAILED] - verifyElementPropertyValue(a, "ObjReturn[0].DeviceTypeId", 4): Expected element property value '4' is not equal with actual property value 'null'

2019-02-18 15:50:10 - [MESSAGE][FAILED] - Expected element property value '4' is not equal with actual property value 'null'

2019-02-18 15:50:10 - [TEST_STEP][FAILED] - verifyElementPropertyValue(a, "ObjReturn[0].DeviceName", "POS115"): Expected element property value 'POS115' is not equal with actual property value 'null'

2019-02-18 15:50:10 - [MESSAGE][FAILED] - Expected element property value 'POS115' is not equal with actual property value 'null'

2019-02-18 15:50:10 - [TEST_STEP][FAILED] - verifyElementPropertyValue(a, "ObjReturn[0].DeviceCode", "PKADS85"): Expected element property value 'PKADS85' is not equal with actual property value 'null'

2019-02-18 15:50:10 - [MESSAGE][FAILED] - Expected element property value 'PKADS85' is not equal with actual property value 'null'

2019-02-18 15:50:10 - [TEST_STEP][FAILED] - verifyElementPropertyValue(a, "ObjReturn[0].GuarantyStartDate", "00:00 23/10/2018"): Expected element property value '00:00 23/10/2018' is not equal with actual property value 'null'

2019-02-18 15:50:10 - [MESSAGE][FAILED] - Expected element property value '00:00 23/10/2018' is not equal with actual property value 'null'

2019-02-18 15:50:10 - [TEST_STEP][FAILED] - verifyElementPropertyValue(a, "ObjReturn[0].GuarantyEndDate", "00:00 31/10/2018"): Expected element property value '00:00 31/10/2018' is not equal with actual property value 'null'

2019-02-18 15:50:10 - [MESSAGE][FAILED] - Expected element property value '00:00 31/10/2018' is not equal with actual property value 'null'

2019-02-18 15:50:10 - [TEST_STEP][FAILED] - verifyElementPropertyValue(a, "ObjReturn[0].Ip", "35.35.145.1"): Expected element property value '35.35.145.1' is not equal with actual property value 'null'

2019-02-18 15:50:10 - [MESSAGE][FAILED] - Expected element property value '35.35.145.1' is not equal with actual property value 'null'

2019-02-18 15:50:10 - [TEST_STEP][FAILED] - verifyElementPropertyValue(a, "ObjReturn[0].Port", "80"): Expected element property value '80' is not equal with actual property value 'null'

2019-02-18 15:50:10 - [MESSAGE][FAILED] - Expected element property value '80' is not equal with actual property value 'null'

2019-02-18 15:50:10 - [TEST_STEP][FAILED] - verifyElementPropertyValue(a, "ObjReturn[0].DeviceAccount", "1"): Expected element property value '1' is not equal with actual property value 'null'

2019-02-18 15:50:10 - [MESSAGE][FAILED] - Expected element property value '1' is not equal with actual property value 'null'

2019-02-18 15:50:10 - [TEST_STEP][FAILED] - verifyElementPropertyValue(a, "ObjReturn[0].DevicePassword", "1"): Expected element property value '1' is not equal with actual property value 'null'

2019-02-18 15:50:10 - [MESSAGE][FAILED] - Expected element property value '1' is not equal with actual property value 'null'

2019-02-18 15:50:10 - [TEST_STEP][FAILED] - verifyElementPropertyValue(a, "ObjReturn[0].SettingDate", "00:00 30/10/2018"): Expected element property value '00:00 30/10/2018' is not equal with actual property value 'null'

2019-02-18 15:50:10 - [MESSAGE][FAILED] - Expected element property value '00:00 30/10/2018' is not equal with actual property value 'null'

2019-02-18 15:50:10 - [TEST_STEP][FAILED] - verifyElementPropertyValue(a, "ObjReturn[0].Other", "1"): Expected element property value '1' is not equal with actual property value 'null'

2019-02-18 15:50:10 - [MESSAGE][FAILED] - Expected element property value '1' is not equal with actual property value 'null'

2019-02-18 15:50:10 - [TEST_STEP][FAILED] - verifyElementPropertyValue(a, "ObjReturn[0].CreateDate", "11:04 19/10/2018"): Expected element property value '11:04 19/10/2018' is not equal with actual property value 'null'

2019-02-18 15:50:10 - [MESSAGE][FAILED] - Expected element property value '11:04 19/10/2018' is not equal with actual property value 'null'

2019-02-18 15:50:10 - [TEST_STEP][FAILED] - verifyElementPropertyValue(a, "ObjReturn[0].UpdateDate", "11:04 19/10/2018"): Expected element property value '11:04 19/10/2018' is not equal with actual property value 'null'

2019-02-18 15:50:10 - [MESSAGE][FAILED] - Expected element property value '11:04 19/10/2018' is not equal with actual property value 'null'

2019-02-18 15:50:10 - [TEST_STEP][FAILED] - verifyElementPropertyValue(a, "ObjReturn[0].CompanyName", "Passio"): Expected element property value 'Passio' is not equal with actual property value 'null'

2019-02-18 15:50:10 - [MESSAGE][FAILED] - Expected element property value 'Passio' is not equal with actual property value 'null'

2019-02-18 15:50:10 - [TEST_STEP][FAILED] - verifyElementPropertyValue(a, "ObjReturn[0].AgencyName", "Passio 47 TCV"): Expected element property value 'Passio 47 TCV' is not equal with actual property value 'null'

2019-02-18 15:50:10 - [MESSAGE][FAILED] - Expected element property value 'Passio 47 TCV' is not equal with actual property value 'null'

2019-02-18 15:50:10 - [TEST_STEP][FAILED] - verifyElementPropertyValue(a, "ObjReturn[0].NumericalOrder", 1): Expected element property value '1' is not equal with actual property value 'null'

2019-02-18 15:50:10 - [MESSAGE][FAILED] - Expected element property value '1' is not equal with actual property value 'null'

2019-02-18 15:50:10 - [TEST_STEP][FAILED] - verifyElementPropertyValue(a, "ObjReturn[1].DeviceId", 20): Expected element property value '20' is not equal with actual property value 'null'

2019-02-18 15:50:10 - [MESSAGE][FAILED] - Expected element property value '20' is not equal with actual property value 'null'

2019-02-18 15:50:10 - [TEST_STEP][FAILED] - verifyElementPropertyValue(a, "ObjReturn[1].AgencyId", 3): Expected element property value '3' is not equal with actual property value 'null'

2019-02-18 15:50:10 - [MESSAGE][FAILED] - Expected element property value '3' is not equal with actual property value 'null'

2019-02-18 15:50:10 - [TEST_STEP][FAILED] - verifyElementPropertyValue(a, "ObjReturn[1].DeviceTypeId", 4): Expected element property value '4' is not equal with actual property value 'null'

2019-02-18 15:50:10 - [MESSAGE][FAILED] - Expected element property value '4' is not equal with actual property value 'null'

2019-02-18 15:50:10 - [TEST_STEP][FAILED] - verifyElementPropertyValue(a, "ObjReturn[1].DeviceName", "Pos Sentos"): Expected element property value 'Pos Sentos' is not equal with actual property value 'null'

2019-02-18 15:50:10 - [MESSAGE][FAILED] - Expected element property value 'Pos Sentos' is not equal with actual property value 'null'

2019-02-18 15:50:10 - [TEST_STEP][FAILED] - verifyElementPropertyValue(a, "ObjReturn[1].DeviceCode", "PUUns20"): Expected element property value 'PUUns20' is not equal with actual property value 'null'

2019-02-18 15:50:10 - [MESSAGE][FAILED] - Expected element property value 'PUUns20' is not equal with actual property value 'null'

2019-02-18 15:50:10 - [TEST_STEP][FAILED] - verifyElementPropertyValue(a, "ObjReturn[1].GuarantyStartDate", "00:00 24/10/2018"): Expected element property value '00:00 24/10/2018' is not equal with actual property value 'null'

2019-02-18 15:50:10 - [MESSAGE][FAILED] - Expected element property value '00:00 24/10/2018' is not equal with actual property value 'null'

2019-02-18 15:50:10 - [TEST_STEP][FAILED] - verifyElementPropertyValue(a, "ObjReturn[1].GuarantyEndDate", "00:00 31/10/2018"): Expected element property value '00:00 31/10/2018' is not equal with actual property value 'null'

2019-02-18 15:50:10 - [MESSAGE][FAILED] - Expected element property value '00:00 31/10/2018' is not equal with actual property value 'null'

2019-02-18 15:50:10 - [TEST_STEP][FAILED] - verifyElementPropertyValue(a, "ObjReturn[1].Ip", "85.3.3.15"): Expected element property value '85.3.3.15' is not equal with actual property value 'null'

2019-02-18 15:50:10 - [MESSAGE][FAILED] - Expected element property value '85.3.3.15' is not equal with actual property value 'null'

2019-02-18 15:50:10 - [TEST_STEP][FAILED] - verifyElementPropertyValue(a, "ObjReturn[1].Port", "80"): Expected element property value '80' is not equal with actual property value 'null'

2019-02-18 15:50:10 - [MESSAGE][FAILED] - Expected element property value '80' is not equal with actual property value 'null'

2019-02-18 15:50:10 - [TEST_STEP][FAILED] - verifyElementPropertyValue(a, "ObjReturn[1].DeviceAccount", "1"): Expected element property value '1' is not equal with actual property value 'null'

2019-02-18 15:50:10 - [MESSAGE][FAILED] - Expected element property value '1' is not equal with actual property value 'null'

2019-02-18 15:50:10 - [TEST_STEP][FAILED] - verifyElementPropertyValue(a, "ObjReturn[1].DevicePassword", "1"): Expected element property value '1' is not equal with actual property value 'null'

2019-02-18 15:50:10 - [MESSAGE][FAILED] - Expected element property value '1' is not equal with actual property value 'null'

2019-02-18 15:50:10 - [TEST_STEP][FAILED] - verifyElementPropertyValue(a, "ObjReturn[1].SettingDate", "00:00 16/10/2018"): Expected element property value '00:00 16/10/2018' is not equal with actual property value 'null'

2019-02-18 15:50:10 - [MESSAGE][FAILED] - Expected element property value '00:00 16/10/2018' is not equal with actual property value 'null'

2019-02-18 15:50:10 - [TEST_STEP][FAILED] - verifyElementPropertyValue(a, "ObjReturn[1].Other", "1"): Expected element property value '1' is not equal with actual property value 'null'

2019-02-18 15:50:10 - [MESSAGE][FAILED] - Expected element property value '1' is not equal with actual property value 'null'

2019-02-18 15:50:10 - [TEST_STEP][FAILED] - verifyElementPropertyValue(a, "ObjReturn[1].CreateDate", "12:02 19/10/2018"): Expected element property value '12:02 19/10/2018' is not equal with actual property value 'null'

2019-02-18 15:50:10 - [MESSAGE][FAILED] - Expected element property value '12:02 19/10/2018' is not equal with actual property value 'null'

2019-02-18 15:50:10 - [TEST_STEP][FAILED] - verifyElementPropertyValue(a, "ObjReturn[1].UpdateDate", "12:02 19/10/2018"): Expected element property value '12:02 19/10/2018' is not equal with actual property value 'null'

2019-02-18 15:50:10 - [MESSAGE][FAILED] - Expected element property value '12:02 19/10/2018' is not equal with actual property value 'null'

2019-02-18 15:50:10 - [TEST_STEP][FAILED] - verifyElementPropertyValue(a, "ObjReturn[1].CompanyName", "Passio"): Expected element property value 'Passio' is not equal with actual property value 'null'

2019-02-18 15:50:10 - [MESSAGE][FAILED] - Expected element property value 'Passio' is not equal with actual property value 'null'

2019-02-18 15:50:10 - [TEST_STEP][FAILED] - verifyElementPropertyValue(a, "ObjReturn[1].AgencyName", "Passio 47 TCV"): Expected element property value 'Passio 47 TCV' is not equal with actual property value 'null'

2019-02-18 15:50:11 - [MESSAGE][FAILED] - Expected element property value 'Passio 47 TCV' is not equal with actual property value 'null'

2019-02-18 15:50:11 - [TEST_STEP][FAILED] - verifyElementPropertyValue(a, "ObjReturn[1].NumericalOrder", 2): verifyElementPropertyValue(a, "ObjReturn[1].NumericalOrder", 2) FAILED.
Reason:
com.kms.katalon.core.exception.StepFailedException: Unable to verify element property value (Root cause: Variable 'IsError' is not defined for test case.)
	at com.kms.katalon.core.keyword.internal.KeywordMain.stepFailed(KeywordMain.groovy:32)
	at com.kms.katalon.core.keyword.internal.KeywordMain.stepFailed(KeywordMain.groovy)
	at com.kms.katalon.core.keyword.internal.KeywordMain.runKeyword(KeywordMain.groovy:56)
	at com.kms.katalon.core.webservice.keyword.builtin.VerifyElementPropertyValueKeyword.verifyElementPropertyValue(VerifyElementPropertyValueKeyword.groovy:48)
	at com.kms.katalon.core.webservice.keyword.builtin.VerifyElementPropertyValueKeyword.execute(VerifyElementPropertyValueKeyword.groovy:43)
	at com.kms.katalon.core.keyword.internal.KeywordExecutor.executeKeywordForPlatform(KeywordExecutor.groovy:53)
	at com.kms.katalon.core.webservice.keyword.WSBuiltInKeywords.verifyElementPropertyValue(WSBuiltInKeywords.groovy:123)
	at com.kms.katalon.core.webservice.keyword.WSBuiltInKeywords$verifyElementPropertyValue$1.call(Unknown Source)
	at 41DeviceInAgencyServiceGroup1.run(41DeviceInAgencyServiceGroup1:20)
	at com.kms.katalon.core.main.ScriptEngine.run(ScriptEngine.java:194)
	at com.kms.katalon.core.main.ScriptEngine.runScriptAsRawText(ScriptEngine.java:119)
	at com.kms.katalon.core.main.TestCaseExecutor.runScript(TestCaseExecutor.java:328)
	at com.kms.katalon.core.main.TestCaseExecutor.doExecute(TestCaseExecutor.java:319)
	at com.kms.katalon.core.main.TestCaseExecutor.processExecutionPhase(TestCaseExecutor.java:298)
	at com.kms.katalon.core.main.TestCaseExecutor.accessMainPhase(TestCaseExecutor.java:290)
	at com.kms.katalon.core.main.TestCaseExecutor.execute(TestCaseExecutor.java:224)
	at com.kms.katalon.core.main.TestSuiteExecutor.accessTestCaseMainPhase(TestSuiteExecutor.java:129)
	at com.kms.katalon.core.main.TestSuiteExecutor.accessTestSuiteMainPhase(TestSuiteExecutor.java:112)
	at com.kms.katalon.core.main.TestSuiteExecutor.execute(TestSuiteExecutor.java:81)
	at com.kms.katalon.core.main.TestCaseMain.startTestSuite(TestCaseMain.java:149)
	at com.kms.katalon.core.main.TestCaseMain$startTestSuite$0.call(Unknown Source)
	at TempTestSuite1550479786763.run(TempTestSuite1550479786763.groovy:36)


2019-02-18 15:50:11 - [MESSAGE][FAILED] - Expected element property value '2' is not equal with actual property value 'null'

2019-02-18 15:50:11 - [MESSAGE][FAILED] - verifyElementPropertyValue(a, "ObjReturn[1].NumericalOrder", 2) FAILED.
Reason:
com.kms.katalon.core.exception.StepFailedException: Unable to verify element property value (Root cause: Variable 'IsError' is not defined for test case.)
	at com.kms.katalon.core.keyword.internal.KeywordMain.stepFailed(KeywordMain.groovy:32)
	at com.kms.katalon.core.keyword.internal.KeywordMain.stepFailed(KeywordMain.groovy)
	at com.kms.katalon.core.keyword.internal.KeywordMain.runKeyword(KeywordMain.groovy:56)
	at com.kms.katalon.core.webservice.keyword.builtin.VerifyElementPropertyValueKeyword.verifyElementPropertyValue(VerifyElementPropertyValueKeyword.groovy:48)
	at com.kms.katalon.core.webservice.keyword.builtin.VerifyElementPropertyValueKeyword.execute(VerifyElementPropertyValueKeyword.groovy:43)
	at com.kms.katalon.core.keyword.internal.KeywordExecutor.executeKeywordForPlatform(KeywordExecutor.groovy:53)
	at com.kms.katalon.core.webservice.keyword.WSBuiltInKeywords.verifyElementPropertyValue(WSBuiltInKeywords.groovy:123)
	at com.kms.katalon.core.webservice.keyword.WSBuiltInKeywords$verifyElementPropertyValue$1.call(Unknown Source)
	at 41DeviceInAgencyServiceGroup1.run(41DeviceInAgencyServiceGroup1:20)
	at com.kms.katalon.core.main.ScriptEngine.run(ScriptEngine.java:194)
	at com.kms.katalon.core.main.ScriptEngine.runScriptAsRawText(ScriptEngine.java:119)
	at com.kms.katalon.core.main.TestCaseExecutor.runScript(TestCaseExecutor.java:328)
	at com.kms.katalon.core.main.TestCaseExecutor.doExecute(TestCaseExecutor.java:319)
	at com.kms.katalon.core.main.TestCaseExecutor.processExecutionPhase(TestCaseExecutor.java:298)
	at com.kms.katalon.core.main.TestCaseExecutor.accessMainPhase(TestCaseExecutor.java:290)
	at com.kms.katalon.core.main.TestCaseExecutor.execute(TestCaseExecutor.java:224)
	at com.kms.katalon.core.main.TestSuiteExecutor.accessTestCaseMainPhase(TestSuiteExecutor.java:129)
	at com.kms.katalon.core.main.TestSuiteExecutor.accessTestSuiteMainPhase(TestSuiteExecutor.java:112)
	at com.kms.katalon.core.main.TestSuiteExecutor.execute(TestSuiteExecutor.java:81)
	at com.kms.katalon.core.main.TestCaseMain.startTestSuite(TestCaseMain.java:149)
	at com.kms.katalon.core.main.TestCaseMain$startTestSuite$0.call(Unknown Source)
	at TempTestSuite1550479786763.run(TempTestSuite1550479786763.groovy:36)]]></system-out>
         <system-err><![CDATA[2019-02-18 15:50:09 - [TEST_CASE][FAILED] - Test Cases/Agency/41DeviceInAgencyServiceGroup1: Test Cases/Agency/41DeviceInAgencyServiceGroup1 FAILED.
Reason:
com.kms.katalon.core.exception.StepFailedException: Unable to verify element property value (Root cause: Variable 'IsError' is not defined for test case.)
	at com.kms.katalon.core.keyword.internal.KeywordMain.stepFailed(KeywordMain.groovy:32)
	at com.kms.katalon.core.keyword.internal.KeywordMain.stepFailed(KeywordMain.groovy)
	at com.kms.katalon.core.keyword.internal.KeywordMain.runKeyword(KeywordMain.groovy:56)
	at com.kms.katalon.core.webservice.keyword.builtin.VerifyElementPropertyValueKeyword.verifyElementPropertyValue(VerifyElementPropertyValueKeyword.groovy:48)
	at com.kms.katalon.core.webservice.keyword.builtin.VerifyElementPropertyValueKeyword.execute(VerifyElementPropertyValueKeyword.groovy:43)
	at com.kms.katalon.core.keyword.internal.KeywordExecutor.executeKeywordForPlatform(KeywordExecutor.groovy:53)
	at com.kms.katalon.core.webservice.keyword.WSBuiltInKeywords.verifyElementPropertyValue(WSBuiltInKeywords.groovy:123)
	at com.kms.katalon.core.webservice.keyword.WSBuiltInKeywords$verifyElementPropertyValue$1.call(Unknown Source)
	at 41DeviceInAgencyServiceGroup1.run(41DeviceInAgencyServiceGroup1:20)
	at com.kms.katalon.core.main.ScriptEngine.run(ScriptEngine.java:194)
	at com.kms.katalon.core.main.ScriptEngine.runScriptAsRawText(ScriptEngine.java:119)
	at com.kms.katalon.core.main.TestCaseExecutor.runScript(TestCaseExecutor.java:328)
	at com.kms.katalon.core.main.TestCaseExecutor.doExecute(TestCaseExecutor.java:319)
	at com.kms.katalon.core.main.TestCaseExecutor.processExecutionPhase(TestCaseExecutor.java:298)
	at com.kms.katalon.core.main.TestCaseExecutor.accessMainPhase(TestCaseExecutor.java:290)
	at com.kms.katalon.core.main.TestCaseExecutor.execute(TestCaseExecutor.java:224)
	at com.kms.katalon.core.main.TestSuiteExecutor.accessTestCaseMainPhase(TestSuiteExecutor.java:129)
	at com.kms.katalon.core.main.TestSuiteExecutor.accessTestSuiteMainPhase(TestSuiteExecutor.java:112)
	at com.kms.katalon.core.main.TestSuiteExecutor.execute(TestSuiteExecutor.java:81)
	at com.kms.katalon.core.main.TestCaseMain.startTestSuite(TestCaseMain.java:149)
	at com.kms.katalon.core.main.TestCaseMain$startTestSuite$0.call(Unknown Source)
	at TempTestSuite1550479786763.run(TempTestSuite1550479786763.groovy:36)]]></system-err>
      </testcase>
      <testcase name="Test Cases/Agency/42Dashboard1" classname="Test Cases/Agency/42Dashboard1" status="FAILED">
         <failure type="FAILED" message="Test Cases/Agency/42Dashboard1 FAILED.
Reason:
com.kms.katalon.core.exception.StepFailedException: Unable to verify element property value (Root cause: Variable 'IsError' is not defined for test case.)
	at com.kms.katalon.core.keyword.internal.KeywordMain.stepFailed(KeywordMain.groovy:32)
	at com.kms.katalon.core.keyword.internal.KeywordMain.stepFailed(KeywordMain.groovy)
	at com.kms.katalon.core.keyword.internal.KeywordMain.runKeyword(KeywordMain.groovy:56)
	at com.kms.katalon.core.webservice.keyword.builtin.VerifyElementPropertyValueKeyword.verifyElementPropertyValue(VerifyElementPropertyValueKeyword.groovy:48)
	at com.kms.katalon.core.webservice.keyword.builtin.VerifyElementPropertyValueKeyword.execute(VerifyElementPropertyValueKeyword.groovy:43)
	at com.kms.katalon.core.keyword.internal.KeywordExecutor.executeKeywordForPlatform(KeywordExecutor.groovy:53)
	at com.kms.katalon.core.webservice.keyword.WSBuiltInKeywords.verifyElementPropertyValue(WSBuiltInKeywords.groovy:123)
	at com.kms.katalon.core.webservice.keyword.WSBuiltInKeywords$verifyElementPropertyValue$1.call(Unknown Source)
	at 42Dashboard1.run(42Dashboard1:20)
	at com.kms.katalon.core.main.ScriptEngine.run(ScriptEngine.java:194)
	at com.kms.katalon.core.main.ScriptEngine.runScriptAsRawText(ScriptEngine.java:119)
	at com.kms.katalon.core.main.TestCaseExecutor.runScript(TestCaseExecutor.java:328)
	at com.kms.katalon.core.main.TestCaseExecutor.doExecute(TestCaseExecutor.java:319)
	at com.kms.katalon.core.main.TestCaseExecutor.processExecutionPhase(TestCaseExecutor.java:298)
	at com.kms.katalon.core.main.TestCaseExecutor.accessMainPhase(TestCaseExecutor.java:290)
	at com.kms.katalon.core.main.TestCaseExecutor.execute(TestCaseExecutor.java:224)
	at com.kms.katalon.core.main.TestSuiteExecutor.accessTestCaseMainPhase(TestSuiteExecutor.java:129)
	at com.kms.katalon.core.main.TestSuiteExecutor.accessTestSuiteMainPhase(TestSuiteExecutor.java:112)
	at com.kms.katalon.core.main.TestSuiteExecutor.execute(TestSuiteExecutor.java:81)
	at com.kms.katalon.core.main.TestCaseMain.startTestSuite(TestCaseMain.java:149)
	at com.kms.katalon.core.main.TestCaseMain$startTestSuite$0.call(Unknown Source)
	at TempTestSuite1550479786763.run(TempTestSuite1550479786763.groovy:36)
"/>
         <system-out><![CDATA[2019-02-18 15:50:11 - [TEST_CASE][FAILED] - Test Cases/Agency/42Dashboard1: Test Cases/Agency/42Dashboard1 FAILED.
Reason:
com.kms.katalon.core.exception.StepFailedException: Unable to verify element property value (Root cause: Variable 'IsError' is not defined for test case.)
	at com.kms.katalon.core.keyword.internal.KeywordMain.stepFailed(KeywordMain.groovy:32)
	at com.kms.katalon.core.keyword.internal.KeywordMain.stepFailed(KeywordMain.groovy)
	at com.kms.katalon.core.keyword.internal.KeywordMain.runKeyword(KeywordMain.groovy:56)
	at com.kms.katalon.core.webservice.keyword.builtin.VerifyElementPropertyValueKeyword.verifyElementPropertyValue(VerifyElementPropertyValueKeyword.groovy:48)
	at com.kms.katalon.core.webservice.keyword.builtin.VerifyElementPropertyValueKeyword.execute(VerifyElementPropertyValueKeyword.groovy:43)
	at com.kms.katalon.core.keyword.internal.KeywordExecutor.executeKeywordForPlatform(KeywordExecutor.groovy:53)
	at com.kms.katalon.core.webservice.keyword.WSBuiltInKeywords.verifyElementPropertyValue(WSBuiltInKeywords.groovy:123)
	at com.kms.katalon.core.webservice.keyword.WSBuiltInKeywords$verifyElementPropertyValue$1.call(Unknown Source)
	at 42Dashboard1.run(42Dashboard1:20)
	at com.kms.katalon.core.main.ScriptEngine.run(ScriptEngine.java:194)
	at com.kms.katalon.core.main.ScriptEngine.runScriptAsRawText(ScriptEngine.java:119)
	at com.kms.katalon.core.main.TestCaseExecutor.runScript(TestCaseExecutor.java:328)
	at com.kms.katalon.core.main.TestCaseExecutor.doExecute(TestCaseExecutor.java:319)
	at com.kms.katalon.core.main.TestCaseExecutor.processExecutionPhase(TestCaseExecutor.java:298)
	at com.kms.katalon.core.main.TestCaseExecutor.accessMainPhase(TestCaseExecutor.java:290)
	at com.kms.katalon.core.main.TestCaseExecutor.execute(TestCaseExecutor.java:224)
	at com.kms.katalon.core.main.TestSuiteExecutor.accessTestCaseMainPhase(TestSuiteExecutor.java:129)
	at com.kms.katalon.core.main.TestSuiteExecutor.accessTestSuiteMainPhase(TestSuiteExecutor.java:112)
	at com.kms.katalon.core.main.TestSuiteExecutor.execute(TestSuiteExecutor.java:81)
	at com.kms.katalon.core.main.TestCaseMain.startTestSuite(TestCaseMain.java:149)
	at com.kms.katalon.core.main.TestCaseMain$startTestSuite$0.call(Unknown Source)
	at TempTestSuite1550479786763.run(TempTestSuite1550479786763.groovy:36)


2019-02-18 15:50:11 - [TEST_STEP][PASSED] - a = sendRequest(findTestObject("Agency/42Dashboard")): Send request successfully

2019-02-18 15:50:11 - [MESSAGE][PASSED] - Send request successfully

2019-02-18 15:50:11 - [TEST_STEP][PASSED] - verifyResponseStatusCode(a, 200): Verify response status code successfully

2019-02-18 15:50:11 - [MESSAGE][PASSED] - Verify response status code successfully

2019-02-18 15:50:11 - [TEST_STEP][FAILED] - verifyElementPropertyValue(a, ".IsError", false): Unable to verify element property value (Root cause: Variable 'IsError' is not defined for test case.)

2019-02-18 15:50:11 - [MESSAGE][FAILED] - Unable to verify element property value (Root cause: Variable 'IsError' is not defined for test case.)

2019-02-18 15:50:11 - [TEST_STEP][FAILED] - verifyElementPropertyValue(a, "ObjReturn[0].ServiceId", 2): Expected element property value '2' is not equal with actual property value 'null'

2019-02-18 15:50:11 - [MESSAGE][FAILED] - Expected element property value '2' is not equal with actual property value 'null'

2019-02-18 15:50:11 - [TEST_STEP][FAILED] - verifyElementPropertyValue(a, "ObjReturn[0].ServiceName", "CAMERA"): Expected element property value 'CAMERA' is not equal with actual property value 'null'

2019-02-18 15:50:11 - [MESSAGE][FAILED] - Expected element property value 'CAMERA' is not equal with actual property value 'null'

2019-02-18 15:50:11 - [TEST_STEP][FAILED] - verifyElementPropertyValue(a, "ObjReturn[0].Statuses[0].StatusId", 5): Unable to verify element property value (Root cause: java.lang.NullPointerException: Cannot invoke method getAt() on null object)

2019-02-18 15:50:11 - [MESSAGE][FAILED] - Unable to verify element property value (Root cause: java.lang.NullPointerException: Cannot invoke method getAt() on null object)

2019-02-18 15:50:11 - [TEST_STEP][FAILED] - verifyElementPropertyValue(a, "ObjReturn[0].Statuses[0].StatusName", "Tạo mới"): Unable to verify element property value (Root cause: java.lang.NullPointerException: Cannot invoke method getAt() on null object)

2019-02-18 15:50:11 - [MESSAGE][FAILED] - Unable to verify element property value (Root cause: java.lang.NullPointerException: Cannot invoke method getAt() on null object)

2019-02-18 15:50:11 - [TEST_STEP][FAILED] - verifyElementPropertyValue(a, "ObjReturn[0].Statuses[0].NumberOfStatus", 2): Unable to verify element property value (Root cause: java.lang.NullPointerException: Cannot invoke method getAt() on null object)

2019-02-18 15:50:11 - [MESSAGE][FAILED] - Unable to verify element property value (Root cause: java.lang.NullPointerException: Cannot invoke method getAt() on null object)

2019-02-18 15:50:11 - [TEST_STEP][FAILED] - verifyElementPropertyValue(a, "ObjReturn[0].Statuses[1].StatusId", 1): Unable to verify element property value (Root cause: java.lang.NullPointerException: Cannot invoke method getAt() on null object)

2019-02-18 15:50:11 - [MESSAGE][FAILED] - Unable to verify element property value (Root cause: java.lang.NullPointerException: Cannot invoke method getAt() on null object)

2019-02-18 15:50:11 - [TEST_STEP][FAILED] - verifyElementPropertyValue(a, "ObjReturn[0].Statuses[1].StatusName", "Chờ nhân viên xử lý"): Unable to verify element property value (Root cause: java.lang.NullPointerException: Cannot invoke method getAt() on null object)

2019-02-18 15:50:11 - [MESSAGE][FAILED] - Unable to verify element property value (Root cause: java.lang.NullPointerException: Cannot invoke method getAt() on null object)

2019-02-18 15:50:11 - [TEST_STEP][FAILED] - verifyElementPropertyValue(a, "ObjReturn[0].Statuses[1].NumberOfStatus", 1): Unable to verify element property value (Root cause: java.lang.NullPointerException: Cannot invoke method getAt() on null object)

2019-02-18 15:50:11 - [MESSAGE][FAILED] - Unable to verify element property value (Root cause: java.lang.NullPointerException: Cannot invoke method getAt() on null object)

2019-02-18 15:50:11 - [TEST_STEP][FAILED] - verifyElementPropertyValue(a, "ObjReturn[0].Statuses[2].StatusId", 3): Unable to verify element property value (Root cause: java.lang.NullPointerException: Cannot invoke method getAt() on null object)

2019-02-18 15:50:11 - [MESSAGE][FAILED] - Unable to verify element property value (Root cause: java.lang.NullPointerException: Cannot invoke method getAt() on null object)

2019-02-18 15:50:11 - [TEST_STEP][FAILED] - verifyElementPropertyValue(a, "ObjReturn[0].Statuses[2].StatusName", "Hoàn thành"): Unable to verify element property value (Root cause: java.lang.NullPointerException: Cannot invoke method getAt() on null object)

2019-02-18 15:50:11 - [MESSAGE][FAILED] - Unable to verify element property value (Root cause: java.lang.NullPointerException: Cannot invoke method getAt() on null object)

2019-02-18 15:50:11 - [TEST_STEP][FAILED] - verifyElementPropertyValue(a, "ObjReturn[0].Statuses[2].NumberOfStatus", 1): Unable to verify element property value (Root cause: java.lang.NullPointerException: Cannot invoke method getAt() on null object)

2019-02-18 15:50:11 - [MESSAGE][FAILED] - Unable to verify element property value (Root cause: java.lang.NullPointerException: Cannot invoke method getAt() on null object)

2019-02-18 15:50:11 - [TEST_STEP][FAILED] - verifyElementPropertyValue(a, "ObjReturn[1].ServiceId", 14): Unable to verify element property value (Root cause: java.lang.NullPointerException: Cannot get property 'ServiceId' on null object)

2019-02-18 15:50:11 - [MESSAGE][FAILED] - Unable to verify element property value (Root cause: java.lang.NullPointerException: Cannot get property 'ServiceId' on null object)

2019-02-18 15:50:11 - [TEST_STEP][FAILED] - verifyElementPropertyValue(a, "ObjReturn[1].ServiceName", "SOFTWARE"): Unable to verify element property value (Root cause: java.lang.NullPointerException: Cannot get property 'ServiceName' on null object)

2019-02-18 15:50:11 - [MESSAGE][FAILED] - Unable to verify element property value (Root cause: java.lang.NullPointerException: Cannot get property 'ServiceName' on null object)

2019-02-18 15:50:11 - [TEST_STEP][FAILED] - verifyElementPropertyValue(a, "ObjReturn[1].Statuses[0].StatusId", 3): Unable to verify element property value (Root cause: java.lang.NullPointerException: Cannot get property 'Statuses' on null object)

2019-02-18 15:50:11 - [MESSAGE][FAILED] - Unable to verify element property value (Root cause: java.lang.NullPointerException: Cannot get property 'Statuses' on null object)

2019-02-18 15:50:11 - [TEST_STEP][FAILED] - verifyElementPropertyValue(a, "ObjReturn[1].Statuses[0].StatusName", "Hoàn thành"): Unable to verify element property value (Root cause: java.lang.NullPointerException: Cannot get property 'Statuses' on null object)

2019-02-18 15:50:11 - [MESSAGE][FAILED] - Unable to verify element property value (Root cause: java.lang.NullPointerException: Cannot get property 'Statuses' on null object)

2019-02-18 15:50:11 - [TEST_STEP][FAILED] - verifyElementPropertyValue(a, "ObjReturn[1].Statuses[0].NumberOfStatus", 5): Unable to verify element property value (Root cause: java.lang.NullPointerException: Cannot get property 'Statuses' on null object)

2019-02-18 15:50:11 - [MESSAGE][FAILED] - Unable to verify element property value (Root cause: java.lang.NullPointerException: Cannot get property 'Statuses' on null object)

2019-02-18 15:50:11 - [TEST_STEP][FAILED] - verifyElementPropertyValue(a, "ObjReturn[1].Statuses[1].StatusId", 5): Unable to verify element property value (Root cause: java.lang.NullPointerException: Cannot get property 'Statuses' on null object)

2019-02-18 15:50:11 - [MESSAGE][FAILED] - Unable to verify element property value (Root cause: java.lang.NullPointerException: Cannot get property 'Statuses' on null object)

2019-02-18 15:50:11 - [TEST_STEP][FAILED] - verifyElementPropertyValue(a, "ObjReturn[1].Statuses[1].StatusName", "Tạo mới"): Unable to verify element property value (Root cause: java.lang.NullPointerException: Cannot get property 'Statuses' on null object)

2019-02-18 15:50:11 - [MESSAGE][FAILED] - Unable to verify element property value (Root cause: java.lang.NullPointerException: Cannot get property 'Statuses' on null object)

2019-02-18 15:50:11 - [TEST_STEP][FAILED] - verifyElementPropertyValue(a, "ObjReturn[1].Statuses[1].NumberOfStatus", 3): verifyElementPropertyValue(a, "ObjReturn[1].Statuses[1].NumberOfStatus", 3) FAILED.
Reason:
com.kms.katalon.core.exception.StepFailedException: Unable to verify element property value (Root cause: Variable 'IsError' is not defined for test case.)
	at com.kms.katalon.core.keyword.internal.KeywordMain.stepFailed(KeywordMain.groovy:32)
	at com.kms.katalon.core.keyword.internal.KeywordMain.stepFailed(KeywordMain.groovy)
	at com.kms.katalon.core.keyword.internal.KeywordMain.runKeyword(KeywordMain.groovy:56)
	at com.kms.katalon.core.webservice.keyword.builtin.VerifyElementPropertyValueKeyword.verifyElementPropertyValue(VerifyElementPropertyValueKeyword.groovy:48)
	at com.kms.katalon.core.webservice.keyword.builtin.VerifyElementPropertyValueKeyword.execute(VerifyElementPropertyValueKeyword.groovy:43)
	at com.kms.katalon.core.keyword.internal.KeywordExecutor.executeKeywordForPlatform(KeywordExecutor.groovy:53)
	at com.kms.katalon.core.webservice.keyword.WSBuiltInKeywords.verifyElementPropertyValue(WSBuiltInKeywords.groovy:123)
	at com.kms.katalon.core.webservice.keyword.WSBuiltInKeywords$verifyElementPropertyValue$1.call(Unknown Source)
	at 42Dashboard1.run(42Dashboard1:20)
	at com.kms.katalon.core.main.ScriptEngine.run(ScriptEngine.java:194)
	at com.kms.katalon.core.main.ScriptEngine.runScriptAsRawText(ScriptEngine.java:119)
	at com.kms.katalon.core.main.TestCaseExecutor.runScript(TestCaseExecutor.java:328)
	at com.kms.katalon.core.main.TestCaseExecutor.doExecute(TestCaseExecutor.java:319)
	at com.kms.katalon.core.main.TestCaseExecutor.processExecutionPhase(TestCaseExecutor.java:298)
	at com.kms.katalon.core.main.TestCaseExecutor.accessMainPhase(TestCaseExecutor.java:290)
	at com.kms.katalon.core.main.TestCaseExecutor.execute(TestCaseExecutor.java:224)
	at com.kms.katalon.core.main.TestSuiteExecutor.accessTestCaseMainPhase(TestSuiteExecutor.java:129)
	at com.kms.katalon.core.main.TestSuiteExecutor.accessTestSuiteMainPhase(TestSuiteExecutor.java:112)
	at com.kms.katalon.core.main.TestSuiteExecutor.execute(TestSuiteExecutor.java:81)
	at com.kms.katalon.core.main.TestCaseMain.startTestSuite(TestCaseMain.java:149)
	at com.kms.katalon.core.main.TestCaseMain$startTestSuite$0.call(Unknown Source)
	at TempTestSuite1550479786763.run(TempTestSuite1550479786763.groovy:36)


2019-02-18 15:50:11 - [MESSAGE][FAILED] - Unable to verify element property value (Root cause: java.lang.NullPointerException: Cannot get property 'Statuses' on null object)

2019-02-18 15:50:11 - [MESSAGE][FAILED] - verifyElementPropertyValue(a, "ObjReturn[1].Statuses[1].NumberOfStatus", 3) FAILED.
Reason:
com.kms.katalon.core.exception.StepFailedException: Unable to verify element property value (Root cause: Variable 'IsError' is not defined for test case.)
	at com.kms.katalon.core.keyword.internal.KeywordMain.stepFailed(KeywordMain.groovy:32)
	at com.kms.katalon.core.keyword.internal.KeywordMain.stepFailed(KeywordMain.groovy)
	at com.kms.katalon.core.keyword.internal.KeywordMain.runKeyword(KeywordMain.groovy:56)
	at com.kms.katalon.core.webservice.keyword.builtin.VerifyElementPropertyValueKeyword.verifyElementPropertyValue(VerifyElementPropertyValueKeyword.groovy:48)
	at com.kms.katalon.core.webservice.keyword.builtin.VerifyElementPropertyValueKeyword.execute(VerifyElementPropertyValueKeyword.groovy:43)
	at com.kms.katalon.core.keyword.internal.KeywordExecutor.executeKeywordForPlatform(KeywordExecutor.groovy:53)
	at com.kms.katalon.core.webservice.keyword.WSBuiltInKeywords.verifyElementPropertyValue(WSBuiltInKeywords.groovy:123)
	at com.kms.katalon.core.webservice.keyword.WSBuiltInKeywords$verifyElementPropertyValue$1.call(Unknown Source)
	at 42Dashboard1.run(42Dashboard1:20)
	at com.kms.katalon.core.main.ScriptEngine.run(ScriptEngine.java:194)
	at com.kms.katalon.core.main.ScriptEngine.runScriptAsRawText(ScriptEngine.java:119)
	at com.kms.katalon.core.main.TestCaseExecutor.runScript(TestCaseExecutor.java:328)
	at com.kms.katalon.core.main.TestCaseExecutor.doExecute(TestCaseExecutor.java:319)
	at com.kms.katalon.core.main.TestCaseExecutor.processExecutionPhase(TestCaseExecutor.java:298)
	at com.kms.katalon.core.main.TestCaseExecutor.accessMainPhase(TestCaseExecutor.java:290)
	at com.kms.katalon.core.main.TestCaseExecutor.execute(TestCaseExecutor.java:224)
	at com.kms.katalon.core.main.TestSuiteExecutor.accessTestCaseMainPhase(TestSuiteExecutor.java:129)
	at com.kms.katalon.core.main.TestSuiteExecutor.accessTestSuiteMainPhase(TestSuiteExecutor.java:112)
	at com.kms.katalon.core.main.TestSuiteExecutor.execute(TestSuiteExecutor.java:81)
	at com.kms.katalon.core.main.TestCaseMain.startTestSuite(TestCaseMain.java:149)
	at com.kms.katalon.core.main.TestCaseMain$startTestSuite$0.call(Unknown Source)
	at TempTestSuite1550479786763.run(TempTestSuite1550479786763.groovy:36)]]></system-out>
         <system-err><![CDATA[2019-02-18 15:50:11 - [TEST_CASE][FAILED] - Test Cases/Agency/42Dashboard1: Test Cases/Agency/42Dashboard1 FAILED.
Reason:
com.kms.katalon.core.exception.StepFailedException: Unable to verify element property value (Root cause: Variable 'IsError' is not defined for test case.)
	at com.kms.katalon.core.keyword.internal.KeywordMain.stepFailed(KeywordMain.groovy:32)
	at com.kms.katalon.core.keyword.internal.KeywordMain.stepFailed(KeywordMain.groovy)
	at com.kms.katalon.core.keyword.internal.KeywordMain.runKeyword(KeywordMain.groovy:56)
	at com.kms.katalon.core.webservice.keyword.builtin.VerifyElementPropertyValueKeyword.verifyElementPropertyValue(VerifyElementPropertyValueKeyword.groovy:48)
	at com.kms.katalon.core.webservice.keyword.builtin.VerifyElementPropertyValueKeyword.execute(VerifyElementPropertyValueKeyword.groovy:43)
	at com.kms.katalon.core.keyword.internal.KeywordExecutor.executeKeywordForPlatform(KeywordExecutor.groovy:53)
	at com.kms.katalon.core.webservice.keyword.WSBuiltInKeywords.verifyElementPropertyValue(WSBuiltInKeywords.groovy:123)
	at com.kms.katalon.core.webservice.keyword.WSBuiltInKeywords$verifyElementPropertyValue$1.call(Unknown Source)
	at 42Dashboard1.run(42Dashboard1:20)
	at com.kms.katalon.core.main.ScriptEngine.run(ScriptEngine.java:194)
	at com.kms.katalon.core.main.ScriptEngine.runScriptAsRawText(ScriptEngine.java:119)
	at com.kms.katalon.core.main.TestCaseExecutor.runScript(TestCaseExecutor.java:328)
	at com.kms.katalon.core.main.TestCaseExecutor.doExecute(TestCaseExecutor.java:319)
	at com.kms.katalon.core.main.TestCaseExecutor.processExecutionPhase(TestCaseExecutor.java:298)
	at com.kms.katalon.core.main.TestCaseExecutor.accessMainPhase(TestCaseExecutor.java:290)
	at com.kms.katalon.core.main.TestCaseExecutor.execute(TestCaseExecutor.java:224)
	at com.kms.katalon.core.main.TestSuiteExecutor.accessTestCaseMainPhase(TestSuiteExecutor.java:129)
	at com.kms.katalon.core.main.TestSuiteExecutor.accessTestSuiteMainPhase(TestSuiteExecutor.java:112)
	at com.kms.katalon.core.main.TestSuiteExecutor.execute(TestSuiteExecutor.java:81)
	at com.kms.katalon.core.main.TestCaseMain.startTestSuite(TestCaseMain.java:149)
	at com.kms.katalon.core.main.TestCaseMain$startTestSuite$0.call(Unknown Source)
	at TempTestSuite1550479786763.run(TempTestSuite1550479786763.groovy:36)]]></system-err>
      </testcase>
      <testcase name="Test Cases/Agency/43FindITSupporterByRequestID" classname="Test Cases/Agency/43FindITSupporterByRequestID" status="ERROR">
         <error type="ERROR" message="Test Cases/Agency/43FindITSupporterByRequestID FAILED.
Reason:
groovy.lang.MissingPropertyException: No such property: a for class: Script1550473494814
	at 43FindITSupporterByRequestID.run(43FindITSupporterByRequestID:18)
	at com.kms.katalon.core.main.ScriptEngine.run(ScriptEngine.java:194)
	at com.kms.katalon.core.main.ScriptEngine.runScriptAsRawText(ScriptEngine.java:119)
	at com.kms.katalon.core.main.TestCaseExecutor.runScript(TestCaseExecutor.java:328)
	at com.kms.katalon.core.main.TestCaseExecutor.doExecute(TestCaseExecutor.java:319)
	at com.kms.katalon.core.main.TestCaseExecutor.processExecutionPhase(TestCaseExecutor.java:298)
	at com.kms.katalon.core.main.TestCaseExecutor.accessMainPhase(TestCaseExecutor.java:290)
	at com.kms.katalon.core.main.TestCaseExecutor.execute(TestCaseExecutor.java:224)
	at com.kms.katalon.core.main.TestSuiteExecutor.accessTestCaseMainPhase(TestSuiteExecutor.java:129)
	at com.kms.katalon.core.main.TestSuiteExecutor.accessTestSuiteMainPhase(TestSuiteExecutor.java:112)
	at com.kms.katalon.core.main.TestSuiteExecutor.execute(TestSuiteExecutor.java:81)
	at com.kms.katalon.core.main.TestCaseMain.startTestSuite(TestCaseMain.java:149)
	at com.kms.katalon.core.main.TestCaseMain$startTestSuite$0.call(Unknown Source)
	at TempTestSuite1550479786763.run(TempTestSuite1550479786763.groovy:36)
"/>
         <system-out><![CDATA[2019-02-18 15:50:11 - [TEST_CASE][ERROR] - Test Cases/Agency/43FindITSupporterByRequestID: Test Cases/Agency/43FindITSupporterByRequestID FAILED.
Reason:
groovy.lang.MissingPropertyException: No such property: a for class: Script1550473494814
	at 43FindITSupporterByRequestID.run(43FindITSupporterByRequestID:18)
	at com.kms.katalon.core.main.ScriptEngine.run(ScriptEngine.java:194)
	at com.kms.katalon.core.main.ScriptEngine.runScriptAsRawText(ScriptEngine.java:119)
	at com.kms.katalon.core.main.TestCaseExecutor.runScript(TestCaseExecutor.java:328)
	at com.kms.katalon.core.main.TestCaseExecutor.doExecute(TestCaseExecutor.java:319)
	at com.kms.katalon.core.main.TestCaseExecutor.processExecutionPhase(TestCaseExecutor.java:298)
	at com.kms.katalon.core.main.TestCaseExecutor.accessMainPhase(TestCaseExecutor.java:290)
	at com.kms.katalon.core.main.TestCaseExecutor.execute(TestCaseExecutor.java:224)
	at com.kms.katalon.core.main.TestSuiteExecutor.accessTestCaseMainPhase(TestSuiteExecutor.java:129)
	at com.kms.katalon.core.main.TestSuiteExecutor.accessTestSuiteMainPhase(TestSuiteExecutor.java:112)
	at com.kms.katalon.core.main.TestSuiteExecutor.execute(TestSuiteExecutor.java:81)
	at com.kms.katalon.core.main.TestCaseMain.startTestSuite(TestCaseMain.java:149)
	at com.kms.katalon.core.main.TestCaseMain$startTestSuite$0.call(Unknown Source)
	at TempTestSuite1550479786763.run(TempTestSuite1550479786763.groovy:36)


2019-02-18 15:50:12 - [TEST_STEP][PASSED] - sendRequest(findTestObject("Agency/43FindITSupporterByRequestID")): Send request successfully

2019-02-18 15:50:12 - [MESSAGE][PASSED] - Send request successfully

2019-02-18 15:50:12 - [TEST_STEP][ERROR] - verifyResponseStatusCode(a, 200): verifyResponseStatusCode(a, 200) FAILED.
Reason:
groovy.lang.MissingPropertyException: No such property: a for class: Script1550473494814
	at 43FindITSupporterByRequestID.run(43FindITSupporterByRequestID:18)
	at com.kms.katalon.core.main.ScriptEngine.run(ScriptEngine.java:194)
	at com.kms.katalon.core.main.ScriptEngine.runScriptAsRawText(ScriptEngine.java:119)
	at com.kms.katalon.core.main.TestCaseExecutor.runScript(TestCaseExecutor.java:328)
	at com.kms.katalon.core.main.TestCaseExecutor.doExecute(TestCaseExecutor.java:319)
	at com.kms.katalon.core.main.TestCaseExecutor.processExecutionPhase(TestCaseExecutor.java:298)
	at com.kms.katalon.core.main.TestCaseExecutor.accessMainPhase(TestCaseExecutor.java:290)
	at com.kms.katalon.core.main.TestCaseExecutor.execute(TestCaseExecutor.java:224)
	at com.kms.katalon.core.main.TestSuiteExecutor.accessTestCaseMainPhase(TestSuiteExecutor.java:129)
	at com.kms.katalon.core.main.TestSuiteExecutor.accessTestSuiteMainPhase(TestSuiteExecutor.java:112)
	at com.kms.katalon.core.main.TestSuiteExecutor.execute(TestSuiteExecutor.java:81)
	at com.kms.katalon.core.main.TestCaseMain.startTestSuite(TestCaseMain.java:149)
	at com.kms.katalon.core.main.TestCaseMain$startTestSuite$0.call(Unknown Source)
	at TempTestSuite1550479786763.run(TempTestSuite1550479786763.groovy:36)


2019-02-18 15:50:12 - [MESSAGE][ERROR] - verifyResponseStatusCode(a, 200) FAILED.
Reason:
groovy.lang.MissingPropertyException: No such property: a for class: Script1550473494814
	at 43FindITSupporterByRequestID.run(43FindITSupporterByRequestID:18)
	at com.kms.katalon.core.main.ScriptEngine.run(ScriptEngine.java:194)
	at com.kms.katalon.core.main.ScriptEngine.runScriptAsRawText(ScriptEngine.java:119)
	at com.kms.katalon.core.main.TestCaseExecutor.runScript(TestCaseExecutor.java:328)
	at com.kms.katalon.core.main.TestCaseExecutor.doExecute(TestCaseExecutor.java:319)
	at com.kms.katalon.core.main.TestCaseExecutor.processExecutionPhase(TestCaseExecutor.java:298)
	at com.kms.katalon.core.main.TestCaseExecutor.accessMainPhase(TestCaseExecutor.java:290)
	at com.kms.katalon.core.main.TestCaseExecutor.execute(TestCaseExecutor.java:224)
	at com.kms.katalon.core.main.TestSuiteExecutor.accessTestCaseMainPhase(TestSuiteExecutor.java:129)
	at com.kms.katalon.core.main.TestSuiteExecutor.accessTestSuiteMainPhase(TestSuiteExecutor.java:112)
	at com.kms.katalon.core.main.TestSuiteExecutor.execute(TestSuiteExecutor.java:81)
	at com.kms.katalon.core.main.TestCaseMain.startTestSuite(TestCaseMain.java:149)
	at com.kms.katalon.core.main.TestCaseMain$startTestSuite$0.call(Unknown Source)
	at TempTestSuite1550479786763.run(TempTestSuite1550479786763.groovy:36)]]></system-out>
         <system-err><![CDATA[2019-02-18 15:50:11 - [TEST_CASE][ERROR] - Test Cases/Agency/43FindITSupporterByRequestID: Test Cases/Agency/43FindITSupporterByRequestID FAILED.
Reason:
groovy.lang.MissingPropertyException: No such property: a for class: Script1550473494814
	at 43FindITSupporterByRequestID.run(43FindITSupporterByRequestID:18)
	at com.kms.katalon.core.main.ScriptEngine.run(ScriptEngine.java:194)
	at com.kms.katalon.core.main.ScriptEngine.runScriptAsRawText(ScriptEngine.java:119)
	at com.kms.katalon.core.main.TestCaseExecutor.runScript(TestCaseExecutor.java:328)
	at com.kms.katalon.core.main.TestCaseExecutor.doExecute(TestCaseExecutor.java:319)
	at com.kms.katalon.core.main.TestCaseExecutor.processExecutionPhase(TestCaseExecutor.java:298)
	at com.kms.katalon.core.main.TestCaseExecutor.accessMainPhase(TestCaseExecutor.java:290)
	at com.kms.katalon.core.main.TestCaseExecutor.execute(TestCaseExecutor.java:224)
	at com.kms.katalon.core.main.TestSuiteExecutor.accessTestCaseMainPhase(TestSuiteExecutor.java:129)
	at com.kms.katalon.core.main.TestSuiteExecutor.accessTestSuiteMainPhase(TestSuiteExecutor.java:112)
	at com.kms.katalon.core.main.TestSuiteExecutor.execute(TestSuiteExecutor.java:81)
	at com.kms.katalon.core.main.TestCaseMain.startTestSuite(TestCaseMain.java:149)
	at com.kms.katalon.core.main.TestCaseMain$startTestSuite$0.call(Unknown Source)
	at TempTestSuite1550479786763.run(TempTestSuite1550479786763.groovy:36)]]></system-err>
      </testcase>
      <testcase name="Test Cases/Agency/44GetDeviceTypeByServiceID" classname="Test Cases/Agency/44GetDeviceTypeByServiceID" status="ERROR">
         <error type="ERROR" message="Test Cases/Agency/44GetDeviceTypeByServiceID FAILED.
Reason:
groovy.lang.MissingPropertyException: No such property: a for class: Script1550473558659
	at 44GetDeviceTypeByServiceID.run(44GetDeviceTypeByServiceID:18)
	at com.kms.katalon.core.main.ScriptEngine.run(ScriptEngine.java:194)
	at com.kms.katalon.core.main.ScriptEngine.runScriptAsRawText(ScriptEngine.java:119)
	at com.kms.katalon.core.main.TestCaseExecutor.runScript(TestCaseExecutor.java:328)
	at com.kms.katalon.core.main.TestCaseExecutor.doExecute(TestCaseExecutor.java:319)
	at com.kms.katalon.core.main.TestCaseExecutor.processExecutionPhase(TestCaseExecutor.java:298)
	at com.kms.katalon.core.main.TestCaseExecutor.accessMainPhase(TestCaseExecutor.java:290)
	at com.kms.katalon.core.main.TestCaseExecutor.execute(TestCaseExecutor.java:224)
	at com.kms.katalon.core.main.TestSuiteExecutor.accessTestCaseMainPhase(TestSuiteExecutor.java:129)
	at com.kms.katalon.core.main.TestSuiteExecutor.accessTestSuiteMainPhase(TestSuiteExecutor.java:112)
	at com.kms.katalon.core.main.TestSuiteExecutor.execute(TestSuiteExecutor.java:81)
	at com.kms.katalon.core.main.TestCaseMain.startTestSuite(TestCaseMain.java:149)
	at com.kms.katalon.core.main.TestCaseMain$startTestSuite$0.call(Unknown Source)
	at TempTestSuite1550479786763.run(TempTestSuite1550479786763.groovy:36)
"/>
         <system-out><![CDATA[2019-02-18 15:50:12 - [TEST_CASE][ERROR] - Test Cases/Agency/44GetDeviceTypeByServiceID: Test Cases/Agency/44GetDeviceTypeByServiceID FAILED.
Reason:
groovy.lang.MissingPropertyException: No such property: a for class: Script1550473558659
	at 44GetDeviceTypeByServiceID.run(44GetDeviceTypeByServiceID:18)
	at com.kms.katalon.core.main.ScriptEngine.run(ScriptEngine.java:194)
	at com.kms.katalon.core.main.ScriptEngine.runScriptAsRawText(ScriptEngine.java:119)
	at com.kms.katalon.core.main.TestCaseExecutor.runScript(TestCaseExecutor.java:328)
	at com.kms.katalon.core.main.TestCaseExecutor.doExecute(TestCaseExecutor.java:319)
	at com.kms.katalon.core.main.TestCaseExecutor.processExecutionPhase(TestCaseExecutor.java:298)
	at com.kms.katalon.core.main.TestCaseExecutor.accessMainPhase(TestCaseExecutor.java:290)
	at com.kms.katalon.core.main.TestCaseExecutor.execute(TestCaseExecutor.java:224)
	at com.kms.katalon.core.main.TestSuiteExecutor.accessTestCaseMainPhase(TestSuiteExecutor.java:129)
	at com.kms.katalon.core.main.TestSuiteExecutor.accessTestSuiteMainPhase(TestSuiteExecutor.java:112)
	at com.kms.katalon.core.main.TestSuiteExecutor.execute(TestSuiteExecutor.java:81)
	at com.kms.katalon.core.main.TestCaseMain.startTestSuite(TestCaseMain.java:149)
	at com.kms.katalon.core.main.TestCaseMain$startTestSuite$0.call(Unknown Source)
	at TempTestSuite1550479786763.run(TempTestSuite1550479786763.groovy:36)


2019-02-18 15:50:12 - [TEST_STEP][PASSED] - sendRequest(findTestObject("Agency/44GetDeviceTypeByServiceID")): Send request successfully

2019-02-18 15:50:12 - [MESSAGE][PASSED] - Send request successfully

2019-02-18 15:50:12 - [TEST_STEP][ERROR] - verifyResponseStatusCode(a, 200): verifyResponseStatusCode(a, 200) FAILED.
Reason:
groovy.lang.MissingPropertyException: No such property: a for class: Script1550473558659
	at 44GetDeviceTypeByServiceID.run(44GetDeviceTypeByServiceID:18)
	at com.kms.katalon.core.main.ScriptEngine.run(ScriptEngine.java:194)
	at com.kms.katalon.core.main.ScriptEngine.runScriptAsRawText(ScriptEngine.java:119)
	at com.kms.katalon.core.main.TestCaseExecutor.runScript(TestCaseExecutor.java:328)
	at com.kms.katalon.core.main.TestCaseExecutor.doExecute(TestCaseExecutor.java:319)
	at com.kms.katalon.core.main.TestCaseExecutor.processExecutionPhase(TestCaseExecutor.java:298)
	at com.kms.katalon.core.main.TestCaseExecutor.accessMainPhase(TestCaseExecutor.java:290)
	at com.kms.katalon.core.main.TestCaseExecutor.execute(TestCaseExecutor.java:224)
	at com.kms.katalon.core.main.TestSuiteExecutor.accessTestCaseMainPhase(TestSuiteExecutor.java:129)
	at com.kms.katalon.core.main.TestSuiteExecutor.accessTestSuiteMainPhase(TestSuiteExecutor.java:112)
	at com.kms.katalon.core.main.TestSuiteExecutor.execute(TestSuiteExecutor.java:81)
	at com.kms.katalon.core.main.TestCaseMain.startTestSuite(TestCaseMain.java:149)
	at com.kms.katalon.core.main.TestCaseMain$startTestSuite$0.call(Unknown Source)
	at TempTestSuite1550479786763.run(TempTestSuite1550479786763.groovy:36)


2019-02-18 15:50:12 - [MESSAGE][ERROR] - verifyResponseStatusCode(a, 200) FAILED.
Reason:
groovy.lang.MissingPropertyException: No such property: a for class: Script1550473558659
	at 44GetDeviceTypeByServiceID.run(44GetDeviceTypeByServiceID:18)
	at com.kms.katalon.core.main.ScriptEngine.run(ScriptEngine.java:194)
	at com.kms.katalon.core.main.ScriptEngine.runScriptAsRawText(ScriptEngine.java:119)
	at com.kms.katalon.core.main.TestCaseExecutor.runScript(TestCaseExecutor.java:328)
	at com.kms.katalon.core.main.TestCaseExecutor.doExecute(TestCaseExecutor.java:319)
	at com.kms.katalon.core.main.TestCaseExecutor.processExecutionPhase(TestCaseExecutor.java:298)
	at com.kms.katalon.core.main.TestCaseExecutor.accessMainPhase(TestCaseExecutor.java:290)
	at com.kms.katalon.core.main.TestCaseExecutor.execute(TestCaseExecutor.java:224)
	at com.kms.katalon.core.main.TestSuiteExecutor.accessTestCaseMainPhase(TestSuiteExecutor.java:129)
	at com.kms.katalon.core.main.TestSuiteExecutor.accessTestSuiteMainPhase(TestSuiteExecutor.java:112)
	at com.kms.katalon.core.main.TestSuiteExecutor.execute(TestSuiteExecutor.java:81)
	at com.kms.katalon.core.main.TestCaseMain.startTestSuite(TestCaseMain.java:149)
	at com.kms.katalon.core.main.TestCaseMain$startTestSuite$0.call(Unknown Source)
	at TempTestSuite1550479786763.run(TempTestSuite1550479786763.groovy:36)]]></system-out>
         <system-err><![CDATA[2019-02-18 15:50:12 - [TEST_CASE][ERROR] - Test Cases/Agency/44GetDeviceTypeByServiceID: Test Cases/Agency/44GetDeviceTypeByServiceID FAILED.
Reason:
groovy.lang.MissingPropertyException: No such property: a for class: Script1550473558659
	at 44GetDeviceTypeByServiceID.run(44GetDeviceTypeByServiceID:18)
	at com.kms.katalon.core.main.ScriptEngine.run(ScriptEngine.java:194)
	at com.kms.katalon.core.main.ScriptEngine.runScriptAsRawText(ScriptEngine.java:119)
	at com.kms.katalon.core.main.TestCaseExecutor.runScript(TestCaseExecutor.java:328)
	at com.kms.katalon.core.main.TestCaseExecutor.doExecute(TestCaseExecutor.java:319)
	at com.kms.katalon.core.main.TestCaseExecutor.processExecutionPhase(TestCaseExecutor.java:298)
	at com.kms.katalon.core.main.TestCaseExecutor.accessMainPhase(TestCaseExecutor.java:290)
	at com.kms.katalon.core.main.TestCaseExecutor.execute(TestCaseExecutor.java:224)
	at com.kms.katalon.core.main.TestSuiteExecutor.accessTestCaseMainPhase(TestSuiteExecutor.java:129)
	at com.kms.katalon.core.main.TestSuiteExecutor.accessTestSuiteMainPhase(TestSuiteExecutor.java:112)
	at com.kms.katalon.core.main.TestSuiteExecutor.execute(TestSuiteExecutor.java:81)
	at com.kms.katalon.core.main.TestCaseMain.startTestSuite(TestCaseMain.java:149)
	at com.kms.katalon.core.main.TestCaseMain$startTestSuite$0.call(Unknown Source)
	at TempTestSuite1550479786763.run(TempTestSuite1550479786763.groovy:36)]]></system-err>
      </testcase>
      <system-out><![CDATA[2019-02-18 15:49:51 - [TEST_SUITE][FAILED] - Agency: Test Cases/Agency/28AgencyLogin1 FAILED.
Reason:
com.kms.katalon.core.exception.StepFailedException: Unable to verify element property value (Root cause: Variable 'IsError' is not defined for test case.)
	at com.kms.katalon.core.keyword.internal.KeywordMain.stepFailed(KeywordMain.groovy:32)
	at com.kms.katalon.core.keyword.internal.KeywordMain.stepFailed(KeywordMain.groovy)
	at com.kms.katalon.core.keyword.internal.KeywordMain.runKeyword(KeywordMain.groovy:56)
	at com.kms.katalon.core.webservice.keyword.builtin.VerifyElementPropertyValueKeyword.verifyElementPropertyValue(VerifyElementPropertyValueKeyword.groovy:48)
	at com.kms.katalon.core.webservice.keyword.builtin.VerifyElementPropertyValueKeyword.execute(VerifyElementPropertyValueKeyword.groovy:43)
	at com.kms.katalon.core.keyword.internal.KeywordExecutor.executeKeywordForPlatform(KeywordExecutor.groovy:53)
	at com.kms.katalon.core.webservice.keyword.WSBuiltInKeywords.verifyElementPropertyValue(WSBuiltInKeywords.groovy:123)
	at com.kms.katalon.core.webservice.keyword.WSBuiltInKeywords$verifyElementPropertyValue$1.call(Unknown Source)
	at 28AgencyLogin1.run(28AgencyLogin1:20)
	at com.kms.katalon.core.main.ScriptEngine.run(ScriptEngine.java:194)
	at com.kms.katalon.core.main.ScriptEngine.runScriptAsRawText(ScriptEngine.java:119)
	at com.kms.katalon.core.main.TestCaseExecutor.runScript(TestCaseExecutor.java:328)
	at com.kms.katalon.core.main.TestCaseExecutor.doExecute(TestCaseExecutor.java:319)
	at com.kms.katalon.core.main.TestCaseExecutor.processExecutionPhase(TestCaseExecutor.java:298)
	at com.kms.katalon.core.main.TestCaseExecutor.accessMainPhase(TestCaseExecutor.java:290)
	at com.kms.katalon.core.main.TestCaseExecutor.execute(TestCaseExecutor.java:224)
	at com.kms.katalon.core.main.TestSuiteExecutor.accessTestCaseMainPhase(TestSuiteExecutor.java:129)
	at com.kms.katalon.core.main.TestSuiteExecutor.accessTestSuiteMainPhase(TestSuiteExecutor.java:112)
	at com.kms.katalon.core.main.TestSuiteExecutor.execute(TestSuiteExecutor.java:81)
	at com.kms.katalon.core.main.TestCaseMain.startTestSuite(TestCaseMain.java:149)
	at com.kms.katalon.core.main.TestCaseMain$startTestSuite$0.call(Unknown Source)
	at TempTestSuite1550479786763.run(TempTestSuite1550479786763.groovy:36)]]></system-out>
      <system-err><![CDATA[2019-02-18 15:49:51 - [TEST_SUITE][FAILED] - Agency: Test Cases/Agency/28AgencyLogin1 FAILED.
Reason:
com.kms.katalon.core.exception.StepFailedException: Unable to verify element property value (Root cause: Variable 'IsError' is not defined for test case.)
	at com.kms.katalon.core.keyword.internal.KeywordMain.stepFailed(KeywordMain.groovy:32)
	at com.kms.katalon.core.keyword.internal.KeywordMain.stepFailed(KeywordMain.groovy)
	at com.kms.katalon.core.keyword.internal.KeywordMain.runKeyword(KeywordMain.groovy:56)
	at com.kms.katalon.core.webservice.keyword.builtin.VerifyElementPropertyValueKeyword.verifyElementPropertyValue(VerifyElementPropertyValueKeyword.groovy:48)
	at com.kms.katalon.core.webservice.keyword.builtin.VerifyElementPropertyValueKeyword.execute(VerifyElementPropertyValueKeyword.groovy:43)
	at com.kms.katalon.core.keyword.internal.KeywordExecutor.executeKeywordForPlatform(KeywordExecutor.groovy:53)
	at com.kms.katalon.core.webservice.keyword.WSBuiltInKeywords.verifyElementPropertyValue(WSBuiltInKeywords.groovy:123)
	at com.kms.katalon.core.webservice.keyword.WSBuiltInKeywords$verifyElementPropertyValue$1.call(Unknown Source)
	at 28AgencyLogin1.run(28AgencyLogin1:20)
	at com.kms.katalon.core.main.ScriptEngine.run(ScriptEngine.java:194)
	at com.kms.katalon.core.main.ScriptEngine.runScriptAsRawText(ScriptEngine.java:119)
	at com.kms.katalon.core.main.TestCaseExecutor.runScript(TestCaseExecutor.java:328)
	at com.kms.katalon.core.main.TestCaseExecutor.doExecute(TestCaseExecutor.java:319)
	at com.kms.katalon.core.main.TestCaseExecutor.processExecutionPhase(TestCaseExecutor.java:298)
	at com.kms.katalon.core.main.TestCaseExecutor.accessMainPhase(TestCaseExecutor.java:290)
	at com.kms.katalon.core.main.TestCaseExecutor.execute(TestCaseExecutor.java:224)
	at com.kms.katalon.core.main.TestSuiteExecutor.accessTestCaseMainPhase(TestSuiteExecutor.java:129)
	at com.kms.katalon.core.main.TestSuiteExecutor.accessTestSuiteMainPhase(TestSuiteExecutor.java:112)
	at com.kms.katalon.core.main.TestSuiteExecutor.execute(TestSuiteExecutor.java:81)
	at com.kms.katalon.core.main.TestCaseMain.startTestSuite(TestCaseMain.java:149)
	at com.kms.katalon.core.main.TestCaseMain$startTestSuite$0.call(Unknown Source)
	at TempTestSuite1550479786763.run(TempTestSuite1550479786763.groovy:36)]]></system-err>
   </testsuite>
</testsuites>
